#
# A fatal error has been detected by the Java Runtime Environment:
#
#  SIGSEGV (0xb) at pc=0x00000001076daae2, pid=89730, tid=24835
#
# JRE version: OpenJDK Runtime Environment (14.0.1+14) (build 14.0.1+14)
# Java VM: OpenJDK 64-Bit Server VM (14.0.1+14, mixed mode, sharing, tiered, compressed oops, g1 gc, bsd-amd64)
# Problematic frame:
# V  [libjvm.dylib+0x2daae2]  G1ParScanThreadState::copy_to_survivor_space(G1HeapRegionAttr, oopDesc*, markWord)+0x5c
#
# No core dump will be written. Core dumps have been disabled. To enable core dumping, try "ulimit -c unlimited" before starting Java again
#
# If you would like to submit a bug report, please visit:
#   https://bugreport.java.com/bugreport/crash.jsp
#

---------------  S U M M A R Y ------------

Command Line: -Dclassworlds.conf=/usr/local/Cellar/maven/3.6.3_1/libexec/bin/m2.conf -Dmaven.home=/usr/local/Cellar/maven/3.6.3_1/libexec -Dlibrary.jansi.path=/usr/local/Cellar/maven/3.6.3_1/libexec/lib/jansi-native -Dmaven.multiModuleProjectDirectory=/Library/WebServer/Documents/hwwd org.codehaus.plexus.classworlds.launcher.Launcher spring-boot:run

Host: MacBookAir7,2 x86_64 1600 MHz, 4 cores, 8G, Darwin 19.6.0
Time: Wed Nov  4 16:13:25 2020 CET elapsed time: 7 seconds (0d 0h 0m 7s)

---------------  T H R E A D  ---------------

Current thread (0x00007ffdb1902000):  GCTaskThread "GC Thread#1" [stack: 0x000070000f794000,0x000070000f894000] [id=24835]

Stack: [0x000070000f794000,0x000070000f894000],  sp=0x000070000f893a80,  free space=1022k
Native frames: (J=compiled Java code, A=aot compiled Java code, j=interpreted, Vv=VM code, C=native code)
V  [libjvm.dylib+0x2daae2]  G1ParScanThreadState::copy_to_survivor_space(G1HeapRegionAttr, oopDesc*, markWord)+0x5c
V  [libjvm.dylib+0x2af002]  void G1ParScanThreadState::do_oop_evac<unsigned int>(unsigned int*)+0x92
V  [libjvm.dylib+0x2d90e8]  G1ParScanThreadState::trim_queue_to_threshold(unsigned int)+0x1a4
V  [libjvm.dylib+0x2e318b]  G1ScanHRForRegionClosure::scan_memregion(unsigned int, MemRegion)+0xb1
V  [libjvm.dylib+0x2e30cc]  G1ScanHRForRegionClosure::do_claimed_block(unsigned int, unsigned long, unsigned long)+0x5e
V  [libjvm.dylib+0x2e2e09]  G1ScanHRForRegionClosure::scan_heap_roots(HeapRegion*)+0x169
V  [libjvm.dylib+0x2e2c8a]  G1ScanHRForRegionClosure::do_heap_region(HeapRegion*)+0x54
V  [libjvm.dylib+0x2e1bd0]  G1RemSetScanState::iterate_dirty_regions_from(HeapRegionClosure*, unsigned int)+0x70
V  [libjvm.dylib+0x2e1ac6]  G1RemSet::scan_heap_roots(G1ParScanThreadState*, unsigned int, G1GCPhaseTimes::GCParPhases, G1GCPhaseTimes::GCParPhases)+0xa2
V  [libjvm.dylib+0x2afbaf]  G1EvacuateRegionsTask::scan_roots(G1ParScanThreadState*, unsigned int)+0x3d
V  [libjvm.dylib+0x2afaba]  G1EvacuateRegionsBaseTask::work(unsigned int)+0x88
V  [libjvm.dylib+0x7e948d]  GangWorker::loop()+0x43
V  [libjvm.dylib+0x767f93]  Thread::call_run()+0x71
V  [libjvm.dylib+0x5fb972]  thread_native_entry(Thread*)+0x129
C  [libsystem_pthread.dylib+0x6109]  _pthread_start+0x94
C  [libsystem_pthread.dylib+0x1b8b]  thread_start+0xf


siginfo: si_signo: 11 (SIGSEGV), si_code: 1 (SEGV_MAPERR), si_addr: 0x000000e2ff4100f8

Register to memory mapping:

RAX=0x000000e2ff410000 is an unknown value
RBX=0x00007ffdb3e5c980 points into unknown readable memory: c0 b1 d6 07 01 00 00 00
RCX=0x0000000000000003 is an unknown value
RDX=0x0000000783ab4701 is pointing into object: [B 
{0x0000000783ab46f0} - klass: {type array byte}
 - length: 13
RSP=0x000070000f893a80 points into unknown readable memory: 88 3b 89 0f 00 70 00 00
RBP=0x000070000f893af0 points into unknown readable memory: 20 3b 89 0f 00 70 00 00
RSI=0x0000000783ab4780 is pointing into object: java.lang.String 
{0x0000000783ab4770} - klass: 'java/lang/String'
RDI=0x0000000800000048 is pointing into metadata
R8 =0x0000000000000003 is an unknown value
R9 =0x00000007857dcdd8 is an oop: [Lcom.sun.tools.javac.main.Option; 
{0x00000007857dcdd8} - klass: 'com/sun/tools/javac/main/Option'[]
 - length: 83
R10=0x0000000107d90918: _ZN23CompressedKlassPointers13_narrow_klassE+0 in /usr/local/Cellar/openjdk/14.0.1/libexec/openjdk.jdk/Contents/Home/lib/server/libjvm.dylib at 0x0000000107400000
R11=0x0000000001d23cc0 is an unknown value
R12=0x0 is NULL
R13=0x000000000001ffff is an unknown value
R14=0x0000000000000001 is an unknown value
R15=0x0000000783ab4780 is pointing into object: java.lang.String 
{0x0000000783ab4770} - klass: 'java/lang/String'


Registers:
RAX=0x000000e2ff410000, RBX=0x00007ffdb3e5c980, RCX=0x0000000000000003, RDX=0x0000000783ab4701
RSP=0x000070000f893a80, RBP=0x000070000f893af0, RSI=0x0000000783ab4780, RDI=0x0000000800000048
R8 =0x0000000000000003, R9 =0x00000007857dcdd8, R10=0x0000000107d90918, R11=0x0000000001d23cc0
R12=0x0000000000000000, R13=0x000000000001ffff, R14=0x0000000000000001, R15=0x0000000783ab4780
RIP=0x00000001076daae2, EFLAGS=0x0000000000010202, ERR=0x0000000000000004
  TRAPNO=0x000000000000000e

Top of Stack: (sp=0x000070000f893a80)
0x000070000f893a80:   000070000f893b88 00007ffdb052d0a0
0x000070000f893a90:   0000000000000000 0000000180276608
0x000070000f893aa0:   00007ffdb3e5c980 0000000783abc760
0x000070000f893ab0:   0000000000000009 0000000000000004
0x000070000f893ac0:   0001000780276870 0000000000000003
0x000070000f893ad0:   0000000107d90908 000000000001ffff
0x000070000f893ae0:   00007ffdb3e5c980 00000007857dce68
0x000070000f893af0:   000070000f893b20 00000001076af002
0x000070000f893b00:   00007ffdb3e5c980 000000000001ffff
0x000070000f893b10:   0000000000000040 00007ffdb3e5c980
0x000070000f893b20:   000070000f893b70 00000001076d90e8
0x000070000f893b30:   000070000f893b40 00000007857dce69
0x000070000f893b40:   000070000f893b50 00000001079fbe0d
0x000070000f893b50:   00007ffdb3e5c980 00000001bf1d239f
0x000070000f893b60:   0000000780277000 00000002c8558fca
0x000070000f893b70:   000070000f893bd0 00000001076e318b
0x000070000f893b80:   000000078026e2a0 0000000107d6b488
0x000070000f893b90:   0000000000000000 00007ffdb1009000
0x000070000f893ba0:   00007ffdb3e5c980 000070000f893d78
0x000070000f893bb0:   00000000000000b8 000070000f893d78
0x000070000f893bc0:   0000000000000004 000070000f893c60
0x000070000f893bd0:   000070000f893bf0 00000001076e30cc
0x000070000f893be0:   00000000000013b4 0000000000000004
0x000070000f893bf0:   000070000f893cc0 00000001076e2e09
0x000070000f893c00:   0000000107d6a9b0 00007ffdb0631a60
0x000070000f893c10:   00007ffdb0435640 00007ffdb0435650
0x000070000f893c20:   00007ffdb0435a28 00000000000003d8
0x000070000f893c30:   0000000000000000 0000000000000000
0x000070000f893c40:   00007ffdb0512500 00007ffdb3e5c980
0x000070000f893c50:   000070000f893c60 00000001079fbe2b
0x000070000f893c60:   00000001111c0300 00000001111c03b9
0x000070000f893c70:   00000001111c0400 0000000000001300 

Instructions: (pc=0x00000001076daae2)
0x00000001076da9e2:   00 00 84 c0 48 0f be c0 4d 8b 5c c3 10 4b 8d 04
0x00000001076da9f2:   d3 49 0f 45 c3 49 89 ca 4c 8b 18 4d 39 4b 28 76
0x00000001076daa02:   04 31 c0 eb 07 4d 39 4b 40 0f 97 c0 48 8b 4f 08
0x00000001076daa12:   48 8b b9 d0 02 00 00 48 8d 0d e1 3e 71 00 80 39
0x00000001076daa22:   00 74 16 8b 52 08 4c 8d 0d e9 5e 6b 00 41 8a 49
0x00000001076daa32:   08 48 d3 e2 49 03 11 eb 04 48 8b 52 08 49 c1 e2
0x00000001076daa42:   03 84 c0 74 23 31 c0 40 80 fe 01 0f 94 c0 4d 8b
0x00000001076daa52:   4b 20 49 c1 e1 03 48 89 d6 4c 89 d2 44 89 c1 41
0x00000001076daa62:   89 c0 5d e9 9c d1 01 00 31 c0 40 80 fe 01 0f 94
0x00000001076daa72:   c0 48 89 d6 4c 89 d2 44 89 c1 41 89 c0 5d e9 8b
0x00000001076daa82:   d1 01 00 90 55 48 89 e5 41 57 41 56 41 55 41 54
0x00000001076daa92:   53 48 83 ec 48 49 89 cc 49 89 d7 41 89 f6 48 89
0x00000001076daaa2:   fb 48 8d 05 57 3e 71 00 8a 10 84 d2 74 16 41 8b
0x00000001076daab2:   7f 08 48 8d 05 5d 5e 6b 00 8a 48 08 48 d3 e7 48
0x00000001076daac2:   03 38 eb 04 49 8b 7f 08 8b 47 08 85 c0 7e 09 a8
0x00000001076daad2:   01 75 07 c1 e8 03 eb 46 78 0e 48 8b 07 4c 89 fe
0x00000001076daae2:   ff 90 f8 00 00 00 eb 36 31 c9 84 d2 0f 94 c1 49
0x00000001076daaf2:   63 54 8f 0c 89 c1 48 d3 e2 c1 e8 10 0f b6 c8 48
0x00000001076dab02:   01 d1 48 8d 05 f9 79 6b 00 48 63 00 48 8d 4c 08
0x00000001076dab12:   ff 48 ff c8 48 f7 d0 48 21 c8 48 c1 e8 03 41 0f
0x00000001076dab22:   b7 f6 45 31 ed 81 fe ff 00 00 00 77 24 4d 89 e5
0x00000001076dab32:   41 f6 c4 01 75 0a 4c 89 e1 48 83 e1 fd 4c 8b 29
0x00000001076dab42:   41 c1 ed 03 41 83 e5 0f 44 3b ab 9c 01 00 00 72
0x00000001076dab52:   11 41 c1 ee 08 49 0f be ce 44 0f b7 b4 4b 98 01
0x00000001076dab62:   00 00 66 44 89 75 d6 44 89 f2 c1 ea 08 80 bb 08
0x00000001076dab72:   02 00 00 00 74 1b 80 fa 01 75 16 48 89 df 4c 89
0x00000001076dab82:   fe 4c 89 e2 e8 e3 03 00 00 49 89 c4 e9 b8 03 00
0x00000001076dab92:   00 89 75 ac 4c 89 65 c0 4c 63 c0 48 8b 43 08 48
0x00000001076daba2:   89 5d b0 48 8b b3 90 00 00 00 48 8b 80 00 01 00
0x00000001076dabb2:   00 8a 48 68 4c 89 7d b8 49 d3 ef 48 8b 40 58 4a
0x00000001076dabc2:   8b 3c f8 8b 8f 10 01 00 00 84 d2 48 0f be c2 48
0x00000001076dabd2:   8b 44 c6 10 48 89 4d a0 48 8d 0c c8 48 0f 45 c8 


Stack slot to memory mapping:
stack at sp + 0 slots: 0x000070000f893b88 points into unknown readable memory: 88 b4 d6 07 01 00 00 00
stack at sp + 1 slots: 0x00007ffdb052d0a0 points into unknown readable memory: 00 00 a0 83 07 00 00 00
stack at sp + 2 slots: 0x0 is NULL
stack at sp + 3 slots: 0x0000000180276608 is an unknown value
stack at sp + 4 slots: 0x00007ffdb3e5c980 points into unknown readable memory: c0 b1 d6 07 01 00 00 00
stack at sp + 5 slots: 0x0000000783abc760 is an oop: [B 
{0x0000000783abc760} - klass: {type array byte}
 - length: 14
stack at sp + 6 slots: 0x0000000000000009 is an unknown value
stack at sp + 7 slots: 0x0000000000000004 is an unknown value


---------------  P R O C E S S  ---------------

Threads class SMR info:
_java_thread_list=0x00007ffdb04fedf0, length=10, elements={
0x00007ffdb200e800, 0x00007ffdb200f800, 0x00007ffdb1013000, 0x00007ffdb2012800,
0x00007ffdb1096800, 0x00007ffdb2010000, 0x00007ffdb2013800, 0x00007ffdb201f000,
0x00007ffdb2060000, 0x00007ffdb082e000
}

Java Threads: ( => current thread )
  0x00007ffdb200e800 JavaThread "main" [_thread_blocked, id=8707, stack(0x000070000e55b000,0x000070000e65b000)]
  0x00007ffdb200f800 JavaThread "Reference Handler" daemon [_thread_blocked, id=17923, stack(0x000070000ec70000,0x000070000ed70000)]
  0x00007ffdb1013000 JavaThread "Finalizer" daemon [_thread_blocked, id=15363, stack(0x000070000ed73000,0x000070000ee73000)]
  0x00007ffdb2012800 JavaThread "Signal Dispatcher" daemon [_thread_blocked, id=22275, stack(0x000070000ef7c000,0x000070000f07c000)]
  0x00007ffdb1096800 JavaThread "Service Thread" daemon [_thread_blocked, id=42755, stack(0x000070000f07f000,0x000070000f17f000)]
  0x00007ffdb2010000 JavaThread "C2 CompilerThread0" daemon [_thread_blocked, id=42499, stack(0x000070000f182000,0x000070000f282000)]
  0x00007ffdb2013800 JavaThread "C1 CompilerThread0" daemon [_thread_blocked, id=41731, stack(0x000070000f285000,0x000070000f385000)]
  0x00007ffdb201f000 JavaThread "Sweeper thread" daemon [_thread_blocked, id=23555, stack(0x000070000f388000,0x000070000f488000)]
  0x00007ffdb2060000 JavaThread "Notification Thread" daemon [_thread_blocked, id=40963, stack(0x000070000f48b000,0x000070000f58b000)]
  0x00007ffdb082e000 JavaThread "Common-Cleaner" daemon [_thread_blocked, id=24323, stack(0x000070000f691000,0x000070000f791000)]

Other Threads:
  0x00007ffdb082d800 VMThread "VM Thread" [stack: 0x000070000eb6d000,0x000070000ec6d000] [id=14339]
  0x00007ffdb2061000 WatcherThread [stack: 0x000070000f58e000,0x000070000f68e000] [id=40707]
  0x00007ffdb102f000 GCTaskThread "GC Thread#0" [stack: 0x000070000e65e000,0x000070000e75e000] [id=12547]
=>0x00007ffdb1902000 GCTaskThread "GC Thread#1" [stack: 0x000070000f794000,0x000070000f894000] [id=24835]
  0x00007ffdb1864000 GCTaskThread "GC Thread#2" [stack: 0x000070000f897000,0x000070000f997000] [id=39683]
  0x00007ffdb1040800 ConcurrentGCThread "G1 Main Marker" [stack: 0x000070000e761000,0x000070000e861000] [id=19459]
  0x00007ffdb1041000 ConcurrentGCThread "G1 Conc#0" [stack: 0x000070000e864000,0x000070000e964000] [id=13315]
  0x00007ffdb1809000 ConcurrentGCThread "G1 Refine#0" [stack: 0x000070000e967000,0x000070000ea67000] [id=18947]
  0x00007ffdb1809800 ConcurrentGCThread "G1 Young RemSet Sampling" [stack: 0x000070000ea6a000,0x000070000eb6a000] [id=18691]

Threads with active compile tasks:
C2 CompilerThread0     7524 3895       4       jdk.internal.jimage.BasicImageReader::getString (49 bytes)

VM state:at safepoint (normal execution)

VM Mutex/Monitor currently owned by a thread:  ([mutex/lock_event])
[0x00007ffdb050aa70] Threads_lock - owner thread: 0x00007ffdb082d800
[0x00007ffdb050b730] Heap_lock - owner thread: 0x00007ffdb200e800

Heap address: 0x0000000780000000, size: 2048 MB, Compressed Oops mode: Zero based, Oop shift amount: 3
Narrow klass base: 0x0000000800000000, Narrow klass shift: 3
Compressed class space size: 1073741824 Address: 0x0000000800b19000

Heap:
 garbage-first heap   total 133120K, used 55359K [0x0000000780000000, 0x0000000800000000)
  region size 1024K, 45 young (46080K), 5 survivors (5120K)
 Metaspace       used 19758K, capacity 20993K, committed 21248K, reserved 1069056K
  class space    used 2279K, capacity 2521K, committed 2560K, reserved 1048576K
Heap Regions: E=young(eden), S=young(survivor), O=old, HS=humongous(starts), HC=humongous(continues), CS=collection set, F=free, OA=open archive, CA=closed archive, TAMS=top-at-mark-start (previous, next)
|   0|0x0000000780000000, 0x0000000780100000, 0x0000000780100000|100%| O|  |TAMS 0x0000000780000000, 0x0000000780100000| Untracked 
|   1|0x0000000780100000, 0x0000000780200000, 0x0000000780200000|100%| O|  |TAMS 0x0000000780100000, 0x0000000780200000| Untracked 
|   2|0x0000000780200000, 0x0000000780300000, 0x0000000780300000|100%| O|  |TAMS 0x0000000780200000, 0x0000000780300000| Untracked 
|   3|0x0000000780300000, 0x0000000780400000, 0x0000000780400000|100%|HS|  |TAMS 0x0000000780300000, 0x0000000780400000| Complete 
|   4|0x0000000780400000, 0x0000000780500000, 0x0000000780500000|100%| O|  |TAMS 0x0000000780400000, 0x0000000780500000| Untracked 
|   5|0x0000000780500000, 0x0000000780600000, 0x0000000780600000|100%| O|  |TAMS 0x0000000780500000, 0x0000000780600000| Untracked 
|   6|0x0000000780600000, 0x0000000780700000, 0x0000000780700000|100%| O|  |TAMS 0x0000000780600000, 0x0000000780700000| Untracked 
|   7|0x0000000780700000, 0x0000000780800000, 0x0000000780800000|100%| O|  |TAMS 0x0000000780700000, 0x0000000780800000| Untracked 
|   8|0x0000000780800000, 0x0000000780900000, 0x0000000780900000|100%| O|  |TAMS 0x0000000780800000, 0x0000000780900000| Untracked 
|   9|0x0000000780900000, 0x00000007809c1600, 0x0000000780a00000| 75%| O|  |TAMS 0x0000000780900000, 0x00000007809c1600| Untracked 
|  10|0x0000000780a00000, 0x0000000780a00000, 0x0000000780b00000|  0%| F|  |TAMS 0x0000000780a00000, 0x0000000780a00000| Untracked 
|  11|0x0000000780b00000, 0x0000000780b00000, 0x0000000780c00000|  0%| F|  |TAMS 0x0000000780b00000, 0x0000000780b00000| Untracked 
|  12|0x0000000780c00000, 0x0000000780c00000, 0x0000000780d00000|  0%| F|  |TAMS 0x0000000780c00000, 0x0000000780c00000| Untracked 
|  13|0x0000000780d00000, 0x0000000780d00000, 0x0000000780e00000|  0%| F|  |TAMS 0x0000000780d00000, 0x0000000780d00000| Untracked 
|  14|0x0000000780e00000, 0x0000000780e00000, 0x0000000780f00000|  0%| F|  |TAMS 0x0000000780e00000, 0x0000000780e00000| Untracked 
|  15|0x0000000780f00000, 0x0000000780f00000, 0x0000000781000000|  0%| F|  |TAMS 0x0000000780f00000, 0x0000000780f00000| Untracked 
|  16|0x0000000781000000, 0x0000000781000000, 0x0000000781100000|  0%| F|  |TAMS 0x0000000781000000, 0x0000000781000000| Untracked 
|  17|0x0000000781100000, 0x0000000781100000, 0x0000000781200000|  0%| F|  |TAMS 0x0000000781100000, 0x0000000781100000| Untracked 
|  18|0x0000000781200000, 0x0000000781200000, 0x0000000781300000|  0%| F|  |TAMS 0x0000000781200000, 0x0000000781200000| Untracked 
|  19|0x0000000781300000, 0x0000000781300000, 0x0000000781400000|  0%| F|  |TAMS 0x0000000781300000, 0x0000000781300000| Untracked 
|  20|0x0000000781400000, 0x0000000781400000, 0x0000000781500000|  0%| F|  |TAMS 0x0000000781400000, 0x0000000781400000| Untracked 
|  21|0x0000000781500000, 0x0000000781500000, 0x0000000781600000|  0%| F|  |TAMS 0x0000000781500000, 0x0000000781500000| Untracked 
|  22|0x0000000781600000, 0x0000000781600000, 0x0000000781700000|  0%| F|  |TAMS 0x0000000781600000, 0x0000000781600000| Untracked 
|  23|0x0000000781700000, 0x0000000781700000, 0x0000000781800000|  0%| F|  |TAMS 0x0000000781700000, 0x0000000781700000| Untracked 
|  24|0x0000000781800000, 0x0000000781800000, 0x0000000781900000|  0%| F|  |TAMS 0x0000000781800000, 0x0000000781800000| Untracked 
|  25|0x0000000781900000, 0x0000000781900000, 0x0000000781a00000|  0%| F|  |TAMS 0x0000000781900000, 0x0000000781900000| Untracked 
|  26|0x0000000781a00000, 0x0000000781a00000, 0x0000000781b00000|  0%| F|  |TAMS 0x0000000781a00000, 0x0000000781a00000| Untracked 
|  27|0x0000000781b00000, 0x0000000781b00000, 0x0000000781c00000|  0%| F|  |TAMS 0x0000000781b00000, 0x0000000781b00000| Untracked 
|  28|0x0000000781c00000, 0x0000000781c00000, 0x0000000781d00000|  0%| F|  |TAMS 0x0000000781c00000, 0x0000000781c00000| Untracked 
|  29|0x0000000781d00000, 0x0000000781d00000, 0x0000000781e00000|  0%| F|  |TAMS 0x0000000781d00000, 0x0000000781d00000| Untracked 
|  30|0x0000000781e00000, 0x0000000781e00000, 0x0000000781f00000|  0%| F|  |TAMS 0x0000000781e00000, 0x0000000781e00000| Untracked 
|  31|0x0000000781f00000, 0x0000000781f00000, 0x0000000782000000|  0%| F|  |TAMS 0x0000000781f00000, 0x0000000781f00000| Untracked 
|  32|0x0000000782000000, 0x0000000782000000, 0x0000000782100000|  0%| F|  |TAMS 0x0000000782000000, 0x0000000782000000| Untracked 
|  33|0x0000000782100000, 0x0000000782100000, 0x0000000782200000|  0%| F|  |TAMS 0x0000000782100000, 0x0000000782100000| Untracked 
|  34|0x0000000782200000, 0x0000000782200000, 0x0000000782300000|  0%| F|  |TAMS 0x0000000782200000, 0x0000000782200000| Untracked 
|  35|0x0000000782300000, 0x0000000782300000, 0x0000000782400000|  0%| F|  |TAMS 0x0000000782300000, 0x0000000782300000| Untracked 
|  36|0x0000000782400000, 0x0000000782400000, 0x0000000782500000|  0%| F|  |TAMS 0x0000000782400000, 0x0000000782400000| Untracked 
|  37|0x0000000782500000, 0x0000000782500000, 0x0000000782600000|  0%| F|  |TAMS 0x0000000782500000, 0x0000000782500000| Untracked 
|  38|0x0000000782600000, 0x0000000782600000, 0x0000000782700000|  0%| F|  |TAMS 0x0000000782600000, 0x0000000782600000| Untracked 
|  39|0x0000000782700000, 0x0000000782700000, 0x0000000782800000|  0%| F|  |TAMS 0x0000000782700000, 0x0000000782700000| Untracked 
|  40|0x0000000782800000, 0x0000000782800000, 0x0000000782900000|  0%| F|  |TAMS 0x0000000782800000, 0x0000000782800000| Untracked 
|  41|0x0000000782900000, 0x0000000782900000, 0x0000000782a00000|  0%| F|  |TAMS 0x0000000782900000, 0x0000000782900000| Untracked 
|  42|0x0000000782a00000, 0x0000000782a00000, 0x0000000782b00000|  0%| F|  |TAMS 0x0000000782a00000, 0x0000000782a00000| Untracked 
|  43|0x0000000782b00000, 0x0000000782b00000, 0x0000000782c00000|  0%| F|  |TAMS 0x0000000782b00000, 0x0000000782b00000| Untracked 
|  44|0x0000000782c00000, 0x0000000782c00000, 0x0000000782d00000|  0%| F|  |TAMS 0x0000000782c00000, 0x0000000782c00000| Untracked 
|  45|0x0000000782d00000, 0x0000000782d00000, 0x0000000782e00000|  0%| F|  |TAMS 0x0000000782d00000, 0x0000000782d00000| Untracked 
|  46|0x0000000782e00000, 0x0000000782e00000, 0x0000000782f00000|  0%| F|  |TAMS 0x0000000782e00000, 0x0000000782e00000| Untracked 
|  47|0x0000000782f00000, 0x0000000782f00000, 0x0000000783000000|  0%| F|  |TAMS 0x0000000782f00000, 0x0000000782f00000| Untracked 
|  48|0x0000000783000000, 0x0000000783000000, 0x0000000783100000|  0%| F|  |TAMS 0x0000000783000000, 0x0000000783000000| Untracked 
|  49|0x0000000783100000, 0x0000000783100000, 0x0000000783200000|  0%| F|  |TAMS 0x0000000783100000, 0x0000000783100000| Untracked 
|  50|0x0000000783200000, 0x0000000783200000, 0x0000000783300000|  0%| F|  |TAMS 0x0000000783200000, 0x0000000783200000| Untracked 
|  51|0x0000000783300000, 0x0000000783300000, 0x0000000783400000|  0%| F|  |TAMS 0x0000000783300000, 0x0000000783300000| Untracked 
|  52|0x0000000783400000, 0x0000000783400000, 0x0000000783500000|  0%| F|  |TAMS 0x0000000783400000, 0x0000000783400000| Untracked 
|  53|0x0000000783500000, 0x0000000783500000, 0x0000000783600000|  0%| F|  |TAMS 0x0000000783500000, 0x0000000783500000| Untracked 
|  54|0x0000000783600000, 0x0000000783600000, 0x0000000783700000|  0%| F|  |TAMS 0x0000000783600000, 0x0000000783600000| Untracked 
|  55|0x0000000783700000, 0x0000000783800000, 0x0000000783800000|100%| E|CS|TAMS 0x0000000783700000, 0x0000000783800000| Complete 
|  56|0x0000000783800000, 0x0000000783900000, 0x0000000783900000|100%| E|CS|TAMS 0x0000000783800000, 0x0000000783900000| Complete 
|  57|0x0000000783900000, 0x0000000783a00000, 0x0000000783a00000|100%| E|CS|TAMS 0x0000000783900000, 0x0000000783a00000| Complete 
|  58|0x0000000783a00000, 0x0000000783b00000, 0x0000000783b00000|100%| E|CS|TAMS 0x0000000783a00000, 0x0000000783b00000| Complete 
|  59|0x0000000783b00000, 0x0000000783b00000, 0x0000000783c00000|  0%| F|  |TAMS 0x0000000783b00000, 0x0000000783b00000| Untracked 
|  60|0x0000000783c00000, 0x0000000783c00000, 0x0000000783d00000|  0%| F|  |TAMS 0x0000000783c00000, 0x0000000783c00000| Untracked 
|  61|0x0000000783d00000, 0x0000000783d00000, 0x0000000783e00000|  0%| F|  |TAMS 0x0000000783d00000, 0x0000000783d00000| Untracked 
|  62|0x0000000783e00000, 0x0000000783e00000, 0x0000000783f00000|  0%| F|  |TAMS 0x0000000783e00000, 0x0000000783e00000| Untracked 
|  63|0x0000000783f00000, 0x0000000783f00000, 0x0000000784000000|  0%| F|  |TAMS 0x0000000783f00000, 0x0000000783f00000| Untracked 
|  64|0x0000000784000000, 0x0000000784000000, 0x0000000784100000|  0%| F|  |TAMS 0x0000000784000000, 0x0000000784000000| Untracked 
|  65|0x0000000784100000, 0x0000000784100000, 0x0000000784200000|  0%| F|  |TAMS 0x0000000784100000, 0x0000000784100000| Untracked 
|  66|0x0000000784200000, 0x0000000784200000, 0x0000000784300000|  0%| F|  |TAMS 0x0000000784200000, 0x0000000784200000| Untracked 
|  67|0x0000000784300000, 0x0000000784300000, 0x0000000784400000|  0%| F|  |TAMS 0x0000000784300000, 0x0000000784300000| Untracked 
|  68|0x0000000784400000, 0x0000000784400000, 0x0000000784500000|  0%| F|  |TAMS 0x0000000784400000, 0x0000000784400000| Untracked 
|  69|0x0000000784500000, 0x0000000784500000, 0x0000000784600000|  0%| F|  |TAMS 0x0000000784500000, 0x0000000784500000| Untracked 
|  70|0x0000000784600000, 0x0000000784600000, 0x0000000784700000|  0%| F|  |TAMS 0x0000000784600000, 0x0000000784600000| Untracked 
|  71|0x0000000784700000, 0x0000000784700000, 0x0000000784800000|  0%| F|  |TAMS 0x0000000784700000, 0x0000000784700000| Untracked 
|  72|0x0000000784800000, 0x0000000784800000, 0x0000000784900000|  0%| F|  |TAMS 0x0000000784800000, 0x0000000784800000| Untracked 
|  73|0x0000000784900000, 0x0000000784900000, 0x0000000784a00000|  0%| F|  |TAMS 0x0000000784900000, 0x0000000784900000| Untracked 
|  74|0x0000000784a00000, 0x0000000784a00000, 0x0000000784b00000|  0%| F|  |TAMS 0x0000000784a00000, 0x0000000784a00000| Untracked 
|  75|0x0000000784b00000, 0x0000000784b00000, 0x0000000784c00000|  0%| F|  |TAMS 0x0000000784b00000, 0x0000000784b00000| Untracked 
|  76|0x0000000784c00000, 0x0000000784c00000, 0x0000000784d00000|  0%| F|  |TAMS 0x0000000784c00000, 0x0000000784c00000| Untracked 
|  77|0x0000000784d00000, 0x0000000784d00000, 0x0000000784e00000|  0%| F|  |TAMS 0x0000000784d00000, 0x0000000784d00000| Untracked 
|  78|0x0000000784e00000, 0x0000000784e00000, 0x0000000784f00000|  0%| F|  |TAMS 0x0000000784e00000, 0x0000000784e00000| Untracked 
|  79|0x0000000784f00000, 0x0000000784f00000, 0x0000000785000000|  0%| F|  |TAMS 0x0000000784f00000, 0x0000000784f00000| Untracked 
|  80|0x0000000785000000, 0x0000000785000000, 0x0000000785100000|  0%| F|  |TAMS 0x0000000785000000, 0x0000000785000000| Untracked 
|  81|0x0000000785100000, 0x0000000785100000, 0x0000000785200000|  0%| F|  |TAMS 0x0000000785100000, 0x0000000785100000| Untracked 
|  82|0x0000000785200000, 0x0000000785200000, 0x0000000785300000|  0%| F|  |TAMS 0x0000000785200000, 0x0000000785200000| Untracked 
|  83|0x0000000785300000, 0x0000000785389a80, 0x0000000785400000| 53%| S|  |TAMS 0x0000000785300000, 0x0000000785300000| Complete 
|  84|0x0000000785400000, 0x0000000785500000, 0x0000000785500000|100%| S|  |TAMS 0x0000000785400000, 0x0000000785400000| Complete 
|  85|0x0000000785500000, 0x0000000785600000, 0x0000000785600000|100%| S|  |TAMS 0x0000000785500000, 0x0000000785500000| Complete 
|  86|0x0000000785600000, 0x0000000785700000, 0x0000000785700000|100%| S|  |TAMS 0x0000000785600000, 0x0000000785600000| Complete 
|  87|0x0000000785700000, 0x0000000785800000, 0x0000000785800000|100%| S|  |TAMS 0x0000000785700000, 0x0000000785700000| Complete 
|  88|0x0000000785800000, 0x0000000785880800, 0x0000000785900000| 50%| E|CS|TAMS 0x0000000785800000, 0x0000000785880800| Complete 
|  89|0x0000000785900000, 0x0000000785a00000, 0x0000000785a00000|100%| E|CS|TAMS 0x0000000785900000, 0x0000000785a00000| Complete 
|  90|0x0000000785a00000, 0x0000000785b00000, 0x0000000785b00000|100%| E|CS|TAMS 0x0000000785a00000, 0x0000000785b00000| Complete 
|  91|0x0000000785b00000, 0x0000000785c00000, 0x0000000785c00000|100%| E|CS|TAMS 0x0000000785b00000, 0x0000000785c00000| Complete 
|  92|0x0000000785c00000, 0x0000000785d00000, 0x0000000785d00000|100%| E|CS|TAMS 0x0000000785c00000, 0x0000000785d00000| Complete 
|  93|0x0000000785d00000, 0x0000000785e00000, 0x0000000785e00000|100%| E|CS|TAMS 0x0000000785d00000, 0x0000000785e00000| Complete 
|  94|0x0000000785e00000, 0x0000000785f00000, 0x0000000785f00000|100%| E|CS|TAMS 0x0000000785e00000, 0x0000000785f00000| Complete 
|  95|0x0000000785f00000, 0x0000000786000000, 0x0000000786000000|100%| E|CS|TAMS 0x0000000785f00000, 0x0000000786000000| Complete 
|  96|0x0000000786000000, 0x0000000786100000, 0x0000000786100000|100%| E|CS|TAMS 0x0000000786000000, 0x0000000786100000| Complete 
|  97|0x0000000786100000, 0x0000000786200000, 0x0000000786200000|100%| E|CS|TAMS 0x0000000786100000, 0x0000000786200000| Complete 
|  98|0x0000000786200000, 0x0000000786300000, 0x0000000786300000|100%| E|CS|TAMS 0x0000000786200000, 0x0000000786300000| Complete 
|  99|0x0000000786300000, 0x0000000786400000, 0x0000000786400000|100%| E|CS|TAMS 0x0000000786300000, 0x0000000786400000| Complete 
| 100|0x0000000786400000, 0x0000000786500000, 0x0000000786500000|100%| E|CS|TAMS 0x0000000786400000, 0x0000000786500000| Complete 
| 101|0x0000000786500000, 0x0000000786600000, 0x0000000786600000|100%| E|CS|TAMS 0x0000000786500000, 0x0000000786600000| Complete 
| 102|0x0000000786600000, 0x0000000786700000, 0x0000000786700000|100%| E|CS|TAMS 0x0000000786600000, 0x0000000786700000| Complete 
| 103|0x0000000786700000, 0x0000000786800000, 0x0000000786800000|100%| E|CS|TAMS 0x0000000786700000, 0x0000000786800000| Complete 
| 104|0x0000000786800000, 0x0000000786900000, 0x0000000786900000|100%| E|CS|TAMS 0x0000000786800000, 0x0000000786900000| Complete 
| 105|0x0000000786900000, 0x0000000786a00000, 0x0000000786a00000|100%| E|CS|TAMS 0x0000000786900000, 0x0000000786a00000| Complete 
| 106|0x0000000786a00000, 0x0000000786b00000, 0x0000000786b00000|100%| E|CS|TAMS 0x0000000786a00000, 0x0000000786b00000| Complete 
| 107|0x0000000786b00000, 0x0000000786c00000, 0x0000000786c00000|100%| E|CS|TAMS 0x0000000786b00000, 0x0000000786c00000| Complete 
| 108|0x0000000786c00000, 0x0000000786d00000, 0x0000000786d00000|100%| E|CS|TAMS 0x0000000786c00000, 0x0000000786d00000| Complete 
| 109|0x0000000786d00000, 0x0000000786e00000, 0x0000000786e00000|100%| E|CS|TAMS 0x0000000786d00000, 0x0000000786e00000| Complete 
| 110|0x0000000786e00000, 0x0000000786f00000, 0x0000000786f00000|100%| E|CS|TAMS 0x0000000786e00000, 0x0000000786f00000| Complete 
| 111|0x0000000786f00000, 0x0000000787000000, 0x0000000787000000|100%| E|CS|TAMS 0x0000000786f00000, 0x0000000787000000| Complete 
| 112|0x0000000787000000, 0x0000000787100000, 0x0000000787100000|100%| E|CS|TAMS 0x0000000787000000, 0x0000000787100000| Complete 
| 113|0x0000000787100000, 0x0000000787200000, 0x0000000787200000|100%| E|CS|TAMS 0x0000000787100000, 0x0000000787200000| Complete 
| 114|0x0000000787200000, 0x0000000787300000, 0x0000000787300000|100%| E|CS|TAMS 0x0000000787200000, 0x0000000787300000| Complete 
| 115|0x0000000787300000, 0x0000000787400000, 0x0000000787400000|100%| E|CS|TAMS 0x0000000787300000, 0x0000000787400000| Complete 
| 116|0x0000000787400000, 0x0000000787500000, 0x0000000787500000|100%| E|CS|TAMS 0x0000000787400000, 0x0000000787500000| Complete 
| 117|0x0000000787500000, 0x0000000787600000, 0x0000000787600000|100%| E|CS|TAMS 0x0000000787500000, 0x0000000787600000| Complete 
| 118|0x0000000787600000, 0x0000000787700000, 0x0000000787700000|100%| E|CS|TAMS 0x0000000787600000, 0x0000000787700000| Complete 
| 119|0x0000000787700000, 0x0000000787800000, 0x0000000787800000|100%| E|CS|TAMS 0x0000000787700000, 0x0000000787800000| Complete 
| 120|0x0000000787800000, 0x0000000787900000, 0x0000000787900000|100%| E|CS|TAMS 0x0000000787800000, 0x0000000787900000| Complete 
| 121|0x0000000787900000, 0x0000000787a00000, 0x0000000787a00000|100%| E|CS|TAMS 0x0000000787900000, 0x0000000787a00000| Complete 
| 122|0x0000000787a00000, 0x0000000787b00000, 0x0000000787b00000|100%| E|CS|TAMS 0x0000000787a00000, 0x0000000787b00000| Complete 
| 123|0x0000000787b00000, 0x0000000787c00000, 0x0000000787c00000|100%| E|CS|TAMS 0x0000000787b00000, 0x0000000787c00000| Complete 
| 124|0x0000000787c00000, 0x0000000787d00000, 0x0000000787d00000|100%| E|CS|TAMS 0x0000000787c00000, 0x0000000787d00000| Complete 
| 125|0x0000000787d00000, 0x0000000787e00000, 0x0000000787e00000|100%| E|CS|TAMS 0x0000000787d00000, 0x0000000787e00000| Complete 
| 126|0x0000000787e00000, 0x0000000787f00000, 0x0000000787f00000|100%| E|CS|TAMS 0x0000000787e00000, 0x0000000787f00000| Complete 
| 127|0x0000000787f00000, 0x0000000788000000, 0x0000000788000000|100%| E|CS|TAMS 0x0000000787f00000, 0x0000000788000000| Complete 
|1022|0x00000007bfe00000, 0x00000007bfe52000, 0x00000007bff00000| 32%|OA|  |TAMS 0x00000007bfe00000, 0x00000007bfe52000| Untracked 
|1023|0x00000007bff00000, 0x00000007bff7c000, 0x00000007c0000000| 48%|CA|  |TAMS 0x00000007bff00000, 0x00000007bff7c000| Untracked 

Card table byte_map: [0x00000001111bf000,0x00000001115bf000] _byte_map_base: 0x000000010d5bf000

Marking Bits (Prev, Next): (CMBitMap*) 0x00007ffdb102fc18, (CMBitMap*) 0x00007ffdb102fc58
 Prev Bits: [0x0000000121ec8000, 0x0000000123ec8000)
 Next Bits: [0x0000000123ec8000, 0x0000000125ec8000)

Polling page: 0x0000000106a83000

Metaspace:

Usage:
  Non-class:     18.04 MB capacity,    17.07 MB ( 95%) used,   962.54 KB (  5%) free+waste,    30.44 KB ( <1%) overhead. 
      Class:      2.46 MB capacity,     2.23 MB ( 90%) used,   227.48 KB (  9%) free+waste,    13.94 KB ( <1%) overhead. 
       Both:     20.50 MB capacity,    19.30 MB ( 94%) used,     1.16 MB (  6%) free+waste,    44.38 KB ( <1%) overhead. 

Virtual space:
  Non-class space:       20.00 MB reserved,      18.25 MB ( 91%) committed 
      Class space:        1.00 GB reserved,       2.50 MB ( <1%) committed 
             Both:        1.02 GB reserved,      20.75 MB (  2%) committed 

Chunk freelists:
   Non-Class:  200.00 KB
       Class:  3.00 KB
        Both:  203.00 KB

MaxMetaspaceSize: unlimited
CompressedClassSpaceSize: 1.00 GB

CodeHeap 'non-profiled nmethods': size=120032Kb used=1557Kb max_used=1557Kb free=118474Kb
 bounds [0x000000011a990000, 0x000000011ac00000, 0x0000000121ec8000]
CodeHeap 'profiled nmethods': size=120028Kb used=8094Kb max_used=8094Kb free=111933Kb
 bounds [0x0000000113459000, 0x0000000113c49000, 0x000000011a990000]
CodeHeap 'non-nmethods': size=5700Kb used=1211Kb max_used=1234Kb free=4488Kb
 bounds [0x0000000112ec8000, 0x0000000113138000, 0x0000000113459000]
 total_blobs=5024 nmethods=3867 adapters=390
 compilation: enabled
              stopped_count=0, restarted_count=0
 full_count=0

Compilation events (20 events):
Event: 7.435 Thread 0x00007ffdb2013800 nmethod 3884 0x0000000113c3b890 code [0x0000000113c3bbe0, 0x0000000113c3d230]
Event: 7.439 Thread 0x00007ffdb2010000 3885       4       jdk.internal.jimage.BasicImageReader::getString (49 bytes)
Event: 7.446 Thread 0x00007ffdb2013800 3887       1       java.lang.invoke.DirectMethodHandle::internalMemberName (5 bytes)
Event: 7.447 Thread 0x00007ffdb2013800 nmethod 3887 0x000000011ab12b10 code [0x000000011ab12ca0, 0x000000011ab12d70]
Event: 7.447 Thread 0x00007ffdb2013800 3888       1       java.lang.invoke.InfoFromMemberName::getReferenceKind (5 bytes)
Event: 7.447 Thread 0x00007ffdb2013800 nmethod 3888 0x000000011ab12e10 code [0x000000011ab12fa0, 0x000000011ab13070]
Event: 7.447 Thread 0x00007ffdb2013800 3889       1       jdk.internal.org.objectweb.asm.SymbolTable::getConstantPoolCount (5 bytes)
Event: 7.447 Thread 0x00007ffdb2013800 nmethod 3889 0x000000011ab13110 code [0x000000011ab132a0, 0x000000011ab13370]
Event: 7.476 Thread 0x00007ffdb2010000 nmethod 3885 0x000000011ab13890 code [0x000000011ab13b00, 0x000000011ab14888]
Event: 7.476 Thread 0x00007ffdb2010000 3886       4       java.nio.MappedByteBuffer::rewind (5 bytes)
Event: 7.477 Thread 0x00007ffdb2010000 nmethod 3886 0x000000011ab14e10 code [0x000000011ab14f80, 0x000000011ab14ff8]
Event: 7.477 Thread 0x00007ffdb2010000 3890       4       jdk.internal.org.objectweb.asm.Symbol::<init> (38 bytes)
Event: 7.477 Thread 0x00007ffdb2013800 3892       3       java.lang.invoke.MethodHandles$Lookup::checkAccess (232 bytes)
Event: 7.480 Thread 0x00007ffdb2013800 nmethod 3892 0x0000000113c3d990 code [0x0000000113c3dd20, 0x0000000113c3f5b0]
Event: 7.480 Thread 0x00007ffdb2013800 3893       3       java.lang.invoke.MethodHandles$Lookup::isClassAccessible (36 bytes)
Event: 7.481 Thread 0x00007ffdb2013800 nmethod 3893 0x0000000113c3fc90 code [0x0000000113c3fe60, 0x0000000113c402b0]
Event: 7.481 Thread 0x00007ffdb2013800 3894       3       java.lang.invoke.MemberName::<init> (50 bytes)
Event: 7.481 Thread 0x00007ffdb2013800 nmethod 3894 0x0000000113c40410 code [0x0000000113c405e0, 0x0000000113c40910]
Event: 7.484 Thread 0x00007ffdb2010000 nmethod 3890 0x000000011ab15110 code [0x000000011ab15280, 0x000000011ab155d8]
Event: 7.492 Thread 0x00007ffdb2010000 3895       4       jdk.internal.jimage.BasicImageReader::getString (49 bytes)

GC Heap History (9 events):
Event: 0.911 GC heap before
{Heap before GC invocations=0 (full 0):
 garbage-first heap   total 133120K, used 14136K [0x0000000780000000, 0x0000000800000000)
  region size 1024K, 13 young (13312K), 0 survivors (0K)
 Metaspace       used 3683K, capacity 6892K, committed 7168K, reserved 1056768K
  class space    used 406K, capacity 727K, committed 768K, reserved 1048576K
}
Event: 0.915 GC heap after
{Heap after GC invocations=1 (full 0):
 garbage-first heap   total 133120K, used 3312K [0x0000000780000000, 0x0000000800000000)
  region size 1024K, 2 young (2048K), 2 survivors (2048K)
 Metaspace       used 3683K, capacity 6892K, committed 7168K, reserved 1056768K
  class space    used 406K, capacity 727K, committed 768K, reserved 1048576K
}
Event: 1.619 GC heap before
{Heap before GC invocations=1 (full 0):
 garbage-first heap   total 133120K, used 20720K [0x0000000780000000, 0x0000000800000000)
  region size 1024K, 19 young (19456K), 2 survivors (2048K)
 Metaspace       used 5736K, capacity 8302K, committed 8448K, reserved 1056768K
  class space    used 699K, capacity 960K, committed 1024K, reserved 1048576K
}
Event: 1.625 GC heap after
{Heap after GC invocations=2 (full 0):
 garbage-first heap   total 133120K, used 4057K [0x0000000780000000, 0x0000000800000000)
  region size 1024K, 1 young (1024K), 1 survivors (1024K)
 Metaspace       used 5736K, capacity 8302K, committed 8448K, reserved 1056768K
  class space    used 699K, capacity 960K, committed 1024K, reserved 1048576K
}
Event: 4.935 GC heap before
{Heap before GC invocations=2 (full 0):
 garbage-first heap   total 133120K, used 80857K [0x0000000780000000, 0x0000000800000000)
  region size 1024K, 76 young (77824K), 1 survivors (1024K)
 Metaspace       used 13171K, capacity 14926K, committed 15104K, reserved 1062912K
  class space    used 1533K, capacity 1766K, committed 1792K, reserved 1048576K
}
Event: 4.964 GC heap after
{Heap after GC invocations=3 (full 0):
 garbage-first heap   total 133120K, used 10380K [0x0000000780000000, 0x0000000800000000)
  region size 1024K, 7 young (7168K), 7 survivors (7168K)
 Metaspace       used 13171K, capacity 14926K, committed 15104K, reserved 1062912K
  class space    used 1533K, capacity 1766K, committed 1792K, reserved 1048576K
}
Event: 7.265 GC heap before
{Heap before GC invocations=3 (full 0):
 garbage-first heap   total 133120K, used 82060K [0x0000000780000000, 0x0000000800000000)
  region size 1024K, 76 young (77824K), 7 survivors (7168K)
 Metaspace       used 16852K, capacity 18307K, committed 18560K, reserved 1064960K
  class space    used 1886K, capacity 2133K, committed 2176K, reserved 1048576K
}
Event: 7.285 GC heap after
{Heap after GC invocations=4 (full 0):
 garbage-first heap   total 133120K, used 14909K [0x0000000780000000, 0x0000000800000000)
  region size 1024K, 4 young (4096K), 4 survivors (4096K)
 Metaspace       used 16852K, capacity 18307K, committed 18560K, reserved 1064960K
  class space    used 1886K, capacity 2133K, committed 2176K, reserved 1048576K
}
Event: 7.500 GC heap before
{Heap before GC invocations=4 (full 0):
 garbage-first heap   total 133120K, used 53821K [0x0000000780000000, 0x0000000800000000)
  region size 1024K, 44 young (45056K), 4 survivors (4096K)
 Metaspace       used 19758K, capacity 20993K, committed 21248K, reserved 1069056K
  class space    used 2279K, capacity 2521K, committed 2560K, reserved 1048576K
}

Deoptimization events (20 events):
Event: 7.308 Thread 0x00007ffdb200e800 DEOPT PACKING pc=0x000000011349a0d8 sp=0x000070000e658400
Event: 7.308 Thread 0x00007ffdb200e800 DEOPT UNPACKING pc=0x0000000112f1133a sp=0x000070000e6578b0 mode 0
Event: 7.315 Thread 0x00007ffdb200e800 DEOPT PACKING pc=0x000000011349a0d8 sp=0x000070000e658400
Event: 7.315 Thread 0x00007ffdb200e800 DEOPT UNPACKING pc=0x0000000112f1133a sp=0x000070000e6578b0 mode 0
Event: 7.477 Thread 0x00007ffdb200e800 Uncommon trap: trap_request=0xffffffbe fr.pc=0x000000011ab145f0 relative=0x0000000000000af0
Event: 7.477 Thread 0x00007ffdb200e800 Uncommon trap: reason=profile_predicate action=maybe_recompile pc=0x000000011ab145f0 method=jdk.internal.jimage.ImageStringsReader.charsFromByteBuffer([CLjava/nio/ByteBuffer;)V @ 6 c2
Event: 7.477 Thread 0x00007ffdb200e800 DEOPT PACKING pc=0x000000011ab145f0 sp=0x000070000e657a80
Event: 7.477 Thread 0x00007ffdb200e800 DEOPT UNPACKING pc=0x0000000112f10e25 sp=0x000070000e657958 mode 2
Event: 7.477 Thread 0x00007ffdb200e800 Uncommon trap: trap_request=0xffffffbe fr.pc=0x000000011ab145f0 relative=0x0000000000000af0
Event: 7.477 Thread 0x00007ffdb200e800 Uncommon trap: reason=profile_predicate action=maybe_recompile pc=0x000000011ab145f0 method=jdk.internal.jimage.ImageStringsReader.charsFromByteBuffer([CLjava/nio/ByteBuffer;)V @ 6 c2
Event: 7.477 Thread 0x00007ffdb200e800 DEOPT PACKING pc=0x000000011ab145f0 sp=0x000070000e657970
Event: 7.477 Thread 0x00007ffdb200e800 DEOPT UNPACKING pc=0x0000000112f10e25 sp=0x000070000e657848 mode 2
Event: 7.477 Thread 0x00007ffdb200e800 Uncommon trap: trap_request=0xffffffbe fr.pc=0x000000011ab145f0 relative=0x0000000000000af0
Event: 7.477 Thread 0x00007ffdb200e800 Uncommon trap: reason=profile_predicate action=maybe_recompile pc=0x000000011ab145f0 method=jdk.internal.jimage.ImageStringsReader.charsFromByteBuffer([CLjava/nio/ByteBuffer;)V @ 6 c2
Event: 7.477 Thread 0x00007ffdb200e800 DEOPT PACKING pc=0x000000011ab145f0 sp=0x000070000e657970
Event: 7.477 Thread 0x00007ffdb200e800 DEOPT UNPACKING pc=0x0000000112f10e25 sp=0x000070000e657848 mode 2
Event: 7.477 Thread 0x00007ffdb200e800 Uncommon trap: trap_request=0xffffffbe fr.pc=0x000000011ab145f0 relative=0x0000000000000af0
Event: 7.477 Thread 0x00007ffdb200e800 Uncommon trap: reason=profile_predicate action=maybe_recompile pc=0x000000011ab145f0 method=jdk.internal.jimage.ImageStringsReader.charsFromByteBuffer([CLjava/nio/ByteBuffer;)V @ 6 c2
Event: 7.477 Thread 0x00007ffdb200e800 DEOPT PACKING pc=0x000000011ab145f0 sp=0x000070000e657970
Event: 7.477 Thread 0x00007ffdb200e800 DEOPT UNPACKING pc=0x0000000112f10e25 sp=0x000070000e657848 mode 2

Classes unloaded (0 events):
No events

Classes redefined (0 events):
No events

Internal exceptions (13 events):
Event: 0.262 Thread 0x00007ffdb200e800 Exception <a 'java/lang/NoSuchMethodError'{0x0000000787d68718}: 'int java.lang.invoke.DirectMethodHandle$Holder.invokeSpecialIFC(java.lang.Object, java.lang.Object, int)'> (0x0000000787d68718) 
thrown [./src/hotspot/share/interpreter/linkResolver.cpp, line 766]
Event: 2.910 Thread 0x00007ffdb200e800 Exception <a 'java/lang/NoClassDefFoundError'{0x00000007864748f8}: com/google/inject/servlet/ServletModuleTargetVisitor> (0x00000007864748f8) 
thrown [./src/hotspot/share/classfile/systemDictionary.cpp, line 215]
Event: 2.910 Thread 0x00007ffdb200e800 Exception <a 'java/lang/NoClassDefFoundError'{0x0000000786477558}: javax/annotation/Priority> (0x0000000786477558) 
thrown [./src/hotspot/share/classfile/systemDictionary.cpp, line 215]
Event: 3.299 Thread 0x00007ffdb200e800 Implicit null exception at 0x000000011aa33264 to 0x000000011aa33838
Event: 3.299 Thread 0x00007ffdb200e800 Implicit null exception at 0x000000011a9b86e4 to 0x000000011a9b8cdc
Event: 3.968 Thread 0x00007ffdb200e800 Implicit null exception at 0x000000011aa1a245 to 0x000000011aa1a6b8
Event: 5.617 Thread 0x00007ffdb200e800 Implicit null exception at 0x000000011a9fc1c1 to 0x000000011a9fc460
Event: 7.158 Thread 0x00007ffdb200e800 Exception <a 'java/lang/NoSuchMethodError'{0x000000078401f968}: 'java.lang.Object java.lang.invoke.DirectMethodHandle$Holder.invokeVirtual(java.lang.Object, java.lang.Object, java.lang.Object)'> (0x000000078401f968) 
thrown [./src/hotspot/share/interpreter/linkResolver.cpp, line 766]
Event: 7.161 Thread 0x00007ffdb200e800 Exception <a 'java/lang/NoSuchMethodError'{0x0000000784025e90}: 'int java.lang.invoke.DirectMethodHandle$Holder.invokeInterface(java.lang.Object, java.lang.Object)'> (0x0000000784025e90) 
thrown [./src/hotspot/share/interpreter/linkResolver.cpp, line 766]
Event: 7.327 Thread 0x00007ffdb200e800 Exception <a 'sun/nio/fs/UnixException'{0x0000000785a49c20}> (0x0000000785a49c20) 
thrown [./src/hotspot/share/prims/jni.cpp, line 599]
Event: 7.359 Thread 0x00007ffdb200e800 Exception <a 'java/lang/NoSuchMethodError'{0x0000000785ac40f8}: 'void java.lang.invoke.DirectMethodHandle$Holder.invokeSpecial(java.lang.Object, java.lang.Object, java.lang.Object, java.lang.Object)'> (0x0000000785ac40f8) 
thrown [./src/hotspot/share/interpreter/linkResolver.cpp, line 766]
Event: 7.360 Thread 0x00007ffdb200e800 Exception <a 'java/lang/NoSuchMethodError'{0x0000000785aca508}: 'int java.lang.invoke.DirectMethodHandle$Holder.invokeVirtual(java.lang.Object, java.lang.Object, java.lang.Object)'> (0x0000000785aca508) 
thrown [./src/hotspot/share/interpreter/linkResolver.cpp, line 766]
Event: 7.457 Thread 0x00007ffdb200e800 Exception <a 'java/lang/NoSuchMethodError'{0x0000000785810c30}: 'int java.lang.invoke.DirectMethodHandle$Holder.invokeStaticInit(java.lang.Object, java.lang.Object)'> (0x0000000785810c30) 
thrown [./src/hotspot/share/interpreter/linkResolver.cpp, line 766]

Events (20 events):
Event: 7.358 loading class java/util/stream/Nodes$FixedNodeBuilder done
Event: 7.361 loading class java/util/stream/ForEachOps
Event: 7.361 loading class java/util/stream/ForEachOps done
Event: 7.361 loading class java/util/stream/ForEachOps$ForEachOp$OfRef
Event: 7.361 loading class java/util/stream/ForEachOps$ForEachOp
Event: 7.361 loading class java/util/stream/ForEachOps$ForEachOp done
Event: 7.361 loading class java/util/stream/ForEachOps$ForEachOp$OfRef done
Event: 7.367 loading class java/lang/invoke/BoundMethodHandle$Species_LLL
Event: 7.368 loading class java/lang/invoke/BoundMethodHandle$Species_LLL done
Event: 7.371 loading class java/lang/invoke/BoundMethodHandle$Species_LJ
Event: 7.371 loading class java/lang/invoke/BoundMethodHandle$Species_LJ done
Event: 7.372 loading class java/lang/invoke/BoundMethodHandle$Species_LLLL
Event: 7.372 loading class java/lang/invoke/BoundMethodHandle$Species_LLLL done
Event: 7.379 loading class java/util/regex/Pattern$GroupCurly
Event: 7.379 loading class java/util/regex/Pattern$GroupCurly done
Event: 7.379 loading class java/util/regex/Pattern$StartS
Event: 7.380 loading class java/util/regex/Pattern$StartS done
Event: 7.409 loading class java/nio/file/ClosedFileSystemException
Event: 7.409 loading class java/nio/file/ClosedFileSystemException done
Event: 7.500 Executing VM operation: CollectForMetadataAllocation


Dynamic libraries:
0x00007fff704f7000 	/usr/lib/libz.1.dylib
0x0000000106a1b000 	/usr/local/Cellar/openjdk/14.0.1/libexec/openjdk.jdk/Contents/Home/lib/libjli.dylib
0x00007fff36041000 	/System/Library/Frameworks/Cocoa.framework/Versions/A/Cocoa
0x00007fff4383a000 	/System/Library/Frameworks/Security.framework/Versions/A/Security
0x00007fff34fa6000 	/System/Library/Frameworks/ApplicationServices.framework/Versions/A/ApplicationServices
0x00007fff6dfbb000 	/usr/lib/libSystem.B.dylib
0x00007fff70db8000 	/usr/lib/system/libcache.dylib
0x00007fff70dbe000 	/usr/lib/system/libcommonCrypto.dylib
0x00007fff70dca000 	/usr/lib/system/libcompiler_rt.dylib
0x00007fff70dd2000 	/usr/lib/system/libcopyfile.dylib
0x00007fff70ddc000 	/usr/lib/system/libcorecrypto.dylib
0x00007fff70f7b000 	/usr/lib/system/libdispatch.dylib
0x00007fff70fbc000 	/usr/lib/system/libdyld.dylib
0x00007fff70ff3000 	/usr/lib/system/libkeymgr.dylib
0x00007fff71001000 	/usr/lib/system/liblaunch.dylib
0x00007fff71002000 	/usr/lib/system/libmacho.dylib
0x00007fff71008000 	/usr/lib/system/libquarantine.dylib
0x00007fff7100b000 	/usr/lib/system/libremovefile.dylib
0x00007fff7100d000 	/usr/lib/system/libsystem_asl.dylib
0x00007fff71025000 	/usr/lib/system/libsystem_blocks.dylib
0x00007fff71026000 	/usr/lib/system/libsystem_c.dylib
0x00007fff710ae000 	/usr/lib/system/libsystem_configuration.dylib
0x00007fff710b2000 	/usr/lib/system/libsystem_coreservices.dylib
0x00007fff710b6000 	/usr/lib/system/libsystem_darwin.dylib
0x00007fff710bf000 	/usr/lib/system/libsystem_dnssd.dylib
0x00007fff710c7000 	/usr/lib/system/libsystem_featureflags.dylib
0x00007fff710c9000 	/usr/lib/system/libsystem_info.dylib
0x00007fff71144000 	/usr/lib/system/libsystem_m.dylib
0x00007fff7118c000 	/usr/lib/system/libsystem_malloc.dylib
0x00007fff711b4000 	/usr/lib/system/libsystem_networkextension.dylib
0x00007fff711c2000 	/usr/lib/system/libsystem_notify.dylib
0x00007fff711e0000 	/usr/lib/system/libsystem_sandbox.dylib
0x00007fff711e5000 	/usr/lib/system/libsystem_secinit.dylib
0x00007fff71117000 	/usr/lib/system/libsystem_kernel.dylib
0x00007fff711cc000 	/usr/lib/system/libsystem_platform.dylib
0x00007fff711d5000 	/usr/lib/system/libsystem_pthread.dylib
0x00007fff711e8000 	/usr/lib/system/libsystem_symptoms.dylib
0x00007fff711f0000 	/usr/lib/system/libsystem_trace.dylib
0x00007fff71208000 	/usr/lib/system/libunwind.dylib
0x00007fff7120e000 	/usr/lib/system/libxpc.dylib
0x00007fff6fe1b000 	/usr/lib/libobjc.A.dylib
0x00007fff6e2f4000 	/usr/lib/libc++abi.dylib
0x00007fff6e2a1000 	/usr/lib/libc++.1.dylib
0x00007fff36ee3000 	/System/Library/Frameworks/CoreFoundation.framework/Versions/A/CoreFoundation
0x00007fff395a0000 	/System/Library/Frameworks/Foundation.framework/Versions/C/Foundation
0x00007fff34196000 	/System/Library/Frameworks/AppKit.framework/Versions/C/AppKit
0x00007fff369c5000 	/System/Library/Frameworks/CoreData.framework/Versions/A/CoreData
0x00007fff67fd0000 	/System/Library/PrivateFrameworks/UIFoundation.framework/Versions/A/UIFoundation
0x00007fff63064000 	/System/Library/PrivateFrameworks/RemoteViewServices.framework/Versions/A/RemoteViewServices
0x00007fff6ab2b000 	/System/Library/PrivateFrameworks/XCTTargetBootstrap.framework/Versions/A/XCTTargetBootstrap
0x00007fff36db0000 	/System/Library/Frameworks/CoreDisplay.framework/Versions/A/CoreDisplay
0x00007fff3c45b000 	/System/Library/Frameworks/Metal.framework/Versions/A/Metal
0x00007fff51051000 	/System/Library/PrivateFrameworks/DesktopServicesPriv.framework/Versions/A/DesktopServicesPriv
0x00007fff6f0f6000 	/usr/lib/liblangid.dylib
0x00007fff502e6000 	/System/Library/PrivateFrameworks/CoreSVG.framework/Versions/A/CoreSVG
0x00007fff661c0000 	/System/Library/PrivateFrameworks/SkyLight.framework/Versions/A/SkyLight
0x00007fff37364000 	/System/Library/Frameworks/CoreGraphics.framework/Versions/A/CoreGraphics
0x00007fff32b6a000 	/System/Library/Frameworks/Accelerate.framework/Versions/A/Accelerate
0x00007fff703e8000 	/usr/lib/libxml2.2.dylib
0x00007fff5bfef000 	/System/Library/PrivateFrameworks/IconServices.framework/Versions/A/IconServices
0x00007fff39d7f000 	/System/Library/Frameworks/IOSurface.framework/Versions/A/IOSurface
0x00007fff6dae5000 	/usr/lib/libDiagnosticMessagesClient.dylib
0x00007fff50eab000 	/System/Library/PrivateFrameworks/DFRFoundation.framework/Versions/A/DFRFoundation
0x00007fff6ee85000 	/usr/lib/libicucore.A.dylib
0x00007fff352d8000 	/System/Library/Frameworks/AudioToolbox.framework/Versions/A/AudioToolbox
0x00007fff353bb000 	/System/Library/Frameworks/AudioUnit.framework/Versions/A/AudioUnit
0x00007fff6e1bd000 	/usr/lib/libauto.dylib
0x00007fff50f4d000 	/System/Library/PrivateFrameworks/DataDetectorsCore.framework/Versions/A/DataDetectorsCore
0x00007fff35b62000 	/System/Library/Frameworks/Carbon.framework/Versions/A/Frameworks/HIToolbox.framework/Versions/A/HIToolbox
0x00007fff42a34000 	/System/Library/Frameworks/QuartzCore.framework/Versions/A/QuartzCore
0x00007fff35ea1000 	/System/Library/Frameworks/Carbon.framework/Versions/A/Frameworks/SpeechRecognition.framework/Versions/A/SpeechRecognition
0x00007fff509bf000 	/System/Library/PrivateFrameworks/CoreUI.framework/Versions/A/CoreUI
0x00007fff36430000 	/System/Library/Frameworks/CoreAudio.framework/Versions/A/CoreAudio
0x00007fff3925f000 	/System/Library/Frameworks/DiskArbitration.framework/Versions/A/DiskArbitration
0x00007fff5e03f000 	/System/Library/PrivateFrameworks/MultitouchSupport.framework/Versions/A/MultitouchSupport
0x00007fff6ed4c000 	/usr/lib/libenergytrace.dylib
0x00007fff39cd9000 	/System/Library/Frameworks/IOKit.framework/Versions/A/IOKit
0x00007fff382cb000 	/System/Library/Frameworks/CoreServices.framework/Versions/A/CoreServices
0x00007fff601f7000 	/System/Library/PrivateFrameworks/PerformanceAnalysis.framework/Versions/A/PerformanceAnalysis
0x00007fff41a67000 	/System/Library/Frameworks/OpenGL.framework/Versions/A/OpenGL
0x00007fff3604f000 	/System/Library/Frameworks/ColorSync.framework/Versions/A/ColorSync
0x00007fff379e7000 	/System/Library/Frameworks/CoreImage.framework/Versions/A/CoreImage
0x00007fff38d3e000 	/System/Library/Frameworks/CoreText.framework/Versions/A/CoreText
0x00007fff39e0f000 	/System/Library/Frameworks/ImageIO.framework/Versions/A/ImageIO
0x00007fff6e31d000 	/usr/lib/libcompression.dylib
0x00007fff6de29000 	/usr/lib/libMobileGestalt.dylib
0x00007fff67d3a000 	/System/Library/PrivateFrameworks/TextureIO.framework/Versions/A/TextureIO
0x00007fff6e120000 	/usr/lib/libate.dylib
0x00007fff5c1f8000 	/System/Library/PrivateFrameworks/InternationalSupport.framework/Versions/A/InternationalSupport
0x00007fff6f0f8000 	/usr/lib/liblzma.5.dylib
0x00007fff6ed73000 	/usr/lib/libfakelink.dylib
0x00007fff6e0ad000 	/usr/lib/libarchive.2.dylib
0x00007fff448eb000 	/System/Library/Frameworks/SystemConfiguration.framework/Versions/A/SystemConfiguration
0x00007fff6da18000 	/usr/lib/libCRFSuite.dylib
0x00007fff35752000 	/System/Library/Frameworks/CFNetwork.framework/Versions/A/CFNetwork
0x00007fff6e283000 	/usr/lib/libbsm.0.dylib
0x00007fff70ff4000 	/usr/lib/system/libkxld.dylib
0x00007fff4a828000 	/System/Library/PrivateFrameworks/AppleFSCompression.framework/Versions/A/AppleFSCompression
0x00007fff6e60e000 	/usr/lib/libcoretls.dylib
0x00007fff6e625000 	/usr/lib/libcoretls_cfhelpers.dylib
0x00007fff6fe61000 	/usr/lib/libpam.2.dylib
0x00007fff6ff96000 	/usr/lib/libsqlite3.dylib
0x00007fff703d5000 	/usr/lib/libxar.1.dylib
0x00007fff6e294000 	/usr/lib/libbz2.1.0.dylib
0x00007fff6ed94000 	/usr/lib/libiconv.2.dylib
0x00007fff6e30a000 	/usr/lib/libcharset.1.dylib
0x00007fff6f8fe000 	/usr/lib/libnetwork.dylib
0x00007fff6fe68000 	/usr/lib/libpcap.A.dylib
0x00007fff6e062000 	/usr/lib/libapple_nghttp2.dylib
0x00007fff38682000 	/System/Library/Frameworks/CoreServices.framework/Versions/A/Frameworks/FSEvents.framework/Versions/A/FSEvents
0x00007fff38352000 	/System/Library/Frameworks/CoreServices.framework/Versions/A/Frameworks/CarbonCore.framework/Versions/A/CarbonCore
0x00007fff388c6000 	/System/Library/Frameworks/CoreServices.framework/Versions/A/Frameworks/Metadata.framework/Versions/A/Metadata
0x00007fff3895f000 	/System/Library/Frameworks/CoreServices.framework/Versions/A/Frameworks/OSServices.framework/Versions/A/OSServices
0x00007fff3898d000 	/System/Library/Frameworks/CoreServices.framework/Versions/A/Frameworks/SearchKit.framework/Versions/A/SearchKit
0x00007fff382cc000 	/System/Library/Frameworks/CoreServices.framework/Versions/A/Frameworks/AE.framework/Versions/A/AE
0x00007fff3868b000 	/System/Library/Frameworks/CoreServices.framework/Versions/A/Frameworks/LaunchServices.framework/Versions/A/LaunchServices
0x00007fff38634000 	/System/Library/Frameworks/CoreServices.framework/Versions/A/Frameworks/DictionaryServices.framework/Versions/A/DictionaryServices
0x00007fff389f5000 	/System/Library/Frameworks/CoreServices.framework/Versions/A/Frameworks/SharedFileList.framework/Versions/A/SharedFileList
0x00007fff3d886000 	/System/Library/Frameworks/NetFS.framework/Versions/A/NetFS
0x00007fff5e56f000 	/System/Library/PrivateFrameworks/NetAuth.framework/Versions/A/NetAuth
0x00007fff6aef8000 	/System/Library/PrivateFrameworks/login.framework/Versions/A/Frameworks/loginsupport.framework/Versions/A/loginsupport
0x00007fff67805000 	/System/Library/PrivateFrameworks/TCC.framework/Versions/A/TCC
0x00007fff4f459000 	/System/Library/PrivateFrameworks/CoreNLP.framework/Versions/A/CoreNLP
0x00007fff5da6c000 	/System/Library/PrivateFrameworks/MetadataUtilities.framework/Versions/A/MetadataUtilities
0x00007fff6f1d0000 	/usr/lib/libmecabra.dylib
0x00007fff6f128000 	/usr/lib/libmecab.dylib
0x00007fff6ed84000 	/usr/lib/libgermantok.dylib
0x00007fff6e049000 	/usr/lib/libThaiTokenizer.dylib
0x00007fff6da4f000 	/usr/lib/libChineseTokenizer.dylib
0x00007fff32b82000 	/System/Library/Frameworks/Accelerate.framework/Versions/A/Frameworks/vImage.framework/Versions/A/vImage
0x00007fff33fec000 	/System/Library/Frameworks/Accelerate.framework/Versions/A/Frameworks/vecLib.framework/Versions/A/vecLib
0x00007fff33f29000 	/System/Library/Frameworks/Accelerate.framework/Versions/A/Frameworks/vecLib.framework/Versions/A/libvMisc.dylib
0x00007fff33d51000 	/System/Library/Frameworks/Accelerate.framework/Versions/A/Frameworks/vecLib.framework/Versions/A/libvDSP.dylib
0x00007fff331d9000 	/System/Library/Frameworks/Accelerate.framework/Versions/A/Frameworks/vecLib.framework/Versions/A/libBLAS.dylib
0x00007fff33915000 	/System/Library/Frameworks/Accelerate.framework/Versions/A/Frameworks/vecLib.framework/Versions/A/libLAPACK.dylib
0x00007fff33cb1000 	/System/Library/Frameworks/Accelerate.framework/Versions/A/Frameworks/vecLib.framework/Versions/A/libLinearAlgebra.dylib
0x00007fff33d3e000 	/System/Library/Frameworks/Accelerate.framework/Versions/A/Frameworks/vecLib.framework/Versions/A/libSparseBLAS.dylib
0x00007fff33cc7000 	/System/Library/Frameworks/Accelerate.framework/Versions/A/Frameworks/vecLib.framework/Versions/A/libQuadrature.dylib
0x00007fff33441000 	/System/Library/Frameworks/Accelerate.framework/Versions/A/Frameworks/vecLib.framework/Versions/A/libBNNS.dylib
0x00007fff33ccd000 	/System/Library/Frameworks/Accelerate.framework/Versions/A/Frameworks/vecLib.framework/Versions/A/libSparse.dylib
0x00007fff5c5e0000 	/System/Library/PrivateFrameworks/LanguageModeling.framework/Versions/A/LanguageModeling
0x00007fff4ee09000 	/System/Library/PrivateFrameworks/CoreEmoji.framework/Versions/A/CoreEmoji
0x00007fff5c6fe000 	/System/Library/PrivateFrameworks/LinguisticData.framework/Versions/A/LinguisticData
0x00007fff5c6af000 	/System/Library/PrivateFrameworks/Lexicon.framework/Versions/A/Lexicon
0x00007fff6e30b000 	/usr/lib/libcmph.dylib
0x00007fff40475000 	/System/Library/Frameworks/OpenDirectory.framework/Versions/A/Frameworks/CFOpenDirectory.framework/Versions/A/CFOpenDirectory
0x00007fff40492000 	/System/Library/Frameworks/OpenDirectory.framework/Versions/A/OpenDirectory
0x00007fff488d5000 	/System/Library/PrivateFrameworks/APFS.framework/Versions/A/APFS
0x00007fff43b84000 	/System/Library/Frameworks/SecurityFoundation.framework/Versions/A/SecurityFoundation
0x00007fff703d1000 	/usr/lib/libutil.dylib
0x00007fff5033e000 	/System/Library/PrivateFrameworks/CoreServicesStore.framework/Versions/A/CoreServicesStore
0x00007fff43c3b000 	/System/Library/Frameworks/ServiceManagement.framework/Versions/A/ServiceManagement
0x00007fff4bff8000 	/System/Library/PrivateFrameworks/BackgroundTaskManagement.framework/Versions/A/BackgroundTaskManagement
0x00007fff704ce000 	/usr/lib/libxslt.1.dylib
0x00007fff4ae9b000 	/System/Library/PrivateFrameworks/AppleSystemInfo.framework/Versions/A/AppleSystemInfo
0x00007fff3a02a000 	/System/Library/Frameworks/ImageIO.framework/Versions/A/Resources/libJPEG.dylib
0x00007fff3a2e9000 	/System/Library/Frameworks/ImageIO.framework/Versions/A/Resources/libTIFF.dylib
0x00007fff3a2cc000 	/System/Library/Frameworks/ImageIO.framework/Versions/A/Resources/libPng.dylib
0x00007fff39f6c000 	/System/Library/Frameworks/ImageIO.framework/Versions/A/Resources/libGIF.dylib
0x00007fff39f70000 	/System/Library/Frameworks/ImageIO.framework/Versions/A/Resources/libJP2.dylib
0x00007fff3a2e7000 	/System/Library/Frameworks/ImageIO.framework/Versions/A/Resources/libRadiance.dylib
0x00007fff6ed4d000 	/usr/lib/libexpat.1.dylib
0x00007fff4a983000 	/System/Library/PrivateFrameworks/AppleJPEG.framework/Versions/A/AppleJPEG
0x00007fff53654000 	/System/Library/PrivateFrameworks/FontServices.framework/libFontParser.dylib
0x00007fff69efa000 	/System/Library/PrivateFrameworks/WatchdogClient.framework/Versions/A/WatchdogClient
0x00007fff5bc3b000 	/System/Library/PrivateFrameworks/IOAccelerator.framework/Versions/A/IOAccelerator
0x00007fff3c7f6000 	/System/Library/Frameworks/MetalPerformanceShaders.framework/Versions/A/MetalPerformanceShaders
0x00007fff583d1000 	/System/Library/PrivateFrameworks/GPUWrangler.framework/Versions/A/GPUWrangler
0x00007fff5bc50000 	/System/Library/PrivateFrameworks/IOPresentment.framework/Versions/A/IOPresentment
0x00007fff50ebe000 	/System/Library/PrivateFrameworks/DSExternalDisplay.framework/Versions/A/DSExternalDisplay
0x00007fff40e06000 	/System/Library/Frameworks/OpenGL.framework/Versions/A/Libraries/libCoreFSCache.dylib
0x00007fff3c542000 	/System/Library/Frameworks/MetalPerformanceShaders.framework/Frameworks/MPSCore.framework/Versions/A/MPSCore
0x00007fff3c580000 	/System/Library/Frameworks/MetalPerformanceShaders.framework/Frameworks/MPSImage.framework/Versions/A/MPSImage
0x00007fff3c647000 	/System/Library/Frameworks/MetalPerformanceShaders.framework/Frameworks/MPSNeuralNetwork.framework/Versions/A/MPSNeuralNetwork
0x00007fff3c60b000 	/System/Library/Frameworks/MetalPerformanceShaders.framework/Frameworks/MPSMatrix.framework/Versions/A/MPSMatrix
0x00007fff3c7a6000 	/System/Library/Frameworks/MetalPerformanceShaders.framework/Frameworks/MPSRayIntersector.framework/Versions/A/MPSRayIntersector
0x00007fff3c631000 	/System/Library/Frameworks/MetalPerformanceShaders.framework/Frameworks/MPSNDArray.framework/Versions/A/MPSNDArray
0x00007fff5dab9000 	/System/Library/PrivateFrameworks/MetalTools.framework/Versions/A/MetalTools
0x00007fff49aaf000 	/System/Library/PrivateFrameworks/AggregateDictionary.framework/Versions/A/AggregateDictionary
0x00007fff4e851000 	/System/Library/PrivateFrameworks/CoreAnalytics.framework/Versions/A/CoreAnalytics
0x00007fff4adba000 	/System/Library/PrivateFrameworks/AppleSauce.framework/Versions/A/AppleSauce
0x00007fff6dd0b000 	/usr/lib/libIOReport.dylib
0x00007fff38ef6000 	/System/Library/Frameworks/CoreVideo.framework/Versions/A/CoreVideo
0x00007fff5984a000 	/System/Library/PrivateFrameworks/GraphVisualizer.framework/Versions/A/GraphVisualizer
0x00007fff52b9a000 	/System/Library/PrivateFrameworks/FaceCore.framework/Versions/A/FaceCore
0x00007fff4041c000 	/System/Library/Frameworks/OpenCL.framework/Versions/A/OpenCL
0x00007fff6db2d000 	/usr/lib/libFosl_dynamic.dylib
0x00007fff5ef8f000 	/System/Library/PrivateFrameworks/OTSVG.framework/Versions/A/OTSVG
0x00007fff350ab000 	/System/Library/Frameworks/ApplicationServices.framework/Versions/A/Frameworks/ATS.framework/Versions/A/Resources/libFontRegistry.dylib
0x00007fff53825000 	/System/Library/PrivateFrameworks/FontServices.framework/libhvf.dylib
0x00007fff40e11000 	/System/Library/Frameworks/OpenGL.framework/Versions/A/Libraries/libGFXShared.dylib
0x00007fff40fef000 	/System/Library/Frameworks/OpenGL.framework/Versions/A/Libraries/libGLU.dylib
0x00007fff40e1a000 	/System/Library/Frameworks/OpenGL.framework/Versions/A/Libraries/libGL.dylib
0x00007fff40e25000 	/System/Library/Frameworks/OpenGL.framework/Versions/A/Libraries/libGLImage.dylib
0x00007fff40e03000 	/System/Library/Frameworks/OpenGL.framework/Versions/A/Libraries/libCVMSPluginSupport.dylib
0x00007fff40e0c000 	/System/Library/Frameworks/OpenGL.framework/Versions/A/Libraries/libCoreVMClient.dylib
0x00007fff6f79f000 	/usr/lib/libncurses.5.4.dylib
0x00007fff34fa7000 	/System/Library/Frameworks/ApplicationServices.framework/Versions/A/Frameworks/ATS.framework/Versions/A/ATS
0x00007fff35174000 	/System/Library/Frameworks/ApplicationServices.framework/Versions/A/Frameworks/ColorSyncLegacy.framework/Versions/A/ColorSyncLegacy
0x00007fff35212000 	/System/Library/Frameworks/ApplicationServices.framework/Versions/A/Frameworks/HIServices.framework/Versions/A/HIServices
0x00007fff3526a000 	/System/Library/Frameworks/ApplicationServices.framework/Versions/A/Frameworks/LangAnalysis.framework/Versions/A/LangAnalysis
0x00007fff35279000 	/System/Library/Frameworks/ApplicationServices.framework/Versions/A/Frameworks/PrintCore.framework/Versions/A/PrintCore
0x00007fff352bf000 	/System/Library/Frameworks/ApplicationServices.framework/Versions/A/Frameworks/QD.framework/Versions/A/QD
0x00007fff352ca000 	/System/Library/Frameworks/ApplicationServices.framework/Versions/A/Frameworks/SpeechSynthesis.framework/Versions/A/SpeechSynthesis
0x00007fff35144000 	/System/Library/Frameworks/ApplicationServices.framework/Versions/A/Frameworks/ATSUI.framework/Versions/A/ATSUI
0x00007fff6ebe3000 	/usr/lib/libcups.2.dylib
0x00007fff3b891000 	/System/Library/Frameworks/Kerberos.framework/Versions/A/Kerberos
0x00007fff399d2000 	/System/Library/Frameworks/GSS.framework/Versions/A/GSS
0x00007fff6ff22000 	/usr/lib/libresolv.9.dylib
0x00007fff599f7000 	/System/Library/PrivateFrameworks/Heimdal.framework/Versions/A/Heimdal
0x00007fff3b8a4000 	/System/Library/Frameworks/Kerberos.framework/Versions/A/Libraries/libHeimdalProxy.dylib
0x00007fff6ed8a000 	/usr/lib/libheimdal-asn1.dylib
0x00007fff4dce9000 	/System/Library/PrivateFrameworks/CommonAuth.framework/Versions/A/CommonAuth
0x00007fff4af38000 	/System/Library/PrivateFrameworks/AssertionServices.framework/Versions/A/AssertionServices
0x00007fff4badb000 	/System/Library/PrivateFrameworks/AudioToolboxCore.framework/Versions/A/AudioToolboxCore
0x00007fff6aba8000 	/System/Library/PrivateFrameworks/caulk.framework/Versions/A/caulk
0x00007fff4c0a4000 	/System/Library/PrivateFrameworks/BaseBoard.framework/Versions/A/BaseBoard
0x00007fff631f2000 	/System/Library/PrivateFrameworks/RunningBoardServices.framework/Versions/A/RunningBoardServices
0x00007fff60203000 	/System/Library/PrivateFrameworks/PersistentConnection.framework/Versions/A/PersistentConnection
0x00007fff62beb000 	/System/Library/PrivateFrameworks/ProtocolBuffer.framework/Versions/A/ProtocolBuffer
0x00007fff4dd0d000 	/System/Library/PrivateFrameworks/CommonUtilities.framework/Versions/A/CommonUtilities
0x00007fff4c232000 	/System/Library/PrivateFrameworks/Bom.framework/Versions/A/Bom
0x00007fff6d9de000 	/usr/lib/libAudioToolboxUtility.dylib
0x00007fff4c002000 	/System/Library/PrivateFrameworks/Backup.framework/Versions/A/Backup
0x00007fff50ddf000 	/System/Library/PrivateFrameworks/CrashReporterSupport.framework/Versions/A/CrashReporterSupport
0x00007fff64c84000 	/System/Library/PrivateFrameworks/Sharing.framework/Versions/A/Sharing
0x00007fff4a546000 	/System/Library/PrivateFrameworks/Apple80211.framework/Versions/A/Apple80211
0x00007fff4bd1f000 	/System/Library/PrivateFrameworks/AuthKit.framework/Versions/A/AuthKit
0x00007fff50aec000 	/System/Library/PrivateFrameworks/CoreUtils.framework/Versions/A/CoreUtils
0x00007fff38f3b000 	/System/Library/Frameworks/CoreWLAN.framework/Versions/A/CoreWLAN
0x00007fff39b5f000 	/System/Library/Frameworks/IOBluetooth.framework/Versions/A/IOBluetooth
0x00007fff5ddbe000 	/System/Library/PrivateFrameworks/MobileKeyBag.framework/Versions/A/MobileKeyBag
0x00007fff4f8f1000 	/System/Library/PrivateFrameworks/CorePhoneNumbers.framework/Versions/A/CorePhoneNumbers
0x00007fff4a936000 	/System/Library/PrivateFrameworks/AppleIDAuthSupport.framework/Versions/A/AppleIDAuthSupport
0x00007fff3d893000 	/System/Library/Frameworks/Network.framework/Versions/A/Network
0x00007fff5c48c000 	/System/Library/PrivateFrameworks/KeychainCircle.framework/Versions/A/KeychainCircle
0x00007fff3698c000 	/System/Library/Frameworks/CoreBluetooth.framework/Versions/A/CoreBluetooth
0x00007fff66d03000 	/System/Library/PrivateFrameworks/SpeechRecognitionCore.framework/Versions/A/SpeechRecognitionCore
0x00007fff29fae000 	/System/Library/CoreServices/Encodings/libSimplifiedChineseConverter.dylib
0x0000000107400000 	/usr/local/Cellar/openjdk/14.0.1/libexec/openjdk.jdk/Contents/Home/lib/server/libjvm.dylib
0x0000000106a7b000 	/usr/local/Cellar/openjdk/14.0.1/libexec/openjdk.jdk/Contents/Home/lib/libjimage.dylib
0x0000000106a8d000 	/usr/local/Cellar/openjdk/14.0.1/libexec/openjdk.jdk/Contents/Home/lib/libjava.dylib
0x0000000106ab2000 	/usr/local/Cellar/openjdk/14.0.1/libexec/openjdk.jdk/Contents/Home/lib/libzip.dylib
0x00000001121c6000 	/usr/local/Cellar/openjdk/14.0.1/libexec/openjdk.jdk/Contents/Home/lib/libnio.dylib
0x00000001121d6000 	/usr/local/Cellar/openjdk/14.0.1/libexec/openjdk.jdk/Contents/Home/lib/libnet.dylib
0x00000001121eb000 	/usr/local/Cellar/openjdk/14.0.1/libexec/openjdk.jdk/Contents/Home/lib/libverify.dylib
0x00000001121f6000 	/usr/local/Cellar/maven/3.6.3_1/libexec/lib/jansi-native/osx/libjansi.jnilib


VM Arguments:
jvm_args: -Dclassworlds.conf=/usr/local/Cellar/maven/3.6.3_1/libexec/bin/m2.conf -Dmaven.home=/usr/local/Cellar/maven/3.6.3_1/libexec -Dlibrary.jansi.path=/usr/local/Cellar/maven/3.6.3_1/libexec/lib/jansi-native -Dmaven.multiModuleProjectDirectory=/Library/WebServer/Documents/hwwd 
java_command: org.codehaus.plexus.classworlds.launcher.Launcher spring-boot:run
java_class_path (initial): /usr/local/Cellar/maven/3.6.3_1/libexec/boot/plexus-classworlds-2.6.0.jar
Launcher Type: SUN_STANDARD

[Global flags]
     intx CICompilerCount                          = 3                                         {product} {ergonomic}
     uint ConcGCThreads                            = 1                                         {product} {ergonomic}
     uint G1ConcRefinementThreads                  = 4                                         {product} {ergonomic}
   size_t G1HeapRegionSize                         = 1048576                                   {product} {ergonomic}
    uintx GCDrainStackTargetSize                   = 64                                        {product} {ergonomic}
   size_t InitialHeapSize                          = 134217728                                 {product} {ergonomic}
   size_t MarkStackSize                            = 4194304                                   {product} {ergonomic}
   size_t MaxHeapSize                              = 2147483648                                {product} {ergonomic}
   size_t MaxNewSize                               = 1287651328                                {product} {ergonomic}
   size_t MinHeapDeltaBytes                        = 1048576                                   {product} {ergonomic}
   size_t MinHeapSize                              = 8388608                                   {product} {ergonomic}
    uintx NonNMethodCodeHeapSize                   = 5832780                                {pd product} {ergonomic}
    uintx NonProfiledCodeHeapSize                  = 122912730                              {pd product} {ergonomic}
    uintx ProfiledCodeHeapSize                     = 122912730                              {pd product} {ergonomic}
    uintx ReservedCodeCacheSize                    = 251658240                              {pd product} {ergonomic}
     bool SegmentedCodeCache                       = true                                      {product} {ergonomic}
   size_t SoftMaxHeapSize                          = 2147483648                             {manageable} {ergonomic}
     bool UseCompressedClassPointers               = true                                 {lp64_product} {ergonomic}
     bool UseCompressedOops                        = true                                 {lp64_product} {ergonomic}
     bool UseG1GC                                  = true                                      {product} {ergonomic}

Logging:
Log output configuration:
 #0: stdout all=warning uptime,level,tags
 #1: stderr all=off uptime,level,tags

Environment Variables:
JAVA_HOME=/usr/local/opt/openjdk/libexec/openjdk.jdk/Contents/Home
PATH=/usr/local/bin:/usr/bin:/bin:/usr/sbin:/sbin
SHELL=/bin/bash

Signal Handlers:
SIGSEGV: [libjvm.dylib+0x7c0dee], sa_mask[0]=11111111011111110111111111111111, sa_flags=SA_ONSTACK|SA_RESTART|SA_SIGINFO
SIGBUS: [libjvm.dylib+0x7c0dee], sa_mask[0]=11111111011111110111111111111111, sa_flags=SA_RESTART|SA_SIGINFO
SIGFPE: [libjvm.dylib+0x7c0dee], sa_mask[0]=11111111011111110111111111111111, sa_flags=SA_RESTART|SA_SIGINFO
SIGPIPE: [libjvm.dylib+0x5fd565], sa_mask[0]=11111111011111110111111111111111, sa_flags=SA_RESTART|SA_SIGINFO
SIGXFSZ: [libjvm.dylib+0x5fd565], sa_mask[0]=11111111011111110111111111111111, sa_flags=SA_RESTART|SA_SIGINFO
SIGILL: [libjvm.dylib+0x7c0dee], sa_mask[0]=11111111011111110111111111111111, sa_flags=SA_RESTART|SA_SIGINFO
SIGUSR2: [libjvm.dylib+0x5fdb37], sa_mask[0]=00000000000000000000000000000000, sa_flags=SA_RESTART|SA_SIGINFO
SIGHUP: [libjvm.dylib+0x5fcb99], sa_mask[0]=11111111011111110111111111111111, sa_flags=SA_RESTART|SA_SIGINFO
SIGINT: [libjvm.dylib+0x5fcb99], sa_mask[0]=11111111011111110111111111111111, sa_flags=SA_RESTART|SA_SIGINFO
SIGTERM: [libjvm.dylib+0x5fcb99], sa_mask[0]=11111111011111110111111111111111, sa_flags=SA_RESTART|SA_SIGINFO
SIGQUIT: [libjvm.dylib+0x5fcb99], sa_mask[0]=11111111011111110111111111111111, sa_flags=SA_RESTART|SA_SIGINFO


---------------  S Y S T E M  ---------------

OS:uname:Darwin 19.6.0 Darwin Kernel Version 19.6.0: Mon Aug 31 22:12:52 PDT 2020; root:xnu-6153.141.2~1/RELEASE_X86_64 x86_64
OS uptime: 7 days 4:35 hours
rlimit: STACK 8192k, CORE 0k, NPROC 1392, NOFILE 10240, AS infinity, DATA infinity, FSIZE infinity
load average:4.00 8.02 12.21

CPU:total 4 (initial active 4) (2 cores per cpu, 2 threads per core) family 6 model 61 stepping 4, cmov, cx8, fxsr, mmx, sse, sse2, sse3, ssse3, sse4.1, sse4.2, popcnt, avx, avx2, aes, clmul, erms, 3dnowpref, lzcnt, ht, tsc, tscinvbit, bmi1, bmi2, adx, fma

Memory: 4k page, physical 8388608k(310624k free), swap 2097152k(435712k free)

vm_info: OpenJDK 64-Bit Server VM (14.0.1+14) for bsd-amd64 JRE (14.0.1+14), built on Jun 30 2020 21:32:48 by "brew" with clang 4.2.1 Compatible Apple LLVM 10.0.0 (clang-1000.11.45.5)

END.
