#
# A fatal error has been detected by the Java Runtime Environment:
#
#  SIGSEGV (0xb) at pc=0x000000010b4daaca, pid=34091, tid=37635
#
# JRE version: OpenJDK Runtime Environment (14.0.1+14) (build 14.0.1+14)
# Java VM: OpenJDK 64-Bit Server VM (14.0.1+14, mixed mode, sharing, tiered, compressed oops, g1 gc, bsd-amd64)
# Problematic frame:
# V  [libjvm.dylib+0x2daaca]  _ZN20G1ParScanThreadState22copy_to_survivor_spaceE16G1HeapRegionAttrP7oopDesc8markWord+0x44
#
# No core dump will be written. Core dumps have been disabled. To enable core dumping, try "ulimit -c unlimited" before starting Java again
#
# If you would like to submit a bug report, please visit:
#   https://bugreport.java.com/bugreport/crash.jsp
#

---------------  S U M M A R Y ------------

Command Line: -XX:TieredStopAtLevel=1 com.utudo.hwwd.HwwdApplication

Host: MacBookAir7,2 x86_64 1600 MHz, 4 cores, 8G, Darwin 19.6.0
Time: Sat Nov  7 13:57:59 2020 CET elapsed time: 9 seconds (0d 0h 0m 9s)

---------------  T H R E A D  ---------------

Current thread (0x00007fd7802fb000):  GCTaskThread "GC Thread#3" [stack: 0x0000700003c91000,0x0000700003d91000] [id=37635]

Stack: [0x0000700003c91000,0x0000700003d91000],  sp=0x0000700003d90a80,  free space=1022k
Native frames: (J=compiled Java code, A=aot compiled Java code, j=interpreted, Vv=VM code, C=native code)
V  [libjvm.dylib+0x2daaca]  _ZN20G1ParScanThreadState22copy_to_survivor_spaceE16G1HeapRegionAttrP7oopDesc8markWord+0x44
V  [libjvm.dylib+0x2af002]  _ZN20G1ParScanThreadState11do_oop_evacIjEEvPT_+0x92
V  [libjvm.dylib+0x2d90e8]  _ZN20G1ParScanThreadState23trim_queue_to_thresholdEj+0x1a4
V  [libjvm.dylib+0x2e318b]  _ZN24G1ScanHRForRegionClosure14scan_memregionEj9MemRegion+0xb1
V  [libjvm.dylib+0x2e30cc]  _ZN24G1ScanHRForRegionClosure16do_claimed_blockEjmm+0x5e
V  [libjvm.dylib+0x2e2e09]  _ZN24G1ScanHRForRegionClosure15scan_heap_rootsEP10HeapRegion+0x169
V  [libjvm.dylib+0x2e2c8a]  _ZN24G1ScanHRForRegionClosure14do_heap_regionEP10HeapRegion+0x54
V  [libjvm.dylib+0x2e1bd0]  _ZN17G1RemSetScanState26iterate_dirty_regions_fromEP17HeapRegionClosurej+0x70
V  [libjvm.dylib+0x2e1ac6]  _ZN8G1RemSet15scan_heap_rootsEP20G1ParScanThreadStatejN14G1GCPhaseTimes11GCParPhasesES3_+0xa2
V  [libjvm.dylib+0x2afbaf]  _ZN21G1EvacuateRegionsTask10scan_rootsEP20G1ParScanThreadStatej+0x3d
V  [libjvm.dylib+0x2afaba]  _ZN25G1EvacuateRegionsBaseTask4workEj+0x88
V  [libjvm.dylib+0x7e948d]  _ZN10GangWorker4loopEv+0x43
V  [libjvm.dylib+0x767f93]  _ZN6Thread8call_runEv+0x71
V  [libjvm.dylib+0x5fb972]  _ZL19thread_native_entryP6Thread+0x129
C  [libsystem_pthread.dylib+0x6109]  _pthread_start+0x94
C  [libsystem_pthread.dylib+0x1b8b]  thread_start+0xf


siginfo: si_signo: 11 (SIGSEGV), si_code: 1 (SEGV_MAPERR), si_addr: 0x0000000c0ccbc260

Register to memory mapping:

RAX=0x000000010bb90918: _ZN23CompressedKlassPointers13_narrow_klassE+0 in /usr/local/Cellar/openjdk/14.0.1/libexec/openjdk.jdk/Contents/Home/lib/server/libjvm.dylib at 0x000000010b200000
RBX=0x00007fd7827afc90 points into unknown readable memory: c0 b1 b6 0b 01 00 00 00
RCX=0x0000000000000003 is an unknown value
RDX=0x0000000781db4301 is pointing into object: java.lang.reflect.Method 
{0x0000000781db4300} - klass: 'java/lang/reflect/Method'
RSP=0x0000700003d90a80 points into unknown readable memory: c0 0a d9 03 00 70 00 00
RBP=0x0000700003d90af0 points into unknown readable memory: 20 0b d9 03 00 70 00 00
RSI=0x0000000000000001 is an unknown value
RDI=0x0000000c0ccbc258 is an unknown value
R8 =0x0000000000000003 is an unknown value
R9 =0x000000078172e340 is an oop: [Ljava.util.HashMap$Node; 
{0x000000078172e340} - klass: 'java/util/HashMap$Node'[]
 - length: 1024
R10=0x000000010bb90918: _ZN23CompressedKlassPointers13_narrow_klassE+0 in /usr/local/Cellar/openjdk/14.0.1/libexec/openjdk.jdk/Contents/Home/lib/server/libjvm.dylib at 0x000000010b200000
R11=0xffffffffffa07030 is an unknown value
R12=0x0 is NULL
R13=0x000000000001ffff is an unknown value
R14=0x0000000000000001 is an unknown value
R15=0x0000000781db4350 is pointing into object: java.lang.reflect.Method 
{0x0000000781db4300} - klass: 'java/lang/reflect/Method'


Registers:
RAX=0x000000010bb90918, RBX=0x00007fd7827afc90, RCX=0x0000000000000003, RDX=0x0000000781db4301
RSP=0x0000700003d90a80, RBP=0x0000700003d90af0, RSI=0x0000000000000001, RDI=0x0000000c0ccbc258
R8 =0x0000000000000003, R9 =0x000000078172e340, R10=0x000000010bb90918, R11=0xffffffffffa07030
R12=0x0000000000000000, R13=0x000000000001ffff, R14=0x0000000000000001, R15=0x0000000781db4350
RIP=0x000000010b4daaca, EFLAGS=0x0000000000010202, ERR=0x0000000000000004
  TRAPNO=0x000000000000000e

Top of Stack: (sp=0x0000700003d90a80)
0x0000700003d90a80:   0000700003d90ac0 00007fd77fc28300
0x0000700003d90a90:   0000000000000000 00000001bfe03620
0x0000700003d90aa0:   00007fd7827afc90 0000000781dc7188
0x0000700003d90ab0:   0000000000000011 0000000000000005
0x0000700003d90ac0:   0001000003d90b10 0000000000000003
0x0000700003d90ad0:   000000010bb90908 000000000001ffff
0x0000700003d90ae0:   00007fd7827afc90 0000000781735060
0x0000700003d90af0:   0000700003d90b20 000000010b4af002
0x0000700003d90b00:   00007fd7827afc90 000000000001ffff
0x0000700003d90b10:   0000000000000040 00007fd7827afc90
0x0000700003d90b20:   0000700003d90b70 000000010b4d90e8
0x0000700003d90b30:   0000700003d90b40 0000000781735061
0x0000700003d90b40:   0000700003d90b50 000000010b7fbe0d
0x0000700003d90b50:   00007fd7827afc90 0000000218b618a7
0x0000700003d90b60:   00000007bfe03678 0000000358867370
0x0000700003d90b70:   0000700003d90bd0 000000010b4e318b
0x0000700003d90b80:   0000000000000000 000000010bb6b488
0x0000700003d90b90:   0000000000000000 00007fd78080e200
0x0000700003d90ba0:   00007fd7827afc90 0000700003d90d78
0x0000700003d90bb0:   000000000000001b 0000700003d90d78
0x0000700003d90bc0:   0000000000000001 0000700003d90c60
0x0000700003d90bd0:   0000700003d90bf0 000000010b4e30cc
0x0000700003d90be0:   00000000001ff01a 0000000000000001
0x0000700003d90bf0:   0000700003d90cc0 000000010b4e2e09
0x0000700003d90c00:   000000010bb6a9b0 00007fd7823e6690
0x0000700003d90c10:   00007fd77fcf96d0 00007fd77fcf9820
0x0000700003d90c20:   00007fd77fcf9ab8 00000000000003d8
0x0000700003d90c30:   0000000000000000 0000000000000000
0x0000700003d90c40:   00007fd77fd0b400 00007fd7827afc90
0x0000700003d90c50:   0000700003d90c60 000000010b7fbe2b
0x0000700003d90c60:   00000001240d3000 00000001240d301c
0x0000700003d90c70:   00000001240d3100 00000000001ff000 

Instructions: (pc=0x000000010b4daaca)
0x000000010b4da9ca:   5f 5d c3 90 55 48 89 e5 44 8b 55 10 c1 ee 08 40
0x000000010b4da9da:   0f b6 c6 4c 8b 9f 90 00 00 00 84 c0 48 0f be c0
0x000000010b4da9ea:   4d 8b 5c c3 10 4b 8d 04 d3 49 0f 45 c3 49 89 ca
0x000000010b4da9fa:   4c 8b 18 4d 39 4b 28 76 04 31 c0 eb 07 4d 39 4b
0x000000010b4daa0a:   40 0f 97 c0 48 8b 4f 08 48 8b b9 d0 02 00 00 48
0x000000010b4daa1a:   8d 0d e1 3e 71 00 80 39 00 74 16 8b 52 08 4c 8d
0x000000010b4daa2a:   0d e9 5e 6b 00 41 8a 49 08 48 d3 e2 49 03 11 eb
0x000000010b4daa3a:   04 48 8b 52 08 49 c1 e2 03 84 c0 74 23 31 c0 40
0x000000010b4daa4a:   80 fe 01 0f 94 c0 4d 8b 4b 20 49 c1 e1 03 48 89
0x000000010b4daa5a:   d6 4c 89 d2 44 89 c1 41 89 c0 5d e9 9c d1 01 00
0x000000010b4daa6a:   31 c0 40 80 fe 01 0f 94 c0 48 89 d6 4c 89 d2 44
0x000000010b4daa7a:   89 c1 41 89 c0 5d e9 8b d1 01 00 90 55 48 89 e5
0x000000010b4daa8a:   41 57 41 56 41 55 41 54 53 48 83 ec 48 49 89 cc
0x000000010b4daa9a:   49 89 d7 41 89 f6 48 89 fb 48 8d 05 57 3e 71 00
0x000000010b4daaaa:   8a 10 84 d2 74 16 41 8b 7f 08 48 8d 05 5d 5e 6b
0x000000010b4daaba:   00 8a 48 08 48 d3 e7 48 03 38 eb 04 49 8b 7f 08
0x000000010b4daaca:   8b 47 08 85 c0 7e 09 a8 01 75 07 c1 e8 03 eb 46
0x000000010b4daada:   78 0e 48 8b 07 4c 89 fe ff 90 f8 00 00 00 eb 36
0x000000010b4daaea:   31 c9 84 d2 0f 94 c1 49 63 54 8f 0c 89 c1 48 d3
0x000000010b4daafa:   e2 c1 e8 10 0f b6 c8 48 01 d1 48 8d 05 f9 79 6b
0x000000010b4dab0a:   00 48 63 00 48 8d 4c 08 ff 48 ff c8 48 f7 d0 48
0x000000010b4dab1a:   21 c8 48 c1 e8 03 41 0f b7 f6 45 31 ed 81 fe ff
0x000000010b4dab2a:   00 00 00 77 24 4d 89 e5 41 f6 c4 01 75 0a 4c 89
0x000000010b4dab3a:   e1 48 83 e1 fd 4c 8b 29 41 c1 ed 03 41 83 e5 0f
0x000000010b4dab4a:   44 3b ab 9c 01 00 00 72 11 41 c1 ee 08 49 0f be
0x000000010b4dab5a:   ce 44 0f b7 b4 4b 98 01 00 00 66 44 89 75 d6 44
0x000000010b4dab6a:   89 f2 c1 ea 08 80 bb 08 02 00 00 00 74 1b 80 fa
0x000000010b4dab7a:   01 75 16 48 89 df 4c 89 fe 4c 89 e2 e8 e3 03 00
0x000000010b4dab8a:   00 49 89 c4 e9 b8 03 00 00 89 75 ac 4c 89 65 c0
0x000000010b4dab9a:   4c 63 c0 48 8b 43 08 48 89 5d b0 48 8b b3 90 00
0x000000010b4dabaa:   00 00 48 8b 80 00 01 00 00 8a 48 68 4c 89 7d b8
0x000000010b4dabba:   49 d3 ef 48 8b 40 58 4a 8b 3c f8 8b 8f 10 01 00 


Stack slot to memory mapping:
stack at sp + 0 slots: 0x0000700003d90ac0 points into unknown readable memory: 10 0b d9 03 00 00 01 00
stack at sp + 1 slots: 0x00007fd77fc28300 points into unknown readable memory: 00 00 d0 81 07 00 00 00
stack at sp + 2 slots: 0x0 is NULL
stack at sp + 3 slots: 0x00000001bfe03620 is an unknown value
stack at sp + 4 slots: 0x00007fd7827afc90 points into unknown readable memory: c0 b1 b6 0b 01 00 00 00
stack at sp + 5 slots: 0x0000000781dc7188 is an oop: [Ljava.lang.String; 
{0x0000000781dc7188} - klass: 'java/lang/String'[]
 - length: 6
stack at sp + 6 slots: 0x0000000000000011 is an unknown value
stack at sp + 7 slots: 0x0000000000000005 is an unknown value


---------------  P R O C E S S  ---------------

Threads class SMR info:
_java_thread_list=0x00007fd7830456b0, length=16, elements={
0x00007fd780018800, 0x00007fd78100b800, 0x00007fd781011000, 0x00007fd7800c3000,
0x00007fd7800c3800, 0x00007fd78082d800, 0x00007fd7800c4800, 0x00007fd781012000,
0x00007fd781016800, 0x00007fd78084b000, 0x00007fd7802f2800, 0x00007fd7803d2000,
0x00007fd7813c9800, 0x00007fd7814fb800, 0x00007fd780113000, 0x00007fd78152b000
}

Java Threads: ( => current thread )
  0x00007fd780018800 JavaThread "main" [_thread_blocked, id=10243, stack(0x000070000264c000,0x000070000274c000)]
  0x00007fd78100b800 JavaThread "Reference Handler" daemon [_thread_blocked, id=14339, stack(0x0000700002d61000,0x0000700002e61000)]
  0x00007fd781011000 JavaThread "Finalizer" daemon [_thread_blocked, id=17411, stack(0x0000700002e64000,0x0000700002f64000)]
  0x00007fd7800c3000 JavaThread "Signal Dispatcher" daemon [_thread_blocked, id=43011, stack(0x000070000306d000,0x000070000316d000)]
  0x00007fd7800c3800 JavaThread "Service Thread" daemon [_thread_blocked, id=42755, stack(0x0000700003170000,0x0000700003270000)]
  0x00007fd78082d800 JavaThread "C1 CompilerThread0" daemon [_thread_blocked, id=41987, stack(0x0000700003273000,0x0000700003373000)]
  0x00007fd7800c4800 JavaThread "Sweeper thread" daemon [_thread_blocked, id=41731, stack(0x0000700003376000,0x0000700003476000)]
  0x00007fd781012000 JavaThread "Notification Thread" daemon [_thread_blocked, id=40963, stack(0x0000700003479000,0x0000700003579000)]
  0x00007fd781016800 JavaThread "Common-Cleaner" daemon [_thread_blocked, id=39683, stack(0x000070000367f000,0x000070000377f000)]
  0x00007fd78084b000 JavaThread "Thread-0" [_thread_blocked, id=23811, stack(0x0000700003988000,0x0000700003a88000)]
  0x00007fd7802f2800 JavaThread "restartedMain" [_thread_blocked, id=24323, stack(0x0000700003a8b000,0x0000700003b8b000)]
  0x00007fd7803d2000 JavaThread "Catalina-utility-1" [_thread_blocked, id=15911, stack(0x0000700003b8e000,0x0000700003c8e000)]
  0x00007fd7813c9800 JavaThread "Catalina-utility-2" [_thread_blocked, id=37123, stack(0x0000700003d94000,0x0000700003e94000)]
  0x00007fd7814fb800 JavaThread "container-0" [_thread_blocked, id=25347, stack(0x0000700003e97000,0x0000700003f97000)]
  0x00007fd780113000 JavaThread "mysql-cj-abandoned-connection-cleanup" daemon [_thread_blocked, id=36355, stack(0x0000700003f9a000,0x000070000409a000)]
  0x00007fd78152b000 JavaThread "task-1" [_thread_blocked, id=36099, stack(0x000070000409d000,0x000070000419d000)]

Other Threads:
  0x00007fd78280b800 VMThread "VM Thread" [stack: 0x0000700002c5e000,0x0000700002d5e000] [id=18179]
  0x00007fd781015800 WatcherThread [stack: 0x000070000357c000,0x000070000367c000] [id=40451]
  0x00007fd78082a800 GCTaskThread "GC Thread#0" [stack: 0x000070000274f000,0x000070000284f000] [id=12803]
  0x00007fd78014a800 GCTaskThread "GC Thread#1" [stack: 0x0000700003782000,0x0000700003882000] [id=23043]
  0x00007fd7802e2000 GCTaskThread "GC Thread#2" [stack: 0x0000700003885000,0x0000700003985000] [id=23299]
=>0x00007fd7802fb000 GCTaskThread "GC Thread#3" [stack: 0x0000700003c91000,0x0000700003d91000] [id=37635]
  0x00007fd78001b800 ConcurrentGCThread "G1 Main Marker" [stack: 0x0000700002852000,0x0000700002952000] [id=19971]
  0x00007fd78001c000 ConcurrentGCThread "G1 Conc#0" [stack: 0x0000700002955000,0x0000700002a55000] [id=13315]
  0x00007fd780084800 ConcurrentGCThread "G1 Refine#0" [stack: 0x0000700002a58000,0x0000700002b58000] [id=19203]
  0x00007fd780085800 ConcurrentGCThread "G1 Young RemSet Sampling" [stack: 0x0000700002b5b000,0x0000700002c5b000] [id=18691]

Threads with active compile tasks:

VM state:at safepoint (normal execution)

VM Mutex/Monitor currently owned by a thread:  ([mutex/lock_event])
[0x00007fd77fc14840] Threads_lock - owner thread: 0x00007fd78280b800
[0x00007fd77fc15500] Heap_lock - owner thread: 0x00007fd78152b000

Heap address: 0x0000000780000000, size: 2048 MB, Compressed Oops mode: Zero based, Oop shift amount: 3
Narrow klass base: 0x0000000800000000, Narrow klass shift: 3
Compressed class space size: 1073741824 Address: 0x0000000800b19000

Heap:
 garbage-first heap   total 70656K, used 55956K [0x0000000780000000, 0x0000000800000000)
  region size 1024K, 42 young (43008K), 4 survivors (4096K)
 Metaspace       used 31500K, capacity 32536K, committed 32816K, reserved 1077248K
  class space    used 4235K, capacity 4630K, committed 4736K, reserved 1048576K
Heap Regions: E=young(eden), S=young(survivor), O=old, HS=humongous(starts), HC=humongous(continues), CS=collection set, F=free, OA=open archive, CA=closed archive, TAMS=top-at-mark-start (previous, next)
|   0|0x0000000780000000, 0x0000000780100000, 0x0000000780100000|100%|HS|  |TAMS 0x0000000780100000, 0x0000000780000000| Complete 
|   1|0x0000000780100000, 0x0000000780200000, 0x0000000780200000|100%| O|  |TAMS 0x0000000780200000, 0x0000000780100000| Untracked 
|   2|0x0000000780200000, 0x0000000780300000, 0x0000000780300000|100%| O|  |TAMS 0x0000000780300000, 0x0000000780200000| Untracked 
|   3|0x0000000780300000, 0x0000000780400000, 0x0000000780400000|100%| O|  |TAMS 0x0000000780400000, 0x0000000780300000| Untracked 
|   4|0x0000000780400000, 0x0000000780500000, 0x0000000780500000|100%| O|  |TAMS 0x0000000780500000, 0x0000000780400000| Untracked 
|   5|0x0000000780500000, 0x0000000780600000, 0x0000000780600000|100%| O|  |TAMS 0x00000007805e6200, 0x0000000780500000| Untracked 
|   6|0x0000000780600000, 0x0000000780700000, 0x0000000780700000|100%| O|  |TAMS 0x0000000780600000, 0x0000000780600000| Untracked 
|   7|0x0000000780700000, 0x0000000780800000, 0x0000000780800000|100%| O|  |TAMS 0x0000000780700000, 0x0000000780700000| Untracked 
|   8|0x0000000780800000, 0x0000000780900000, 0x0000000780900000|100%| O|  |TAMS 0x0000000780800000, 0x0000000780800000| Untracked 
|   9|0x0000000780900000, 0x00000007809ddc00, 0x0000000780a00000| 86%| O|  |TAMS 0x0000000780900000, 0x0000000780900000| Untracked 
|  10|0x0000000780a00000, 0x0000000780b00000, 0x0000000780b00000|100%| O|  |TAMS 0x0000000780a00000, 0x0000000780a00000| Untracked 
|  11|0x0000000780b00000, 0x0000000780c00000, 0x0000000780c00000|100%| O|  |TAMS 0x0000000780b00000, 0x0000000780b00000| Untracked 
|  12|0x0000000780c00000, 0x0000000780d00000, 0x0000000780d00000|100%| O|  |TAMS 0x0000000780c00000, 0x0000000780c00000| Untracked 
|  13|0x0000000780d00000, 0x0000000780e00000, 0x0000000780e00000|100%| O|  |TAMS 0x0000000780d00000, 0x0000000780d00000| Untracked 
|  14|0x0000000780e00000, 0x0000000780e11e00, 0x0000000780f00000|  6%| O|  |TAMS 0x0000000780e00000, 0x0000000780e00000| Untracked 
|  15|0x0000000780f00000, 0x0000000780f00000, 0x0000000781000000|  0%| F|  |TAMS 0x0000000780f00000, 0x0000000780f00000| Untracked 
|  16|0x0000000781000000, 0x0000000781000000, 0x0000000781100000|  0%| F|  |TAMS 0x0000000781000000, 0x0000000781000000| Untracked 
|  17|0x0000000781100000, 0x0000000781100000, 0x0000000781200000|  0%| F|  |TAMS 0x0000000781100000, 0x0000000781100000| Untracked 
|  18|0x0000000781200000, 0x0000000781200000, 0x0000000781300000|  0%| F|  |TAMS 0x0000000781200000, 0x0000000781200000| Untracked 
|  19|0x0000000781300000, 0x0000000781300000, 0x0000000781400000|  0%| F|  |TAMS 0x0000000781300000, 0x0000000781300000| Untracked 
|  20|0x0000000781400000, 0x0000000781400000, 0x0000000781500000|  0%| F|  |TAMS 0x0000000781400000, 0x0000000781400000| Untracked 
|  21|0x0000000781500000, 0x0000000781500000, 0x0000000781600000|  0%| F|  |TAMS 0x0000000781500000, 0x0000000781500000| Untracked 
|  22|0x0000000781600000, 0x0000000781600000, 0x0000000781700000|  0%| F|  |TAMS 0x0000000781600000, 0x0000000781600000| Untracked 
|  23|0x0000000781700000, 0x00000007817b5900, 0x0000000781800000| 70%| S|  |TAMS 0x0000000781700000, 0x0000000781700000| Complete 
|  24|0x0000000781800000, 0x0000000781900000, 0x0000000781900000|100%| S|  |TAMS 0x0000000781800000, 0x0000000781800000| Complete 
|  25|0x0000000781900000, 0x0000000781a00000, 0x0000000781a00000|100%| S|  |TAMS 0x0000000781900000, 0x0000000781900000| Complete 
|  26|0x0000000781a00000, 0x0000000781b00000, 0x0000000781b00000|100%| S|  |TAMS 0x0000000781a00000, 0x0000000781a00000| Complete 
|  27|0x0000000781b00000, 0x0000000781c00000, 0x0000000781c00000|100%| E|CS|TAMS 0x0000000781b00000, 0x0000000781b00000| Complete 
|  28|0x0000000781c00000, 0x0000000781ce76d0, 0x0000000781d00000| 90%| E|CS|TAMS 0x0000000781c00000, 0x0000000781c00000| Complete 
|  29|0x0000000781d00000, 0x0000000781e00000, 0x0000000781e00000|100%| E|CS|TAMS 0x0000000781d00000, 0x0000000781d00000| Complete 
|  30|0x0000000781e00000, 0x0000000781f00000, 0x0000000781f00000|100%| E|CS|TAMS 0x0000000781e00000, 0x0000000781e00000| Complete 
|  31|0x0000000781f00000, 0x0000000782000000, 0x0000000782000000|100%| E|CS|TAMS 0x0000000781f00000, 0x0000000781f00000| Complete 
|  32|0x0000000782000000, 0x0000000782100000, 0x0000000782100000|100%| E|CS|TAMS 0x0000000782000000, 0x0000000782000000| Complete 
|  33|0x0000000782100000, 0x0000000782200000, 0x0000000782200000|100%| E|CS|TAMS 0x0000000782100000, 0x0000000782100000| Complete 
|  34|0x0000000782200000, 0x0000000782300000, 0x0000000782300000|100%| E|CS|TAMS 0x0000000782200000, 0x0000000782200000| Complete 
|  35|0x0000000782300000, 0x0000000782400000, 0x0000000782400000|100%| E|CS|TAMS 0x0000000782300000, 0x0000000782300000| Complete 
|  36|0x0000000782400000, 0x0000000782500000, 0x0000000782500000|100%| E|CS|TAMS 0x0000000782400000, 0x0000000782400000| Complete 
|  37|0x0000000782500000, 0x0000000782600000, 0x0000000782600000|100%| E|CS|TAMS 0x0000000782500000, 0x0000000782500000| Complete 
|  38|0x0000000782600000, 0x0000000782700000, 0x0000000782700000|100%| E|CS|TAMS 0x0000000782600000, 0x0000000782600000| Complete 
|  39|0x0000000782700000, 0x0000000782800000, 0x0000000782800000|100%| E|CS|TAMS 0x0000000782700000, 0x0000000782700000| Complete 
|  40|0x0000000782800000, 0x0000000782900000, 0x0000000782900000|100%| E|CS|TAMS 0x0000000782800000, 0x0000000782800000| Complete 
|  41|0x0000000782900000, 0x0000000782a00000, 0x0000000782a00000|100%| E|CS|TAMS 0x0000000782900000, 0x0000000782900000| Complete 
|  42|0x0000000782a00000, 0x0000000782b00000, 0x0000000782b00000|100%| E|CS|TAMS 0x0000000782a00000, 0x0000000782a00000| Complete 
|  43|0x0000000782b00000, 0x0000000782c00000, 0x0000000782c00000|100%| E|CS|TAMS 0x0000000782b00000, 0x0000000782b00000| Complete 
|  44|0x0000000782c00000, 0x0000000782d00000, 0x0000000782d00000|100%| E|CS|TAMS 0x0000000782c00000, 0x0000000782c00000| Complete 
|  45|0x0000000782d00000, 0x0000000782e00000, 0x0000000782e00000|100%| E|CS|TAMS 0x0000000782d00000, 0x0000000782d00000| Complete 
|  46|0x0000000782e00000, 0x0000000782f00000, 0x0000000782f00000|100%| E|CS|TAMS 0x0000000782e00000, 0x0000000782e00000| Complete 
|  47|0x0000000782f00000, 0x0000000783000000, 0x0000000783000000|100%| E|CS|TAMS 0x0000000782f00000, 0x0000000782f00000| Complete 
|  48|0x0000000783000000, 0x0000000783100000, 0x0000000783100000|100%| E|CS|TAMS 0x0000000783000000, 0x0000000783000000| Complete 
|  49|0x0000000783100000, 0x0000000783200000, 0x0000000783200000|100%| E|CS|TAMS 0x0000000783100000, 0x0000000783100000| Complete 
|  50|0x0000000783200000, 0x0000000783300000, 0x0000000783300000|100%| E|CS|TAMS 0x0000000783200000, 0x0000000783200000| Complete 
|  51|0x0000000783300000, 0x0000000783400000, 0x0000000783400000|100%| E|CS|TAMS 0x0000000783300000, 0x0000000783300000| Complete 
|  52|0x0000000783400000, 0x0000000783500000, 0x0000000783500000|100%| E|CS|TAMS 0x0000000783400000, 0x0000000783400000| Complete 
|  53|0x0000000783500000, 0x0000000783600000, 0x0000000783600000|100%| E|CS|TAMS 0x0000000783500000, 0x0000000783500000| Complete 
|  54|0x0000000783600000, 0x0000000783700000, 0x0000000783700000|100%| E|CS|TAMS 0x0000000783600000, 0x0000000783600000| Complete 
|  55|0x0000000783700000, 0x0000000783800000, 0x0000000783800000|100%| E|CS|TAMS 0x0000000783700000, 0x0000000783700000| Complete 
|  56|0x0000000783800000, 0x0000000783900000, 0x0000000783900000|100%| E|CS|TAMS 0x0000000783800000, 0x0000000783800000| Complete 
|  57|0x0000000783900000, 0x0000000783a00000, 0x0000000783a00000|100%| E|CS|TAMS 0x0000000783900000, 0x0000000783900000| Complete 
|  58|0x0000000783a00000, 0x0000000783b00000, 0x0000000783b00000|100%| E|CS|TAMS 0x0000000783a00000, 0x0000000783a00000| Complete 
|  59|0x0000000783b00000, 0x0000000783c00000, 0x0000000783c00000|100%| E|CS|TAMS 0x0000000783b00000, 0x0000000783b00000| Complete 
|  60|0x0000000783c00000, 0x0000000783d00000, 0x0000000783d00000|100%| E|CS|TAMS 0x0000000783c00000, 0x0000000783c00000| Complete 
|  61|0x0000000783d00000, 0x0000000783e00000, 0x0000000783e00000|100%| E|CS|TAMS 0x0000000783d00000, 0x0000000783d00000| Complete 
|  94|0x0000000785e00000, 0x0000000785f00000, 0x0000000785f00000|100%| E|CS|TAMS 0x0000000785e00000, 0x0000000785e00000| Complete 
|  95|0x0000000785f00000, 0x0000000786000000, 0x0000000786000000|100%| E|CS|TAMS 0x0000000785f00000, 0x0000000785f00000| Complete 
|  96|0x0000000786000000, 0x0000000786100000, 0x0000000786100000|100%| E|CS|TAMS 0x0000000786000000, 0x0000000786000000| Complete 
| 126|0x0000000787e00000, 0x0000000787f00000, 0x0000000787f00000|100%| E|CS|TAMS 0x0000000787e00000, 0x0000000787e00000| Complete 
| 127|0x0000000787f00000, 0x0000000788000000, 0x0000000788000000|100%| E|CS|TAMS 0x0000000787f00000, 0x0000000787f00000| Complete 
|1022|0x00000007bfe00000, 0x00000007bfe52000, 0x00000007bff00000| 32%|OA|  |TAMS 0x00000007bfe52000, 0x00000007bfe00000| Untracked 
|1023|0x00000007bff00000, 0x00000007bff7c000, 0x00000007c0000000| 48%|CA|  |TAMS 0x00000007bff7c000, 0x00000007bff00000| Untracked 

Card table byte_map: [0x0000000123ed4000,0x00000001242d4000] _byte_map_base: 0x00000001202d4000

Marking Bits (Prev, Next): (CMBitMap*) 0x00007fd78001ae58, (CMBitMap*) 0x00007fd78001ae18
 Prev Bits: [0x00000001266d4000, 0x00000001286d4000)
 Next Bits: [0x00000001246d4000, 0x00000001266d4000)

Polling page: 0x000000010a25f000

Metaspace:

Usage:
  Non-class:     27.25 MB capacity,    26.63 MB ( 98%) used,   530.46 KB (  2%) free+waste,   110.06 KB ( <1%) overhead. 
      Class:      4.52 MB capacity,     4.14 MB ( 91%) used,   339.76 KB (  7%) free+waste,    55.19 KB (  1%) overhead. 
       Both:     31.77 MB capacity,    30.76 MB ( 97%) used,   870.22 KB (  3%) free+waste,   165.25 KB ( <1%) overhead. 

Virtual space:
  Non-class space:       28.00 MB reserved,      27.42 MB ( 98%) committed 
      Class space:        1.00 GB reserved,       4.62 MB ( <1%) committed 
             Both:        1.03 GB reserved,      32.05 MB (  3%) committed 

Chunk freelists:
   Non-Class:  46.00 KB
       Class:  6.00 KB
        Both:  52.00 KB

MaxMetaspaceSize: unlimited
CompressedClassSpaceSize: 1.00 GB

CodeHeap 'non-profiled nmethods': size=238948Kb used=5948Kb max_used=5948Kb free=232999Kb
 bounds [0x000000011517b000, 0x000000011574b000, 0x0000000123ad4000]
CodeHeap 'non-nmethods': size=6812Kb used=1208Kb max_used=1208Kb free=5603Kb
 bounds [0x0000000114ad4000, 0x0000000114d44000, 0x000000011517b000]
 total_blobs=4188 nmethods=3694 adapters=404
 compilation: enabled
              stopped_count=0, restarted_count=0
 full_count=0

Compilation events (20 events):
Event: 8.994 Thread 0x00007fd78082d800 3681       1       java.lang.invoke.DelegatingMethodHandle::rebind (8 bytes)
Event: 8.994 Thread 0x00007fd78082d800 nmethod 3681 0x0000000115745710 code [0x00000001157458c0, 0x00000001157459d0]
Event: 8.995 Thread 0x00007fd78082d800 3686       1       java.lang.reflect.Executable$$Lambda$620/0x0000000800f5a840::apply (13 bytes)
Event: 8.995 Thread 0x00007fd78082d800 nmethod 3686 0x0000000115745a90 code [0x0000000115745c20, 0x0000000115745d60]
Event: 8.995 Thread 0x00007fd78082d800 3687       1       java.util.stream.Collectors$$Lambda$194/0x0000000800c63c40::apply (8 bytes)
Event: 8.995 Thread 0x00007fd78082d800 nmethod 3687 0x0000000115745e10 code [0x0000000115745fa0, 0x00000001157460e0]
Event: 8.995 Thread 0x00007fd78082d800 3688       1       java.util.stream.Collectors::joining (34 bytes)
Event: 8.995 Thread 0x00007fd78082d800 nmethod 3688 0x0000000115746190 code [0x0000000115746340, 0x0000000115746830]
Event: 8.995 Thread 0x00007fd78082d800 3689       1       java.util.stream.Collectors$$Lambda$191/0x0000000800c64040::get$Lambda (11 bytes)
Event: 8.995 Thread 0x00007fd78082d800 nmethod 3689 0x0000000115746910 code [0x0000000115746aa0, 0x0000000115746cd0]
Event: 8.995 Thread 0x00007fd78082d800 3690       1       java.util.stream.Collectors$$Lambda$191/0x0000000800c64040::<init> (20 bytes)
Event: 8.996 Thread 0x00007fd78082d800 nmethod 3690 0x0000000115746d90 code [0x0000000115746f20, 0x0000000115747110]
Event: 8.996 Thread 0x00007fd78082d800 3691       1       java.lang.reflect.Method::toString (20 bytes)
Event: 8.996 Thread 0x00007fd78082d800 nmethod 3691 0x0000000115747190 code [0x0000000115747320, 0x0000000115747490]
Event: 8.996 Thread 0x00007fd78082d800 3692   !   1       java.lang.reflect.Executable::sharedToString (138 bytes)
Event: 8.999 Thread 0x00007fd78082d800 nmethod 3692 0x0000000115747590 code [0x0000000115747940, 0x0000000115748cb0]
Event: 8.999 Thread 0x00007fd78082d800 3694       1       java.lang.reflect.Executable$$Lambda$621/0x0000000800f5ac40::apply (13 bytes)
Event: 8.999 Thread 0x00007fd78082d800 nmethod 3694 0x0000000115749910 code [0x0000000115749aa0, 0x0000000115749be0]
Event: 8.999 Thread 0x00007fd78082d800 3693       1       java.lang.reflect.Method::specificToStringHeader (44 bytes)
Event: 8.999 Thread 0x00007fd78082d800 nmethod 3693 0x0000000115749c90 code [0x0000000115749e60, 0x000000011574a040]

GC Heap History (20 events):
Event: 0.481 GC heap after
{Heap after GC invocations=1 (full 0):
 garbage-first heap   total 133120K, used 6995K [0x0000000780000000, 0x0000000800000000)
  region size 1024K, 2 young (2048K), 2 survivors (2048K)
 Metaspace       used 2675K, capacity 5899K, committed 6016K, reserved 1056768K
  class space    used 319K, capacity 587K, committed 640K, reserved 1048576K
}
Event: 0.595 GC heap before
{Heap before GC invocations=1 (full 0):
 garbage-first heap   total 133120K, used 18259K [0x0000000780000000, 0x0000000800000000)
  region size 1024K, 14 young (14336K), 2 survivors (2048K)
 Metaspace       used 3758K, capacity 6588K, committed 6912K, reserved 1056768K
  class space    used 471K, capacity 692K, committed 768K, reserved 1048576K
}
Event: 0.599 GC heap after
{Heap after GC invocations=2 (full 0):
 garbage-first heap   total 133120K, used 7316K [0x0000000780000000, 0x0000000800000000)
  region size 1024K, 1 young (1024K), 1 survivors (1024K)
 Metaspace       used 3758K, capacity 6588K, committed 6912K, reserved 1056768K
  class space    used 471K, capacity 692K, committed 768K, reserved 1048576K
}
Event: 0.610 GC heap before
{Heap before GC invocations=2 (full 0):
 garbage-first heap   total 133120K, used 32916K [0x0000000780000000, 0x0000000800000000)
  region size 1024K, 27 young (27648K), 1 survivors (1024K)
 Metaspace       used 3758K, capacity 6588K, committed 6912K, reserved 1056768K
  class space    used 471K, capacity 692K, committed 768K, reserved 1048576K
}
Event: 0.612 GC heap after
{Heap after GC invocations=3 (full 0):
 garbage-first heap   total 133120K, used 7284K [0x0000000780000000, 0x0000000800000000)
  region size 1024K, 1 young (1024K), 1 survivors (1024K)
 Metaspace       used 3758K, capacity 6588K, committed 6912K, reserved 1056768K
  class space    used 471K, capacity 692K, committed 768K, reserved 1048576K
}
Event: 6.632 GC heap before
{Heap before GC invocations=3 (full 0):
 garbage-first heap   total 133120K, used 83060K [0x0000000780000000, 0x0000000800000000)
  region size 1024K, 76 young (77824K), 1 survivors (1024K)
 Metaspace       used 16597K, capacity 17916K, committed 18048K, reserved 1064960K
  class space    used 2186K, capacity 2362K, committed 2432K, reserved 1048576K
}
Event: 6.640 GC heap after
{Heap after GC invocations=4 (full 0):
 garbage-first heap   total 133120K, used 11267K [0x0000000780000000, 0x0000000800000000)
  region size 1024K, 5 young (5120K), 5 survivors (5120K)
 Metaspace       used 16597K, capacity 17916K, committed 18048K, reserved 1064960K
  class space    used 2186K, capacity 2362K, committed 2432K, reserved 1048576K
}
Event: 6.957 GC heap before
{Heap before GC invocations=4 (full 0):
 garbage-first heap   total 133120K, used 82947K [0x0000000780000000, 0x0000000800000000)
  region size 1024K, 76 young (77824K), 5 survivors (5120K)
 Metaspace       used 17588K, capacity 18960K, committed 19200K, reserved 1067008K
  class space    used 2311K, capacity 2519K, committed 2560K, reserved 1048576K
}
Event: 6.965 GC heap after
{Heap after GC invocations=5 (full 0):
 garbage-first heap   total 133120K, used 13330K [0x0000000780000000, 0x0000000800000000)
  region size 1024K, 7 young (7168K), 7 survivors (7168K)
 Metaspace       used 17588K, capacity 18960K, committed 19200K, reserved 1067008K
  class space    used 2311K, capacity 2519K, committed 2560K, reserved 1048576K
}
Event: 7.428 GC heap before
{Heap before GC invocations=5 (full 0):
 garbage-first heap   total 133120K, used 44050K [0x0000000780000000, 0x0000000800000000)
  region size 1024K, 38 young (38912K), 7 survivors (7168K)
 Metaspace       used 19743K, capacity 21168K, committed 21296K, reserved 1067008K
  class space    used 2628K, capacity 2886K, committed 2944K, reserved 1048576K
}
Event: 7.440 GC heap after
{Heap after GC invocations=6 (full 0):
 garbage-first heap   total 133120K, used 13316K [0x0000000780000000, 0x0000000800000000)
  region size 1024K, 3 young (3072K), 3 survivors (3072K)
 Metaspace       used 19743K, capacity 21168K, committed 21296K, reserved 1067008K
  class space    used 2628K, capacity 2886K, committed 2944K, reserved 1048576K
}
Event: 8.031 GC heap before
{Heap before GC invocations=7 (full 0):
 garbage-first heap   total 58368K, used 45060K [0x0000000780000000, 0x0000000800000000)
  region size 1024K, 34 young (34816K), 3 survivors (3072K)
 Metaspace       used 23295K, capacity 24760K, committed 25008K, reserved 1071104K
  class space    used 3192K, capacity 3523K, committed 3584K, reserved 1048576K
}
Event: 8.039 GC heap after
{Heap after GC invocations=8 (full 0):
 garbage-first heap   total 70656K, used 15158K [0x0000000780000000, 0x0000000800000000)
  region size 1024K, 5 young (5120K), 5 survivors (5120K)
 Metaspace       used 23295K, capacity 24760K, committed 25008K, reserved 1071104K
  class space    used 3192K, capacity 3523K, committed 3584K, reserved 1048576K
}
Event: 8.287 GC heap before
{Heap before GC invocations=8 (full 0):
 garbage-first heap   total 70656K, used 50998K [0x0000000780000000, 0x0000000800000000)
  region size 1024K, 41 young (41984K), 5 survivors (5120K)
 Metaspace       used 25292K, capacity 26335K, committed 26544K, reserved 1073152K
  class space    used 3419K, capacity 3728K, committed 3840K, reserved 1048576K
}
Event: 8.295 GC heap after
{Heap after GC invocations=9 (full 0):
 garbage-first heap   total 70656K, used 16201K [0x0000000780000000, 0x0000000800000000)
  region size 1024K, 4 young (4096K), 4 survivors (4096K)
 Metaspace       used 25292K, capacity 26335K, committed 26544K, reserved 1073152K
  class space    used 3419K, capacity 3728K, committed 3840K, reserved 1048576K
}
Event: 8.370 GC heap before
{Heap before GC invocations=9 (full 0):
 garbage-first heap   total 70656K, used 53065K [0x0000000780000000, 0x0000000800000000)
  region size 1024K, 41 young (41984K), 4 survivors (4096K)
 Metaspace       used 25919K, capacity 26875K, committed 27184K, reserved 1073152K
  class space    used 3480K, capacity 3865K, committed 3968K, reserved 1048576K
}
Event: 8.377 GC heap after
{Heap after GC invocations=10 (full 0):
 garbage-first heap   total 70656K, used 16773K [0x0000000780000000, 0x0000000800000000)
  region size 1024K, 2 young (2048K), 2 survivors (2048K)
 Metaspace       used 25919K, capacity 26875K, committed 27184K, reserved 1073152K
  class space    used 3480K, capacity 3865K, committed 3968K, reserved 1048576K
}
Event: 8.578 GC heap before
{Heap before GC invocations=10 (full 0):
 garbage-first heap   total 70656K, used 53637K [0x0000000780000000, 0x0000000800000000)
  region size 1024K, 39 young (39936K), 2 survivors (2048K)
 Metaspace       used 27071K, capacity 28064K, committed 28336K, reserved 1073152K
  class space    used 3635K, capacity 4020K, committed 4096K, reserved 1048576K
}
Event: 8.582 GC heap after
{Heap after GC invocations=11 (full 0):
 garbage-first heap   total 70656K, used 17044K [0x0000000780000000, 0x0000000800000000)
  region size 1024K, 2 young (2048K), 2 survivors (2048K)
 Metaspace       used 27071K, capacity 28064K, committed 28336K, reserved 1073152K
  class space    used 3635K, capacity 4020K, committed 4096K, reserved 1048576K
}
Event: 9.000 GC heap before
{Heap before GC invocations=11 (full 0):
 garbage-first heap   total 70656K, used 54932K [0x0000000780000000, 0x0000000800000000)
  region size 1024K, 40 young (40960K), 2 survivors (2048K)
 Metaspace       used 31500K, capacity 32536K, committed 32816K, reserved 1077248K
  class space    used 4235K, capacity 4630K, committed 4736K, reserved 1048576K
}

Deoptimization events (6 events):
Event: 7.410 Thread 0x00007fd7802f2800 DEOPT PACKING pc=0x000000011549d1dc sp=0x0000700003b88e10
Event: 7.410 Thread 0x00007fd7802f2800 DEOPT UNPACKING pc=0x0000000114b1d33a sp=0x0000700003b883a8 mode 0
Event: 8.527 Thread 0x00007fd7802f2800 DEOPT PACKING pc=0x00000001153c437e sp=0x0000700003b898e0
Event: 8.527 Thread 0x00007fd7802f2800 DEOPT UNPACKING pc=0x0000000114b1d33a sp=0x0000700003b88d90 mode 3
Event: 8.527 Thread 0x00007fd7813c9800 DEOPT PACKING pc=0x0000000115388490 sp=0x0000700003e93660
Event: 8.527 Thread 0x00007fd7813c9800 DEOPT UNPACKING pc=0x0000000114b1d33a sp=0x0000700003e92ad8 mode 3

Classes unloaded (0 events):
No events

Classes redefined (0 events):
No events

Internal exceptions (20 events):
Event: 7.854 Thread 0x00007fd7802f2800 Exception <a 'java/lang/ClassNotFoundException'{0x0000000781ee9830}: org/springframework/beans/factory/AwareCustomizer> (0x0000000781ee9830) 
thrown [./src/hotspot/share/classfile/systemDictionary.cpp, line 226]
Event: 7.932 Thread 0x00007fd7802f2800 Exception <a 'java/lang/NoSuchMethodError'{0x00000007819414d8}: 'int java.lang.invoke.DirectMethodHandle$Holder.invokeSpecial(java.lang.Object, java.lang.Object, java.lang.Object, java.lang.Object, java.lang.Object)'> (0x00000007819414d8) 
thrown [./src/hotspot/share/interpreter/linkResolver.cpp, line 766]
Event: 8.003 Thread 0x00007fd7802f2800 Exception <a 'java/lang/NoSuchMethodError'{0x000000078169d350}: 'void java.lang.invoke.DirectMethodHandle$Holder.invokeInterface(java.lang.Object, java.lang.Object, int)'> (0x000000078169d350) 
thrown [./src/hotspot/share/interpreter/linkResolver.cpp, line 766]
Event: 8.008 Thread 0x00007fd7802f2800 Exception <a 'java/lang/IncompatibleClassChangeError'{0x00000007816e5ce8}: Found class java.lang.Object, but interface was expected> (0x00000007816e5ce8) 
thrown [./src/hotspot/share/interpreter/linkResolver.cpp, line 832]
Event: 8.008 Thread 0x00007fd7802f2800 Exception <a 'java/lang/NoSuchMethodError'{0x00000007816ea9d0}: 'void java.lang.invoke.DirectMethodHandle$Holder.invokeStatic(java.lang.Object, int, java.lang.Object)'> (0x00000007816ea9d0) 
thrown [./src/hotspot/share/interpreter/linkResolver.cpp, line 766]
Event: 8.419 Thread 0x00007fd7802f2800 Exception <a 'java/io/FileNotFoundException'{0x00000007827e8da0}> (0x00000007827e8da0) 
thrown [./src/hotspot/share/prims/jni.cpp, line 599]
Event: 8.435 Thread 0x00007fd7802f2800 Exception <a 'java/lang/NoSuchMethodError'{0x0000000782564860}: 'int java.lang.invoke.DirectMethodHandle$Holder.invokeInterface(java.lang.Object, java.lang.Object, java.lang.Object, java.lang.Object)'> (0x0000000782564860) 
thrown [./src/hotspot/share/interpreter/linkResolver.cpp, line 766]
Event: 8.559 Thread 0x00007fd7802f2800 Exception <a 'java/lang/NoSuchMethodError'{0x0000000781f81280}: 'void java.lang.invoke.DirectMethodHandle$Holder.invokeVirtual(java.lang.Object, java.lang.Object, java.lang.Object, java.lang.Object)'> (0x0000000781f81280) 
thrown [./src/hotspot/share/interpreter/linkResolver.cpp, line 766]
Event: 8.702 Thread 0x00007fd7802f2800 Exception <a 'java/lang/NoSuchMethodError'{0x0000000783b654b8}: 'void java.lang.invoke.DirectMethodHandle$Holder.invokeVirtual(java.lang.Object, java.lang.Object, int)'> (0x0000000783b654b8) 
thrown [./src/hotspot/share/interpreter/linkResolver.cpp, line 766]
Event: 8.704 Thread 0x00007fd7802f2800 Exception <a 'java/lang/NoSuchMethodError'{0x0000000783b7e460}: 'void java.lang.invoke.DirectMethodHandle$Holder.invokeVirtual(java.lang.Object, java.lang.Object, long)'> (0x0000000783b7e460) 
thrown [./src/hotspot/share/interpreter/linkResolver.cpp, line 766]
Event: 8.846 Thread 0x00007fd7802f2800 Exception <a 'java/lang/ClassNotFoundException'{0x0000000782d91608}: java/lang/ObjectCustomizer> (0x0000000782d91608) 
thrown [./src/hotspot/share/classfile/systemDictionary.cpp, line 226]
Event: 8.847 Thread 0x00007fd7802f2800 Exception <a 'java/lang/ClassNotFoundException'{0x0000000782dadb90}: org/springframework/web/servlet/config/annotation/WebMvcConfigurationSupportCustomizer> (0x0000000782dadb90) 
thrown [./src/hotspot/share/classfile/systemDictionary.cpp, line 226]
Event: 8.848 Thread 0x00007fd7802f2800 Exception <a 'java/lang/ClassNotFoundException'{0x0000000782dd4cc0}: org/springframework/web/servlet/config/annotation/DelegatingWebMvcConfigurationCustomizer> (0x0000000782dd4cc0) 
thrown [./src/hotspot/share/classfile/systemDictionary.cpp, line 226]
Event: 8.850 Thread 0x00007fd7802f2800 Exception <a 'java/lang/ClassNotFoundException'{0x0000000782df59a0}: org/springframework/boot/autoconfigure/web/servlet/WebMvcAutoConfiguration$EnableWebMvcConfigurationCustomizer> (0x0000000782df59a0) 
thrown [./src/hotspot/share/classfile/systemDictionary.cpp, line 226]
Event: 8.852 Thread 0x00007fd7802f2800 Exception <a 'java/lang/ClassNotFoundException'{0x0000000782c591a0}: org/springframework/context/ResourceLoaderAwareCustomizer> (0x0000000782c591a0) 
thrown [./src/hotspot/share/classfile/systemDictionary.cpp, line 226]
Event: 8.852 Thread 0x00007fd7802f2800 Exception <a 'java/lang/ClassNotFoundException'{0x0000000782c6cf90}: org/springframework/beans/factory/AwareCustomizer> (0x0000000782c6cf90) 
thrown [./src/hotspot/share/classfile/systemDictionary.cpp, line 226]
Event: 8.854 Thread 0x00007fd7802f2800 Exception <a 'java/lang/ClassNotFoundException'{0x0000000782c81ec8}: org/springframework/context/ApplicationContextAwareCustomizer> (0x0000000782c81ec8) 
thrown [./src/hotspot/share/classfile/systemDictionary.cpp, line 226]
Event: 8.856 Thread 0x00007fd7802f2800 Exception <a 'java/lang/ClassNotFoundException'{0x0000000782c96898}: org/springframework/beans/factory/AwareCustomizer> (0x0000000782c96898) 
thrown [./src/hotspot/share/classfile/systemDictionary.cpp, line 226]
Event: 8.856 Thread 0x00007fd7802f2800 Exception <a 'java/lang/ClassNotFoundException'{0x0000000782cab7a8}: org/springframework/web/context/ServletContextAwareCustomizer> (0x0000000782cab7a8) 
thrown [./src/hotspot/share/classfile/systemDictionary.cpp, line 226]
Event: 8.857 Thread 0x00007fd7802f2800 Exception <a 'java/lang/ClassNotFoundException'{0x0000000782cbfa00}: org/springframework/beans/factory/AwareCustomizer> (0x0000000782cbfa00) 
thrown [./src/hotspot/share/classfile/systemDictionary.cpp, line 226]

Events (20 events):
Event: 8.891 Executing VM operation: HandshakeAllThreads done
Event: 8.928 loading class java/util/concurrent/Flow$Publisher
Event: 8.928 loading class java/util/concurrent/Flow$Publisher done
Event: 8.956 loading class java/util/EnumMap$EntrySet
Event: 8.957 loading class java/util/EnumMap$EntrySet done
Event: 8.957 loading class java/util/EnumMap$EntryIterator
Event: 8.957 loading class java/util/EnumMap$EnumMapIterator
Event: 8.957 loading class java/util/EnumMap$EnumMapIterator done
Event: 8.957 loading class java/util/EnumMap$EntryIterator done
Event: 8.958 Executing VM operation: HandshakeOneThread
Event: 8.958 Executing VM operation: HandshakeOneThread done
Event: 8.974 loading class java/lang/reflect/GenericSignatureFormatError
Event: 8.974 loading class java/lang/reflect/GenericSignatureFormatError done
Event: 8.978 loading class java/lang/reflect/MalformedParametersException
Event: 8.978 loading class java/lang/reflect/MalformedParametersException done
Event: 8.990 loading class java/util/concurrent/ConcurrentHashMap$TreeNode
Event: 8.990 loading class java/util/concurrent/ConcurrentHashMap$TreeNode done
Event: 8.990 loading class java/util/concurrent/ConcurrentHashMap$TreeBin
Event: 8.990 loading class java/util/concurrent/ConcurrentHashMap$TreeBin done
Event: 8.999 Executing VM operation: G1CollectForAllocation


Dynamic libraries:
0x00007fff704f7000 	/usr/lib/libz.1.dylib
0x000000010a237000 	/usr/local/Cellar/openjdk/14.0.1/libexec/openjdk.jdk/Contents/Home/lib/libjli.dylib
0x00007fff36041000 	/System/Library/Frameworks/Cocoa.framework/Versions/A/Cocoa
0x00007fff4383a000 	/System/Library/Frameworks/Security.framework/Versions/A/Security
0x00007fff34fa6000 	/System/Library/Frameworks/ApplicationServices.framework/Versions/A/ApplicationServices
0x00007fff6dfbb000 	/usr/lib/libSystem.B.dylib
0x00007fff70db8000 	/usr/lib/system/libcache.dylib
0x00007fff70dbe000 	/usr/lib/system/libcommonCrypto.dylib
0x00007fff70dca000 	/usr/lib/system/libcompiler_rt.dylib
0x00007fff70dd2000 	/usr/lib/system/libcopyfile.dylib
0x00007fff70ddc000 	/usr/lib/system/libcorecrypto.dylib
0x00007fff70f7b000 	/usr/lib/system/libdispatch.dylib
0x00007fff70fbc000 	/usr/lib/system/libdyld.dylib
0x00007fff70ff3000 	/usr/lib/system/libkeymgr.dylib
0x00007fff71001000 	/usr/lib/system/liblaunch.dylib
0x00007fff71002000 	/usr/lib/system/libmacho.dylib
0x00007fff71008000 	/usr/lib/system/libquarantine.dylib
0x00007fff7100b000 	/usr/lib/system/libremovefile.dylib
0x00007fff7100d000 	/usr/lib/system/libsystem_asl.dylib
0x00007fff71025000 	/usr/lib/system/libsystem_blocks.dylib
0x00007fff71026000 	/usr/lib/system/libsystem_c.dylib
0x00007fff710ae000 	/usr/lib/system/libsystem_configuration.dylib
0x00007fff710b2000 	/usr/lib/system/libsystem_coreservices.dylib
0x00007fff710b6000 	/usr/lib/system/libsystem_darwin.dylib
0x00007fff710bf000 	/usr/lib/system/libsystem_dnssd.dylib
0x00007fff710c7000 	/usr/lib/system/libsystem_featureflags.dylib
0x00007fff710c9000 	/usr/lib/system/libsystem_info.dylib
0x00007fff71144000 	/usr/lib/system/libsystem_m.dylib
0x00007fff7118c000 	/usr/lib/system/libsystem_malloc.dylib
0x00007fff711b4000 	/usr/lib/system/libsystem_networkextension.dylib
0x00007fff711c2000 	/usr/lib/system/libsystem_notify.dylib
0x00007fff711e0000 	/usr/lib/system/libsystem_sandbox.dylib
0x00007fff711e5000 	/usr/lib/system/libsystem_secinit.dylib
0x00007fff71117000 	/usr/lib/system/libsystem_kernel.dylib
0x00007fff711cc000 	/usr/lib/system/libsystem_platform.dylib
0x00007fff711d5000 	/usr/lib/system/libsystem_pthread.dylib
0x00007fff711e8000 	/usr/lib/system/libsystem_symptoms.dylib
0x00007fff711f0000 	/usr/lib/system/libsystem_trace.dylib
0x00007fff71208000 	/usr/lib/system/libunwind.dylib
0x00007fff7120e000 	/usr/lib/system/libxpc.dylib
0x00007fff6fe1b000 	/usr/lib/libobjc.A.dylib
0x00007fff6e2f4000 	/usr/lib/libc++abi.dylib
0x00007fff6e2a1000 	/usr/lib/libc++.1.dylib
0x00007fff36ee3000 	/System/Library/Frameworks/CoreFoundation.framework/Versions/A/CoreFoundation
0x00007fff395a0000 	/System/Library/Frameworks/Foundation.framework/Versions/C/Foundation
0x00007fff34196000 	/System/Library/Frameworks/AppKit.framework/Versions/C/AppKit
0x00007fff369c5000 	/System/Library/Frameworks/CoreData.framework/Versions/A/CoreData
0x00007fff67fd0000 	/System/Library/PrivateFrameworks/UIFoundation.framework/Versions/A/UIFoundation
0x00007fff63064000 	/System/Library/PrivateFrameworks/RemoteViewServices.framework/Versions/A/RemoteViewServices
0x00007fff6ab2b000 	/System/Library/PrivateFrameworks/XCTTargetBootstrap.framework/Versions/A/XCTTargetBootstrap
0x00007fff36db0000 	/System/Library/Frameworks/CoreDisplay.framework/Versions/A/CoreDisplay
0x00007fff3c45b000 	/System/Library/Frameworks/Metal.framework/Versions/A/Metal
0x00007fff51051000 	/System/Library/PrivateFrameworks/DesktopServicesPriv.framework/Versions/A/DesktopServicesPriv
0x00007fff6f0f6000 	/usr/lib/liblangid.dylib
0x00007fff502e6000 	/System/Library/PrivateFrameworks/CoreSVG.framework/Versions/A/CoreSVG
0x00007fff661c0000 	/System/Library/PrivateFrameworks/SkyLight.framework/Versions/A/SkyLight
0x00007fff37364000 	/System/Library/Frameworks/CoreGraphics.framework/Versions/A/CoreGraphics
0x00007fff32b6a000 	/System/Library/Frameworks/Accelerate.framework/Versions/A/Accelerate
0x00007fff703e8000 	/usr/lib/libxml2.2.dylib
0x00007fff5bfef000 	/System/Library/PrivateFrameworks/IconServices.framework/Versions/A/IconServices
0x00007fff39d7f000 	/System/Library/Frameworks/IOSurface.framework/Versions/A/IOSurface
0x00007fff6dae5000 	/usr/lib/libDiagnosticMessagesClient.dylib
0x00007fff50eab000 	/System/Library/PrivateFrameworks/DFRFoundation.framework/Versions/A/DFRFoundation
0x00007fff6ee85000 	/usr/lib/libicucore.A.dylib
0x00007fff352d8000 	/System/Library/Frameworks/AudioToolbox.framework/Versions/A/AudioToolbox
0x00007fff353bb000 	/System/Library/Frameworks/AudioUnit.framework/Versions/A/AudioUnit
0x00007fff6e1bd000 	/usr/lib/libauto.dylib
0x00007fff50f4d000 	/System/Library/PrivateFrameworks/DataDetectorsCore.framework/Versions/A/DataDetectorsCore
0x00007fff35b62000 	/System/Library/Frameworks/Carbon.framework/Versions/A/Frameworks/HIToolbox.framework/Versions/A/HIToolbox
0x00007fff42a34000 	/System/Library/Frameworks/QuartzCore.framework/Versions/A/QuartzCore
0x00007fff35ea1000 	/System/Library/Frameworks/Carbon.framework/Versions/A/Frameworks/SpeechRecognition.framework/Versions/A/SpeechRecognition
0x00007fff509bf000 	/System/Library/PrivateFrameworks/CoreUI.framework/Versions/A/CoreUI
0x00007fff36430000 	/System/Library/Frameworks/CoreAudio.framework/Versions/A/CoreAudio
0x00007fff3925f000 	/System/Library/Frameworks/DiskArbitration.framework/Versions/A/DiskArbitration
0x00007fff5e03f000 	/System/Library/PrivateFrameworks/MultitouchSupport.framework/Versions/A/MultitouchSupport
0x00007fff6ed4c000 	/usr/lib/libenergytrace.dylib
0x00007fff39cd9000 	/System/Library/Frameworks/IOKit.framework/Versions/A/IOKit
0x00007fff382cb000 	/System/Library/Frameworks/CoreServices.framework/Versions/A/CoreServices
0x00007fff601f7000 	/System/Library/PrivateFrameworks/PerformanceAnalysis.framework/Versions/A/PerformanceAnalysis
0x00007fff41a67000 	/System/Library/Frameworks/OpenGL.framework/Versions/A/OpenGL
0x00007fff3604f000 	/System/Library/Frameworks/ColorSync.framework/Versions/A/ColorSync
0x00007fff379e7000 	/System/Library/Frameworks/CoreImage.framework/Versions/A/CoreImage
0x00007fff38d3e000 	/System/Library/Frameworks/CoreText.framework/Versions/A/CoreText
0x00007fff39e0f000 	/System/Library/Frameworks/ImageIO.framework/Versions/A/ImageIO
0x00007fff6e31d000 	/usr/lib/libcompression.dylib
0x00007fff6de29000 	/usr/lib/libMobileGestalt.dylib
0x00007fff67d3a000 	/System/Library/PrivateFrameworks/TextureIO.framework/Versions/A/TextureIO
0x00007fff6e120000 	/usr/lib/libate.dylib
0x00007fff5c1f8000 	/System/Library/PrivateFrameworks/InternationalSupport.framework/Versions/A/InternationalSupport
0x00007fff6f0f8000 	/usr/lib/liblzma.5.dylib
0x00007fff6ed73000 	/usr/lib/libfakelink.dylib
0x00007fff6e0ad000 	/usr/lib/libarchive.2.dylib
0x00007fff448eb000 	/System/Library/Frameworks/SystemConfiguration.framework/Versions/A/SystemConfiguration
0x00007fff6da18000 	/usr/lib/libCRFSuite.dylib
0x00007fff35752000 	/System/Library/Frameworks/CFNetwork.framework/Versions/A/CFNetwork
0x00007fff6e283000 	/usr/lib/libbsm.0.dylib
0x00007fff70ff4000 	/usr/lib/system/libkxld.dylib
0x00007fff4a828000 	/System/Library/PrivateFrameworks/AppleFSCompression.framework/Versions/A/AppleFSCompression
0x00007fff6e60e000 	/usr/lib/libcoretls.dylib
0x00007fff6e625000 	/usr/lib/libcoretls_cfhelpers.dylib
0x00007fff6fe61000 	/usr/lib/libpam.2.dylib
0x00007fff6ff96000 	/usr/lib/libsqlite3.dylib
0x00007fff703d5000 	/usr/lib/libxar.1.dylib
0x00007fff6e294000 	/usr/lib/libbz2.1.0.dylib
0x00007fff6ed94000 	/usr/lib/libiconv.2.dylib
0x00007fff6e30a000 	/usr/lib/libcharset.1.dylib
0x00007fff6f8fe000 	/usr/lib/libnetwork.dylib
0x00007fff6fe68000 	/usr/lib/libpcap.A.dylib
0x00007fff6e062000 	/usr/lib/libapple_nghttp2.dylib
0x00007fff38682000 	/System/Library/Frameworks/CoreServices.framework/Versions/A/Frameworks/FSEvents.framework/Versions/A/FSEvents
0x00007fff38352000 	/System/Library/Frameworks/CoreServices.framework/Versions/A/Frameworks/CarbonCore.framework/Versions/A/CarbonCore
0x00007fff388c6000 	/System/Library/Frameworks/CoreServices.framework/Versions/A/Frameworks/Metadata.framework/Versions/A/Metadata
0x00007fff3895f000 	/System/Library/Frameworks/CoreServices.framework/Versions/A/Frameworks/OSServices.framework/Versions/A/OSServices
0x00007fff3898d000 	/System/Library/Frameworks/CoreServices.framework/Versions/A/Frameworks/SearchKit.framework/Versions/A/SearchKit
0x00007fff382cc000 	/System/Library/Frameworks/CoreServices.framework/Versions/A/Frameworks/AE.framework/Versions/A/AE
0x00007fff3868b000 	/System/Library/Frameworks/CoreServices.framework/Versions/A/Frameworks/LaunchServices.framework/Versions/A/LaunchServices
0x00007fff38634000 	/System/Library/Frameworks/CoreServices.framework/Versions/A/Frameworks/DictionaryServices.framework/Versions/A/DictionaryServices
0x00007fff389f5000 	/System/Library/Frameworks/CoreServices.framework/Versions/A/Frameworks/SharedFileList.framework/Versions/A/SharedFileList
0x00007fff3d886000 	/System/Library/Frameworks/NetFS.framework/Versions/A/NetFS
0x00007fff5e56f000 	/System/Library/PrivateFrameworks/NetAuth.framework/Versions/A/NetAuth
0x00007fff6aef8000 	/System/Library/PrivateFrameworks/login.framework/Versions/A/Frameworks/loginsupport.framework/Versions/A/loginsupport
0x00007fff67805000 	/System/Library/PrivateFrameworks/TCC.framework/Versions/A/TCC
0x00007fff4f459000 	/System/Library/PrivateFrameworks/CoreNLP.framework/Versions/A/CoreNLP
0x00007fff5da6c000 	/System/Library/PrivateFrameworks/MetadataUtilities.framework/Versions/A/MetadataUtilities
0x00007fff6f1d0000 	/usr/lib/libmecabra.dylib
0x00007fff6f128000 	/usr/lib/libmecab.dylib
0x00007fff6ed84000 	/usr/lib/libgermantok.dylib
0x00007fff6e049000 	/usr/lib/libThaiTokenizer.dylib
0x00007fff6da4f000 	/usr/lib/libChineseTokenizer.dylib
0x00007fff32b82000 	/System/Library/Frameworks/Accelerate.framework/Versions/A/Frameworks/vImage.framework/Versions/A/vImage
0x00007fff33fec000 	/System/Library/Frameworks/Accelerate.framework/Versions/A/Frameworks/vecLib.framework/Versions/A/vecLib
0x00007fff33f29000 	/System/Library/Frameworks/Accelerate.framework/Versions/A/Frameworks/vecLib.framework/Versions/A/libvMisc.dylib
0x00007fff33d51000 	/System/Library/Frameworks/Accelerate.framework/Versions/A/Frameworks/vecLib.framework/Versions/A/libvDSP.dylib
0x00007fff331d9000 	/System/Library/Frameworks/Accelerate.framework/Versions/A/Frameworks/vecLib.framework/Versions/A/libBLAS.dylib
0x00007fff33915000 	/System/Library/Frameworks/Accelerate.framework/Versions/A/Frameworks/vecLib.framework/Versions/A/libLAPACK.dylib
0x00007fff33cb1000 	/System/Library/Frameworks/Accelerate.framework/Versions/A/Frameworks/vecLib.framework/Versions/A/libLinearAlgebra.dylib
0x00007fff33d3e000 	/System/Library/Frameworks/Accelerate.framework/Versions/A/Frameworks/vecLib.framework/Versions/A/libSparseBLAS.dylib
0x00007fff33cc7000 	/System/Library/Frameworks/Accelerate.framework/Versions/A/Frameworks/vecLib.framework/Versions/A/libQuadrature.dylib
0x00007fff33441000 	/System/Library/Frameworks/Accelerate.framework/Versions/A/Frameworks/vecLib.framework/Versions/A/libBNNS.dylib
0x00007fff33ccd000 	/System/Library/Frameworks/Accelerate.framework/Versions/A/Frameworks/vecLib.framework/Versions/A/libSparse.dylib
0x00007fff5c5e0000 	/System/Library/PrivateFrameworks/LanguageModeling.framework/Versions/A/LanguageModeling
0x00007fff4ee09000 	/System/Library/PrivateFrameworks/CoreEmoji.framework/Versions/A/CoreEmoji
0x00007fff5c6fe000 	/System/Library/PrivateFrameworks/LinguisticData.framework/Versions/A/LinguisticData
0x00007fff5c6af000 	/System/Library/PrivateFrameworks/Lexicon.framework/Versions/A/Lexicon
0x00007fff6e30b000 	/usr/lib/libcmph.dylib
0x00007fff40475000 	/System/Library/Frameworks/OpenDirectory.framework/Versions/A/Frameworks/CFOpenDirectory.framework/Versions/A/CFOpenDirectory
0x00007fff40492000 	/System/Library/Frameworks/OpenDirectory.framework/Versions/A/OpenDirectory
0x00007fff488d5000 	/System/Library/PrivateFrameworks/APFS.framework/Versions/A/APFS
0x00007fff43b84000 	/System/Library/Frameworks/SecurityFoundation.framework/Versions/A/SecurityFoundation
0x00007fff703d1000 	/usr/lib/libutil.dylib
0x00007fff5033e000 	/System/Library/PrivateFrameworks/CoreServicesStore.framework/Versions/A/CoreServicesStore
0x00007fff43c3b000 	/System/Library/Frameworks/ServiceManagement.framework/Versions/A/ServiceManagement
0x00007fff4bff8000 	/System/Library/PrivateFrameworks/BackgroundTaskManagement.framework/Versions/A/BackgroundTaskManagement
0x00007fff704ce000 	/usr/lib/libxslt.1.dylib
0x00007fff4ae9b000 	/System/Library/PrivateFrameworks/AppleSystemInfo.framework/Versions/A/AppleSystemInfo
0x00007fff3a02a000 	/System/Library/Frameworks/ImageIO.framework/Versions/A/Resources/libJPEG.dylib
0x00007fff3a2e9000 	/System/Library/Frameworks/ImageIO.framework/Versions/A/Resources/libTIFF.dylib
0x00007fff3a2cc000 	/System/Library/Frameworks/ImageIO.framework/Versions/A/Resources/libPng.dylib
0x00007fff39f6c000 	/System/Library/Frameworks/ImageIO.framework/Versions/A/Resources/libGIF.dylib
0x00007fff39f70000 	/System/Library/Frameworks/ImageIO.framework/Versions/A/Resources/libJP2.dylib
0x00007fff3a2e7000 	/System/Library/Frameworks/ImageIO.framework/Versions/A/Resources/libRadiance.dylib
0x00007fff6ed4d000 	/usr/lib/libexpat.1.dylib
0x00007fff4a983000 	/System/Library/PrivateFrameworks/AppleJPEG.framework/Versions/A/AppleJPEG
0x00007fff53654000 	/System/Library/PrivateFrameworks/FontServices.framework/libFontParser.dylib
0x00007fff69efa000 	/System/Library/PrivateFrameworks/WatchdogClient.framework/Versions/A/WatchdogClient
0x00007fff5bc3b000 	/System/Library/PrivateFrameworks/IOAccelerator.framework/Versions/A/IOAccelerator
0x00007fff3c7f6000 	/System/Library/Frameworks/MetalPerformanceShaders.framework/Versions/A/MetalPerformanceShaders
0x00007fff583d1000 	/System/Library/PrivateFrameworks/GPUWrangler.framework/Versions/A/GPUWrangler
0x00007fff5bc50000 	/System/Library/PrivateFrameworks/IOPresentment.framework/Versions/A/IOPresentment
0x00007fff50ebe000 	/System/Library/PrivateFrameworks/DSExternalDisplay.framework/Versions/A/DSExternalDisplay
0x00007fff40e06000 	/System/Library/Frameworks/OpenGL.framework/Versions/A/Libraries/libCoreFSCache.dylib
0x00007fff3c542000 	/System/Library/Frameworks/MetalPerformanceShaders.framework/Frameworks/MPSCore.framework/Versions/A/MPSCore
0x00007fff3c580000 	/System/Library/Frameworks/MetalPerformanceShaders.framework/Frameworks/MPSImage.framework/Versions/A/MPSImage
0x00007fff3c647000 	/System/Library/Frameworks/MetalPerformanceShaders.framework/Frameworks/MPSNeuralNetwork.framework/Versions/A/MPSNeuralNetwork
0x00007fff3c60b000 	/System/Library/Frameworks/MetalPerformanceShaders.framework/Frameworks/MPSMatrix.framework/Versions/A/MPSMatrix
0x00007fff3c7a6000 	/System/Library/Frameworks/MetalPerformanceShaders.framework/Frameworks/MPSRayIntersector.framework/Versions/A/MPSRayIntersector
0x00007fff3c631000 	/System/Library/Frameworks/MetalPerformanceShaders.framework/Frameworks/MPSNDArray.framework/Versions/A/MPSNDArray
0x00007fff5dab9000 	/System/Library/PrivateFrameworks/MetalTools.framework/Versions/A/MetalTools
0x00007fff49aaf000 	/System/Library/PrivateFrameworks/AggregateDictionary.framework/Versions/A/AggregateDictionary
0x00007fff4e851000 	/System/Library/PrivateFrameworks/CoreAnalytics.framework/Versions/A/CoreAnalytics
0x00007fff4adba000 	/System/Library/PrivateFrameworks/AppleSauce.framework/Versions/A/AppleSauce
0x00007fff6dd0b000 	/usr/lib/libIOReport.dylib
0x00007fff38ef6000 	/System/Library/Frameworks/CoreVideo.framework/Versions/A/CoreVideo
0x00007fff5984a000 	/System/Library/PrivateFrameworks/GraphVisualizer.framework/Versions/A/GraphVisualizer
0x00007fff52b9a000 	/System/Library/PrivateFrameworks/FaceCore.framework/Versions/A/FaceCore
0x00007fff4041c000 	/System/Library/Frameworks/OpenCL.framework/Versions/A/OpenCL
0x00007fff6db2d000 	/usr/lib/libFosl_dynamic.dylib
0x00007fff5ef8f000 	/System/Library/PrivateFrameworks/OTSVG.framework/Versions/A/OTSVG
0x00007fff350ab000 	/System/Library/Frameworks/ApplicationServices.framework/Versions/A/Frameworks/ATS.framework/Versions/A/Resources/libFontRegistry.dylib
0x00007fff53825000 	/System/Library/PrivateFrameworks/FontServices.framework/libhvf.dylib
0x00007fff40e11000 	/System/Library/Frameworks/OpenGL.framework/Versions/A/Libraries/libGFXShared.dylib
0x00007fff40fef000 	/System/Library/Frameworks/OpenGL.framework/Versions/A/Libraries/libGLU.dylib
0x00007fff40e1a000 	/System/Library/Frameworks/OpenGL.framework/Versions/A/Libraries/libGL.dylib
0x00007fff40e25000 	/System/Library/Frameworks/OpenGL.framework/Versions/A/Libraries/libGLImage.dylib
0x00007fff40e03000 	/System/Library/Frameworks/OpenGL.framework/Versions/A/Libraries/libCVMSPluginSupport.dylib
0x00007fff40e0c000 	/System/Library/Frameworks/OpenGL.framework/Versions/A/Libraries/libCoreVMClient.dylib
0x00007fff6f79f000 	/usr/lib/libncurses.5.4.dylib
0x00007fff34fa7000 	/System/Library/Frameworks/ApplicationServices.framework/Versions/A/Frameworks/ATS.framework/Versions/A/ATS
0x00007fff35174000 	/System/Library/Frameworks/ApplicationServices.framework/Versions/A/Frameworks/ColorSyncLegacy.framework/Versions/A/ColorSyncLegacy
0x00007fff35212000 	/System/Library/Frameworks/ApplicationServices.framework/Versions/A/Frameworks/HIServices.framework/Versions/A/HIServices
0x00007fff3526a000 	/System/Library/Frameworks/ApplicationServices.framework/Versions/A/Frameworks/LangAnalysis.framework/Versions/A/LangAnalysis
0x00007fff35279000 	/System/Library/Frameworks/ApplicationServices.framework/Versions/A/Frameworks/PrintCore.framework/Versions/A/PrintCore
0x00007fff352bf000 	/System/Library/Frameworks/ApplicationServices.framework/Versions/A/Frameworks/QD.framework/Versions/A/QD
0x00007fff352ca000 	/System/Library/Frameworks/ApplicationServices.framework/Versions/A/Frameworks/SpeechSynthesis.framework/Versions/A/SpeechSynthesis
0x00007fff35144000 	/System/Library/Frameworks/ApplicationServices.framework/Versions/A/Frameworks/ATSUI.framework/Versions/A/ATSUI
0x00007fff6ebe3000 	/usr/lib/libcups.2.dylib
0x00007fff3b891000 	/System/Library/Frameworks/Kerberos.framework/Versions/A/Kerberos
0x00007fff399d2000 	/System/Library/Frameworks/GSS.framework/Versions/A/GSS
0x00007fff6ff22000 	/usr/lib/libresolv.9.dylib
0x00007fff599f7000 	/System/Library/PrivateFrameworks/Heimdal.framework/Versions/A/Heimdal
0x00007fff3b8a4000 	/System/Library/Frameworks/Kerberos.framework/Versions/A/Libraries/libHeimdalProxy.dylib
0x00007fff6ed8a000 	/usr/lib/libheimdal-asn1.dylib
0x00007fff4dce9000 	/System/Library/PrivateFrameworks/CommonAuth.framework/Versions/A/CommonAuth
0x00007fff4af38000 	/System/Library/PrivateFrameworks/AssertionServices.framework/Versions/A/AssertionServices
0x00007fff4badb000 	/System/Library/PrivateFrameworks/AudioToolboxCore.framework/Versions/A/AudioToolboxCore
0x00007fff6aba8000 	/System/Library/PrivateFrameworks/caulk.framework/Versions/A/caulk
0x00007fff4c0a4000 	/System/Library/PrivateFrameworks/BaseBoard.framework/Versions/A/BaseBoard
0x00007fff631f2000 	/System/Library/PrivateFrameworks/RunningBoardServices.framework/Versions/A/RunningBoardServices
0x00007fff60203000 	/System/Library/PrivateFrameworks/PersistentConnection.framework/Versions/A/PersistentConnection
0x00007fff62beb000 	/System/Library/PrivateFrameworks/ProtocolBuffer.framework/Versions/A/ProtocolBuffer
0x00007fff4dd0d000 	/System/Library/PrivateFrameworks/CommonUtilities.framework/Versions/A/CommonUtilities
0x00007fff4c232000 	/System/Library/PrivateFrameworks/Bom.framework/Versions/A/Bom
0x00007fff6d9de000 	/usr/lib/libAudioToolboxUtility.dylib
0x00007fff4c002000 	/System/Library/PrivateFrameworks/Backup.framework/Versions/A/Backup
0x00007fff50ddf000 	/System/Library/PrivateFrameworks/CrashReporterSupport.framework/Versions/A/CrashReporterSupport
0x00007fff64c84000 	/System/Library/PrivateFrameworks/Sharing.framework/Versions/A/Sharing
0x00007fff4a546000 	/System/Library/PrivateFrameworks/Apple80211.framework/Versions/A/Apple80211
0x00007fff4bd1f000 	/System/Library/PrivateFrameworks/AuthKit.framework/Versions/A/AuthKit
0x00007fff50aec000 	/System/Library/PrivateFrameworks/CoreUtils.framework/Versions/A/CoreUtils
0x00007fff38f3b000 	/System/Library/Frameworks/CoreWLAN.framework/Versions/A/CoreWLAN
0x00007fff39b5f000 	/System/Library/Frameworks/IOBluetooth.framework/Versions/A/IOBluetooth
0x00007fff5ddbe000 	/System/Library/PrivateFrameworks/MobileKeyBag.framework/Versions/A/MobileKeyBag
0x00007fff4f8f1000 	/System/Library/PrivateFrameworks/CorePhoneNumbers.framework/Versions/A/CorePhoneNumbers
0x00007fff4a936000 	/System/Library/PrivateFrameworks/AppleIDAuthSupport.framework/Versions/A/AppleIDAuthSupport
0x00007fff3d893000 	/System/Library/Frameworks/Network.framework/Versions/A/Network
0x00007fff5c48c000 	/System/Library/PrivateFrameworks/KeychainCircle.framework/Versions/A/KeychainCircle
0x00007fff3698c000 	/System/Library/Frameworks/CoreBluetooth.framework/Versions/A/CoreBluetooth
0x00007fff66d03000 	/System/Library/PrivateFrameworks/SpeechRecognitionCore.framework/Versions/A/SpeechRecognitionCore
0x00007fff29fae000 	/System/Library/CoreServices/Encodings/libSimplifiedChineseConverter.dylib
0x000000010b200000 	/usr/local/Cellar/openjdk/14.0.1/libexec/openjdk.jdk/Contents/Home/lib/server/libjvm.dylib
0x000000010a257000 	/usr/local/Cellar/openjdk/14.0.1/libexec/openjdk.jdk/Contents/Home/lib/libjimage.dylib
0x000000010a2a9000 	/usr/local/Cellar/openjdk/14.0.1/libexec/openjdk.jdk/Contents/Home/lib/libjava.dylib
0x000000010a2ce000 	/usr/local/Cellar/openjdk/14.0.1/libexec/openjdk.jdk/Contents/Home/lib/libzip.dylib
0x000000010a50c000 	/usr/local/Cellar/openjdk/14.0.1/libexec/openjdk.jdk/Contents/Home/lib/libnio.dylib
0x000000010a51c000 	/usr/local/Cellar/openjdk/14.0.1/libexec/openjdk.jdk/Contents/Home/lib/libnet.dylib
0x000000010a531000 	/usr/local/Cellar/openjdk/14.0.1/libexec/openjdk.jdk/Contents/Home/lib/libverify.dylib
0x000000010a53c000 	/usr/local/Cellar/openjdk/14.0.1/libexec/openjdk.jdk/Contents/Home/lib/libmanagement.dylib
0x000000010a542000 	/usr/local/Cellar/openjdk/14.0.1/libexec/openjdk.jdk/Contents/Home/lib/libmanagement_ext.dylib


VM Arguments:
jvm_args: -XX:TieredStopAtLevel=1 
java_command: com.utudo.hwwd.HwwdApplication
java_class_path (initial): /Library/WebServer/Documents/hwwd/target/classes:/Users/yeliang/.m2/repository/org/codehaus/groovy/groovy/3.0.6/groovy-3.0.6.pom:/Users/yeliang/.m2/repository/org/springframework/boot/spring-boot-starter/2.3.4.RELEASE/spring-boot-starter-2.3.4.RELEASE.jar:/Users/yeliang/.m2/repository/org/springframework/boot/spring-boot/2.3.4.RELEASE/spring-boot-2.3.4.RELEASE.jar:/Users/yeliang/.m2/repository/org/springframework/spring-context/5.2.9.RELEASE/spring-context-5.2.9.RELEASE.jar:/Users/yeliang/.m2/repository/org/springframework/boot/spring-boot-autoconfigure/2.3.4.RELEASE/spring-boot-autoconfigure-2.3.4.RELEASE.jar:/Users/yeliang/.m2/repository/org/springframework/boot/spring-boot-starter-logging/2.3.4.RELEASE/spring-boot-starter-logging-2.3.4.RELEASE.jar:/Users/yeliang/.m2/repository/ch/qos/logback/logback-classic/1.2.3/logback-classic-1.2.3.jar:/Users/yeliang/.m2/repository/ch/qos/logback/logback-core/1.2.3/logback-core-1.2.3.jar:/Users/yeliang/.m2/repository/org/apache/logging/log4j/log4j-to-slf4j/2.13.3/log4j-to-slf4j-2.13.3.jar:/Users/yeliang/.m2/repository/org/apache/logging/log4j/log4j-api/2.13.3/log4j-api-2.13.3.jar:/Users/yeliang/.m2/repository/org/slf4j/jul-to-slf4j/1.7.30/jul-to-slf4j-1.7.30.jar:/Users/yeliang/.m2/repository/jakarta/annotation/jakarta.annotation-api/1.3.5/jakarta.annotation-api-1.3.5.jar:/Users/yeliang/.m2/repository/org/springframework/spring-core/5.2.9.RELEASE/spring-core-5.2.9.RELEASE.jar:/Users/yeliang/.m2/repository/org/springframework/spring-jcl/5.2.9.RELEASE/spring-jcl-5.2.9.RELEASE.jar:/Users/yeliang/.m2/repository/org/yaml/snakeyaml/1.26/snakeyaml-1.26.jar:/Users/yeliang/.m2/repository/org/springframework/spring-web/5.2.9.RELEASE/spring-web-5.2.9.RELEASE.jar:/Users/yeliang/.m2/repository/org/springframework/spring-beans/5.2.9.RELEASE/spring-beans-5.2.9.RELEASE.jar:/Users/yeliang/.m2/repository/org/springframework/boot/spring-boot-starter-web/2.3.4.RELEASE/spring-boot-starter-web-2.3.4.RELEASE.jar:/Users/ye
Launcher Type: SUN_STANDARD

[Global flags]
     intx CICompilerCount                          = 3                                         {product} {ergonomic}
     uint ConcGCThreads                            = 1                                         {product} {ergonomic}
     uint G1ConcRefinementThreads                  = 4                                         {product} {ergonomic}
   size_t G1HeapRegionSize                         = 1048576                                   {product} {ergonomic}
    uintx GCDrainStackTargetSize                   = 64                                        {product} {ergonomic}
   size_t InitialHeapSize                          = 134217728                                 {product} {ergonomic}
   size_t MarkStackSize                            = 4194304                                   {product} {ergonomic}
   size_t MaxHeapSize                              = 2147483648                                {product} {ergonomic}
   size_t MaxNewSize                               = 1287651328                                {product} {ergonomic}
   size_t MinHeapDeltaBytes                        = 1048576                                   {product} {ergonomic}
   size_t MinHeapSize                              = 8388608                                   {product} {ergonomic}
    uintx NonNMethodCodeHeapSize                   = 6973028                                {pd product} {ergonomic}
    uintx NonProfiledCodeHeapSize                  = 244685212                              {pd product} {ergonomic}
    uintx ProfiledCodeHeapSize                     = 0                                      {pd product} {ergonomic}
    uintx ReservedCodeCacheSize                    = 251658240                              {pd product} {ergonomic}
     bool SegmentedCodeCache                       = true                                      {product} {ergonomic}
   size_t SoftMaxHeapSize                          = 2147483648                             {manageable} {ergonomic}
     intx TieredStopAtLevel                        = 1                                         {product} {command line}
     bool UseCompressedClassPointers               = true                                 {lp64_product} {ergonomic}
     bool UseCompressedOops                        = true                                 {lp64_product} {ergonomic}
     bool UseG1GC                                  = true                                      {product} {ergonomic}

Logging:
Log output configuration:
 #0: stdout all=warning uptime,level,tags
 #1: stderr all=off uptime,level,tags

Environment Variables:
JAVA_HOME=/usr/local/opt/openjdk/libexec/openjdk.jdk/Contents/Home
PATH=/usr/local/bin:/usr/bin:/bin:/usr/sbin:/sbin
SHELL=/bin/bash

Signal Handlers:
SIGSEGV: [libjvm.dylib+0x7c0dee], sa_mask[0]=11111111011111110111111111111111, sa_flags=SA_ONSTACK|SA_RESTART|SA_SIGINFO
SIGBUS: [libjvm.dylib+0x7c0dee], sa_mask[0]=11111111011111110111111111111111, sa_flags=SA_RESTART|SA_SIGINFO
SIGFPE: [libjvm.dylib+0x7c0dee], sa_mask[0]=11111111011111110111111111111111, sa_flags=SA_RESTART|SA_SIGINFO
SIGPIPE: [libjvm.dylib+0x5fd565], sa_mask[0]=11111111011111110111111111111111, sa_flags=SA_RESTART|SA_SIGINFO
SIGXFSZ: [libjvm.dylib+0x5fd565], sa_mask[0]=11111111011111110111111111111111, sa_flags=SA_RESTART|SA_SIGINFO
SIGILL: [libjvm.dylib+0x7c0dee], sa_mask[0]=11111111011111110111111111111111, sa_flags=SA_RESTART|SA_SIGINFO
SIGUSR2: [libjvm.dylib+0x5fdb37], sa_mask[0]=00100000000000000000000000000000, sa_flags=SA_RESTART|SA_SIGINFO
SIGHUP: [libjvm.dylib+0x5fcb99], sa_mask[0]=11111111011111110111111111111111, sa_flags=SA_RESTART|SA_SIGINFO
SIGINT: [libjvm.dylib+0x5fcb99], sa_mask[0]=11111111011111110111111111111111, sa_flags=SA_RESTART|SA_SIGINFO
SIGTERM: [libjvm.dylib+0x5fcb99], sa_mask[0]=11111111011111110111111111111111, sa_flags=SA_RESTART|SA_SIGINFO
SIGQUIT: [libjvm.dylib+0x5fcb99], sa_mask[0]=11111111011111110111111111111111, sa_flags=SA_RESTART|SA_SIGINFO


---------------  S Y S T E M  ---------------

OS:uname:Darwin 19.6.0 Darwin Kernel Version 19.6.0: Mon Aug 31 22:12:52 PDT 2020; root:xnu-6153.141.2~1/RELEASE_X86_64 x86_64
OS uptime: 10 days 2:20 hours
rlimit: STACK 8192k, CORE 0k, NPROC 1392, NOFILE 10240, AS infinity, DATA infinity, FSIZE infinity
load average:3.57 3.27 3.24

CPU:total 4 (initial active 4) (2 cores per cpu, 2 threads per core) family 6 model 61 stepping 4, cmov, cx8, fxsr, mmx, sse, sse2, sse3, ssse3, sse4.1, sse4.2, popcnt, avx, avx2, aes, clmul, erms, 3dnowpref, lzcnt, ht, tsc, tscinvbit, bmi1, bmi2, adx, fma

Memory: 4k page, physical 8388608k(165576k free), swap 2097152k(1324288k free)

vm_info: OpenJDK 64-Bit Server VM (14.0.1+14) for bsd-amd64 JRE (14.0.1+14), built on Jun 30 2020 21:32:48 by "brew" with clang 4.2.1 Compatible Apple LLVM 10.0.0 (clang-1000.11.45.5)

END.
