#
# A fatal error has been detected by the Java Runtime Environment:
#
#  SIGBUS (0xa) at pc=0x0000000110d2afac, pid=15906, tid=26887
#
# JRE version: OpenJDK Runtime Environment (14.0.1+14) (build 14.0.1+14)
# Java VM: OpenJDK 64-Bit Server VM (14.0.1+14, mixed mode, sharing, tiered, compressed oops, g1 gc, bsd-amd64)
# Problematic frame:
# V  [libjvm.dylib+0x72afac]  _ZN6Symbol18decrement_refcountEv+0x16
#
# No core dump will be written. Core dumps have been disabled. To enable core dumping, try "ulimit -c unlimited" before starting Java again
#
# If you would like to submit a bug report, please visit:
#   https://bugreport.java.com/bugreport/crash.jsp
#

---------------  S U M M A R Y ------------

Command Line: -Dclassworlds.conf=/usr/local/Cellar/maven/3.6.3_1/libexec/bin/m2.conf -Dmaven.home=/usr/local/Cellar/maven/3.6.3_1/libexec -Dlibrary.jansi.path=/usr/local/Cellar/maven/3.6.3_1/libexec/lib/jansi-native -Dmaven.multiModuleProjectDirectory=/Library/WebServer/Documents/hwwd org.codehaus.plexus.classworlds.launcher.Launcher package

Host: MacBookAir7,2 x86_64 1600 MHz, 4 cores, 8G, Darwin 19.6.0
Time: Tue Oct 20 14:41:05 2020 CEST elapsed time: 25 seconds (0d 0h 0m 25s)

---------------  T H R E A D  ---------------

Current thread (0x00007f846a2b7800):  JavaThread "C2 CompilerThread1" daemon [_thread_in_vm, id=26887, stack(0x000070000992f000,0x0000700009a2f000)]


Current CompileTask:
C2:  25778 6453   !   4       jdk.internal.loader.URLClassPath$JarLoader::getResource (65 bytes)

Stack: [0x000070000992f000,0x0000700009a2f000],  sp=0x0000700009a2eac0,  free space=1022k
Native frames: (J=compiled Java code, A=aot compiled Java code, j=interpreted, Vv=VM code, C=native code)
V  [libjvm.dylib+0x72afac]  _ZN6Symbol18decrement_refcountEv+0x16
V  [libjvm.dylib+0x1b8c32]  _ZN15ciObjectFactory14remove_symbolsEv+0x26
V  [libjvm.dylib+0x1a554d]  _ZN5ciEnvD2Ev+0xa9
V  [libjvm.dylib+0x200ed2]  _ZN13CompileBroker25invoke_compiler_on_methodEP11CompileTask+0x6ae
V  [libjvm.dylib+0x200688]  _ZN13CompileBroker20compiler_thread_loopEv+0x1b4
V  [libjvm.dylib+0x76a30e]  _ZN10JavaThread17thread_main_innerEv+0x86
V  [libjvm.dylib+0x76a14c]  _ZN10JavaThread3runEv+0x118
V  [libjvm.dylib+0x767f93]  _ZN6Thread8call_runEv+0x71
V  [libjvm.dylib+0x5fb972]  _ZL19thread_native_entryP6Thread+0x129
C  [libsystem_pthread.dylib+0x6109]  _pthread_start+0x94
C  [libsystem_pthread.dylib+0x1b8b]  thread_start+0xf


siginfo: si_signo: 10 (SIGBUS), si_code: 2 (BUS_ADRERR), si_addr: 0x00000008003f27b8
Error accessing class data sharing archive. Mapped file inaccessible during execution, possible disk/network problem.
Register to memory mapping:

RAX=0x0000000029434342 is an unknown value
RBX=0x000000000000022e is an unknown value
RCX=0x0000000029434342 is an unknown value
RDX=0x0000000029434341 is an unknown value
RSP=0x0000700009a2eac0 is pointing into the stack for thread: 0x00007f846a2b7800
RBP=0x0000700009a2eac0 is pointing into the stack for thread: 0x00007f846a2b7800
RSI=0x0000000111001e50: _ZN2os3Bsd12_max_abstimeE+0 in /usr/local/Cellar/openjdk/14.0.1/libexec/openjdk.jdk/Contents/Home/lib/server/libjvm.dylib at 0x0000000110600000
RDI=0x00000008003f27b8 is pointing into metadata
R8 =0x0000000000000004 is an unknown value
R9 =0x0000700009a2eab0 is pointing into the stack for thread: 0x00007f846a2b7800
R10=0x0000000110e2dfeb: _ZZN11ClassLoader24file_name_for_class_nameEPKciE12class_suffix+0x6607 in /usr/local/Cellar/openjdk/14.0.1/libexec/openjdk.jdk/Contents/Home/lib/server/libjvm.dylib at 0x0000000110600000
R11=0x00007f835924c24b is an unknown value
R12=0x0 is NULL
R13=0x00007f846a2b7800 is a thread
R14=0x00007f846bea2f90 points into unknown readable memory: 88 ec a2 09 00 70 00 00
R15=0x00007f846a2b7800 is a thread


Registers:
RAX=0x0000000029434342, RBX=0x000000000000022e, RCX=0x0000000029434342, RDX=0x0000000029434341
RSP=0x0000700009a2eac0, RBP=0x0000700009a2eac0, RSI=0x0000000111001e50, RDI=0x00000008003f27b8
R8 =0x0000000000000004, R9 =0x0000700009a2eab0, R10=0x0000000110e2dfeb, R11=0x00007f835924c24b
R12=0x0000000000000000, R13=0x00007f846a2b7800, R14=0x00007f846bea2f90, R15=0x00007f846a2b7800
RIP=0x0000000110d2afac, EFLAGS=0x0000000000010206, ERR=0x0000000000000007
  TRAPNO=0x000000000000000e

Top of Stack: (sp=0x0000700009a2eac0)
0x0000700009a2eac0:   0000700009a2eae0 00000001107b8c32
0x0000700009a2ead0:   00007f846a2b7800 0000700009a2ec80
0x0000700009a2eae0:   0000700009a2eb10 00000001107a554d
0x0000700009a2eaf0:   0000000019b76769 00007f8468c4acd0
0x0000700009a2eb00:   0000000000000000 0000000000000000
0x0000700009a2eb10:   0000700009a2eda0 0000000110800ed2
0x0000700009a2eb20:   0000700009a2eb90 00007f8468d68ba0
0x0000700009a2eb30:   00007f8468f2b7d0 00007f8468f2b7e0
0x0000700009a2eb40:   00007f8468f2bbb8 00000000000003d8
0x0000700009a2eb50:   0000700009a2ec10 0000000110bf0001
0x0000700009a2eb60:   0000000019b76769 00000005e68efff7
0x0000700009a2eb70:   0000700009a2eb00 0000700009a2ec28
0x0000700009a2eb80:   0000000110e2d799 0000000000000000
0x0000700009a2eb90:   0000000000000000 0000000000000000
0x0000700009a2eba0:   00007f8468d10000 0000000000000000
0x0000700009a2ebb0:   00007f8468d10030 0000700009a2ec38
0x0000700009a2ebc0:   0000700009a2ec48 00000000000b7d00
0x0000700009a2ebd0:   00007f8468d10080 0000000000000016
0x0000700009a2ebe0:   00000000000b7d01 00007fff67eb9425
0x0000700009a2ebf0:   00007f846a2b7800 00007fff67df7624
0x0000700009a2ec00:   0000700009a2ec78 0000700009a2ed48
0x0000700009a2ec10:   0000000000000000 0000000000000000
0x0000700009a2ec20:   0000700009a2ec60 0000000019b76769
0x0000700009a2ec30:   0003600009a2ec90 0000000200036000
0x0000700009a2ec40:   0000193568d10030 00007f8468d2b830
0x0000700009a2ec50:   0000000000000000 00007f846a2b7800
0x0000700009a2ec60:   0000000000000004 00007f8468c4acd0
0x0000700009a2ec70:   00007f8400000000 ffffffff00000000
0x0000700009a2ec80:   0000700009a2ec88 00007f8400000006
0x0000700009a2ec90:   00007f846bea2f80 00007f846b490c00
0x0000700009a2eca0:   00007f846b497310 00007f846b498be8
0x0000700009a2ecb0:   00000000000a8090 00007f846bea2f90 

Instructions: (pc=0x0000000110d2afac)
0x0000000110d2aeac:   45 b0 48 63 4d b8 48 8d 74 08 06 8b 55 bc 29 ca
0x0000000110d2aebc:   4c 89 f7 e8 5a fe ff ff eb 4c 48 89 df e8 ba b8
0x0000000110d2aecc:   fb ff 84 c0 74 21 48 8b 45 b0 48 63 4d b8 48 8d
0x0000000110d2aedc:   74 08 07 ba fe ff ff ff 29 ca 03 55 bc 4c 89 f7
0x0000000110d2aeec:   e8 f7 fe ff ff eb 1f 8b 45 c0 48 83 f8 13 77 07
0x0000000110d2aefc:   49 8b 54 c5 00 eb 02 31 d2 31 c0 4c 89 f7 4c 89
0x0000000110d2af0c:   fe e8 08 95 ed ff 48 89 df e8 06 0a e9 ff 48 89
0x0000000110d2af1c:   df e8 16 b7 fb ff 31 c9 84 c0 0f 84 56 ff ff ff
0x0000000110d2af2c:   48 8d 7d b0 e8 f9 b6 fb ff 48 83 c4 28 5b 41 5c
0x0000000110d2af3c:   41 5d 41 5e 41 5f 5d c3 55 48 89 e5 8b 17 41 b8
0x0000000110d2af4c:   ff ff 00 00 b1 01 0f b7 c2 44 39 c0 74 18 66 85
0x0000000110d2af5c:   d2 74 11 8d 72 01 89 d0 f0 0f b1 37 39 d0 89 c2
0x0000000110d2af6c:   75 e2 eb 02 31 c9 89 c8 5d c3 55 48 89 e5 8b 0f
0x0000000110d2af7c:   8d 51 01 0f b7 c2 83 f8 02 72 0c 89 c8 f0 0f b1
0x0000000110d2af8c:   17 39 c8 89 c1 75 e9 5d c3 90 55 48 89 e5 8b 0f
0x0000000110d2af9c:   8d 41 01 0f b7 c0 83 f8 02 72 0f 8d 51 ff 89 c8
0x0000000110d2afac:   f0 0f b1 17 39 c8 89 c1 75 e6 5d c3 55 48 89 e5
0x0000000110d2afbc:   8b 0f 8d 41 01 0f b7 c0 83 f8 02 72 14 89 ca 81
0x0000000110d2afcc:   ca ff ff 00 00 89 c8 f0 0f b1 17 39 c8 89 c1 75
0x0000000110d2afdc:   e1 5d c3 90 55 48 89 e5 41 57 41 56 53 48 81 ec
0x0000000110d2afec:   a8 00 00 00 49 89 ff 48 8b 05 a6 91 1a 00 48 8b
0x0000000110d2affc:   00 48 89 45 e0 48 83 3d c7 45 26 00 00 74 72 4c
0x0000000110d2b00c:   8d b5 40 ff ff ff be 50 00 00 00 4c 89 f7 e8 ab
0x0000000110d2b01c:   90 ed ff 48 8d 05 f2 95 24 00 48 83 c0 10 49 89
0x0000000110d2b02c:   06 48 8d 9d 78 ff ff ff 48 89 df e8 dc 48 dd ff
0x0000000110d2b03c:   c7 43 58 01 00 00 00 48 8d 05 56 45 26 00 48 89
0x0000000110d2b04c:   43 60 48 8d 35 b8 39 15 00 31 c0 4c 89 f7 4c 89
0x0000000110d2b05c:   fa e8 b8 93 ed ff 4c 89 ff 4c 89 f6 e8 33 00 00
0x0000000110d2b06c:   00 4c 89 f7 e8 01 96 ed ff 4c 89 f7 e8 6b 4c dd
0x0000000110d2b07c:   ff 48 8b 05 1c 91 1a 00 48 8b 00 48 3b 45 e0 75
0x0000000110d2b08c:   0e 48 81 c4 a8 00 00 00 5b 41 5e 41 5f 5d c3 e8
0x0000000110d2b09c:   fe 5f 0e 00 55 48 89 e5 41 57 41 56 41 54 53 49 


Stack slot to memory mapping:
stack at sp + 0 slots: 0x0000700009a2eae0 is pointing into the stack for thread: 0x00007f846a2b7800
stack at sp + 1 slots: 0x00000001107b8c32: _ZN15ciObjectFactory14remove_symbolsEv+0x26 in /usr/local/Cellar/openjdk/14.0.1/libexec/openjdk.jdk/Contents/Home/lib/server/libjvm.dylib at 0x0000000110600000
stack at sp + 2 slots: 0x00007f846a2b7800 is a thread
stack at sp + 3 slots: 0x0000700009a2ec80 is pointing into the stack for thread: 0x00007f846a2b7800
stack at sp + 4 slots: 0x0000700009a2eb10 is pointing into the stack for thread: 0x00007f846a2b7800
stack at sp + 5 slots: 0x00000001107a554d: _ZN5ciEnvD2Ev+0xa9 in /usr/local/Cellar/openjdk/14.0.1/libexec/openjdk.jdk/Contents/Home/lib/server/libjvm.dylib at 0x0000000110600000
stack at sp + 6 slots: 0x0000000019b76769 is an unknown value
stack at sp + 7 slots: 0x00007f8468c4acd0 points into unknown readable memory: 60 ad c4 68 84 7f 00 00


---------------  P R O C E S S  ---------------

Threads class SMR info:
_java_thread_list=0x00007f846cefb8d0, length=17, elements={
0x00007f846980c000, 0x00007f846980d000, 0x00007f846b043000, 0x00007f846a080000,
0x00007f846a07d000, 0x00007f846a083000, 0x00007f846a084000, 0x00007f846a084800,
0x00007f846980e000, 0x00007f8469816000, 0x00007f846d119000, 0x00007f846a451800,
0x00007f84695be000, 0x00007f846d13c000, 0x00007f846a452000, 0x00007f846a2b8800,
0x00007f846a2b7800
}

Java Threads: ( => current thread )
  0x00007f846980c000 JavaThread "main" [_thread_in_Java, id=7683, stack(0x0000700007cd8000,0x0000700007dd8000)]
  0x00007f846980d000 JavaThread "Reference Handler" daemon [_thread_blocked, id=17667, stack(0x00007000083ed000,0x00007000084ed000)]
  0x00007f846b043000 JavaThread "Finalizer" daemon [_thread_blocked, id=14851, stack(0x00007000084f0000,0x00007000085f0000)]
  0x00007f846a080000 JavaThread "Signal Dispatcher" daemon [_thread_blocked, id=22019, stack(0x00007000086f9000,0x00007000087f9000)]
  0x00007f846a07d000 JavaThread "Service Thread" daemon [_thread_blocked, id=22531, stack(0x00007000087fc000,0x00007000088fc000)]
  0x00007f846a083000 JavaThread "C2 CompilerThread0" daemon [_thread_in_native, id=41987, stack(0x00007000088ff000,0x00007000089ff000)]
  0x00007f846a084000 JavaThread "C1 CompilerThread0" daemon [_thread_in_vm, id=41475, stack(0x0000700008a02000,0x0000700008b02000)]
  0x00007f846a084800 JavaThread "Sweeper thread" daemon [_thread_blocked, id=40707, stack(0x0000700008b05000,0x0000700008c05000)]
  0x00007f846980e000 JavaThread "Notification Thread" daemon [_thread_blocked, id=40195, stack(0x0000700008c08000,0x0000700008d08000)]
  0x00007f8469816000 JavaThread "Common-Cleaner" daemon [_thread_blocked, id=23555, stack(0x0000700008e0e000,0x0000700008f0e000)]
  0x00007f846d119000 JavaThread "resolver-1" daemon [_thread_blocked, id=37383, stack(0x0000700009420000,0x0000700009520000)]
  0x00007f846a451800 JavaThread "resolver-2" daemon [_thread_blocked, id=25091, stack(0x0000700009523000,0x0000700009623000)]
  0x00007f84695be000 JavaThread "resolver-3" daemon [_thread_blocked, id=36611, stack(0x0000700009626000,0x0000700009726000)]
  0x00007f846d13c000 JavaThread "resolver-4" daemon [_thread_blocked, id=36355, stack(0x0000700009729000,0x0000700009829000)]
  0x00007f846a452000 JavaThread "resolver-5" daemon [_thread_blocked, id=26371, stack(0x000070000982c000,0x000070000992c000)]
  0x00007f846a2b8800 JavaThread "process reaper" daemon [_thread_blocked, id=27907, stack(0x0000700008676000,0x000070000869a000)]
=>0x00007f846a2b7800 JavaThread "C2 CompilerThread1" daemon [_thread_in_vm, id=26887, stack(0x000070000992f000,0x0000700009a2f000)]

Other Threads:
  0x00007f846a07b800 VMThread "VM Thread" [stack: 0x00007000082ea000,0x00007000083ea000] [id=13827]
  0x00007f846a0d8000 WatcherThread [stack: 0x0000700008d0b000,0x0000700008e0b000] [id=39939]
  0x00007f846a030800 GCTaskThread "GC Thread#0" [stack: 0x0000700007ddb000,0x0000700007edb000] [id=12291]
  0x00007f846a1f9800 GCTaskThread "GC Thread#1" [stack: 0x0000700008f11000,0x0000700009011000] [id=23811]
  0x00007f846a1fa800 GCTaskThread "GC Thread#2" [stack: 0x0000700009014000,0x0000700009114000] [id=38659]
  0x00007f846a041800 ConcurrentGCThread "G1 Main Marker" [stack: 0x0000700007ede000,0x0000700007fde000] [id=12547]
  0x00007f846a042800 ConcurrentGCThread "G1 Conc#0" [stack: 0x0000700007fe1000,0x00007000080e1000] [id=13059]
  0x00007f846b036000 ConcurrentGCThread "G1 Refine#0" [stack: 0x00007000080e4000,0x00007000081e4000] [id=18435]
  0x00007f846d260800 ConcurrentGCThread "G1 Refine#1" [stack: 0x0000700009117000,0x0000700009217000] [id=16395]
  0x00007f846b33d800 ConcurrentGCThread "G1 Refine#2" [stack: 0x000070000921a000,0x000070000931a000] [id=24323]
  0x00007f846b0d1000 ConcurrentGCThread "G1 Refine#3" [stack: 0x000070000931d000,0x000070000941d000] [id=24835]
  0x00007f846b036800 ConcurrentGCThread "G1 Young RemSet Sampling" [stack: 0x00007000081e7000,0x00007000082e7000] [id=13315]

Threads with active compile tasks:
C2 CompilerThread0    25804 6578   !   4       sun.nio.cs.ISO_8859_1$Decoder::decodeArrayLoop (263 bytes)
C1 CompilerThread0    25804 6587       3       org.apache.maven.model.merge.MavenModelMerger::mergeScm_DeveloperConnection (76 bytes)
C2 CompilerThread1    25804 6453   !   4       jdk.internal.loader.URLClassPath$JarLoader::getResource (65 bytes)

VM state:not at safepoint (normal execution)

VM Mutex/Monitor currently owned by a thread: None

Heap address: 0x0000000780000000, size: 2048 MB, Compressed Oops mode: Zero based, Oop shift amount: 3
Narrow klass base: 0x0000000800000000, Narrow klass shift: 3
Compressed class space size: 1073741824 Address: 0x0000000800b19000

Heap:
 garbage-first heap   total 133120K, used 83579K [0x0000000780000000, 0x0000000800000000)
  region size 1024K, 10 young (10240K), 2 survivors (2048K)
 Metaspace       used 29994K, capacity 30784K, committed 31100K, reserved 1077248K
  class space    used 3384K, capacity 3688K, committed 3708K, reserved 1048576K
Heap Regions: E=young(eden), S=young(survivor), O=old, HS=humongous(starts), HC=humongous(continues), CS=collection set, F=free, OA=open archive, CA=closed archive, TAMS=top-at-mark-start (previous, next)
|   0|0x0000000780000000, 0x0000000780100000, 0x0000000780100000|100%| O|  |TAMS 0x0000000780100000, 0x0000000780000000| Untracked 
|   1|0x0000000780100000, 0x0000000780200000, 0x0000000780200000|100%| O|  |TAMS 0x0000000780200000, 0x0000000780100000| Untracked 
|   2|0x0000000780200000, 0x0000000780300000, 0x0000000780300000|100%| O|  |TAMS 0x0000000780300000, 0x0000000780200000| Untracked 
|   3|0x0000000780300000, 0x0000000780400000, 0x0000000780400000|100%| O|  |TAMS 0x0000000780400000, 0x0000000780300000| Untracked 
|   4|0x0000000780400000, 0x0000000780500000, 0x0000000780500000|100%| O|  |TAMS 0x0000000780500000, 0x0000000780400000| Untracked 
|   5|0x0000000780500000, 0x0000000780600000, 0x0000000780600000|100%| O|  |TAMS 0x0000000780600000, 0x0000000780500000| Untracked 
|   6|0x0000000780600000, 0x0000000780700000, 0x0000000780700000|100%| O|  |TAMS 0x0000000780700000, 0x0000000780600000| Untracked 
|   7|0x0000000780700000, 0x0000000780800000, 0x0000000780800000|100%| O|  |TAMS 0x0000000780800000, 0x0000000780700000| Untracked 
|   8|0x0000000780800000, 0x0000000780900000, 0x0000000780900000|100%| O|  |TAMS 0x0000000780900000, 0x0000000780800000| Untracked 
|   9|0x0000000780900000, 0x0000000780a00000, 0x0000000780a00000|100%| O|  |TAMS 0x0000000780a00000, 0x0000000780900000| Complete 
|  10|0x0000000780a00000, 0x0000000780b00000, 0x0000000780b00000|100%| O|  |TAMS 0x0000000780b00000, 0x0000000780a00000| Untracked 
|  11|0x0000000780b00000, 0x0000000780c00000, 0x0000000780c00000|100%| O|  |TAMS 0x0000000780c00000, 0x0000000780b00000| Complete 
|  12|0x0000000780c00000, 0x0000000780d00000, 0x0000000780d00000|100%| O|  |TAMS 0x0000000780d00000, 0x0000000780c00000| Complete 
|  13|0x0000000780d00000, 0x0000000780e00000, 0x0000000780e00000|100%| O|  |TAMS 0x0000000780e00000, 0x0000000780d00000| Untracked 
|  14|0x0000000780e00000, 0x0000000780f00000, 0x0000000780f00000|100%| O|  |TAMS 0x0000000780f00000, 0x0000000780e00000| Untracked 
|  15|0x0000000780f00000, 0x0000000781000000, 0x0000000781000000|100%| O|  |TAMS 0x0000000781000000, 0x0000000780f00000| Complete 
|  16|0x0000000781000000, 0x0000000781100000, 0x0000000781100000|100%| O|  |TAMS 0x0000000781100000, 0x0000000781000000| Untracked 
|  17|0x0000000781100000, 0x0000000781200000, 0x0000000781200000|100%|HS|  |TAMS 0x0000000781200000, 0x0000000781100000| Complete 
|  18|0x0000000781200000, 0x0000000781300000, 0x0000000781300000|100%| O|  |TAMS 0x0000000781300000, 0x0000000781200000| Untracked 
|  19|0x0000000781300000, 0x0000000781400000, 0x0000000781400000|100%| O|  |TAMS 0x0000000781400000, 0x0000000781300000| Complete 
|  20|0x0000000781400000, 0x0000000781500000, 0x0000000781500000|100%| O|  |TAMS 0x0000000781500000, 0x0000000781400000| Untracked 
|  21|0x0000000781500000, 0x0000000781600000, 0x0000000781600000|100%|HS|  |TAMS 0x0000000781600000, 0x0000000781500000| Complete 
|  22|0x0000000781600000, 0x00000007816d0c00, 0x0000000781700000| 81%| O|  |TAMS 0x00000007816d0c00, 0x0000000781600000| Untracked 
|  23|0x0000000781700000, 0x0000000781800000, 0x0000000781800000|100%|HS|  |TAMS 0x0000000781700000, 0x0000000781700000| Complete 
|  24|0x0000000781800000, 0x0000000781900000, 0x0000000781900000|100%|HC|  |TAMS 0x0000000781800000, 0x0000000781800000| Complete 
|  25|0x0000000781900000, 0x0000000781a00000, 0x0000000781a00000|100%|HC|  |TAMS 0x0000000781900000, 0x0000000781900000| Complete 
|  26|0x0000000781a00000, 0x0000000781a00000, 0x0000000781b00000|  0%| F|  |TAMS 0x0000000781a00000, 0x0000000781a00000| Untracked 
|  27|0x0000000781b00000, 0x0000000781c00000, 0x0000000781c00000|100%| O|  |TAMS 0x0000000781c00000, 0x0000000781b00000| Complete 
|  28|0x0000000781c00000, 0x0000000781d00000, 0x0000000781d00000|100%| O|  |TAMS 0x0000000781d00000, 0x0000000781c00000| Complete 
|  29|0x0000000781d00000, 0x0000000781e00000, 0x0000000781e00000|100%| O|  |TAMS 0x0000000781e00000, 0x0000000781d00000| Complete 
|  30|0x0000000781e00000, 0x0000000781f00000, 0x0000000781f00000|100%| O|  |TAMS 0x0000000781f00000, 0x0000000781e00000| Complete 
|  31|0x0000000781f00000, 0x0000000782000000, 0x0000000782000000|100%|HS|  |TAMS 0x0000000782000000, 0x0000000781f00000| Complete 
|  32|0x0000000782000000, 0x0000000782100000, 0x0000000782100000|100%| O|  |TAMS 0x0000000782100000, 0x0000000782000000| Complete 
|  33|0x0000000782100000, 0x0000000782200000, 0x0000000782200000|100%| O|  |TAMS 0x0000000782200000, 0x0000000782100000| Untracked 
|  34|0x0000000782200000, 0x0000000782300000, 0x0000000782300000|100%| O|  |TAMS 0x0000000782300000, 0x0000000782200000| Untracked 
|  35|0x0000000782300000, 0x0000000782400000, 0x0000000782400000|100%| O|  |TAMS 0x0000000782400000, 0x0000000782300000| Untracked 
|  36|0x0000000782400000, 0x0000000782500000, 0x0000000782500000|100%| O|  |TAMS 0x0000000782500000, 0x0000000782400000| Untracked 
|  37|0x0000000782500000, 0x0000000782600000, 0x0000000782600000|100%| O|  |TAMS 0x0000000782600000, 0x0000000782500000| Untracked 
|  38|0x0000000782600000, 0x0000000782700000, 0x0000000782700000|100%| O|  |TAMS 0x0000000782700000, 0x0000000782600000| Complete 
|  39|0x0000000782700000, 0x0000000782800000, 0x0000000782800000|100%| O|  |TAMS 0x0000000782800000, 0x0000000782700000| Complete 
|  40|0x0000000782800000, 0x0000000782900000, 0x0000000782900000|100%| O|  |TAMS 0x0000000782900000, 0x0000000782800000| Complete 
|  41|0x0000000782900000, 0x0000000782900000, 0x0000000782a00000|  0%| F|  |TAMS 0x0000000782900000, 0x0000000782900000| Untracked 
|  42|0x0000000782a00000, 0x0000000782a00000, 0x0000000782b00000|  0%| F|  |TAMS 0x0000000782a00000, 0x0000000782a00000| Untracked 
|  43|0x0000000782b00000, 0x0000000782c00000, 0x0000000782c00000|100%| O|  |TAMS 0x0000000782c00000, 0x0000000782b00000| Complete 
|  44|0x0000000782c00000, 0x0000000782d00000, 0x0000000782d00000|100%| O|  |TAMS 0x0000000782d00000, 0x0000000782c00000| Complete 
|  45|0x0000000782d00000, 0x0000000782e00000, 0x0000000782e00000|100%| O|  |TAMS 0x0000000782e00000, 0x0000000782d00000| Complete 
|  46|0x0000000782e00000, 0x0000000782f00000, 0x0000000782f00000|100%| O|  |TAMS 0x0000000782f00000, 0x0000000782e00000| Complete 
|  47|0x0000000782f00000, 0x0000000783000000, 0x0000000783000000|100%| O|  |TAMS 0x0000000783000000, 0x0000000782f00000| Untracked 
|  48|0x0000000783000000, 0x0000000783100000, 0x0000000783100000|100%|HS|  |TAMS 0x0000000783000000, 0x0000000783000000| Complete 
|  49|0x0000000783100000, 0x0000000783200000, 0x0000000783200000|100%|HC|  |TAMS 0x0000000783100000, 0x0000000783100000| Complete 
|  50|0x0000000783200000, 0x0000000783300000, 0x0000000783300000|100%|HC|  |TAMS 0x0000000783200000, 0x0000000783200000| Complete 
|  51|0x0000000783300000, 0x0000000783300000, 0x0000000783400000|  0%| F|  |TAMS 0x0000000783300000, 0x0000000783300000| Untracked 
|  52|0x0000000783400000, 0x0000000783400000, 0x0000000783500000|  0%| F|  |TAMS 0x0000000783400000, 0x0000000783400000| Untracked 
|  53|0x0000000783500000, 0x0000000783600000, 0x0000000783600000|100%| O|  |TAMS 0x0000000783600000, 0x0000000783500000| Complete 
|  54|0x0000000783600000, 0x0000000783700000, 0x0000000783700000|100%|HS|  |TAMS 0x0000000783600000, 0x0000000783600000| Complete 
|  55|0x0000000783700000, 0x0000000783800000, 0x0000000783800000|100%|HC|  |TAMS 0x0000000783700000, 0x0000000783700000| Complete 
|  56|0x0000000783800000, 0x0000000783900000, 0x0000000783900000|100%|HC|  |TAMS 0x0000000783800000, 0x0000000783800000| Complete 
|  57|0x0000000783900000, 0x0000000783a00000, 0x0000000783a00000|100%|HS|  |TAMS 0x0000000783900000, 0x0000000783900000| Complete 
|  58|0x0000000783a00000, 0x0000000783b00000, 0x0000000783b00000|100%|HC|  |TAMS 0x0000000783a00000, 0x0000000783a00000| Complete 
|  59|0x0000000783b00000, 0x0000000783c00000, 0x0000000783c00000|100%|HC|  |TAMS 0x0000000783b00000, 0x0000000783b00000| Complete 
|  60|0x0000000783c00000, 0x0000000783d00000, 0x0000000783d00000|100%|HS|  |TAMS 0x0000000783c00000, 0x0000000783c00000| Complete 
|  61|0x0000000783d00000, 0x0000000783e00000, 0x0000000783e00000|100%|HC|  |TAMS 0x0000000783d00000, 0x0000000783d00000| Complete 
|  62|0x0000000783e00000, 0x0000000783f00000, 0x0000000783f00000|100%|HC|  |TAMS 0x0000000783e00000, 0x0000000783e00000| Complete 
|  63|0x0000000783f00000, 0x0000000784000000, 0x0000000784000000|100%|HS|  |TAMS 0x0000000783f00000, 0x0000000783f00000| Complete 
|  64|0x0000000784000000, 0x0000000784100000, 0x0000000784100000|100%|HC|  |TAMS 0x0000000784000000, 0x0000000784000000| Complete 
|  65|0x0000000784100000, 0x0000000784200000, 0x0000000784200000|100%|HC|  |TAMS 0x0000000784100000, 0x0000000784100000| Complete 
|  66|0x0000000784200000, 0x0000000784300000, 0x0000000784300000|100%|HS|  |TAMS 0x0000000784200000, 0x0000000784200000| Complete 
|  67|0x0000000784300000, 0x0000000784400000, 0x0000000784400000|100%|HC|  |TAMS 0x0000000784300000, 0x0000000784300000| Complete 
|  68|0x0000000784400000, 0x0000000784500000, 0x0000000784500000|100%|HC|  |TAMS 0x0000000784400000, 0x0000000784400000| Complete 
|  69|0x0000000784500000, 0x0000000784600000, 0x0000000784600000|100%|HS|  |TAMS 0x0000000784500000, 0x0000000784500000| Complete 
|  70|0x0000000784600000, 0x0000000784700000, 0x0000000784700000|100%|HC|  |TAMS 0x0000000784600000, 0x0000000784600000| Complete 
|  71|0x0000000784700000, 0x0000000784800000, 0x0000000784800000|100%|HC|  |TAMS 0x0000000784700000, 0x0000000784700000| Complete 
|  72|0x0000000784800000, 0x0000000784800000, 0x0000000784900000|  0%| F|  |TAMS 0x0000000784800000, 0x0000000784800000| Untracked 
|  73|0x0000000784900000, 0x0000000784900000, 0x0000000784a00000|  0%| F|  |TAMS 0x0000000784900000, 0x0000000784900000| Untracked 
|  74|0x0000000784a00000, 0x0000000784a00000, 0x0000000784b00000|  0%| F|  |TAMS 0x0000000784a00000, 0x0000000784a00000| Untracked 
|  75|0x0000000784b00000, 0x0000000784b00000, 0x0000000784c00000|  0%| F|  |TAMS 0x0000000784b00000, 0x0000000784b00000| Untracked 
|  76|0x0000000784c00000, 0x0000000784c00000, 0x0000000784d00000|  0%| F|  |TAMS 0x0000000784c00000, 0x0000000784c00000| Untracked 
|  77|0x0000000784d00000, 0x0000000784d00000, 0x0000000784e00000|  0%| F|  |TAMS 0x0000000784d00000, 0x0000000784d00000| Untracked 
|  78|0x0000000784e00000, 0x0000000784e00000, 0x0000000784f00000|  0%| F|  |TAMS 0x0000000784e00000, 0x0000000784e00000| Untracked 
|  79|0x0000000784f00000, 0x0000000784f00000, 0x0000000785000000|  0%| F|  |TAMS 0x0000000784f00000, 0x0000000784f00000| Untracked 
|  80|0x0000000785000000, 0x0000000785000000, 0x0000000785100000|  0%| F|  |TAMS 0x0000000785000000, 0x0000000785000000| Untracked 
|  81|0x0000000785100000, 0x0000000785100000, 0x0000000785200000|  0%| F|  |TAMS 0x0000000785100000, 0x0000000785100000| Untracked 
|  82|0x0000000785200000, 0x0000000785200000, 0x0000000785300000|  0%| F|  |TAMS 0x0000000785200000, 0x0000000785200000| Untracked 
|  83|0x0000000785300000, 0x0000000785300000, 0x0000000785400000|  0%| F|  |TAMS 0x0000000785300000, 0x0000000785300000| Untracked 
|  84|0x0000000785400000, 0x0000000785400000, 0x0000000785500000|  0%| F|  |TAMS 0x0000000785400000, 0x0000000785400000| Untracked 
|  85|0x0000000785500000, 0x0000000785500000, 0x0000000785600000|  0%| F|  |TAMS 0x0000000785500000, 0x0000000785500000| Untracked 
|  86|0x0000000785600000, 0x0000000785600000, 0x0000000785700000|  0%| F|  |TAMS 0x0000000785600000, 0x0000000785600000| Untracked 
|  87|0x0000000785700000, 0x0000000785700000, 0x0000000785800000|  0%| F|  |TAMS 0x0000000785700000, 0x0000000785700000| Untracked 
|  88|0x0000000785800000, 0x0000000785800000, 0x0000000785900000|  0%| F|  |TAMS 0x0000000785800000, 0x0000000785800000| Untracked 
|  89|0x0000000785900000, 0x0000000785900000, 0x0000000785a00000|  0%| F|  |TAMS 0x0000000785900000, 0x0000000785900000| Untracked 
|  90|0x0000000785a00000, 0x0000000785a00000, 0x0000000785b00000|  0%| F|  |TAMS 0x0000000785a00000, 0x0000000785a00000| Untracked 
|  91|0x0000000785b00000, 0x0000000785b00000, 0x0000000785c00000|  0%| F|  |TAMS 0x0000000785b00000, 0x0000000785b00000| Untracked 
|  92|0x0000000785c00000, 0x0000000785c00000, 0x0000000785d00000|  0%| F|  |TAMS 0x0000000785c00000, 0x0000000785c00000| Untracked 
|  93|0x0000000785d00000, 0x0000000785d00000, 0x0000000785e00000|  0%| F|  |TAMS 0x0000000785d00000, 0x0000000785d00000| Untracked 
|  94|0x0000000785e00000, 0x0000000785e00000, 0x0000000785f00000|  0%| F|  |TAMS 0x0000000785e00000, 0x0000000785e00000| Untracked 
|  95|0x0000000785f00000, 0x0000000785f00000, 0x0000000786000000|  0%| F|  |TAMS 0x0000000785f00000, 0x0000000785f00000| Untracked 
|  96|0x0000000786000000, 0x0000000786000000, 0x0000000786100000|  0%| F|  |TAMS 0x0000000786000000, 0x0000000786000000| Untracked 
|  97|0x0000000786100000, 0x0000000786100000, 0x0000000786200000|  0%| F|  |TAMS 0x0000000786100000, 0x0000000786100000| Untracked 
|  98|0x0000000786200000, 0x0000000786200000, 0x0000000786300000|  0%| F|  |TAMS 0x0000000786200000, 0x0000000786200000| Untracked 
|  99|0x0000000786300000, 0x0000000786300000, 0x0000000786400000|  0%| F|  |TAMS 0x0000000786300000, 0x0000000786300000| Untracked 
| 100|0x0000000786400000, 0x0000000786500000, 0x0000000786500000|100%| S|CS|TAMS 0x0000000786400000, 0x0000000786400000| Complete 
| 101|0x0000000786500000, 0x0000000786600000, 0x0000000786600000|100%| S|CS|TAMS 0x0000000786500000, 0x0000000786500000| Complete 
| 102|0x0000000786600000, 0x0000000786600000, 0x0000000786700000|  0%| F|  |TAMS 0x0000000786600000, 0x0000000786600000| Untracked 
| 103|0x0000000786700000, 0x0000000786700000, 0x0000000786800000|  0%| F|  |TAMS 0x0000000786700000, 0x0000000786700000| Untracked 
| 104|0x0000000786800000, 0x0000000786800000, 0x0000000786900000|  0%| F|  |TAMS 0x0000000786800000, 0x0000000786800000| Untracked 
| 105|0x0000000786900000, 0x0000000786900000, 0x0000000786a00000|  0%| F|  |TAMS 0x0000000786900000, 0x0000000786900000| Untracked 
| 106|0x0000000786a00000, 0x0000000786a00000, 0x0000000786b00000|  0%| F|  |TAMS 0x0000000786a00000, 0x0000000786a00000| Untracked 
| 107|0x0000000786b00000, 0x0000000786b00000, 0x0000000786c00000|  0%| F|  |TAMS 0x0000000786b00000, 0x0000000786b00000| Untracked 
| 108|0x0000000786c00000, 0x0000000786d00000, 0x0000000786d00000|100%| E|CS|TAMS 0x0000000786c00000, 0x0000000786c00000| Complete 
| 109|0x0000000786d00000, 0x0000000786d00000, 0x0000000786e00000|  0%| F|  |TAMS 0x0000000786d00000, 0x0000000786d00000| Untracked 
| 110|0x0000000786e00000, 0x0000000786e00000, 0x0000000786f00000|  0%| F|  |TAMS 0x0000000786e00000, 0x0000000786e00000| Untracked 
| 111|0x0000000786f00000, 0x0000000786f00000, 0x0000000787000000|  0%| F|  |TAMS 0x0000000786f00000, 0x0000000786f00000| Untracked 
| 112|0x0000000787000000, 0x0000000787000000, 0x0000000787100000|  0%| F|  |TAMS 0x0000000787000000, 0x0000000787000000| Untracked 
| 113|0x0000000787100000, 0x0000000787100000, 0x0000000787200000|  0%| F|  |TAMS 0x0000000787100000, 0x0000000787100000| Untracked 
| 114|0x0000000787200000, 0x0000000787200000, 0x0000000787300000|  0%| F|  |TAMS 0x0000000787200000, 0x0000000787200000| Untracked 
| 115|0x0000000787300000, 0x0000000787300000, 0x0000000787400000|  0%| F|  |TAMS 0x0000000787300000, 0x0000000787300000| Untracked 
| 116|0x0000000787400000, 0x0000000787500000, 0x0000000787500000|100%| E|  |TAMS 0x0000000787400000, 0x0000000787400000| Complete 
| 117|0x0000000787500000, 0x0000000787600000, 0x0000000787600000|100%| E|CS|TAMS 0x0000000787500000, 0x0000000787500000| Complete 
| 118|0x0000000787600000, 0x0000000787700000, 0x0000000787700000|100%| E|CS|TAMS 0x0000000787600000, 0x0000000787600000| Complete 
| 119|0x0000000787700000, 0x0000000787800000, 0x0000000787800000|100%| E|CS|TAMS 0x0000000787700000, 0x0000000787700000| Complete 
| 120|0x0000000787800000, 0x0000000787900000, 0x0000000787900000|100%| E|CS|TAMS 0x0000000787800000, 0x0000000787800000| Complete 
| 121|0x0000000787900000, 0x0000000787a00000, 0x0000000787a00000|100%| E|CS|TAMS 0x0000000787900000, 0x0000000787900000| Complete 
| 127|0x0000000787f00000, 0x0000000788000000, 0x0000000788000000|100%| E|CS|TAMS 0x0000000787f00000, 0x0000000787f00000| Complete 
|1022|0x00000007bfe00000, 0x00000007bfe52000, 0x00000007bff00000| 32%|OA|  |TAMS 0x00000007bfe52000, 0x00000007bfe00000| Untracked 
|1023|0x00000007bff00000, 0x00000007bff7c000, 0x00000007c0000000| 48%|CA|  |TAMS 0x00000007bff7c000, 0x00000007bff00000| Untracked 
|2043|0x00000007ffb00000, 0x00000007ffc00000, 0x00000007ffc00000|100%| O|  |TAMS 0x00000007ffc00000, 0x00000007ffb00000| Complete 
|2044|0x00000007ffc00000, 0x00000007ffd00000, 0x00000007ffd00000|100%| O|  |TAMS 0x00000007ffd00000, 0x00000007ffc00000| Untracked 
|2045|0x00000007ffd00000, 0x00000007ffe00000, 0x00000007ffe00000|100%| O|  |TAMS 0x00000007ffe00000, 0x00000007ffd00000| Untracked 
|2046|0x00000007ffe00000, 0x00000007fff00000, 0x00000007fff00000|100%| O|  |TAMS 0x00000007fff00000, 0x00000007ffe00000| Untracked 
|2047|0x00000007fff00000, 0x0000000800000000, 0x0000000800000000|100%| O|  |TAMS 0x0000000800000000, 0x00000007fff00000| Untracked 

Card table byte_map: [0x0000000111a34000,0x0000000111e34000] _byte_map_base: 0x000000010de34000

Marking Bits (Prev, Next): (CMBitMap*) 0x00007f846a031018, (CMBitMap*) 0x00007f846a031058
 Prev Bits: [0x0000000112234000, 0x0000000114234000)
 Next Bits: [0x000000012d7de000, 0x000000012f7de000)

Polling page: 0x000000010fd66000

Metaspace:

Usage:
  Non-class:     26.46 MB capacity,    25.99 MB ( 98%) used,   419.20 KB (  2%) free+waste,    66.19 KB ( <1%) overhead. 
      Class:      3.60 MB capacity,     3.31 MB ( 92%) used,   273.23 KB (  7%) free+waste,    29.88 KB ( <1%) overhead. 
       Both:     30.06 MB capacity,    29.29 MB ( 97%) used,   692.43 KB (  2%) free+waste,    96.06 KB ( <1%) overhead. 

Virtual space:
  Non-class space:       28.00 MB reserved,      26.75 MB ( 96%) committed 
      Class space:        1.00 GB reserved,       3.62 MB ( <1%) committed 
             Both:        1.03 GB reserved,      30.37 MB (  3%) committed 

Chunk freelists:
   Non-Class:  64.00 KB
       Class:  20.00 KB
        Both:  84.00 KB

MaxMetaspaceSize: unlimited
CompressedClassSpaceSize: 1.00 GB

CodeHeap 'non-profiled nmethods': size=120032Kb used=2356Kb max_used=2440Kb free=117675Kb
 bounds [0x00000001262a6000, 0x0000000126516000, 0x000000012d7de000]
CodeHeap 'profiled nmethods': size=120028Kb used=11634Kb max_used=13092Kb free=108393Kb
 bounds [0x000000011ed6f000, 0x000000011fa3f000, 0x00000001262a6000]
CodeHeap 'non-nmethods': size=5700Kb used=1250Kb max_used=1293Kb free=4449Kb
 bounds [0x000000011e7de000, 0x000000011ea4e000, 0x000000011ed6f000]
 total_blobs=8281 nmethods=5602 adapters=440
 compilation: enabled
              stopped_count=0, restarted_count=0
 full_count=0

Compilation events (20 events):
Event: 25.762 Thread 0x00007f846a084000 nmethod 6573 0x000000011ef66210 code [0x000000011ef663e0, 0x000000011ef668f0]
Event: 25.762 Thread 0x00007f846a084000 6575  s    3       java.io.BufferedInputStream::available (35 bytes)
Event: 25.763 Thread 0x00007f846a084000 nmethod 6575 0x000000011ef6ec10 code [0x000000011ef6ede0, 0x000000011ef6f350]
Event: 25.763 Thread 0x00007f846a084000 6576       3       jdk.internal.reflect.Reflection::verifyModuleAccess (24 bytes)
Event: 25.764 Thread 0x00007f846a084000 nmethod 6576 0x000000011efb0410 code [0x000000011efb0600, 0x000000011efb0b10]
Event: 25.764 Thread 0x00007f846a084000 6574       3       org.eclipse.aether.resolution.VersionRangeResult::getHighestVersion (38 bytes)
Event: 25.764 Thread 0x00007f846a084000 nmethod 6574 0x000000011f372310 code [0x000000011f3724e0, 0x000000011f372a00]
Event: 25.768 Thread 0x00007f846a083000 nmethod 6494 0x0000000126487f10 code [0x00000001264883c0, 0x000000012648afc0]
Event: 25.768 Thread 0x00007f846a083000 6501       4       java.nio.Buffer::nextPutIndex (31 bytes)
Event: 25.769 Thread 0x00007f846a084000 6577       3       org.apache.maven.model.Site::setLocation (220 bytes)
Event: 25.769 Thread 0x00007f846a083000 nmethod 6501 0x00000001262fcf10 code [0x00000001262fd080, 0x00000001262fd138]
Event: 25.769 Thread 0x00007f846a083000 6559       4       java.nio.HeapByteBuffer::put (20 bytes)
Event: 25.770 Thread 0x00007f846a084000 nmethod 6577 0x000000011ed89f10 code [0x000000011ed8a1e0, 0x000000011ed8b5b0]
Event: 25.771 Thread 0x00007f846a083000 nmethod 6559 0x00000001262fca90 code [0x00000001262fcc40, 0x00000001262fcdb8]
Event: 25.771 Thread 0x00007f846a083000 6565       4       java.nio.StringCharBuffer::get (19 bytes)
Event: 25.774 Thread 0x00007f846a083000 nmethod 6565 0x00000001262fc590 code [0x00000001262fc760, 0x00000001262fc918]
Event: 25.774 Thread 0x00007f846a083000 6514       4       java.time.ZoneRegion::getRules (23 bytes)
Event: 25.774 Thread 0x00007f846a2b7800 nmethod 6453 0x00000001263d2e90 code [0x00000001263d3620, 0x00000001263d74f0]
Event: 25.775 Thread 0x00007f846a083000 nmethod 6514 0x00000001262fc290 code [0x00000001262fc400, 0x00000001262fc4b8]
Event: 25.775 Thread 0x00007f846a083000 6503       4       java.time.LocalTime::of (51 bytes)

GC Heap History (20 events):
Event: 10.002 GC heap before
{Heap before GC invocations=10 (full 0):
 garbage-first heap   total 76800K, used 56147K [0x0000000780000000, 0x0000000800000000)
  region size 1024K, 28 young (28672K), 4 survivors (4096K)
 Metaspace       used 25172K, capacity 25883K, committed 25980K, reserved 1073152K
  class space    used 2872K, capacity 3149K, committed 3196K, reserved 1048576K
}
Event: 10.014 GC heap after
{Heap after GC invocations=11 (full 0):
 garbage-first heap   total 76800K, used 36919K [0x0000000780000000, 0x0000000800000000)
  region size 1024K, 4 young (4096K), 4 survivors (4096K)
 Metaspace       used 25172K, capacity 25883K, committed 25980K, reserved 1073152K
  class space    used 2872K, capacity 3149K, committed 3196K, reserved 1048576K
}
Event: 10.306 GC heap before
{Heap before GC invocations=11 (full 0):
 garbage-first heap   total 76800K, used 48183K [0x0000000780000000, 0x0000000800000000)
  region size 1024K, 16 young (16384K), 4 survivors (4096K)
 Metaspace       used 25650K, capacity 26359K, committed 26620K, reserved 1073152K
  class space    used 2920K, capacity 3200K, committed 3324K, reserved 1048576K
}
Event: 10.320 GC heap after
{Heap after GC invocations=12 (full 0):
 garbage-first heap   total 76800K, used 37160K [0x0000000780000000, 0x0000000800000000)
  region size 1024K, 2 young (2048K), 2 survivors (2048K)
 Metaspace       used 25650K, capacity 26359K, committed 26620K, reserved 1073152K
  class space    used 2920K, capacity 3200K, committed 3324K, reserved 1048576K
}
Event: 10.328 GC heap before
{Heap before GC invocations=12 (full 0):
 garbage-first heap   total 76800K, used 57640K [0x0000000780000000, 0x0000000800000000)
  region size 1024K, 22 young (22528K), 2 survivors (2048K)
 Metaspace       used 25650K, capacity 26359K, committed 26620K, reserved 1073152K
  class space    used 2920K, capacity 3200K, committed 3324K, reserved 1048576K
}
Event: 10.333 GC heap after
{Heap after GC invocations=13 (full 0):
 garbage-first heap   total 76800K, used 37826K [0x0000000780000000, 0x0000000800000000)
  region size 1024K, 1 young (1024K), 1 survivors (1024K)
 Metaspace       used 25650K, capacity 26359K, committed 26620K, reserved 1073152K
  class space    used 2920K, capacity 3200K, committed 3324K, reserved 1048576K
}
Event: 10.452 GC heap before
{Heap before GC invocations=13 (full 0):
 garbage-first heap   total 99328K, used 58306K [0x0000000780000000, 0x0000000800000000)
  region size 1024K, 22 young (22528K), 1 survivors (1024K)
 Metaspace       used 25663K, capacity 26360K, committed 26620K, reserved 1073152K
  class space    used 2920K, capacity 3200K, committed 3324K, reserved 1048576K
}
Event: 10.459 GC heap after
{Heap after GC invocations=14 (full 0):
 garbage-first heap   total 99328K, used 38142K [0x0000000780000000, 0x0000000800000000)
  region size 1024K, 3 young (3072K), 3 survivors (3072K)
 Metaspace       used 25663K, capacity 26360K, committed 26620K, reserved 1073152K
  class space    used 2920K, capacity 3200K, committed 3324K, reserved 1048576K
}
Event: 10.685 GC heap before
{Heap before GC invocations=15 (full 0):
 garbage-first heap   total 99328K, used 73982K [0x0000000780000000, 0x0000000800000000)
  region size 1024K, 37 young (37888K), 3 survivors (3072K)
 Metaspace       used 25727K, capacity 26492K, committed 26876K, reserved 1073152K
  class space    used 2920K, capacity 3200K, committed 3324K, reserved 1048576K
}
Event: 10.702 GC heap after
{Heap after GC invocations=16 (full 0):
 garbage-first heap   total 99328K, used 50463K [0x0000000780000000, 0x0000000800000000)
  region size 1024K, 5 young (5120K), 5 survivors (5120K)
 Metaspace       used 25727K, capacity 26492K, committed 26876K, reserved 1073152K
  class space    used 2920K, capacity 3200K, committed 3324K, reserved 1048576K
}
Event: 10.704 GC heap before
{Heap before GC invocations=16 (full 0):
 garbage-first heap   total 99328K, used 50463K [0x0000000780000000, 0x0000000800000000)
  region size 1024K, 6 young (6144K), 5 survivors (5120K)
 Metaspace       used 25727K, capacity 26492K, committed 26876K, reserved 1073152K
  class space    used 2920K, capacity 3200K, committed 3324K, reserved 1048576K
}
Event: 10.730 GC heap after
{Heap after GC invocations=17 (full 0):
 garbage-first heap   total 119808K, used 45917K [0x0000000780000000, 0x0000000800000000)
  region size 1024K, 1 young (1024K), 1 survivors (1024K)
 Metaspace       used 25727K, capacity 26492K, committed 26876K, reserved 1073152K
  class space    used 2920K, capacity 3200K, committed 3324K, reserved 1048576K
}
Event: 10.825 GC heap before
{Heap before GC invocations=17 (full 0):
 garbage-first heap   total 119808K, used 81757K [0x0000000780000000, 0x0000000800000000)
  region size 1024K, 37 young (37888K), 1 survivors (1024K)
 Metaspace       used 25728K, capacity 26492K, committed 26876K, reserved 1073152K
  class space    used 2920K, capacity 3200K, committed 3324K, reserved 1048576K
}
Event: 10.831 GC heap after
{Heap after GC invocations=18 (full 0):
 garbage-first heap   total 119808K, used 48630K [0x0000000780000000, 0x0000000800000000)
  region size 1024K, 3 young (3072K), 3 survivors (3072K)
 Metaspace       used 25728K, capacity 26492K, committed 26876K, reserved 1073152K
  class space    used 2920K, capacity 3200K, committed 3324K, reserved 1048576K
}
Event: 11.393 GC heap before
{Heap before GC invocations=18 (full 0):
 garbage-first heap   total 119808K, used 86518K [0x0000000780000000, 0x0000000800000000)
  region size 1024K, 40 young (40960K), 3 survivors (3072K)
 Metaspace       used 27011K, capacity 27841K, committed 27900K, reserved 1073152K
  class space    used 3017K, capacity 3305K, committed 3324K, reserved 1048576K
}
Event: 11.406 GC heap after
{Heap after GC invocations=19 (full 0):
 garbage-first heap   total 119808K, used 52099K [0x0000000780000000, 0x0000000800000000)
  region size 1024K, 5 young (5120K), 5 survivors (5120K)
 Metaspace       used 27011K, capacity 27841K, committed 27900K, reserved 1073152K
  class space    used 3017K, capacity 3305K, committed 3324K, reserved 1048576K
}
Event: 24.969 GC heap before
{Heap before GC invocations=19 (full 0):
 garbage-first heap   total 119808K, used 87939K [0x0000000780000000, 0x0000000800000000)
  region size 1024K, 40 young (40960K), 5 survivors (5120K)
 Metaspace       used 28748K, capacity 29576K, committed 29820K, reserved 1075200K
  class space    used 3225K, capacity 3588K, committed 3708K, reserved 1048576K
}
Event: 24.979 GC heap after
{Heap after GC invocations=20 (full 0):
 garbage-first heap   total 119808K, used 53810K [0x0000000780000000, 0x0000000800000000)
  region size 1024K, 2 young (2048K), 2 survivors (2048K)
 Metaspace       used 28748K, capacity 29576K, committed 29820K, reserved 1075200K
  class space    used 3225K, capacity 3588K, committed 3708K, reserved 1048576K
}
Event: 25.309 GC heap before
{Heap before GC invocations=20 (full 0):
 garbage-first heap   total 119808K, used 60978K [0x0000000780000000, 0x0000000800000000)
  region size 1024K, 10 young (10240K), 2 survivors (2048K)
 Metaspace       used 29631K, capacity 30394K, committed 30588K, reserved 1077248K
  class space    used 3346K, capacity 3686K, committed 3708K, reserved 1048576K
}
Event: 25.317 GC heap after
{Heap after GC invocations=21 (full 0):
 garbage-first heap   total 119808K, used 53883K [0x0000000780000000, 0x0000000800000000)
  region size 1024K, 2 young (2048K), 2 survivors (2048K)
 Metaspace       used 29631K, capacity 30394K, committed 30588K, reserved 1077248K
  class space    used 3346K, capacity 3686K, committed 3708K, reserved 1048576K
}

Deoptimization events (20 events):
Event: 25.031 Thread 0x00007f846980c000 DEOPT PACKING pc=0x000000011f9a09ff sp=0x0000700007dd5b90
Event: 25.031 Thread 0x00007f846980c000 DEOPT UNPACKING pc=0x000000011e82733a sp=0x0000700007dd5050 mode 0
Event: 25.122 Thread 0x00007f846980c000 Uncommon trap: trap_request=0xffffffde fr.pc=0x00000001264ef3a8 relative=0x0000000000000728
Event: 25.122 Thread 0x00007f846980c000 Uncommon trap: reason=class_check action=maybe_recompile pc=0x00000001264ef3a8 method=java.util.Properties$LineReader.readLine()I @ 479 c2
Event: 25.122 Thread 0x00007f846980c000 DEOPT PACKING pc=0x00000001264ef3a8 sp=0x0000700007dd65c0
Event: 25.122 Thread 0x00007f846980c000 DEOPT UNPACKING pc=0x000000011e826e25 sp=0x0000700007dd6528 mode 2
Event: 25.559 Thread 0x00007f846980c000 Uncommon trap: trap_request=0xffffff45 fr.pc=0x00000001262ddcec relative=0x000000000000006c
Event: 25.559 Thread 0x00007f846980c000 Uncommon trap: reason=unstable_if action=reinterpret pc=0x00000001262ddcec method=sun.net.www.ParseUtil.firstEncodeIndex(Ljava/lang/String;)I @ 51 c2
Event: 25.559 Thread 0x00007f846980c000 DEOPT PACKING pc=0x00000001262ddcec sp=0x0000700007dd5290
Event: 25.559 Thread 0x00007f846980c000 DEOPT UNPACKING pc=0x000000011e826e25 sp=0x0000700007dd5238 mode 2
Event: 25.576 Thread 0x00007f846980c000 Uncommon trap: trap_request=0xffffff45 fr.pc=0x00000001263458a4 relative=0x0000000000000304
Event: 25.576 Thread 0x00007f846980c000 Uncommon trap: reason=unstable_if action=reinterpret pc=0x00000001263458a4 method=java.nio.CharBuffer.hasArray()Z @ 4 c2
Event: 25.576 Thread 0x00007f846980c000 DEOPT PACKING pc=0x00000001263458a4 sp=0x0000700007dd6240
Event: 25.576 Thread 0x00007f846980c000 DEOPT UNPACKING pc=0x000000011e826e25 sp=0x0000700007dd6148 mode 2
Event: 25.576 Thread 0x00007f846980c000 Uncommon trap: trap_request=0xffffff45 fr.pc=0x00000001262c63d0 relative=0x00000000000000f0
Event: 25.576 Thread 0x00007f846980c000 Uncommon trap: reason=unstable_if action=reinterpret pc=0x00000001262c63d0 method=java.nio.CharBuffer.hasArray()Z @ 4 c2
Event: 25.576 Thread 0x00007f846980c000 DEOPT PACKING pc=0x00000001262c63d0 sp=0x0000700007dd6100
Event: 25.576 Thread 0x00007f846980c000 DEOPT UNPACKING pc=0x000000011e826e25 sp=0x0000700007dd6070 mode 2
Event: 25.748 Thread 0x00007f846980c000 DEOPT PACKING pc=0x000000011f231411 sp=0x0000700007dd4e40
Event: 25.748 Thread 0x00007f846980c000 DEOPT UNPACKING pc=0x000000011e82733a sp=0x0000700007dd42c0 mode 0

Classes unloaded (0 events):
No events

Classes redefined (0 events):
No events

Internal exceptions (20 events):
Event: 9.220 Thread 0x00007f846980c000 Exception <a 'sun/nio/fs/UnixException'{0x0000000782e38d68}> (0x0000000782e38d68) 
thrown [./src/hotspot/share/prims/jni.cpp, line 599]
Event: 9.220 Thread 0x00007f846980c000 Exception <a 'sun/nio/fs/UnixException'{0x0000000782e39470}> (0x0000000782e39470) 
thrown [./src/hotspot/share/prims/jni.cpp, line 599]
Event: 9.278 Thread 0x00007f846980c000 Exception <a 'java/lang/NoSuchMethodError'{0x0000000782de4818}: 'int java.lang.invoke.DirectMethodHandle$Holder.invokeSpecial(java.lang.Object, java.lang.Object, java.lang.Object, java.lang.Object, java.lang.Object)'> (0x0000000782de4818) 
thrown [./src/hotspot/share/interpreter/linkResolver.cpp, line 766]
Event: 9.382 Thread 0x00007f846980c000 Exception <a 'java/lang/NoSuchMethodError'{0x0000000787f84d78}: 'java.lang.Object java.lang.invoke.DirectMethodHandle$Holder.invokeStatic(java.lang.Object, java.lang.Object, int, int)'> (0x0000000787f84d78) 
thrown [./src/hotspot/share/interpreter/linkResolver.cpp, line 766]
Event: 9.937 Thread 0x00007f846980c000 Exception <a 'java/lang/NoSuchMethodError'{0x0000000782dbd298}: 'void java.lang.invoke.DirectMethodHandle$Holder.invokeVirtual(java.lang.Object, java.lang.Object)'> (0x0000000782dbd298) 
thrown [./src/hotspot/share/interpreter/linkResolver.cpp, line 766]
Event: 10.033 Thread 0x00007f846980c000 Exception <a 'java/lang/NoSuchMethodError'{0x0000000787f4e5c8}: 'int java.lang.invoke.DirectMethodHandle$Holder.invokeVirtual(java.lang.Object, java.lang.Object, java.lang.Object, java.lang.Object)'> (0x0000000787f4e5c8) 
thrown [./src/hotspot/share/interpreter/linkResolver.cpp, line 766]
Event: 10.035 Thread 0x00007f846980c000 Exception <a 'java/lang/NoSuchMethodError'{0x0000000787f58a50}: 'java.lang.Object java.lang.invoke.DirectMethodHandle$Holder.invokeStatic(java.lang.Object, java.lang.Object, int, java.lang.Object)'> (0x0000000787f58a50) 
thrown [./src/hotspot/share/interpreter/linkResolver.cpp, line 766]
Event: 10.036 Thread 0x00007f846980c000 Exception <a 'java/lang/NoSuchMethodError'{0x0000000787f5ef90}: 'java.lang.Object java.lang.invoke.Invokers$Holder.linkToTargetMethod(java.lang.Object, int, java.lang.Object, java.lang.Object)'> (0x0000000787f5ef90) 
thrown [./src/hotspot/share/interpreter/linkResolver.cpp, line 766]
Event: 10.350 Thread 0x00007f846980c000 Exception <a 'sun/nio/fs/UnixException'{0x0000000783262060}> (0x0000000783262060) 
thrown [./src/hotspot/share/prims/jni.cpp, line 599]
Event: 10.550 Thread 0x00007f846980c000 Implicit null exception at 0x00000001264713df to 0x0000000126472164
Event: 10.814 Thread 0x00007f846980c000 Exception <a 'sun/nio/fs/UnixException'{0x0000000784ad0768}> (0x0000000784ad0768) 
thrown [./src/hotspot/share/prims/jni.cpp, line 599]
Event: 10.814 Thread 0x00007f846980c000 Exception <a 'sun/nio/fs/UnixException'{0x0000000784ad0e70}> (0x0000000784ad0e70) 
thrown [./src/hotspot/share/prims/jni.cpp, line 599]
Event: 11.235 Thread 0x00007f846980c000 Exception <a 'java/lang/NoSuchMethodError'{0x00000007854b9bf8}: 'java.lang.String org.apache.maven.execution.MavenExecutionRequest.getFailureBehavior()'> (0x00000007854b9bf8) 
thrown [./src/hotspot/share/interpreter/linkResolver.cpp, line 861]
Event: 11.246 Thread 0x00007f846d414000 Exception <a 'java/lang/NoSuchMethodError'{0x00000007856eb410}: 'java.lang.Object java.lang.invoke.DirectMethodHandle$Holder.invokeStaticInit(java.lang.Object, java.lang.Object, long, java.lang.Object)'> (0x00000007856eb410) 
thrown [./src/hotspot/share/interpreter/linkResolver.cpp, line 766]
Event: 11.247 Thread 0x00007f846d414000 Exception <a 'java/lang/NoSuchMethodError'{0x00000007856f0e18}: 'java.lang.Object java.lang.invoke.Invokers$Holder.linkToTargetMethod(java.lang.Object, long, java.lang.Object)'> (0x00000007856f0e18) 
thrown [./src/hotspot/share/interpreter/linkResolver.cpp, line 766]
Event: 11.610 Thread 0x00007f846980c000 Exception <a 'java/lang/NoSuchMethodError'{0x00000007862d1800}: 'java.lang.Object java.lang.invoke.DirectMethodHandle$Holder.invokeStatic(java.lang.Object, java.lang.Object, java.lang.Object, int)'> (0x00000007862d1800) 
thrown [./src/hotspot/share/interpreter/linkResolver.cpp, line 766]
Event: 11.610 Thread 0x00007f846980c000 Exception <a 'java/lang/NoSuchMethodError'{0x00000007862d4f28}: 'java.lang.Object java.lang.invoke.DirectMethodHandle$Holder.invokeSpecial(java.lang.Object, java.lang.Object, java.lang.Object, java.lang.Object, int)'> (0x00000007862d4f28) 
thrown [./src/hotspot/share/interpreter/linkResolver.cpp, line 766]
Event: 11.611 Thread 0x00007f846980c000 Exception <a 'java/lang/NoSuchMethodError'{0x00000007862d7fe8}: 'java.lang.Object java.lang.invoke.Invokers$Holder.linkToTargetMethod(java.lang.Object, java.lang.Object, int, java.lang.Object)'> (0x00000007862d7fe8) 
thrown [./src/hotspot/share/interpreter/linkResolver.cpp, line 766]
Event: 24.491 Thread 0x00007f846980c000 Exception <a 'sun/nio/fs/UnixException'{0x000000078614a440}> (0x000000078614a440) 
thrown [./src/hotspot/share/prims/jni.cpp, line 599]
Event: 24.491 Thread 0x00007f846980c000 Exception <a 'java/lang/reflect/InvocationTargetException'{0x000000078614aa50}> (0x000000078614aa50) 
thrown [./src/hotspot/share/runtime/reflection.cpp, line 1188]

Events (20 events):
Event: 25.675 Executing VM operation: HandshakeOneThread
Event: 25.675 Executing VM operation: HandshakeOneThread done
Event: 25.675 Protecting memory [0x0000700009c38000,0x0000700009c3c000] with protection modes 3
Event: 25.675 Thread 0x00007f8469019800 Thread exited: 0x00007f8469019800
Event: 25.675 Executing VM operation: HandshakeOneThread
Event: 25.675 Executing VM operation: HandshakeOneThread done
Event: 25.676 Executing VM operation: HandshakeOneThread
Event: 25.676 Executing VM operation: HandshakeOneThread done
Event: 25.676 Executing VM operation: HandshakeOneThread
Event: 25.676 Executing VM operation: HandshakeOneThread done
Event: 25.676 Executing VM operation: HandshakeOneThread
Event: 25.676 Executing VM operation: HandshakeOneThread done
Event: 25.695 Executing VM operation: HandshakeOneThread
Event: 25.695 Executing VM operation: HandshakeOneThread done
Event: 25.696 Executing VM operation: HandshakeOneThread
Event: 25.696 Executing VM operation: HandshakeOneThread done
Event: 25.696 Executing VM operation: HandshakeOneThread
Event: 25.696 Executing VM operation: HandshakeOneThread done
Event: 25.697 Executing VM operation: HandshakeOneThread
Event: 25.697 Executing VM operation: HandshakeOneThread done


Dynamic libraries:
0x00007fff671d5000 	/usr/lib/libz.1.dylib
0x000000010fcfd000 	/usr/local/Cellar/openjdk/14.0.1/libexec/openjdk.jdk/Contents/Home/lib/libjli.dylib
0x00007fff2cd1f000 	/System/Library/Frameworks/Cocoa.framework/Versions/A/Cocoa
0x00007fff3a518000 	/System/Library/Frameworks/Security.framework/Versions/A/Security
0x00007fff2bc84000 	/System/Library/Frameworks/ApplicationServices.framework/Versions/A/ApplicationServices
0x00007fff64c99000 	/usr/lib/libSystem.B.dylib
0x00007fff67a96000 	/usr/lib/system/libcache.dylib
0x00007fff67a9c000 	/usr/lib/system/libcommonCrypto.dylib
0x00007fff67aa8000 	/usr/lib/system/libcompiler_rt.dylib
0x00007fff67ab0000 	/usr/lib/system/libcopyfile.dylib
0x00007fff67aba000 	/usr/lib/system/libcorecrypto.dylib
0x00007fff67c59000 	/usr/lib/system/libdispatch.dylib
0x00007fff67c9a000 	/usr/lib/system/libdyld.dylib
0x00007fff67cd1000 	/usr/lib/system/libkeymgr.dylib
0x00007fff67cdf000 	/usr/lib/system/liblaunch.dylib
0x00007fff67ce0000 	/usr/lib/system/libmacho.dylib
0x00007fff67ce6000 	/usr/lib/system/libquarantine.dylib
0x00007fff67ce9000 	/usr/lib/system/libremovefile.dylib
0x00007fff67ceb000 	/usr/lib/system/libsystem_asl.dylib
0x00007fff67d03000 	/usr/lib/system/libsystem_blocks.dylib
0x00007fff67d04000 	/usr/lib/system/libsystem_c.dylib
0x00007fff67d8c000 	/usr/lib/system/libsystem_configuration.dylib
0x00007fff67d90000 	/usr/lib/system/libsystem_coreservices.dylib
0x00007fff67d94000 	/usr/lib/system/libsystem_darwin.dylib
0x00007fff67d9d000 	/usr/lib/system/libsystem_dnssd.dylib
0x00007fff67da5000 	/usr/lib/system/libsystem_featureflags.dylib
0x00007fff67da7000 	/usr/lib/system/libsystem_info.dylib
0x00007fff67e22000 	/usr/lib/system/libsystem_m.dylib
0x00007fff67e6a000 	/usr/lib/system/libsystem_malloc.dylib
0x00007fff67e92000 	/usr/lib/system/libsystem_networkextension.dylib
0x00007fff67ea0000 	/usr/lib/system/libsystem_notify.dylib
0x00007fff67ebe000 	/usr/lib/system/libsystem_sandbox.dylib
0x00007fff67ec3000 	/usr/lib/system/libsystem_secinit.dylib
0x00007fff67df5000 	/usr/lib/system/libsystem_kernel.dylib
0x00007fff67eaa000 	/usr/lib/system/libsystem_platform.dylib
0x00007fff67eb3000 	/usr/lib/system/libsystem_pthread.dylib
0x00007fff67ec6000 	/usr/lib/system/libsystem_symptoms.dylib
0x00007fff67ece000 	/usr/lib/system/libsystem_trace.dylib
0x00007fff67ee6000 	/usr/lib/system/libunwind.dylib
0x00007fff67eec000 	/usr/lib/system/libxpc.dylib
0x00007fff66af9000 	/usr/lib/libobjc.A.dylib
0x00007fff64fd2000 	/usr/lib/libc++abi.dylib
0x00007fff64f7f000 	/usr/lib/libc++.1.dylib
0x00007fff2dbc1000 	/System/Library/Frameworks/CoreFoundation.framework/Versions/A/CoreFoundation
0x00007fff3027e000 	/System/Library/Frameworks/Foundation.framework/Versions/C/Foundation
0x00007fff2ae74000 	/System/Library/Frameworks/AppKit.framework/Versions/C/AppKit
0x00007fff2d6a3000 	/System/Library/Frameworks/CoreData.framework/Versions/A/CoreData
0x00007fff5ecae000 	/System/Library/PrivateFrameworks/UIFoundation.framework/Versions/A/UIFoundation
0x00007fff59d42000 	/System/Library/PrivateFrameworks/RemoteViewServices.framework/Versions/A/RemoteViewServices
0x00007fff61809000 	/System/Library/PrivateFrameworks/XCTTargetBootstrap.framework/Versions/A/XCTTargetBootstrap
0x00007fff2da8e000 	/System/Library/Frameworks/CoreDisplay.framework/Versions/A/CoreDisplay
0x00007fff33139000 	/System/Library/Frameworks/Metal.framework/Versions/A/Metal
0x00007fff47d2f000 	/System/Library/PrivateFrameworks/DesktopServicesPriv.framework/Versions/A/DesktopServicesPriv
0x00007fff65dd4000 	/usr/lib/liblangid.dylib
0x00007fff46fc4000 	/System/Library/PrivateFrameworks/CoreSVG.framework/Versions/A/CoreSVG
0x00007fff5ce9e000 	/System/Library/PrivateFrameworks/SkyLight.framework/Versions/A/SkyLight
0x00007fff2e042000 	/System/Library/Frameworks/CoreGraphics.framework/Versions/A/CoreGraphics
0x00007fff29848000 	/System/Library/Frameworks/Accelerate.framework/Versions/A/Accelerate
0x00007fff670c6000 	/usr/lib/libxml2.2.dylib
0x00007fff52ccd000 	/System/Library/PrivateFrameworks/IconServices.framework/Versions/A/IconServices
0x00007fff30a5d000 	/System/Library/Frameworks/IOSurface.framework/Versions/A/IOSurface
0x00007fff647c3000 	/usr/lib/libDiagnosticMessagesClient.dylib
0x00007fff47b89000 	/System/Library/PrivateFrameworks/DFRFoundation.framework/Versions/A/DFRFoundation
0x00007fff65b63000 	/usr/lib/libicucore.A.dylib
0x00007fff2bfb6000 	/System/Library/Frameworks/AudioToolbox.framework/Versions/A/AudioToolbox
0x00007fff2c099000 	/System/Library/Frameworks/AudioUnit.framework/Versions/A/AudioUnit
0x00007fff64e9b000 	/usr/lib/libauto.dylib
0x00007fff47c2b000 	/System/Library/PrivateFrameworks/DataDetectorsCore.framework/Versions/A/DataDetectorsCore
0x00007fff2c840000 	/System/Library/Frameworks/Carbon.framework/Versions/A/Frameworks/HIToolbox.framework/Versions/A/HIToolbox
0x00007fff39712000 	/System/Library/Frameworks/QuartzCore.framework/Versions/A/QuartzCore
0x00007fff2cb7f000 	/System/Library/Frameworks/Carbon.framework/Versions/A/Frameworks/SpeechRecognition.framework/Versions/A/SpeechRecognition
0x00007fff4769d000 	/System/Library/PrivateFrameworks/CoreUI.framework/Versions/A/CoreUI
0x00007fff2d10e000 	/System/Library/Frameworks/CoreAudio.framework/Versions/A/CoreAudio
0x00007fff2ff3d000 	/System/Library/Frameworks/DiskArbitration.framework/Versions/A/DiskArbitration
0x00007fff54d1d000 	/System/Library/PrivateFrameworks/MultitouchSupport.framework/Versions/A/MultitouchSupport
0x00007fff65a2a000 	/usr/lib/libenergytrace.dylib
0x00007fff309b7000 	/System/Library/Frameworks/IOKit.framework/Versions/A/IOKit
0x00007fff2efa9000 	/System/Library/Frameworks/CoreServices.framework/Versions/A/CoreServices
0x00007fff56ed5000 	/System/Library/PrivateFrameworks/PerformanceAnalysis.framework/Versions/A/PerformanceAnalysis
0x00007fff38745000 	/System/Library/Frameworks/OpenGL.framework/Versions/A/OpenGL
0x00007fff2cd2d000 	/System/Library/Frameworks/ColorSync.framework/Versions/A/ColorSync
0x00007fff2e6c5000 	/System/Library/Frameworks/CoreImage.framework/Versions/A/CoreImage
0x00007fff2fa1c000 	/System/Library/Frameworks/CoreText.framework/Versions/A/CoreText
0x00007fff30aed000 	/System/Library/Frameworks/ImageIO.framework/Versions/A/ImageIO
0x00007fff64ffb000 	/usr/lib/libcompression.dylib
0x00007fff64b07000 	/usr/lib/libMobileGestalt.dylib
0x00007fff5ea18000 	/System/Library/PrivateFrameworks/TextureIO.framework/Versions/A/TextureIO
0x00007fff64dfe000 	/usr/lib/libate.dylib
0x00007fff52ed6000 	/System/Library/PrivateFrameworks/InternationalSupport.framework/Versions/A/InternationalSupport
0x00007fff65dd6000 	/usr/lib/liblzma.5.dylib
0x00007fff65a51000 	/usr/lib/libfakelink.dylib
0x00007fff64d8b000 	/usr/lib/libarchive.2.dylib
0x00007fff3b5c9000 	/System/Library/Frameworks/SystemConfiguration.framework/Versions/A/SystemConfiguration
0x00007fff646f6000 	/usr/lib/libCRFSuite.dylib
0x00007fff2c430000 	/System/Library/Frameworks/CFNetwork.framework/Versions/A/CFNetwork
0x00007fff64f61000 	/usr/lib/libbsm.0.dylib
0x00007fff67cd2000 	/usr/lib/system/libkxld.dylib
0x00007fff41506000 	/System/Library/PrivateFrameworks/AppleFSCompression.framework/Versions/A/AppleFSCompression
0x00007fff652ec000 	/usr/lib/libcoretls.dylib
0x00007fff65303000 	/usr/lib/libcoretls_cfhelpers.dylib
0x00007fff66b3f000 	/usr/lib/libpam.2.dylib
0x00007fff66c74000 	/usr/lib/libsqlite3.dylib
0x00007fff670b3000 	/usr/lib/libxar.1.dylib
0x00007fff64f72000 	/usr/lib/libbz2.1.0.dylib
0x00007fff65a72000 	/usr/lib/libiconv.2.dylib
0x00007fff64fe8000 	/usr/lib/libcharset.1.dylib
0x00007fff665dc000 	/usr/lib/libnetwork.dylib
0x00007fff66b46000 	/usr/lib/libpcap.A.dylib
0x00007fff64d40000 	/usr/lib/libapple_nghttp2.dylib
0x00007fff2f360000 	/System/Library/Frameworks/CoreServices.framework/Versions/A/Frameworks/FSEvents.framework/Versions/A/FSEvents
0x00007fff2f030000 	/System/Library/Frameworks/CoreServices.framework/Versions/A/Frameworks/CarbonCore.framework/Versions/A/CarbonCore
0x00007fff2f5a4000 	/System/Library/Frameworks/CoreServices.framework/Versions/A/Frameworks/Metadata.framework/Versions/A/Metadata
0x00007fff2f63d000 	/System/Library/Frameworks/CoreServices.framework/Versions/A/Frameworks/OSServices.framework/Versions/A/OSServices
0x00007fff2f66b000 	/System/Library/Frameworks/CoreServices.framework/Versions/A/Frameworks/SearchKit.framework/Versions/A/SearchKit
0x00007fff2efaa000 	/System/Library/Frameworks/CoreServices.framework/Versions/A/Frameworks/AE.framework/Versions/A/AE
0x00007fff2f369000 	/System/Library/Frameworks/CoreServices.framework/Versions/A/Frameworks/LaunchServices.framework/Versions/A/LaunchServices
0x00007fff2f312000 	/System/Library/Frameworks/CoreServices.framework/Versions/A/Frameworks/DictionaryServices.framework/Versions/A/DictionaryServices
0x00007fff2f6d3000 	/System/Library/Frameworks/CoreServices.framework/Versions/A/Frameworks/SharedFileList.framework/Versions/A/SharedFileList
0x00007fff34564000 	/System/Library/Frameworks/NetFS.framework/Versions/A/NetFS
0x00007fff5524d000 	/System/Library/PrivateFrameworks/NetAuth.framework/Versions/A/NetAuth
0x00007fff61bd6000 	/System/Library/PrivateFrameworks/login.framework/Versions/A/Frameworks/loginsupport.framework/Versions/A/loginsupport
0x00007fff5e4e3000 	/System/Library/PrivateFrameworks/TCC.framework/Versions/A/TCC
0x00007fff46137000 	/System/Library/PrivateFrameworks/CoreNLP.framework/Versions/A/CoreNLP
0x00007fff5474a000 	/System/Library/PrivateFrameworks/MetadataUtilities.framework/Versions/A/MetadataUtilities
0x00007fff65eae000 	/usr/lib/libmecabra.dylib
0x00007fff65e06000 	/usr/lib/libmecab.dylib
0x00007fff65a62000 	/usr/lib/libgermantok.dylib
0x00007fff64d27000 	/usr/lib/libThaiTokenizer.dylib
0x00007fff6472d000 	/usr/lib/libChineseTokenizer.dylib
0x00007fff29860000 	/System/Library/Frameworks/Accelerate.framework/Versions/A/Frameworks/vImage.framework/Versions/A/vImage
0x00007fff2acca000 	/System/Library/Frameworks/Accelerate.framework/Versions/A/Frameworks/vecLib.framework/Versions/A/vecLib
0x00007fff2ac07000 	/System/Library/Frameworks/Accelerate.framework/Versions/A/Frameworks/vecLib.framework/Versions/A/libvMisc.dylib
0x00007fff2aa2f000 	/System/Library/Frameworks/Accelerate.framework/Versions/A/Frameworks/vecLib.framework/Versions/A/libvDSP.dylib
0x00007fff29eb7000 	/System/Library/Frameworks/Accelerate.framework/Versions/A/Frameworks/vecLib.framework/Versions/A/libBLAS.dylib
0x00007fff2a5f3000 	/System/Library/Frameworks/Accelerate.framework/Versions/A/Frameworks/vecLib.framework/Versions/A/libLAPACK.dylib
0x00007fff2a98f000 	/System/Library/Frameworks/Accelerate.framework/Versions/A/Frameworks/vecLib.framework/Versions/A/libLinearAlgebra.dylib
0x00007fff2aa1c000 	/System/Library/Frameworks/Accelerate.framework/Versions/A/Frameworks/vecLib.framework/Versions/A/libSparseBLAS.dylib
0x00007fff2a9a5000 	/System/Library/Frameworks/Accelerate.framework/Versions/A/Frameworks/vecLib.framework/Versions/A/libQuadrature.dylib
0x00007fff2a11f000 	/System/Library/Frameworks/Accelerate.framework/Versions/A/Frameworks/vecLib.framework/Versions/A/libBNNS.dylib
0x00007fff2a9ab000 	/System/Library/Frameworks/Accelerate.framework/Versions/A/Frameworks/vecLib.framework/Versions/A/libSparse.dylib
0x00007fff532be000 	/System/Library/PrivateFrameworks/LanguageModeling.framework/Versions/A/LanguageModeling
0x00007fff45ae7000 	/System/Library/PrivateFrameworks/CoreEmoji.framework/Versions/A/CoreEmoji
0x00007fff533dc000 	/System/Library/PrivateFrameworks/LinguisticData.framework/Versions/A/LinguisticData
0x00007fff5338d000 	/System/Library/PrivateFrameworks/Lexicon.framework/Versions/A/Lexicon
0x00007fff64fe9000 	/usr/lib/libcmph.dylib
0x00007fff37153000 	/System/Library/Frameworks/OpenDirectory.framework/Versions/A/Frameworks/CFOpenDirectory.framework/Versions/A/CFOpenDirectory
0x00007fff37170000 	/System/Library/Frameworks/OpenDirectory.framework/Versions/A/OpenDirectory
0x00007fff3f5b3000 	/System/Library/PrivateFrameworks/APFS.framework/Versions/A/APFS
0x00007fff3a862000 	/System/Library/Frameworks/SecurityFoundation.framework/Versions/A/SecurityFoundation
0x00007fff670af000 	/usr/lib/libutil.dylib
0x00007fff4701c000 	/System/Library/PrivateFrameworks/CoreServicesStore.framework/Versions/A/CoreServicesStore
0x00007fff3a919000 	/System/Library/Frameworks/ServiceManagement.framework/Versions/A/ServiceManagement
0x00007fff42cd6000 	/System/Library/PrivateFrameworks/BackgroundTaskManagement.framework/Versions/A/BackgroundTaskManagement
0x00007fff671ac000 	/usr/lib/libxslt.1.dylib
0x00007fff41b79000 	/System/Library/PrivateFrameworks/AppleSystemInfo.framework/Versions/A/AppleSystemInfo
0x00007fff30d08000 	/System/Library/Frameworks/ImageIO.framework/Versions/A/Resources/libJPEG.dylib
0x00007fff30fc7000 	/System/Library/Frameworks/ImageIO.framework/Versions/A/Resources/libTIFF.dylib
0x00007fff30faa000 	/System/Library/Frameworks/ImageIO.framework/Versions/A/Resources/libPng.dylib
0x00007fff30c4a000 	/System/Library/Frameworks/ImageIO.framework/Versions/A/Resources/libGIF.dylib
0x00007fff30c4e000 	/System/Library/Frameworks/ImageIO.framework/Versions/A/Resources/libJP2.dylib
0x00007fff30fc5000 	/System/Library/Frameworks/ImageIO.framework/Versions/A/Resources/libRadiance.dylib
0x00007fff65a2b000 	/usr/lib/libexpat.1.dylib
0x00007fff41661000 	/System/Library/PrivateFrameworks/AppleJPEG.framework/Versions/A/AppleJPEG
0x00007fff4a332000 	/System/Library/PrivateFrameworks/FontServices.framework/libFontParser.dylib
0x00007fff60bd8000 	/System/Library/PrivateFrameworks/WatchdogClient.framework/Versions/A/WatchdogClient
0x00007fff52919000 	/System/Library/PrivateFrameworks/IOAccelerator.framework/Versions/A/IOAccelerator
0x00007fff334d4000 	/System/Library/Frameworks/MetalPerformanceShaders.framework/Versions/A/MetalPerformanceShaders
0x00007fff4f0af000 	/System/Library/PrivateFrameworks/GPUWrangler.framework/Versions/A/GPUWrangler
0x00007fff5292e000 	/System/Library/PrivateFrameworks/IOPresentment.framework/Versions/A/IOPresentment
0x00007fff47b9c000 	/System/Library/PrivateFrameworks/DSExternalDisplay.framework/Versions/A/DSExternalDisplay
0x00007fff37ae4000 	/System/Library/Frameworks/OpenGL.framework/Versions/A/Libraries/libCoreFSCache.dylib
0x00007fff33220000 	/System/Library/Frameworks/MetalPerformanceShaders.framework/Frameworks/MPSCore.framework/Versions/A/MPSCore
0x00007fff3325e000 	/System/Library/Frameworks/MetalPerformanceShaders.framework/Frameworks/MPSImage.framework/Versions/A/MPSImage
0x00007fff33325000 	/System/Library/Frameworks/MetalPerformanceShaders.framework/Frameworks/MPSNeuralNetwork.framework/Versions/A/MPSNeuralNetwork
0x00007fff332e9000 	/System/Library/Frameworks/MetalPerformanceShaders.framework/Frameworks/MPSMatrix.framework/Versions/A/MPSMatrix
0x00007fff33484000 	/System/Library/Frameworks/MetalPerformanceShaders.framework/Frameworks/MPSRayIntersector.framework/Versions/A/MPSRayIntersector
0x00007fff3330f000 	/System/Library/Frameworks/MetalPerformanceShaders.framework/Frameworks/MPSNDArray.framework/Versions/A/MPSNDArray
0x00007fff54797000 	/System/Library/PrivateFrameworks/MetalTools.framework/Versions/A/MetalTools
0x00007fff4078d000 	/System/Library/PrivateFrameworks/AggregateDictionary.framework/Versions/A/AggregateDictionary
0x00007fff4552f000 	/System/Library/PrivateFrameworks/CoreAnalytics.framework/Versions/A/CoreAnalytics
0x00007fff41a98000 	/System/Library/PrivateFrameworks/AppleSauce.framework/Versions/A/AppleSauce
0x00007fff649e9000 	/usr/lib/libIOReport.dylib
0x00007fff2fbd4000 	/System/Library/Frameworks/CoreVideo.framework/Versions/A/CoreVideo
0x00007fff50528000 	/System/Library/PrivateFrameworks/GraphVisualizer.framework/Versions/A/GraphVisualizer
0x00007fff49878000 	/System/Library/PrivateFrameworks/FaceCore.framework/Versions/A/FaceCore
0x00007fff370fa000 	/System/Library/Frameworks/OpenCL.framework/Versions/A/OpenCL
0x00007fff6480b000 	/usr/lib/libFosl_dynamic.dylib
0x00007fff55c6d000 	/System/Library/PrivateFrameworks/OTSVG.framework/Versions/A/OTSVG
0x00007fff2bd89000 	/System/Library/Frameworks/ApplicationServices.framework/Versions/A/Frameworks/ATS.framework/Versions/A/Resources/libFontRegistry.dylib
0x00007fff4a503000 	/System/Library/PrivateFrameworks/FontServices.framework/libhvf.dylib
0x00007fff37aef000 	/System/Library/Frameworks/OpenGL.framework/Versions/A/Libraries/libGFXShared.dylib
0x00007fff37ccd000 	/System/Library/Frameworks/OpenGL.framework/Versions/A/Libraries/libGLU.dylib
0x00007fff37af8000 	/System/Library/Frameworks/OpenGL.framework/Versions/A/Libraries/libGL.dylib
0x00007fff37b03000 	/System/Library/Frameworks/OpenGL.framework/Versions/A/Libraries/libGLImage.dylib
0x00007fff37ae1000 	/System/Library/Frameworks/OpenGL.framework/Versions/A/Libraries/libCVMSPluginSupport.dylib
0x00007fff37aea000 	/System/Library/Frameworks/OpenGL.framework/Versions/A/Libraries/libCoreVMClient.dylib
0x00007fff6647d000 	/usr/lib/libncurses.5.4.dylib
0x00007fff2bc85000 	/System/Library/Frameworks/ApplicationServices.framework/Versions/A/Frameworks/ATS.framework/Versions/A/ATS
0x00007fff2be52000 	/System/Library/Frameworks/ApplicationServices.framework/Versions/A/Frameworks/ColorSyncLegacy.framework/Versions/A/ColorSyncLegacy
0x00007fff2bef0000 	/System/Library/Frameworks/ApplicationServices.framework/Versions/A/Frameworks/HIServices.framework/Versions/A/HIServices
0x00007fff2bf48000 	/System/Library/Frameworks/ApplicationServices.framework/Versions/A/Frameworks/LangAnalysis.framework/Versions/A/LangAnalysis
0x00007fff2bf57000 	/System/Library/Frameworks/ApplicationServices.framework/Versions/A/Frameworks/PrintCore.framework/Versions/A/PrintCore
0x00007fff2bf9d000 	/System/Library/Frameworks/ApplicationServices.framework/Versions/A/Frameworks/QD.framework/Versions/A/QD
0x00007fff2bfa8000 	/System/Library/Frameworks/ApplicationServices.framework/Versions/A/Frameworks/SpeechSynthesis.framework/Versions/A/SpeechSynthesis
0x00007fff2be22000 	/System/Library/Frameworks/ApplicationServices.framework/Versions/A/Frameworks/ATSUI.framework/Versions/A/ATSUI
0x00007fff658c1000 	/usr/lib/libcups.2.dylib
0x00007fff3256f000 	/System/Library/Frameworks/Kerberos.framework/Versions/A/Kerberos
0x00007fff306b0000 	/System/Library/Frameworks/GSS.framework/Versions/A/GSS
0x00007fff66c00000 	/usr/lib/libresolv.9.dylib
0x00007fff506d5000 	/System/Library/PrivateFrameworks/Heimdal.framework/Versions/A/Heimdal
0x00007fff32582000 	/System/Library/Frameworks/Kerberos.framework/Versions/A/Libraries/libHeimdalProxy.dylib
0x00007fff65a68000 	/usr/lib/libheimdal-asn1.dylib
0x00007fff449c7000 	/System/Library/PrivateFrameworks/CommonAuth.framework/Versions/A/CommonAuth
0x00007fff41c16000 	/System/Library/PrivateFrameworks/AssertionServices.framework/Versions/A/AssertionServices
0x00007fff427b9000 	/System/Library/PrivateFrameworks/AudioToolboxCore.framework/Versions/A/AudioToolboxCore
0x00007fff61886000 	/System/Library/PrivateFrameworks/caulk.framework/Versions/A/caulk
0x00007fff42d82000 	/System/Library/PrivateFrameworks/BaseBoard.framework/Versions/A/BaseBoard
0x00007fff59ed0000 	/System/Library/PrivateFrameworks/RunningBoardServices.framework/Versions/A/RunningBoardServices
0x00007fff56ee1000 	/System/Library/PrivateFrameworks/PersistentConnection.framework/Versions/A/PersistentConnection
0x00007fff598c9000 	/System/Library/PrivateFrameworks/ProtocolBuffer.framework/Versions/A/ProtocolBuffer
0x00007fff449eb000 	/System/Library/PrivateFrameworks/CommonUtilities.framework/Versions/A/CommonUtilities
0x00007fff42f10000 	/System/Library/PrivateFrameworks/Bom.framework/Versions/A/Bom
0x00007fff646bc000 	/usr/lib/libAudioToolboxUtility.dylib
0x00007fff42ce0000 	/System/Library/PrivateFrameworks/Backup.framework/Versions/A/Backup
0x00007fff47abd000 	/System/Library/PrivateFrameworks/CrashReporterSupport.framework/Versions/A/CrashReporterSupport
0x00007fff5b962000 	/System/Library/PrivateFrameworks/Sharing.framework/Versions/A/Sharing
0x00007fff41224000 	/System/Library/PrivateFrameworks/Apple80211.framework/Versions/A/Apple80211
0x00007fff429fd000 	/System/Library/PrivateFrameworks/AuthKit.framework/Versions/A/AuthKit
0x00007fff477ca000 	/System/Library/PrivateFrameworks/CoreUtils.framework/Versions/A/CoreUtils
0x00007fff2fc19000 	/System/Library/Frameworks/CoreWLAN.framework/Versions/A/CoreWLAN
0x00007fff3083d000 	/System/Library/Frameworks/IOBluetooth.framework/Versions/A/IOBluetooth
0x00007fff54a9c000 	/System/Library/PrivateFrameworks/MobileKeyBag.framework/Versions/A/MobileKeyBag
0x00007fff465cf000 	/System/Library/PrivateFrameworks/CorePhoneNumbers.framework/Versions/A/CorePhoneNumbers
0x00007fff41614000 	/System/Library/PrivateFrameworks/AppleIDAuthSupport.framework/Versions/A/AppleIDAuthSupport
0x00007fff34571000 	/System/Library/Frameworks/Network.framework/Versions/A/Network
0x00007fff5316a000 	/System/Library/PrivateFrameworks/KeychainCircle.framework/Versions/A/KeychainCircle
0x00007fff2d66a000 	/System/Library/Frameworks/CoreBluetooth.framework/Versions/A/CoreBluetooth
0x00007fff5d9e1000 	/System/Library/PrivateFrameworks/SpeechRecognitionCore.framework/Versions/A/SpeechRecognitionCore
0x00007fff20c8c000 	/System/Library/CoreServices/Encodings/libSimplifiedChineseConverter.dylib
0x0000000110600000 	/usr/local/Cellar/openjdk/14.0.1/libexec/openjdk.jdk/Contents/Home/lib/server/libjvm.dylib
0x000000010fd5e000 	/usr/local/Cellar/openjdk/14.0.1/libexec/openjdk.jdk/Contents/Home/lib/libjimage.dylib
0x000000010fd70000 	/usr/local/Cellar/openjdk/14.0.1/libexec/openjdk.jdk/Contents/Home/lib/libjava.dylib
0x000000010fd95000 	/usr/local/Cellar/openjdk/14.0.1/libexec/openjdk.jdk/Contents/Home/lib/libzip.dylib
0x0000000114a34000 	/usr/local/Cellar/openjdk/14.0.1/libexec/openjdk.jdk/Contents/Home/lib/libnio.dylib
0x0000000114a44000 	/usr/local/Cellar/openjdk/14.0.1/libexec/openjdk.jdk/Contents/Home/lib/libnet.dylib
0x0000000114a59000 	/usr/local/Cellar/openjdk/14.0.1/libexec/openjdk.jdk/Contents/Home/lib/libverify.dylib
0x0000000114a64000 	/usr/local/Cellar/maven/3.6.3_1/libexec/lib/jansi-native/osx/libjansi.jnilib


VM Arguments:
jvm_args: -Dclassworlds.conf=/usr/local/Cellar/maven/3.6.3_1/libexec/bin/m2.conf -Dmaven.home=/usr/local/Cellar/maven/3.6.3_1/libexec -Dlibrary.jansi.path=/usr/local/Cellar/maven/3.6.3_1/libexec/lib/jansi-native -Dmaven.multiModuleProjectDirectory=/Library/WebServer/Documents/hwwd 
java_command: org.codehaus.plexus.classworlds.launcher.Launcher package
java_class_path (initial): /usr/local/Cellar/maven/3.6.3_1/libexec/boot/plexus-classworlds-2.6.0.jar
Launcher Type: SUN_STANDARD

[Global flags]
     intx CICompilerCount                          = 3                                         {product} {ergonomic}
     uint ConcGCThreads                            = 1                                         {product} {ergonomic}
     uint G1ConcRefinementThreads                  = 4                                         {product} {ergonomic}
   size_t G1HeapRegionSize                         = 1048576                                   {product} {ergonomic}
    uintx GCDrainStackTargetSize                   = 64                                        {product} {ergonomic}
   size_t InitialHeapSize                          = 134217728                                 {product} {ergonomic}
   size_t MarkStackSize                            = 4194304                                   {product} {ergonomic}
   size_t MaxHeapSize                              = 2147483648                                {product} {ergonomic}
   size_t MaxNewSize                               = 1287651328                                {product} {ergonomic}
   size_t MinHeapDeltaBytes                        = 1048576                                   {product} {ergonomic}
   size_t MinHeapSize                              = 8388608                                   {product} {ergonomic}
    uintx NonNMethodCodeHeapSize                   = 5832780                                {pd product} {ergonomic}
    uintx NonProfiledCodeHeapSize                  = 122912730                              {pd product} {ergonomic}
    uintx ProfiledCodeHeapSize                     = 122912730                              {pd product} {ergonomic}
    uintx ReservedCodeCacheSize                    = 251658240                              {pd product} {ergonomic}
     bool SegmentedCodeCache                       = true                                      {product} {ergonomic}
   size_t SoftMaxHeapSize                          = 2147483648                             {manageable} {ergonomic}
     bool UseCompressedClassPointers               = true                                 {lp64_product} {ergonomic}
     bool UseCompressedOops                        = true                                 {lp64_product} {ergonomic}
     bool UseG1GC                                  = true                                      {product} {ergonomic}

Logging:
Log output configuration:
 #0: stdout all=warning uptime,level,tags
 #1: stderr all=off uptime,level,tags

Environment Variables:
JAVA_HOME=/usr/local/opt/openjdk/libexec/openjdk.jdk/Contents/Home
PATH=/usr/local/bin:/usr/bin:/bin:/usr/sbin:/sbin
SHELL=/bin/bash

Signal Handlers:
SIGSEGV: [libjvm.dylib+0x7c0dee], sa_mask[0]=11111111011111110111111111111111, sa_flags=SA_ONSTACK|SA_RESTART|SA_SIGINFO
SIGBUS: [libjvm.dylib+0x7c0dee], sa_mask[0]=11111111011111110111111111111111, sa_flags=SA_RESTART|SA_SIGINFO
SIGFPE: [libjvm.dylib+0x7c0dee], sa_mask[0]=11111111011111110111111111111111, sa_flags=SA_RESTART|SA_SIGINFO
SIGPIPE: [libjvm.dylib+0x5fd565], sa_mask[0]=11111111011111110111111111111111, sa_flags=SA_RESTART|SA_SIGINFO
SIGXFSZ: [libjvm.dylib+0x5fd565], sa_mask[0]=11111111011111110111111111111111, sa_flags=SA_RESTART|SA_SIGINFO
SIGILL: [libjvm.dylib+0x7c0dee], sa_mask[0]=11111111011111110111111111111111, sa_flags=SA_RESTART|SA_SIGINFO
SIGUSR2: [libjvm.dylib+0x5fdb37], sa_mask[0]=00000000000000000000000000000000, sa_flags=SA_RESTART|SA_SIGINFO
SIGHUP: [libjvm.dylib+0x5fcb99], sa_mask[0]=11111111011111110111111111111111, sa_flags=SA_RESTART|SA_SIGINFO
SIGINT: [libjvm.dylib+0x5fcb99], sa_mask[0]=11111111011111110111111111111111, sa_flags=SA_RESTART|SA_SIGINFO
SIGTERM: [libjvm.dylib+0x5fcb99], sa_mask[0]=11111111011111110111111111111111, sa_flags=SA_RESTART|SA_SIGINFO
SIGQUIT: [libjvm.dylib+0x5fcb99], sa_mask[0]=11111111011111110111111111111111, sa_flags=SA_RESTART|SA_SIGINFO


---------------  S Y S T E M  ---------------

OS:uname:Darwin 19.6.0 Darwin Kernel Version 19.6.0: Mon Aug 31 22:12:52 PDT 2020; root:xnu-6153.141.2~1/RELEASE_X86_64 x86_64
OS uptime: 0 days 23:58 hours
rlimit: STACK 8192k, CORE 0k, NPROC 1392, NOFILE 10240, AS infinity, DATA infinity, FSIZE infinity
load average:4.74 4.06 5.67

CPU:total 4 (initial active 4) (2 cores per cpu, 2 threads per core) family 6 model 61 stepping 4, cmov, cx8, fxsr, mmx, sse, sse2, sse3, ssse3, sse4.1, sse4.2, popcnt, avx, avx2, aes, clmul, erms, 3dnowpref, lzcnt, ht, tsc, tscinvbit, bmi1, bmi2, adx, fma

Memory: 4k page, physical 8388608k(392040k free), swap 3145728k(721664k free)

vm_info: OpenJDK 64-Bit Server VM (14.0.1+14) for bsd-amd64 JRE (14.0.1+14), built on Jun 30 2020 21:32:48 by "brew" with clang 4.2.1 Compatible Apple LLVM 10.0.0 (clang-1000.11.45.5)

END.
