#
# A fatal error has been detected by the Java Runtime Environment:
#
#  SIGSEGV (0xb) at pc=0x00000001066daaca, pid=27755, tid=40195
#
# JRE version: OpenJDK Runtime Environment (14.0.1+14) (build 14.0.1+14)
# Java VM: OpenJDK 64-Bit Server VM (14.0.1+14, mixed mode, sharing, tiered, compressed oops, g1 gc, bsd-amd64)
# Problematic frame:
# V  [libjvm.dylib+0x2daaca]  G1ParScanThreadState::copy_to_survivor_space(G1HeapRegionAttr, oopDesc*, markWord)+0x44
#
# No core dump will be written. Core dumps have been disabled. To enable core dumping, try "ulimit -c unlimited" before starting Java again
#
# If you would like to submit a bug report, please visit:
#   https://bugreport.java.com/bugreport/crash.jsp
#

---------------  S U M M A R Y ------------

Command Line: -Dclassworlds.conf=/usr/local/Cellar/maven/3.6.3_1/libexec/bin/m2.conf -Dmaven.home=/usr/local/Cellar/maven/3.6.3_1/libexec -Dlibrary.jansi.path=/usr/local/Cellar/maven/3.6.3_1/libexec/lib/jansi-native -Dmaven.multiModuleProjectDirectory=/Library/WebServer/Documents/hwwd org.codehaus.plexus.classworlds.launcher.Launcher spring-boot:run

Host: MacBookAir7,2 x86_64 1600 MHz, 4 cores, 8G, Darwin 19.6.0
Time: Wed Oct 28 11:35:50 2020 CET elapsed time: 6 seconds (0d 0h 0m 6s)

---------------  T H R E A D  ---------------

Current thread (0x00007fa8280e6000):  GCTaskThread "GC Thread#2" [stack: 0x000070000a3ed000,0x000070000a4ed000] [id=40195]

Stack: [0x000070000a3ed000,0x000070000a4ed000],  sp=0x000070000a4ecc20,  free space=1023k
Native frames: (J=compiled Java code, A=aot compiled Java code, j=interpreted, Vv=VM code, C=native code)
V  [libjvm.dylib+0x2daaca]  G1ParScanThreadState::copy_to_survivor_space(G1HeapRegionAttr, oopDesc*, markWord)+0x44
V  [libjvm.dylib+0x2af002]  void G1ParScanThreadState::do_oop_evac<unsigned int>(unsigned int*)+0x92
V  [libjvm.dylib+0x2d90e8]  G1ParScanThreadState::trim_queue_to_threshold(unsigned int)+0x1a4
V  [libjvm.dylib+0x2da910]  G1ParScanThreadState::trim_queue()+0x1a
V  [libjvm.dylib+0x2ad1f8]  G1ParEvacuateFollowersClosure::do_void()+0xfe
V  [libjvm.dylib+0x2afc80]  G1EvacuateRegionsBaseTask::evacuate_live_objects(G1ParScanThreadState*, unsigned int, G1GCPhaseTimes::GCParPhases, G1GCPhaseTimes::GCParPhases)+0x7e
V  [libjvm.dylib+0x2afac9]  G1EvacuateRegionsBaseTask::work(unsigned int)+0x97
V  [libjvm.dylib+0x7e948d]  GangWorker::loop()+0x43
V  [libjvm.dylib+0x767f93]  Thread::call_run()+0x71
V  [libjvm.dylib+0x5fb972]  thread_native_entry(Thread*)+0x129
C  [libsystem_pthread.dylib+0x6109]  _pthread_start+0x94
C  [libsystem_pthread.dylib+0x1b8b]  thread_start+0xf


siginfo: si_signo: 11 (SIGSEGV), si_code: 1 (SEGV_MAPERR), si_addr: 0x0000000e6686fa38

Register to memory mapping:

RAX=0x0000000106d90918: _ZN23CompressedKlassPointers13_narrow_klassE+0 in /usr/local/Cellar/openjdk/14.0.1/libexec/openjdk.jdk/Contents/Home/lib/server/libjvm.dylib at 0x0000000106400000
RBX=0x00007fa82b228bb0 points into unknown readable memory: c0 b1 d6 06 01 00 00 00
RCX=0xf0cfc2f400062a03 is an unknown value
RDX=0x00000007867e1701 is pointing into object: [B 
{0x00000007867e16f8} - klass: {type array byte}
 - length: 9
RSP=0x000070000a4ecc20 points into unknown readable memory: 88 86 1b 00 08 00 00 00
RBP=0x000070000a4ecc90 points into unknown readable memory: c0 cc 4e 0a 00 70 00 00
RSI=0x0000000000000001 is an unknown value
RDI=0x0000000e6686fa30 is an unknown value
R8 =0x0000000000000003 is an unknown value
R9 =0x0 is NULL
R10=0x0000000106d90918: _ZN23CompressedKlassPointers13_narrow_klassE+0 in /usr/local/Cellar/openjdk/14.0.1/libexec/openjdk.jdk/Contents/Home/lib/server/libjvm.dylib at 0x0000000106400000
R11=0xfffffffffd057a50 is an unknown value
R12=0xf0cfc2f400062abe is an unknown value
R13=0x00007fa827d1cc30 points into unknown readable memory: d0 93 d6 06 01 00 00 00
R14=0x0000000000000001 is an unknown value
R15=0x00000007867e1790 is pointing into object: java.lang.String 
{0x00000007867e1788} - klass: 'java/lang/String'


Registers:
RAX=0x0000000106d90918, RBX=0x00007fa82b228bb0, RCX=0xf0cfc2f400062a03, RDX=0x00000007867e1701
RSP=0x000070000a4ecc20, RBP=0x000070000a4ecc90, RSI=0x0000000000000001, RDI=0x0000000e6686fa30
R8 =0x0000000000000003, R9 =0x0000000000000000, R10=0x0000000106d90918, R11=0xfffffffffd057a50
R12=0xf0cfc2f400062abe, R13=0x00007fa827d1cc30, R14=0x0000000000000001, R15=0x00000007867e1790
RIP=0x00000001066daaca, EFLAGS=0x0000000000010206, ERR=0x0000000000000004
  TRAPNO=0x000000000000000e

Top of Stack: (sp=0x000070000a4ecc20)
0x000070000a4ecc20:   00000008001b8688 00007fa827d3fa60
0x000070000a4ecc30:   0000000000000000 000000012b228d50
0x000070000a4ecc40:   00007fa82b228bb0 00000007867e98b8
0x000070000a4ecc50:   0000000000000005 0000000000000004
0x000070000a4ecc60:   00010007807d01a0 0000000000000003
0x000070000a4ecc70:   0000000106d90908 00007fa827d1cc30
0x000070000a4ecc80:   00007fa82b228bb0 0000000783843b90
0x000070000a4ecc90:   000070000a4eccc0 00000001066af002
0x000070000a4ecca0:   00007fa82b228bb0 000000000001ffff
0x000070000a4eccb0:   0000000000000000 00007fa82b228bb0
0x000070000a4eccc0:   000070000a4ecd10 00000001066d90e8
0x000070000a4eccd0:   010070000a4ecd00 0000000783843b91
0x000070000a4ecce0:   0000000106d90908 00007fa827d1cc30
0x000070000a4eccf0:   00007fa82b228bb0 0000000000000001
0x000070000a4ecd00:   000000000001ffff 000070000a4ecd68
0x000070000a4ecd10:   000070000a4ecd30 00000001066da910
0x000070000a4ecd20:   00007fa82b228bb0 000070000a4ecde0
0x000070000a4ecd30:   000070000a4ecdd0 00000001066ad1f8
0x000070000a4ecd40:   0000000000000000 0000000000000000
0x000070000a4ecd50:   0000000000000000 000070000a4ecdb0
0x000070000a4ecd60:   000070000a4ecda0 0000000783a248b5
0x000070000a4ecd70:   0000000000000000 0000000000000000
0x000070000a4ecd80:   000070000a4ecd00 0000000106b77495
0x000070000a4ecd90:   000070000a4ecda0 00000001069fbe2b
0x000070000a4ecda0:   000070000a4ecdb0 000070000a4ecde0
0x000070000a4ecdb0:   0000000000000015 00007fa82b228bb0
0x000070000a4ecdc0:   00007fa827d19d00 000000018d249a9f
0x000070000a4ecdd0:   000070000a4ece60 00000001066afc80
0x000070000a4ecde0:   0000000106d68f20 0000000000000000
0x000070000a4ecdf0:   0000000000000000 0000000000000000
0x000070000a4ece00:   00007fa829014000 00007fa82b228bb0
0x000070000a4ece10:   00007fa827d1cc30 00007fa82ad4ea10 

Instructions: (pc=0x00000001066daaca)
0x00000001066da9ca:   5f 5d c3 90 55 48 89 e5 44 8b 55 10 c1 ee 08 40
0x00000001066da9da:   0f b6 c6 4c 8b 9f 90 00 00 00 84 c0 48 0f be c0
0x00000001066da9ea:   4d 8b 5c c3 10 4b 8d 04 d3 49 0f 45 c3 49 89 ca
0x00000001066da9fa:   4c 8b 18 4d 39 4b 28 76 04 31 c0 eb 07 4d 39 4b
0x00000001066daa0a:   40 0f 97 c0 48 8b 4f 08 48 8b b9 d0 02 00 00 48
0x00000001066daa1a:   8d 0d e1 3e 71 00 80 39 00 74 16 8b 52 08 4c 8d
0x00000001066daa2a:   0d e9 5e 6b 00 41 8a 49 08 48 d3 e2 49 03 11 eb
0x00000001066daa3a:   04 48 8b 52 08 49 c1 e2 03 84 c0 74 23 31 c0 40
0x00000001066daa4a:   80 fe 01 0f 94 c0 4d 8b 4b 20 49 c1 e1 03 48 89
0x00000001066daa5a:   d6 4c 89 d2 44 89 c1 41 89 c0 5d e9 9c d1 01 00
0x00000001066daa6a:   31 c0 40 80 fe 01 0f 94 c0 48 89 d6 4c 89 d2 44
0x00000001066daa7a:   89 c1 41 89 c0 5d e9 8b d1 01 00 90 55 48 89 e5
0x00000001066daa8a:   41 57 41 56 41 55 41 54 53 48 83 ec 48 49 89 cc
0x00000001066daa9a:   49 89 d7 41 89 f6 48 89 fb 48 8d 05 57 3e 71 00
0x00000001066daaaa:   8a 10 84 d2 74 16 41 8b 7f 08 48 8d 05 5d 5e 6b
0x00000001066daaba:   00 8a 48 08 48 d3 e7 48 03 38 eb 04 49 8b 7f 08
0x00000001066daaca:   8b 47 08 85 c0 7e 09 a8 01 75 07 c1 e8 03 eb 46
0x00000001066daada:   78 0e 48 8b 07 4c 89 fe ff 90 f8 00 00 00 eb 36
0x00000001066daaea:   31 c9 84 d2 0f 94 c1 49 63 54 8f 0c 89 c1 48 d3
0x00000001066daafa:   e2 c1 e8 10 0f b6 c8 48 01 d1 48 8d 05 f9 79 6b
0x00000001066dab0a:   00 48 63 00 48 8d 4c 08 ff 48 ff c8 48 f7 d0 48
0x00000001066dab1a:   21 c8 48 c1 e8 03 41 0f b7 f6 45 31 ed 81 fe ff
0x00000001066dab2a:   00 00 00 77 24 4d 89 e5 41 f6 c4 01 75 0a 4c 89
0x00000001066dab3a:   e1 48 83 e1 fd 4c 8b 29 41 c1 ed 03 41 83 e5 0f
0x00000001066dab4a:   44 3b ab 9c 01 00 00 72 11 41 c1 ee 08 49 0f be
0x00000001066dab5a:   ce 44 0f b7 b4 4b 98 01 00 00 66 44 89 75 d6 44
0x00000001066dab6a:   89 f2 c1 ea 08 80 bb 08 02 00 00 00 74 1b 80 fa
0x00000001066dab7a:   01 75 16 48 89 df 4c 89 fe 4c 89 e2 e8 e3 03 00
0x00000001066dab8a:   00 49 89 c4 e9 b8 03 00 00 89 75 ac 4c 89 65 c0
0x00000001066dab9a:   4c 63 c0 48 8b 43 08 48 89 5d b0 48 8b b3 90 00
0x00000001066dabaa:   00 00 48 8b 80 00 01 00 00 8a 48 68 4c 89 7d b8
0x00000001066dabba:   49 d3 ef 48 8b 40 58 4a 8b 3c f8 8b 8f 10 01 00 


Stack slot to memory mapping:
stack at sp + 0 slots: 0x00000008001b8688 is pointing into metadata
stack at sp + 1 slots: 0x00007fa827d3fa60 points into unknown readable memory: 00 00 70 86 07 00 00 00
stack at sp + 2 slots: 0x0 is NULL
stack at sp + 3 slots: 0x000000012b228d50 is an unknown value
stack at sp + 4 slots: 0x00007fa82b228bb0 points into unknown readable memory: c0 b1 d6 06 01 00 00 00
stack at sp + 5 slots: 0x00000007867e98b8 is an oop: java.util.HashMap$Node 
{0x00000007867e98b8} - klass: 'java/util/HashMap$Node'
stack at sp + 6 slots: 0x0000000000000005 is an unknown value
stack at sp + 7 slots: 0x0000000000000004 is an unknown value


---------------  P R O C E S S  ---------------

Threads class SMR info:
_java_thread_list=0x00007fa827d76e10, length=10, elements={
0x00007fa828810000, 0x00007fa8290a2000, 0x00007fa8290a5000, 0x00007fa8290a7000,
0x00007fa8290b4800, 0x00007fa8290b7800, 0x00007fa82980f800, 0x00007fa828026000,
0x00007fa828023800, 0x00007fa8290c8800
}

Java Threads: ( => current thread )
  0x00007fa828810000 JavaThread "main" [_thread_blocked, id=7427, stack(0x00007000090b1000,0x00007000091b1000)]
  0x00007fa8290a2000 JavaThread "Reference Handler" daemon [_thread_blocked, id=14339, stack(0x00007000097c6000,0x00007000098c6000)]
  0x00007fa8290a5000 JavaThread "Finalizer" daemon [_thread_blocked, id=15107, stack(0x00007000098c9000,0x00007000099c9000)]
  0x00007fa8290a7000 JavaThread "Signal Dispatcher" daemon [_thread_blocked, id=22531, stack(0x0000700009ad2000,0x0000700009bd2000)]
  0x00007fa8290b4800 JavaThread "Service Thread" daemon [_thread_blocked, id=22787, stack(0x0000700009bd5000,0x0000700009cd5000)]
  0x00007fa8290b7800 JavaThread "C2 CompilerThread0" daemon [_thread_blocked, id=42499, stack(0x0000700009cd8000,0x0000700009dd8000)]
  0x00007fa82980f800 JavaThread "C1 CompilerThread0" daemon [_thread_blocked, id=41987, stack(0x0000700009ddb000,0x0000700009edb000)]
  0x00007fa828026000 JavaThread "Sweeper thread" daemon [_thread_blocked, id=41475, stack(0x0000700009ede000,0x0000700009fde000)]
  0x00007fa828023800 JavaThread "Notification Thread" daemon [_thread_blocked, id=24067, stack(0x0000700009fe1000,0x000070000a0e1000)]
  0x00007fa8290c8800 JavaThread "Common-Cleaner" daemon [_thread_blocked, id=24835, stack(0x000070000a1e7000,0x000070000a2e7000)]

Other Threads:
  0x00007fa828811000 VMThread "VM Thread" [stack: 0x00007000096c3000,0x00007000097c3000] [id=18435]
  0x00007fa828812800 WatcherThread [stack: 0x000070000a0e4000,0x000070000a1e4000] [id=40963]
  0x00007fa829031000 GCTaskThread "GC Thread#0" [stack: 0x00007000091b4000,0x00007000092b4000] [id=13059]
  0x00007fa828997800 GCTaskThread "GC Thread#1" [stack: 0x000070000a2ea000,0x000070000a3ea000] [id=25347]
=>0x00007fa8280e6000 GCTaskThread "GC Thread#2" [stack: 0x000070000a3ed000,0x000070000a4ed000] [id=40195]
  0x00007fa829042000 ConcurrentGCThread "G1 Main Marker" [stack: 0x00007000092b7000,0x00007000093b7000] [id=19971]
  0x00007fa829043000 ConcurrentGCThread "G1 Conc#0" [stack: 0x00007000093ba000,0x00007000094ba000] [id=13315]
  0x00007fa82908e800 ConcurrentGCThread "G1 Refine#0" [stack: 0x00007000094bd000,0x00007000095bd000] [id=13827]
  0x00007fa82908f800 ConcurrentGCThread "G1 Young RemSet Sampling" [stack: 0x00007000095c0000,0x00007000096c0000] [id=14083]

Threads with active compile tasks:
C2 CompilerThread0     6684 3745       4       org.apache.maven.model.ConfigurationContainer::setLocation (156 bytes)

VM state:at safepoint (normal execution)

VM Mutex/Monitor currently owned by a thread:  ([mutex/lock_event])
[0x00007fa827d132a0] Threads_lock - owner thread: 0x00007fa828811000
[0x00007fa827d13f60] Heap_lock - owner thread: 0x00007fa828810000

Heap address: 0x0000000780000000, size: 2048 MB, Compressed Oops mode: Zero based, Oop shift amount: 3
Narrow klass base: 0x0000000800000000, Narrow klass shift: 3
Compressed class space size: 1073741824 Address: 0x0000000800b19000

Heap:
 garbage-first heap   total 133120K, used 81138K [0x0000000780000000, 0x0000000800000000)
  region size 1024K, 74 young (75776K), 5 survivors (5120K)
 Metaspace       used 15258K, capacity 16863K, committed 17152K, reserved 1064960K
  class space    used 1685K, capacity 1946K, committed 2048K, reserved 1048576K
Heap Regions: E=young(eden), S=young(survivor), O=old, HS=humongous(starts), HC=humongous(continues), CS=collection set, F=free, OA=open archive, CA=closed archive, TAMS=top-at-mark-start (previous, next)
|   0|0x0000000780000000, 0x0000000780100000, 0x0000000780100000|100%| O|  |TAMS 0x0000000780000000, 0x0000000780000000| Untracked 
|   1|0x0000000780100000, 0x0000000780200000, 0x0000000780200000|100%| O|  |TAMS 0x0000000780100000, 0x0000000780100000| Untracked 
|   2|0x0000000780200000, 0x0000000780300000, 0x0000000780300000|100%| O|  |TAMS 0x0000000780200000, 0x0000000780200000| Untracked 
|   3|0x0000000780300000, 0x0000000780400000, 0x0000000780400000|100%| O|  |TAMS 0x0000000780300000, 0x0000000780300000| Untracked 
|   4|0x0000000780400000, 0x0000000780500000, 0x0000000780500000|100%| O|  |TAMS 0x0000000780400000, 0x0000000780400000| Untracked 
|   5|0x0000000780500000, 0x0000000780600000, 0x0000000780600000|100%| O|  |TAMS 0x0000000780500000, 0x0000000780500000| Untracked 
|   6|0x0000000780600000, 0x0000000780700000, 0x0000000780700000|100%| O|  |TAMS 0x0000000780600000, 0x0000000780600000| Untracked 
|   7|0x0000000780700000, 0x0000000780800000, 0x0000000780800000|100%| O|  |TAMS 0x0000000780700000, 0x0000000780700000| Untracked 
|   8|0x0000000780800000, 0x00000007808d23d8, 0x0000000780900000| 82%| O|  |TAMS 0x0000000780800000, 0x0000000780800000| Untracked 
|   9|0x0000000780900000, 0x0000000780900000, 0x0000000780a00000|  0%| F|  |TAMS 0x0000000780900000, 0x0000000780900000| Untracked 
|  10|0x0000000780a00000, 0x0000000780a00000, 0x0000000780b00000|  0%| F|  |TAMS 0x0000000780a00000, 0x0000000780a00000| Untracked 
|  11|0x0000000780b00000, 0x0000000780b00000, 0x0000000780c00000|  0%| F|  |TAMS 0x0000000780b00000, 0x0000000780b00000| Untracked 
|  12|0x0000000780c00000, 0x0000000780c00000, 0x0000000780d00000|  0%| F|  |TAMS 0x0000000780c00000, 0x0000000780c00000| Untracked 
|  13|0x0000000780d00000, 0x0000000780d00000, 0x0000000780e00000|  0%| F|  |TAMS 0x0000000780d00000, 0x0000000780d00000| Untracked 
|  14|0x0000000780e00000, 0x0000000780e00000, 0x0000000780f00000|  0%| F|  |TAMS 0x0000000780e00000, 0x0000000780e00000| Untracked 
|  15|0x0000000780f00000, 0x0000000780f00000, 0x0000000781000000|  0%| F|  |TAMS 0x0000000780f00000, 0x0000000780f00000| Untracked 
|  16|0x0000000781000000, 0x0000000781000000, 0x0000000781100000|  0%| F|  |TAMS 0x0000000781000000, 0x0000000781000000| Untracked 
|  17|0x0000000781100000, 0x0000000781100000, 0x0000000781200000|  0%| F|  |TAMS 0x0000000781100000, 0x0000000781100000| Untracked 
|  18|0x0000000781200000, 0x0000000781200000, 0x0000000781300000|  0%| F|  |TAMS 0x0000000781200000, 0x0000000781200000| Untracked 
|  19|0x0000000781300000, 0x0000000781300000, 0x0000000781400000|  0%| F|  |TAMS 0x0000000781300000, 0x0000000781300000| Untracked 
|  20|0x0000000781400000, 0x0000000781400000, 0x0000000781500000|  0%| F|  |TAMS 0x0000000781400000, 0x0000000781400000| Untracked 
|  21|0x0000000781500000, 0x0000000781500000, 0x0000000781600000|  0%| F|  |TAMS 0x0000000781500000, 0x0000000781500000| Untracked 
|  22|0x0000000781600000, 0x0000000781600000, 0x0000000781700000|  0%| F|  |TAMS 0x0000000781600000, 0x0000000781600000| Untracked 
|  23|0x0000000781700000, 0x0000000781700000, 0x0000000781800000|  0%| F|  |TAMS 0x0000000781700000, 0x0000000781700000| Untracked 
|  24|0x0000000781800000, 0x0000000781800000, 0x0000000781900000|  0%| F|  |TAMS 0x0000000781800000, 0x0000000781800000| Untracked 
|  25|0x0000000781900000, 0x0000000781900000, 0x0000000781a00000|  0%| F|  |TAMS 0x0000000781900000, 0x0000000781900000| Untracked 
|  26|0x0000000781a00000, 0x0000000781a00000, 0x0000000781b00000|  0%| F|  |TAMS 0x0000000781a00000, 0x0000000781a00000| Untracked 
|  27|0x0000000781b00000, 0x0000000781b00000, 0x0000000781c00000|  0%| F|  |TAMS 0x0000000781b00000, 0x0000000781b00000| Untracked 
|  28|0x0000000781c00000, 0x0000000781c00000, 0x0000000781d00000|  0%| F|  |TAMS 0x0000000781c00000, 0x0000000781c00000| Untracked 
|  29|0x0000000781d00000, 0x0000000781d00000, 0x0000000781e00000|  0%| F|  |TAMS 0x0000000781d00000, 0x0000000781d00000| Untracked 
|  30|0x0000000781e00000, 0x0000000781e00000, 0x0000000781f00000|  0%| F|  |TAMS 0x0000000781e00000, 0x0000000781e00000| Untracked 
|  31|0x0000000781f00000, 0x0000000781f00000, 0x0000000782000000|  0%| F|  |TAMS 0x0000000781f00000, 0x0000000781f00000| Untracked 
|  32|0x0000000782000000, 0x0000000782000000, 0x0000000782100000|  0%| F|  |TAMS 0x0000000782000000, 0x0000000782000000| Untracked 
|  33|0x0000000782100000, 0x0000000782100000, 0x0000000782200000|  0%| F|  |TAMS 0x0000000782100000, 0x0000000782100000| Untracked 
|  34|0x0000000782200000, 0x0000000782200000, 0x0000000782300000|  0%| F|  |TAMS 0x0000000782200000, 0x0000000782200000| Untracked 
|  35|0x0000000782300000, 0x0000000782300000, 0x0000000782400000|  0%| F|  |TAMS 0x0000000782300000, 0x0000000782300000| Untracked 
|  36|0x0000000782400000, 0x0000000782400000, 0x0000000782500000|  0%| F|  |TAMS 0x0000000782400000, 0x0000000782400000| Untracked 
|  37|0x0000000782500000, 0x0000000782500000, 0x0000000782600000|  0%| F|  |TAMS 0x0000000782500000, 0x0000000782500000| Untracked 
|  38|0x0000000782600000, 0x0000000782600000, 0x0000000782700000|  0%| F|  |TAMS 0x0000000782600000, 0x0000000782600000| Untracked 
|  39|0x0000000782700000, 0x0000000782700000, 0x0000000782800000|  0%| F|  |TAMS 0x0000000782700000, 0x0000000782700000| Untracked 
|  40|0x0000000782800000, 0x0000000782800000, 0x0000000782900000|  0%| F|  |TAMS 0x0000000782800000, 0x0000000782800000| Untracked 
|  41|0x0000000782900000, 0x0000000782900000, 0x0000000782a00000|  0%| F|  |TAMS 0x0000000782900000, 0x0000000782900000| Untracked 
|  42|0x0000000782a00000, 0x0000000782a00000, 0x0000000782b00000|  0%| F|  |TAMS 0x0000000782a00000, 0x0000000782a00000| Untracked 
|  43|0x0000000782b00000, 0x0000000782b00000, 0x0000000782c00000|  0%| F|  |TAMS 0x0000000782b00000, 0x0000000782b00000| Untracked 
|  44|0x0000000782c00000, 0x0000000782c00000, 0x0000000782d00000|  0%| F|  |TAMS 0x0000000782c00000, 0x0000000782c00000| Untracked 
|  45|0x0000000782d00000, 0x0000000782df1b18, 0x0000000782e00000| 94%| E|CS|TAMS 0x0000000782d00000, 0x0000000782d00000| Complete 
|  46|0x0000000782e00000, 0x0000000782f00000, 0x0000000782f00000|100%| E|CS|TAMS 0x0000000782e00000, 0x0000000782e00000| Complete 
|  47|0x0000000782f00000, 0x0000000783000000, 0x0000000783000000|100%| E|CS|TAMS 0x0000000782f00000, 0x0000000782f00000| Complete 
|  48|0x0000000783000000, 0x0000000783100000, 0x0000000783100000|100%| E|CS|TAMS 0x0000000783000000, 0x0000000783000000| Complete 
|  49|0x0000000783100000, 0x0000000783200000, 0x0000000783200000|100%| E|CS|TAMS 0x0000000783100000, 0x0000000783100000| Complete 
|  50|0x0000000783200000, 0x0000000783300000, 0x0000000783300000|100%| E|CS|TAMS 0x0000000783200000, 0x0000000783200000| Complete 
|  51|0x0000000783300000, 0x0000000783400000, 0x0000000783400000|100%| E|CS|TAMS 0x0000000783300000, 0x0000000783300000| Complete 
|  52|0x0000000783400000, 0x0000000783400000, 0x0000000783500000|  0%| F|  |TAMS 0x0000000783400000, 0x0000000783400000| Untracked 
|  53|0x0000000783500000, 0x0000000783500000, 0x0000000783600000|  0%| F|  |TAMS 0x0000000783500000, 0x0000000783500000| Untracked 
|  54|0x0000000783600000, 0x000000078365b038, 0x0000000783700000| 35%| S|  |TAMS 0x0000000783600000, 0x0000000783600000| Complete 
|  55|0x0000000783700000, 0x0000000783800000, 0x0000000783800000|100%| S|  |TAMS 0x0000000783700000, 0x0000000783700000| Complete 
|  56|0x0000000783800000, 0x0000000783900000, 0x0000000783900000|100%| S|  |TAMS 0x0000000783800000, 0x0000000783800000| Complete 
|  57|0x0000000783900000, 0x0000000783a00000, 0x0000000783a00000|100%| S|  |TAMS 0x0000000783900000, 0x0000000783900000| Complete 
|  58|0x0000000783a00000, 0x0000000783b00000, 0x0000000783b00000|100%| S|  |TAMS 0x0000000783a00000, 0x0000000783a00000| Complete 
|  59|0x0000000783b00000, 0x0000000783c00000, 0x0000000783c00000|100%| E|CS|TAMS 0x0000000783b00000, 0x0000000783b00000| Complete 
|  60|0x0000000783c00000, 0x0000000783d00000, 0x0000000783d00000|100%| E|CS|TAMS 0x0000000783c00000, 0x0000000783c00000| Complete 
|  61|0x0000000783d00000, 0x0000000783e00000, 0x0000000783e00000|100%| E|CS|TAMS 0x0000000783d00000, 0x0000000783d00000| Complete 
|  62|0x0000000783e00000, 0x0000000783f00000, 0x0000000783f00000|100%| E|CS|TAMS 0x0000000783e00000, 0x0000000783e00000| Complete 
|  63|0x0000000783f00000, 0x0000000784000000, 0x0000000784000000|100%| E|CS|TAMS 0x0000000783f00000, 0x0000000783f00000| Complete 
|  64|0x0000000784000000, 0x0000000784100000, 0x0000000784100000|100%| E|CS|TAMS 0x0000000784000000, 0x0000000784000000| Complete 
|  65|0x0000000784100000, 0x0000000784200000, 0x0000000784200000|100%| E|CS|TAMS 0x0000000784100000, 0x0000000784100000| Complete 
|  66|0x0000000784200000, 0x0000000784300000, 0x0000000784300000|100%| E|CS|TAMS 0x0000000784200000, 0x0000000784200000| Complete 
|  67|0x0000000784300000, 0x0000000784400000, 0x0000000784400000|100%| E|CS|TAMS 0x0000000784300000, 0x0000000784300000| Complete 
|  68|0x0000000784400000, 0x0000000784500000, 0x0000000784500000|100%| E|CS|TAMS 0x0000000784400000, 0x0000000784400000| Complete 
|  69|0x0000000784500000, 0x0000000784600000, 0x0000000784600000|100%| E|CS|TAMS 0x0000000784500000, 0x0000000784500000| Complete 
|  70|0x0000000784600000, 0x0000000784700000, 0x0000000784700000|100%| E|CS|TAMS 0x0000000784600000, 0x0000000784600000| Complete 
|  71|0x0000000784700000, 0x0000000784800000, 0x0000000784800000|100%| E|CS|TAMS 0x0000000784700000, 0x0000000784700000| Complete 
|  72|0x0000000784800000, 0x0000000784900000, 0x0000000784900000|100%| E|CS|TAMS 0x0000000784800000, 0x0000000784800000| Complete 
|  73|0x0000000784900000, 0x0000000784a00000, 0x0000000784a00000|100%| E|CS|TAMS 0x0000000784900000, 0x0000000784900000| Complete 
|  74|0x0000000784a00000, 0x0000000784b00000, 0x0000000784b00000|100%| E|CS|TAMS 0x0000000784a00000, 0x0000000784a00000| Complete 
|  75|0x0000000784b00000, 0x0000000784c00000, 0x0000000784c00000|100%| E|CS|TAMS 0x0000000784b00000, 0x0000000784b00000| Complete 
|  76|0x0000000784c00000, 0x0000000784d00000, 0x0000000784d00000|100%| E|CS|TAMS 0x0000000784c00000, 0x0000000784c00000| Complete 
|  77|0x0000000784d00000, 0x0000000784e00000, 0x0000000784e00000|100%| E|CS|TAMS 0x0000000784d00000, 0x0000000784d00000| Complete 
|  78|0x0000000784e00000, 0x0000000784f00000, 0x0000000784f00000|100%| E|CS|TAMS 0x0000000784e00000, 0x0000000784e00000| Complete 
|  79|0x0000000784f00000, 0x0000000785000000, 0x0000000785000000|100%| E|CS|TAMS 0x0000000784f00000, 0x0000000784f00000| Complete 
|  80|0x0000000785000000, 0x0000000785100000, 0x0000000785100000|100%| E|CS|TAMS 0x0000000785000000, 0x0000000785000000| Complete 
|  81|0x0000000785100000, 0x0000000785200000, 0x0000000785200000|100%| E|CS|TAMS 0x0000000785100000, 0x0000000785100000| Complete 
|  82|0x0000000785200000, 0x0000000785300000, 0x0000000785300000|100%| E|CS|TAMS 0x0000000785200000, 0x0000000785200000| Complete 
|  83|0x0000000785300000, 0x0000000785400000, 0x0000000785400000|100%| E|CS|TAMS 0x0000000785300000, 0x0000000785300000| Complete 
|  84|0x0000000785400000, 0x0000000785500000, 0x0000000785500000|100%| E|CS|TAMS 0x0000000785400000, 0x0000000785400000| Complete 
|  85|0x0000000785500000, 0x0000000785600000, 0x0000000785600000|100%| E|CS|TAMS 0x0000000785500000, 0x0000000785500000| Complete 
|  86|0x0000000785600000, 0x0000000785700000, 0x0000000785700000|100%| E|CS|TAMS 0x0000000785600000, 0x0000000785600000| Complete 
|  87|0x0000000785700000, 0x0000000785800000, 0x0000000785800000|100%| E|CS|TAMS 0x0000000785700000, 0x0000000785700000| Complete 
|  88|0x0000000785800000, 0x0000000785900000, 0x0000000785900000|100%| E|CS|TAMS 0x0000000785800000, 0x0000000785800000| Complete 
|  89|0x0000000785900000, 0x0000000785a00000, 0x0000000785a00000|100%| E|CS|TAMS 0x0000000785900000, 0x0000000785900000| Complete 
|  90|0x0000000785a00000, 0x0000000785b00000, 0x0000000785b00000|100%| E|CS|TAMS 0x0000000785a00000, 0x0000000785a00000| Complete 
|  91|0x0000000785b00000, 0x0000000785c00000, 0x0000000785c00000|100%| E|CS|TAMS 0x0000000785b00000, 0x0000000785b00000| Complete 
|  92|0x0000000785c00000, 0x0000000785d00000, 0x0000000785d00000|100%| E|CS|TAMS 0x0000000785c00000, 0x0000000785c00000| Complete 
|  93|0x0000000785d00000, 0x0000000785e00000, 0x0000000785e00000|100%| E|CS|TAMS 0x0000000785d00000, 0x0000000785d00000| Complete 
|  94|0x0000000785e00000, 0x0000000785f00000, 0x0000000785f00000|100%| E|CS|TAMS 0x0000000785e00000, 0x0000000785e00000| Complete 
|  95|0x0000000785f00000, 0x0000000786000000, 0x0000000786000000|100%| E|CS|TAMS 0x0000000785f00000, 0x0000000785f00000| Complete 
|  96|0x0000000786000000, 0x0000000786100000, 0x0000000786100000|100%| E|CS|TAMS 0x0000000786000000, 0x0000000786000000| Complete 
|  97|0x0000000786100000, 0x0000000786200000, 0x0000000786200000|100%| E|CS|TAMS 0x0000000786100000, 0x0000000786100000| Complete 
|  98|0x0000000786200000, 0x0000000786300000, 0x0000000786300000|100%| E|CS|TAMS 0x0000000786200000, 0x0000000786200000| Complete 
|  99|0x0000000786300000, 0x0000000786400000, 0x0000000786400000|100%| E|CS|TAMS 0x0000000786300000, 0x0000000786300000| Complete 
| 100|0x0000000786400000, 0x0000000786500000, 0x0000000786500000|100%| E|CS|TAMS 0x0000000786400000, 0x0000000786400000| Complete 
| 101|0x0000000786500000, 0x0000000786600000, 0x0000000786600000|100%| E|CS|TAMS 0x0000000786500000, 0x0000000786500000| Complete 
| 102|0x0000000786600000, 0x0000000786700000, 0x0000000786700000|100%| E|CS|TAMS 0x0000000786600000, 0x0000000786600000| Complete 
| 103|0x0000000786700000, 0x0000000786800000, 0x0000000786800000|100%| E|CS|TAMS 0x0000000786700000, 0x0000000786700000| Complete 
| 104|0x0000000786800000, 0x0000000786900000, 0x0000000786900000|100%| E|CS|TAMS 0x0000000786800000, 0x0000000786800000| Complete 
| 105|0x0000000786900000, 0x0000000786a00000, 0x0000000786a00000|100%| E|CS|TAMS 0x0000000786900000, 0x0000000786900000| Complete 
| 106|0x0000000786a00000, 0x0000000786b00000, 0x0000000786b00000|100%| E|CS|TAMS 0x0000000786a00000, 0x0000000786a00000| Complete 
| 107|0x0000000786b00000, 0x0000000786c00000, 0x0000000786c00000|100%| E|CS|TAMS 0x0000000786b00000, 0x0000000786b00000| Complete 
| 108|0x0000000786c00000, 0x0000000786d00000, 0x0000000786d00000|100%| E|CS|TAMS 0x0000000786c00000, 0x0000000786c00000| Complete 
| 109|0x0000000786d00000, 0x0000000786e00000, 0x0000000786e00000|100%| E|CS|TAMS 0x0000000786d00000, 0x0000000786d00000| Complete 
| 110|0x0000000786e00000, 0x0000000786f00000, 0x0000000786f00000|100%| E|CS|TAMS 0x0000000786e00000, 0x0000000786e00000| Complete 
| 111|0x0000000786f00000, 0x0000000787000000, 0x0000000787000000|100%| E|CS|TAMS 0x0000000786f00000, 0x0000000786f00000| Complete 
| 112|0x0000000787000000, 0x0000000787100000, 0x0000000787100000|100%| E|CS|TAMS 0x0000000787000000, 0x0000000787000000| Complete 
| 113|0x0000000787100000, 0x0000000787200000, 0x0000000787200000|100%| E|CS|TAMS 0x0000000787100000, 0x0000000787100000| Complete 
| 114|0x0000000787200000, 0x0000000787300000, 0x0000000787300000|100%| E|CS|TAMS 0x0000000787200000, 0x0000000787200000| Complete 
| 115|0x0000000787300000, 0x0000000787400000, 0x0000000787400000|100%| E|CS|TAMS 0x0000000787300000, 0x0000000787300000| Complete 
| 116|0x0000000787400000, 0x0000000787500000, 0x0000000787500000|100%| E|CS|TAMS 0x0000000787400000, 0x0000000787400000| Complete 
| 117|0x0000000787500000, 0x0000000787600000, 0x0000000787600000|100%| E|CS|TAMS 0x0000000787500000, 0x0000000787500000| Complete 
| 118|0x0000000787600000, 0x0000000787700000, 0x0000000787700000|100%| E|CS|TAMS 0x0000000787600000, 0x0000000787600000| Complete 
| 119|0x0000000787700000, 0x0000000787800000, 0x0000000787800000|100%| E|CS|TAMS 0x0000000787700000, 0x0000000787700000| Complete 
| 120|0x0000000787800000, 0x0000000787900000, 0x0000000787900000|100%| E|CS|TAMS 0x0000000787800000, 0x0000000787800000| Complete 
| 121|0x0000000787900000, 0x0000000787a00000, 0x0000000787a00000|100%| E|CS|TAMS 0x0000000787900000, 0x0000000787900000| Complete 
| 122|0x0000000787a00000, 0x0000000787b00000, 0x0000000787b00000|100%| E|CS|TAMS 0x0000000787a00000, 0x0000000787a00000| Complete 
| 123|0x0000000787b00000, 0x0000000787c00000, 0x0000000787c00000|100%| E|CS|TAMS 0x0000000787b00000, 0x0000000787b00000| Complete 
| 124|0x0000000787c00000, 0x0000000787d00000, 0x0000000787d00000|100%| E|CS|TAMS 0x0000000787c00000, 0x0000000787c00000| Complete 
| 125|0x0000000787d00000, 0x0000000787e00000, 0x0000000787e00000|100%| E|CS|TAMS 0x0000000787d00000, 0x0000000787d00000| Complete 
| 126|0x0000000787e00000, 0x0000000787f00000, 0x0000000787f00000|100%| E|CS|TAMS 0x0000000787e00000, 0x0000000787e00000| Complete 
| 127|0x0000000787f00000, 0x0000000788000000, 0x0000000788000000|100%| E|CS|TAMS 0x0000000787f00000, 0x0000000787f00000| Complete 
|1022|0x00000007bfe00000, 0x00000007bfe52000, 0x00000007bff00000| 32%|OA|  |TAMS 0x00000007bfe00000, 0x00000007bfe00000| Untracked 
|1023|0x00000007bff00000, 0x00000007bff7c000, 0x00000007c0000000| 48%|CA|  |TAMS 0x00000007bff00000, 0x00000007bff00000| Untracked 

Card table byte_map: [0x00000001102aa000,0x00000001106aa000] _byte_map_base: 0x000000010c6aa000

Marking Bits (Prev, Next): (CMBitMap*) 0x00007fa829031a18, (CMBitMap*) 0x00007fa829031a58
 Prev Bits: [0x00000001204a4000, 0x00000001224a4000)
 Next Bits: [0x00000001224a4000, 0x00000001244a4000)

Polling page: 0x0000000105b4f000

Metaspace:

Usage:
  Non-class:     14.57 MB capacity,    13.25 MB ( 91%) used,     1.29 MB (  9%) free+waste,    20.88 KB ( <1%) overhead. 
      Class:      1.90 MB capacity,     1.65 MB ( 87%) used,   251.16 KB ( 13%) free+waste,     9.19 KB ( <1%) overhead. 
       Both:     16.47 MB capacity,    14.90 MB ( 90%) used,     1.54 MB (  9%) free+waste,    30.06 KB ( <1%) overhead. 

Virtual space:
  Non-class space:       16.00 MB reserved,      14.75 MB ( 92%) committed 
      Class space:        1.00 GB reserved,       2.00 MB ( <1%) committed 
             Both:        1.02 GB reserved,      16.75 MB (  2%) committed 

Chunk freelists:
   Non-Class:  59.00 KB
       Class:  2.00 KB
        Both:  61.00 KB

MaxMetaspaceSize: unlimited
CompressedClassSpaceSize: 1.00 GB

CodeHeap 'non-profiled nmethods': size=120032Kb used=1466Kb max_used=1466Kb free=118565Kb
 bounds [0x0000000118f6c000, 0x00000001191dc000, 0x00000001204a4000]
CodeHeap 'profiled nmethods': size=120028Kb used=7829Kb max_used=7829Kb free=112198Kb
 bounds [0x0000000111a35000, 0x00000001121e5000, 0x0000000118f6c000]
CodeHeap 'non-nmethods': size=5700Kb used=1201Kb max_used=1234Kb free=4498Kb
 bounds [0x00000001114a4000, 0x0000000111714000, 0x0000000111a35000]
 total_blobs=4833 nmethods=3736 adapters=376
 compilation: enabled
              stopped_count=0, restarted_count=0
 full_count=0

Compilation events (20 events):
Event: 6.640 Thread 0x00007fa82980f800 3777       2       org.eclipse.aether.internal.impl.collect.DefaultDependencyCollector::doRecurse (233 bytes)
Event: 6.641 Thread 0x00007fa82980f800 nmethod 3777 0x00000001121d4f90 code [0x00000001121d5200, 0x00000001121d5ca0]
Event: 6.641 Thread 0x00007fa82980f800 3775       2       org.apache.maven.model.merge.ModelMerger::mergePluginConfiguration_PluginManagement (49 bytes)
Event: 6.642 Thread 0x00007fa82980f800 nmethod 3775 0x00000001121d6390 code [0x00000001121d6540, 0x00000001121d6780]
Event: 6.642 Thread 0x00007fa82980f800 3776       2       org.apache.maven.model.merge.ModelMerger::mergeBuildBase_DefaultGoal (43 bytes)
Event: 6.642 Thread 0x00007fa82980f800 nmethod 3776 0x00000001121d6910 code [0x00000001121d6ac0, 0x00000001121d6cd0]
Event: 6.642 Thread 0x00007fa8290b7800 nmethod 3739 0x00000001190d9690 code [0x00000001190d9980, 0x00000001190da338]
Event: 6.642 Thread 0x00007fa8290b7800 3745       4       org.apache.maven.model.ConfigurationContainer::setLocation (156 bytes)
Event: 6.644 Thread 0x00007fa82980f800 3778       3       org.eclipse.aether.util.version.GenericVersion::parse (63 bytes)
Event: 6.645 Thread 0x00007fa82980f800 nmethod 3778 0x00000001121d6e90 code [0x00000001121d7100, 0x00000001121d7fc0]
Event: 6.645 Thread 0x00007fa82980f800 3780       3       java.util.AbstractCollection::containsAll (38 bytes)
Event: 6.646 Thread 0x00007fa82980f800 nmethod 3780 0x00000001121d8490 code [0x00000001121d8660, 0x00000001121d8bb0]
Event: 6.646 Thread 0x00007fa82980f800 3779       3       org.apache.maven.plugin.internal.WagonExcluder::selectDependency (24 bytes)
Event: 6.646 Thread 0x00007fa82980f800 nmethod 3779 0x00000001121d8d10 code [0x00000001121d8f00, 0x00000001121d93f0]
Event: 6.646 Thread 0x00007fa82980f800 3781       3       org.eclipse.aether.graph.DefaultDependencyNode::setManagedBits (10 bytes)
Event: 6.646 Thread 0x00007fa82980f800 nmethod 3781 0x00000001121d9590 code [0x00000001121d9720, 0x00000001121d9830]
Event: 6.647 Thread 0x00007fa82980f800 3782       3       org.eclipse.aether.util.version.GenericVersionScheme::parseVersion (9 bytes)
Event: 6.648 Thread 0x00007fa82980f800 nmethod 3782 0x00000001121d9910 code [0x00000001121d9ae0, 0x00000001121d9e50]
Event: 6.648 Thread 0x00007fa82980f800 3783       3       org.eclipse.aether.util.version.GenericVersion::<init> (29 bytes)
Event: 6.648 Thread 0x00007fa82980f800 nmethod 3783 0x00000001121d9f90 code [0x00000001121da140, 0x00000001121da3f0]

GC Heap History (7 events):
Event: 1.292 GC heap before
{Heap before GC invocations=0 (full 0):
 garbage-first heap   total 133120K, used 14136K [0x0000000780000000, 0x0000000800000000)
  region size 1024K, 13 young (13312K), 0 survivors (0K)
 Metaspace       used 3684K, capacity 6892K, committed 7168K, reserved 1056768K
  class space    used 407K, capacity 727K, committed 768K, reserved 1048576K
}
Event: 1.297 GC heap after
{Heap after GC invocations=1 (full 0):
 garbage-first heap   total 133120K, used 3320K [0x0000000780000000, 0x0000000800000000)
  region size 1024K, 2 young (2048K), 2 survivors (2048K)
 Metaspace       used 3684K, capacity 6892K, committed 7168K, reserved 1056768K
  class space    used 407K, capacity 727K, committed 768K, reserved 1048576K
}
Event: 2.678 GC heap before
{Heap before GC invocations=1 (full 0):
 garbage-first heap   total 133120K, used 20728K [0x0000000780000000, 0x0000000800000000)
  region size 1024K, 19 young (19456K), 2 survivors (2048K)
 Metaspace       used 5775K, capacity 8334K, committed 8448K, reserved 1056768K
  class space    used 702K, capacity 992K, committed 1024K, reserved 1048576K
}
Event: 2.684 GC heap after
{Heap after GC invocations=2 (full 0):
 garbage-first heap   total 133120K, used 4123K [0x0000000780000000, 0x0000000800000000)
  region size 1024K, 1 young (1024K), 1 survivors (1024K)
 Metaspace       used 5775K, capacity 8334K, committed 8448K, reserved 1056768K
  class space    used 702K, capacity 992K, committed 1024K, reserved 1048576K
}
Event: 5.300 GC heap before
{Heap before GC invocations=2 (full 0):
 garbage-first heap   total 133120K, used 80923K [0x0000000780000000, 0x0000000800000000)
  region size 1024K, 76 young (77824K), 1 survivors (1024K)
 Metaspace       used 13134K, capacity 14925K, committed 15104K, reserved 1062912K
  class space    used 1533K, capacity 1766K, committed 1792K, reserved 1048576K
}
Event: 5.314 GC heap after
{Heap after GC invocations=3 (full 0):
 garbage-first heap   total 133120K, used 10482K [0x0000000780000000, 0x0000000800000000)
  region size 1024K, 7 young (7168K), 7 survivors (7168K)
 Metaspace       used 13134K, capacity 14925K, committed 15104K, reserved 1062912K
  class space    used 1533K, capacity 1766K, committed 1792K, reserved 1048576K
}
Event: 6.650 GC heap before
{Heap before GC invocations=3 (full 0):
 garbage-first heap   total 133120K, used 81138K [0x0000000780000000, 0x0000000800000000)
  region size 1024K, 76 young (77824K), 7 survivors (7168K)
 Metaspace       used 15258K, capacity 16863K, committed 17152K, reserved 1064960K
  class space    used 1685K, capacity 1946K, committed 2048K, reserved 1048576K
}

Deoptimization events (20 events):
Event: 6.617 Thread 0x00007fa828810000 DEOPT PACKING pc=0x0000000112072f16 sp=0x00007000091ad720
Event: 6.617 Thread 0x00007fa828810000 DEOPT UNPACKING pc=0x00000001114ed33a sp=0x00007000091accd0 mode 0
Event: 6.618 Thread 0x00007fa828810000 DEOPT PACKING pc=0x0000000112072f16 sp=0x00007000091ad670
Event: 6.618 Thread 0x00007fa828810000 DEOPT UNPACKING pc=0x00000001114ed33a sp=0x00007000091acc20 mode 0
Event: 6.618 Thread 0x00007fa828810000 DEOPT PACKING pc=0x0000000112072f16 sp=0x00007000091ad3d0
Event: 6.618 Thread 0x00007fa828810000 DEOPT UNPACKING pc=0x00000001114ed33a sp=0x00007000091ac980 mode 0
Event: 6.618 Thread 0x00007fa828810000 DEOPT PACKING pc=0x0000000112072f16 sp=0x00007000091ad470
Event: 6.618 Thread 0x00007fa828810000 DEOPT UNPACKING pc=0x00000001114ed33a sp=0x00007000091aca20 mode 0
Event: 6.618 Thread 0x00007fa828810000 DEOPT PACKING pc=0x0000000112072f16 sp=0x00007000091ad4e0
Event: 6.618 Thread 0x00007fa828810000 DEOPT UNPACKING pc=0x00000001114ed33a sp=0x00007000091aca90 mode 0
Event: 6.618 Thread 0x00007fa828810000 DEOPT PACKING pc=0x000000011206f1e3 sp=0x00007000091ad9c0
Event: 6.618 Thread 0x00007fa828810000 DEOPT UNPACKING pc=0x00000001114ed33a sp=0x00007000091acf28 mode 0
Event: 6.618 Thread 0x00007fa828810000 DEOPT PACKING pc=0x0000000112072f16 sp=0x00007000091ad4e0
Event: 6.619 Thread 0x00007fa828810000 DEOPT UNPACKING pc=0x00000001114ed33a sp=0x00007000091aca90 mode 0
Event: 6.619 Thread 0x00007fa828810000 DEOPT PACKING pc=0x0000000112072f16 sp=0x00007000091ad610
Event: 6.619 Thread 0x00007fa828810000 DEOPT UNPACKING pc=0x00000001114ed33a sp=0x00007000091acbc0 mode 0
Event: 6.619 Thread 0x00007fa828810000 DEOPT PACKING pc=0x0000000112072f16 sp=0x00007000091ad5d0
Event: 6.619 Thread 0x00007fa828810000 DEOPT UNPACKING pc=0x00000001114ed33a sp=0x00007000091acb80 mode 0
Event: 6.628 Thread 0x00007fa828810000 DEOPT PACKING pc=0x0000000111ff2fcf sp=0x00007000091ae5e0
Event: 6.628 Thread 0x00007fa828810000 DEOPT UNPACKING pc=0x00000001114ed33a sp=0x00007000091adb18 mode 0

Classes unloaded (0 events):
No events

Classes redefined (0 events):
No events

Internal exceptions (7 events):
Event: 0.320 Thread 0x00007fa828810000 Exception <a 'java/lang/NoSuchMethodError'{0x0000000787d68f08}: 'int java.lang.invoke.DirectMethodHandle$Holder.invokeSpecialIFC(java.lang.Object, java.lang.Object, int)'> (0x0000000787d68f08) 
thrown [./src/hotspot/share/interpreter/linkResolver.cpp, line 766]
Event: 3.980 Thread 0x00007fa828810000 Exception <a 'java/lang/NoClassDefFoundError'{0x00000007865e28f0}: com/google/inject/servlet/ServletModuleTargetVisitor> (0x00000007865e28f0) 
thrown [./src/hotspot/share/classfile/systemDictionary.cpp, line 215]
Event: 3.980 Thread 0x00007fa828810000 Exception <a 'java/lang/NoClassDefFoundError'{0x00000007865e52a0}: javax/annotation/Priority> (0x00000007865e52a0) 
thrown [./src/hotspot/share/classfile/systemDictionary.cpp, line 215]
Event: 4.227 Thread 0x00007fa828810000 Implicit null exception at 0x0000000118f9c0e4 to 0x0000000118f9c6b8
Event: 4.227 Thread 0x00007fa828810000 Implicit null exception at 0x0000000118f945e4 to 0x0000000118f94bdc
Event: 4.745 Thread 0x00007fa828810000 Implicit null exception at 0x0000000118feb2a5 to 0x0000000118feb690
Event: 5.627 Thread 0x00007fa828810000 Implicit null exception at 0x0000000118fd531c to 0x0000000118fd55c9

Events (20 events):
Event: 6.049 loading class org/w3c/dom/Document done
Event: 6.049 loading class org/w3c/dom/Element
Event: 6.049 loading class org/w3c/dom/Element done
Event: 6.065 loading class java/io/FileWriter
Event: 6.065 loading class java/io/FileWriter done
Event: 6.065 Executing VM operation: HandshakeAllThreads
Event: 6.065 Executing VM operation: HandshakeAllThreads done
Event: 6.095 loading class java/net/URISyntaxException
Event: 6.095 loading class java/net/URISyntaxException done
Event: 6.099 Executing VM operation: HandshakeAllThreads
Event: 6.099 Executing VM operation: HandshakeAllThreads done
Event: 6.103 loading class jdk/internal/reflect/UnsafeBooleanFieldAccessorImpl
Event: 6.103 loading class jdk/internal/reflect/UnsafeBooleanFieldAccessorImpl done
Event: 6.155 loading class java/io/FileOutputStream$1
Event: 6.155 loading class java/io/FileOutputStream$1 done
Event: 6.331 Executing VM operation: ICBufferFull
Event: 6.331 Executing VM operation: ICBufferFull done
Event: 6.448 loading class jdk/internal/reflect/UnsafeIntegerFieldAccessorImpl
Event: 6.448 loading class jdk/internal/reflect/UnsafeIntegerFieldAccessorImpl done
Event: 6.650 Executing VM operation: G1CollectForAllocation


Dynamic libraries:
0x00007fff6de22000 	/usr/lib/libz.1.dylib
0x0000000105ae4000 	/usr/local/Cellar/openjdk/14.0.1/libexec/openjdk.jdk/Contents/Home/lib/libjli.dylib
0x00007fff3396c000 	/System/Library/Frameworks/Cocoa.framework/Versions/A/Cocoa
0x00007fff41165000 	/System/Library/Frameworks/Security.framework/Versions/A/Security
0x00007fff328d1000 	/System/Library/Frameworks/ApplicationServices.framework/Versions/A/ApplicationServices
0x00007fff6b8e6000 	/usr/lib/libSystem.B.dylib
0x00007fff6e6e3000 	/usr/lib/system/libcache.dylib
0x00007fff6e6e9000 	/usr/lib/system/libcommonCrypto.dylib
0x00007fff6e6f5000 	/usr/lib/system/libcompiler_rt.dylib
0x00007fff6e6fd000 	/usr/lib/system/libcopyfile.dylib
0x00007fff6e707000 	/usr/lib/system/libcorecrypto.dylib
0x00007fff6e8a6000 	/usr/lib/system/libdispatch.dylib
0x00007fff6e8e7000 	/usr/lib/system/libdyld.dylib
0x00007fff6e91e000 	/usr/lib/system/libkeymgr.dylib
0x00007fff6e92c000 	/usr/lib/system/liblaunch.dylib
0x00007fff6e92d000 	/usr/lib/system/libmacho.dylib
0x00007fff6e933000 	/usr/lib/system/libquarantine.dylib
0x00007fff6e936000 	/usr/lib/system/libremovefile.dylib
0x00007fff6e938000 	/usr/lib/system/libsystem_asl.dylib
0x00007fff6e950000 	/usr/lib/system/libsystem_blocks.dylib
0x00007fff6e951000 	/usr/lib/system/libsystem_c.dylib
0x00007fff6e9d9000 	/usr/lib/system/libsystem_configuration.dylib
0x00007fff6e9dd000 	/usr/lib/system/libsystem_coreservices.dylib
0x00007fff6e9e1000 	/usr/lib/system/libsystem_darwin.dylib
0x00007fff6e9ea000 	/usr/lib/system/libsystem_dnssd.dylib
0x00007fff6e9f2000 	/usr/lib/system/libsystem_featureflags.dylib
0x00007fff6e9f4000 	/usr/lib/system/libsystem_info.dylib
0x00007fff6ea6f000 	/usr/lib/system/libsystem_m.dylib
0x00007fff6eab7000 	/usr/lib/system/libsystem_malloc.dylib
0x00007fff6eadf000 	/usr/lib/system/libsystem_networkextension.dylib
0x00007fff6eaed000 	/usr/lib/system/libsystem_notify.dylib
0x00007fff6eb0b000 	/usr/lib/system/libsystem_sandbox.dylib
0x00007fff6eb10000 	/usr/lib/system/libsystem_secinit.dylib
0x00007fff6ea42000 	/usr/lib/system/libsystem_kernel.dylib
0x00007fff6eaf7000 	/usr/lib/system/libsystem_platform.dylib
0x00007fff6eb00000 	/usr/lib/system/libsystem_pthread.dylib
0x00007fff6eb13000 	/usr/lib/system/libsystem_symptoms.dylib
0x00007fff6eb1b000 	/usr/lib/system/libsystem_trace.dylib
0x00007fff6eb33000 	/usr/lib/system/libunwind.dylib
0x00007fff6eb39000 	/usr/lib/system/libxpc.dylib
0x00007fff6d746000 	/usr/lib/libobjc.A.dylib
0x00007fff6bc1f000 	/usr/lib/libc++abi.dylib
0x00007fff6bbcc000 	/usr/lib/libc++.1.dylib
0x00007fff3480e000 	/System/Library/Frameworks/CoreFoundation.framework/Versions/A/CoreFoundation
0x00007fff36ecb000 	/System/Library/Frameworks/Foundation.framework/Versions/C/Foundation
0x00007fff31ac1000 	/System/Library/Frameworks/AppKit.framework/Versions/C/AppKit
0x00007fff342f0000 	/System/Library/Frameworks/CoreData.framework/Versions/A/CoreData
0x00007fff658fb000 	/System/Library/PrivateFrameworks/UIFoundation.framework/Versions/A/UIFoundation
0x00007fff6098f000 	/System/Library/PrivateFrameworks/RemoteViewServices.framework/Versions/A/RemoteViewServices
0x00007fff68456000 	/System/Library/PrivateFrameworks/XCTTargetBootstrap.framework/Versions/A/XCTTargetBootstrap
0x00007fff346db000 	/System/Library/Frameworks/CoreDisplay.framework/Versions/A/CoreDisplay
0x00007fff39d86000 	/System/Library/Frameworks/Metal.framework/Versions/A/Metal
0x00007fff4e97c000 	/System/Library/PrivateFrameworks/DesktopServicesPriv.framework/Versions/A/DesktopServicesPriv
0x00007fff6ca21000 	/usr/lib/liblangid.dylib
0x00007fff4dc11000 	/System/Library/PrivateFrameworks/CoreSVG.framework/Versions/A/CoreSVG
0x00007fff63aeb000 	/System/Library/PrivateFrameworks/SkyLight.framework/Versions/A/SkyLight
0x00007fff34c8f000 	/System/Library/Frameworks/CoreGraphics.framework/Versions/A/CoreGraphics
0x00007fff30495000 	/System/Library/Frameworks/Accelerate.framework/Versions/A/Accelerate
0x00007fff6dd13000 	/usr/lib/libxml2.2.dylib
0x00007fff5991a000 	/System/Library/PrivateFrameworks/IconServices.framework/Versions/A/IconServices
0x00007fff376aa000 	/System/Library/Frameworks/IOSurface.framework/Versions/A/IOSurface
0x00007fff6b410000 	/usr/lib/libDiagnosticMessagesClient.dylib
0x00007fff4e7d6000 	/System/Library/PrivateFrameworks/DFRFoundation.framework/Versions/A/DFRFoundation
0x00007fff6c7b0000 	/usr/lib/libicucore.A.dylib
0x00007fff32c03000 	/System/Library/Frameworks/AudioToolbox.framework/Versions/A/AudioToolbox
0x00007fff32ce6000 	/System/Library/Frameworks/AudioUnit.framework/Versions/A/AudioUnit
0x00007fff6bae8000 	/usr/lib/libauto.dylib
0x00007fff4e878000 	/System/Library/PrivateFrameworks/DataDetectorsCore.framework/Versions/A/DataDetectorsCore
0x00007fff3348d000 	/System/Library/Frameworks/Carbon.framework/Versions/A/Frameworks/HIToolbox.framework/Versions/A/HIToolbox
0x00007fff4035f000 	/System/Library/Frameworks/QuartzCore.framework/Versions/A/QuartzCore
0x00007fff337cc000 	/System/Library/Frameworks/Carbon.framework/Versions/A/Frameworks/SpeechRecognition.framework/Versions/A/SpeechRecognition
0x00007fff4e2ea000 	/System/Library/PrivateFrameworks/CoreUI.framework/Versions/A/CoreUI
0x00007fff33d5b000 	/System/Library/Frameworks/CoreAudio.framework/Versions/A/CoreAudio
0x00007fff36b8a000 	/System/Library/Frameworks/DiskArbitration.framework/Versions/A/DiskArbitration
0x00007fff5b96a000 	/System/Library/PrivateFrameworks/MultitouchSupport.framework/Versions/A/MultitouchSupport
0x00007fff6c677000 	/usr/lib/libenergytrace.dylib
0x00007fff37604000 	/System/Library/Frameworks/IOKit.framework/Versions/A/IOKit
0x00007fff35bf6000 	/System/Library/Frameworks/CoreServices.framework/Versions/A/CoreServices
0x00007fff5db22000 	/System/Library/PrivateFrameworks/PerformanceAnalysis.framework/Versions/A/PerformanceAnalysis
0x00007fff3f392000 	/System/Library/Frameworks/OpenGL.framework/Versions/A/OpenGL
0x00007fff3397a000 	/System/Library/Frameworks/ColorSync.framework/Versions/A/ColorSync
0x00007fff35312000 	/System/Library/Frameworks/CoreImage.framework/Versions/A/CoreImage
0x00007fff36669000 	/System/Library/Frameworks/CoreText.framework/Versions/A/CoreText
0x00007fff3773a000 	/System/Library/Frameworks/ImageIO.framework/Versions/A/ImageIO
0x00007fff6bc48000 	/usr/lib/libcompression.dylib
0x00007fff6b754000 	/usr/lib/libMobileGestalt.dylib
0x00007fff65665000 	/System/Library/PrivateFrameworks/TextureIO.framework/Versions/A/TextureIO
0x00007fff6ba4b000 	/usr/lib/libate.dylib
0x00007fff59b23000 	/System/Library/PrivateFrameworks/InternationalSupport.framework/Versions/A/InternationalSupport
0x00007fff6ca23000 	/usr/lib/liblzma.5.dylib
0x00007fff6c69e000 	/usr/lib/libfakelink.dylib
0x00007fff6b9d8000 	/usr/lib/libarchive.2.dylib
0x00007fff42216000 	/System/Library/Frameworks/SystemConfiguration.framework/Versions/A/SystemConfiguration
0x00007fff6b343000 	/usr/lib/libCRFSuite.dylib
0x00007fff3307d000 	/System/Library/Frameworks/CFNetwork.framework/Versions/A/CFNetwork
0x00007fff6bbae000 	/usr/lib/libbsm.0.dylib
0x00007fff6e91f000 	/usr/lib/system/libkxld.dylib
0x00007fff48153000 	/System/Library/PrivateFrameworks/AppleFSCompression.framework/Versions/A/AppleFSCompression
0x00007fff6bf39000 	/usr/lib/libcoretls.dylib
0x00007fff6bf50000 	/usr/lib/libcoretls_cfhelpers.dylib
0x00007fff6d78c000 	/usr/lib/libpam.2.dylib
0x00007fff6d8c1000 	/usr/lib/libsqlite3.dylib
0x00007fff6dd00000 	/usr/lib/libxar.1.dylib
0x00007fff6bbbf000 	/usr/lib/libbz2.1.0.dylib
0x00007fff6c6bf000 	/usr/lib/libiconv.2.dylib
0x00007fff6bc35000 	/usr/lib/libcharset.1.dylib
0x00007fff6d229000 	/usr/lib/libnetwork.dylib
0x00007fff6d793000 	/usr/lib/libpcap.A.dylib
0x00007fff6b98d000 	/usr/lib/libapple_nghttp2.dylib
0x00007fff35fad000 	/System/Library/Frameworks/CoreServices.framework/Versions/A/Frameworks/FSEvents.framework/Versions/A/FSEvents
0x00007fff35c7d000 	/System/Library/Frameworks/CoreServices.framework/Versions/A/Frameworks/CarbonCore.framework/Versions/A/CarbonCore
0x00007fff361f1000 	/System/Library/Frameworks/CoreServices.framework/Versions/A/Frameworks/Metadata.framework/Versions/A/Metadata
0x00007fff3628a000 	/System/Library/Frameworks/CoreServices.framework/Versions/A/Frameworks/OSServices.framework/Versions/A/OSServices
0x00007fff362b8000 	/System/Library/Frameworks/CoreServices.framework/Versions/A/Frameworks/SearchKit.framework/Versions/A/SearchKit
0x00007fff35bf7000 	/System/Library/Frameworks/CoreServices.framework/Versions/A/Frameworks/AE.framework/Versions/A/AE
0x00007fff35fb6000 	/System/Library/Frameworks/CoreServices.framework/Versions/A/Frameworks/LaunchServices.framework/Versions/A/LaunchServices
0x00007fff35f5f000 	/System/Library/Frameworks/CoreServices.framework/Versions/A/Frameworks/DictionaryServices.framework/Versions/A/DictionaryServices
0x00007fff36320000 	/System/Library/Frameworks/CoreServices.framework/Versions/A/Frameworks/SharedFileList.framework/Versions/A/SharedFileList
0x00007fff3b1b1000 	/System/Library/Frameworks/NetFS.framework/Versions/A/NetFS
0x00007fff5be9a000 	/System/Library/PrivateFrameworks/NetAuth.framework/Versions/A/NetAuth
0x00007fff68823000 	/System/Library/PrivateFrameworks/login.framework/Versions/A/Frameworks/loginsupport.framework/Versions/A/loginsupport
0x00007fff65130000 	/System/Library/PrivateFrameworks/TCC.framework/Versions/A/TCC
0x00007fff4cd84000 	/System/Library/PrivateFrameworks/CoreNLP.framework/Versions/A/CoreNLP
0x00007fff5b397000 	/System/Library/PrivateFrameworks/MetadataUtilities.framework/Versions/A/MetadataUtilities
0x00007fff6cafb000 	/usr/lib/libmecabra.dylib
0x00007fff6ca53000 	/usr/lib/libmecab.dylib
0x00007fff6c6af000 	/usr/lib/libgermantok.dylib
0x00007fff6b974000 	/usr/lib/libThaiTokenizer.dylib
0x00007fff6b37a000 	/usr/lib/libChineseTokenizer.dylib
0x00007fff304ad000 	/System/Library/Frameworks/Accelerate.framework/Versions/A/Frameworks/vImage.framework/Versions/A/vImage
0x00007fff31917000 	/System/Library/Frameworks/Accelerate.framework/Versions/A/Frameworks/vecLib.framework/Versions/A/vecLib
0x00007fff31854000 	/System/Library/Frameworks/Accelerate.framework/Versions/A/Frameworks/vecLib.framework/Versions/A/libvMisc.dylib
0x00007fff3167c000 	/System/Library/Frameworks/Accelerate.framework/Versions/A/Frameworks/vecLib.framework/Versions/A/libvDSP.dylib
0x00007fff30b04000 	/System/Library/Frameworks/Accelerate.framework/Versions/A/Frameworks/vecLib.framework/Versions/A/libBLAS.dylib
0x00007fff31240000 	/System/Library/Frameworks/Accelerate.framework/Versions/A/Frameworks/vecLib.framework/Versions/A/libLAPACK.dylib
0x00007fff315dc000 	/System/Library/Frameworks/Accelerate.framework/Versions/A/Frameworks/vecLib.framework/Versions/A/libLinearAlgebra.dylib
0x00007fff31669000 	/System/Library/Frameworks/Accelerate.framework/Versions/A/Frameworks/vecLib.framework/Versions/A/libSparseBLAS.dylib
0x00007fff315f2000 	/System/Library/Frameworks/Accelerate.framework/Versions/A/Frameworks/vecLib.framework/Versions/A/libQuadrature.dylib
0x00007fff30d6c000 	/System/Library/Frameworks/Accelerate.framework/Versions/A/Frameworks/vecLib.framework/Versions/A/libBNNS.dylib
0x00007fff315f8000 	/System/Library/Frameworks/Accelerate.framework/Versions/A/Frameworks/vecLib.framework/Versions/A/libSparse.dylib
0x00007fff59f0b000 	/System/Library/PrivateFrameworks/LanguageModeling.framework/Versions/A/LanguageModeling
0x00007fff4c734000 	/System/Library/PrivateFrameworks/CoreEmoji.framework/Versions/A/CoreEmoji
0x00007fff5a029000 	/System/Library/PrivateFrameworks/LinguisticData.framework/Versions/A/LinguisticData
0x00007fff59fda000 	/System/Library/PrivateFrameworks/Lexicon.framework/Versions/A/Lexicon
0x00007fff6bc36000 	/usr/lib/libcmph.dylib
0x00007fff3dda0000 	/System/Library/Frameworks/OpenDirectory.framework/Versions/A/Frameworks/CFOpenDirectory.framework/Versions/A/CFOpenDirectory
0x00007fff3ddbd000 	/System/Library/Frameworks/OpenDirectory.framework/Versions/A/OpenDirectory
0x00007fff46200000 	/System/Library/PrivateFrameworks/APFS.framework/Versions/A/APFS
0x00007fff414af000 	/System/Library/Frameworks/SecurityFoundation.framework/Versions/A/SecurityFoundation
0x00007fff6dcfc000 	/usr/lib/libutil.dylib
0x00007fff4dc69000 	/System/Library/PrivateFrameworks/CoreServicesStore.framework/Versions/A/CoreServicesStore
0x00007fff41566000 	/System/Library/Frameworks/ServiceManagement.framework/Versions/A/ServiceManagement
0x00007fff49923000 	/System/Library/PrivateFrameworks/BackgroundTaskManagement.framework/Versions/A/BackgroundTaskManagement
0x00007fff6ddf9000 	/usr/lib/libxslt.1.dylib
0x00007fff487c6000 	/System/Library/PrivateFrameworks/AppleSystemInfo.framework/Versions/A/AppleSystemInfo
0x00007fff37955000 	/System/Library/Frameworks/ImageIO.framework/Versions/A/Resources/libJPEG.dylib
0x00007fff37c14000 	/System/Library/Frameworks/ImageIO.framework/Versions/A/Resources/libTIFF.dylib
0x00007fff37bf7000 	/System/Library/Frameworks/ImageIO.framework/Versions/A/Resources/libPng.dylib
0x00007fff37897000 	/System/Library/Frameworks/ImageIO.framework/Versions/A/Resources/libGIF.dylib
0x00007fff3789b000 	/System/Library/Frameworks/ImageIO.framework/Versions/A/Resources/libJP2.dylib
0x00007fff37c12000 	/System/Library/Frameworks/ImageIO.framework/Versions/A/Resources/libRadiance.dylib
0x00007fff6c678000 	/usr/lib/libexpat.1.dylib
0x00007fff482ae000 	/System/Library/PrivateFrameworks/AppleJPEG.framework/Versions/A/AppleJPEG
0x00007fff50f7f000 	/System/Library/PrivateFrameworks/FontServices.framework/libFontParser.dylib
0x00007fff67825000 	/System/Library/PrivateFrameworks/WatchdogClient.framework/Versions/A/WatchdogClient
0x00007fff59566000 	/System/Library/PrivateFrameworks/IOAccelerator.framework/Versions/A/IOAccelerator
0x00007fff3a121000 	/System/Library/Frameworks/MetalPerformanceShaders.framework/Versions/A/MetalPerformanceShaders
0x00007fff55cfc000 	/System/Library/PrivateFrameworks/GPUWrangler.framework/Versions/A/GPUWrangler
0x00007fff5957b000 	/System/Library/PrivateFrameworks/IOPresentment.framework/Versions/A/IOPresentment
0x00007fff4e7e9000 	/System/Library/PrivateFrameworks/DSExternalDisplay.framework/Versions/A/DSExternalDisplay
0x00007fff3e731000 	/System/Library/Frameworks/OpenGL.framework/Versions/A/Libraries/libCoreFSCache.dylib
0x00007fff39e6d000 	/System/Library/Frameworks/MetalPerformanceShaders.framework/Frameworks/MPSCore.framework/Versions/A/MPSCore
0x00007fff39eab000 	/System/Library/Frameworks/MetalPerformanceShaders.framework/Frameworks/MPSImage.framework/Versions/A/MPSImage
0x00007fff39f72000 	/System/Library/Frameworks/MetalPerformanceShaders.framework/Frameworks/MPSNeuralNetwork.framework/Versions/A/MPSNeuralNetwork
0x00007fff39f36000 	/System/Library/Frameworks/MetalPerformanceShaders.framework/Frameworks/MPSMatrix.framework/Versions/A/MPSMatrix
0x00007fff3a0d1000 	/System/Library/Frameworks/MetalPerformanceShaders.framework/Frameworks/MPSRayIntersector.framework/Versions/A/MPSRayIntersector
0x00007fff39f5c000 	/System/Library/Frameworks/MetalPerformanceShaders.framework/Frameworks/MPSNDArray.framework/Versions/A/MPSNDArray
0x00007fff5b3e4000 	/System/Library/PrivateFrameworks/MetalTools.framework/Versions/A/MetalTools
0x00007fff473da000 	/System/Library/PrivateFrameworks/AggregateDictionary.framework/Versions/A/AggregateDictionary
0x00007fff4c17c000 	/System/Library/PrivateFrameworks/CoreAnalytics.framework/Versions/A/CoreAnalytics
0x00007fff486e5000 	/System/Library/PrivateFrameworks/AppleSauce.framework/Versions/A/AppleSauce
0x00007fff6b636000 	/usr/lib/libIOReport.dylib
0x00007fff36821000 	/System/Library/Frameworks/CoreVideo.framework/Versions/A/CoreVideo
0x00007fff57175000 	/System/Library/PrivateFrameworks/GraphVisualizer.framework/Versions/A/GraphVisualizer
0x00007fff504c5000 	/System/Library/PrivateFrameworks/FaceCore.framework/Versions/A/FaceCore
0x00007fff3dd47000 	/System/Library/Frameworks/OpenCL.framework/Versions/A/OpenCL
0x00007fff6b458000 	/usr/lib/libFosl_dynamic.dylib
0x00007fff5c8ba000 	/System/Library/PrivateFrameworks/OTSVG.framework/Versions/A/OTSVG
0x00007fff329d6000 	/System/Library/Frameworks/ApplicationServices.framework/Versions/A/Frameworks/ATS.framework/Versions/A/Resources/libFontRegistry.dylib
0x00007fff51150000 	/System/Library/PrivateFrameworks/FontServices.framework/libhvf.dylib
0x00007fff3e73c000 	/System/Library/Frameworks/OpenGL.framework/Versions/A/Libraries/libGFXShared.dylib
0x00007fff3e91a000 	/System/Library/Frameworks/OpenGL.framework/Versions/A/Libraries/libGLU.dylib
0x00007fff3e745000 	/System/Library/Frameworks/OpenGL.framework/Versions/A/Libraries/libGL.dylib
0x00007fff3e750000 	/System/Library/Frameworks/OpenGL.framework/Versions/A/Libraries/libGLImage.dylib
0x00007fff3e72e000 	/System/Library/Frameworks/OpenGL.framework/Versions/A/Libraries/libCVMSPluginSupport.dylib
0x00007fff3e737000 	/System/Library/Frameworks/OpenGL.framework/Versions/A/Libraries/libCoreVMClient.dylib
0x00007fff6d0ca000 	/usr/lib/libncurses.5.4.dylib
0x00007fff328d2000 	/System/Library/Frameworks/ApplicationServices.framework/Versions/A/Frameworks/ATS.framework/Versions/A/ATS
0x00007fff32a9f000 	/System/Library/Frameworks/ApplicationServices.framework/Versions/A/Frameworks/ColorSyncLegacy.framework/Versions/A/ColorSyncLegacy
0x00007fff32b3d000 	/System/Library/Frameworks/ApplicationServices.framework/Versions/A/Frameworks/HIServices.framework/Versions/A/HIServices
0x00007fff32b95000 	/System/Library/Frameworks/ApplicationServices.framework/Versions/A/Frameworks/LangAnalysis.framework/Versions/A/LangAnalysis
0x00007fff32ba4000 	/System/Library/Frameworks/ApplicationServices.framework/Versions/A/Frameworks/PrintCore.framework/Versions/A/PrintCore
0x00007fff32bea000 	/System/Library/Frameworks/ApplicationServices.framework/Versions/A/Frameworks/QD.framework/Versions/A/QD
0x00007fff32bf5000 	/System/Library/Frameworks/ApplicationServices.framework/Versions/A/Frameworks/SpeechSynthesis.framework/Versions/A/SpeechSynthesis
0x00007fff32a6f000 	/System/Library/Frameworks/ApplicationServices.framework/Versions/A/Frameworks/ATSUI.framework/Versions/A/ATSUI
0x00007fff6c50e000 	/usr/lib/libcups.2.dylib
0x00007fff391bc000 	/System/Library/Frameworks/Kerberos.framework/Versions/A/Kerberos
0x00007fff372fd000 	/System/Library/Frameworks/GSS.framework/Versions/A/GSS
0x00007fff6d84d000 	/usr/lib/libresolv.9.dylib
0x00007fff57322000 	/System/Library/PrivateFrameworks/Heimdal.framework/Versions/A/Heimdal
0x00007fff391cf000 	/System/Library/Frameworks/Kerberos.framework/Versions/A/Libraries/libHeimdalProxy.dylib
0x00007fff6c6b5000 	/usr/lib/libheimdal-asn1.dylib
0x00007fff4b614000 	/System/Library/PrivateFrameworks/CommonAuth.framework/Versions/A/CommonAuth
0x00007fff48863000 	/System/Library/PrivateFrameworks/AssertionServices.framework/Versions/A/AssertionServices
0x00007fff49406000 	/System/Library/PrivateFrameworks/AudioToolboxCore.framework/Versions/A/AudioToolboxCore
0x00007fff684d3000 	/System/Library/PrivateFrameworks/caulk.framework/Versions/A/caulk
0x00007fff499cf000 	/System/Library/PrivateFrameworks/BaseBoard.framework/Versions/A/BaseBoard
0x00007fff60b1d000 	/System/Library/PrivateFrameworks/RunningBoardServices.framework/Versions/A/RunningBoardServices
0x00007fff5db2e000 	/System/Library/PrivateFrameworks/PersistentConnection.framework/Versions/A/PersistentConnection
0x00007fff60516000 	/System/Library/PrivateFrameworks/ProtocolBuffer.framework/Versions/A/ProtocolBuffer
0x00007fff4b638000 	/System/Library/PrivateFrameworks/CommonUtilities.framework/Versions/A/CommonUtilities
0x00007fff49b5d000 	/System/Library/PrivateFrameworks/Bom.framework/Versions/A/Bom
0x00007fff6b309000 	/usr/lib/libAudioToolboxUtility.dylib
0x00007fff4992d000 	/System/Library/PrivateFrameworks/Backup.framework/Versions/A/Backup
0x00007fff4e70a000 	/System/Library/PrivateFrameworks/CrashReporterSupport.framework/Versions/A/CrashReporterSupport
0x00007fff625af000 	/System/Library/PrivateFrameworks/Sharing.framework/Versions/A/Sharing
0x00007fff47e71000 	/System/Library/PrivateFrameworks/Apple80211.framework/Versions/A/Apple80211
0x00007fff4964a000 	/System/Library/PrivateFrameworks/AuthKit.framework/Versions/A/AuthKit
0x00007fff4e417000 	/System/Library/PrivateFrameworks/CoreUtils.framework/Versions/A/CoreUtils
0x00007fff36866000 	/System/Library/Frameworks/CoreWLAN.framework/Versions/A/CoreWLAN
0x00007fff3748a000 	/System/Library/Frameworks/IOBluetooth.framework/Versions/A/IOBluetooth
0x00007fff5b6e9000 	/System/Library/PrivateFrameworks/MobileKeyBag.framework/Versions/A/MobileKeyBag
0x00007fff4d21c000 	/System/Library/PrivateFrameworks/CorePhoneNumbers.framework/Versions/A/CorePhoneNumbers
0x00007fff48261000 	/System/Library/PrivateFrameworks/AppleIDAuthSupport.framework/Versions/A/AppleIDAuthSupport
0x00007fff3b1be000 	/System/Library/Frameworks/Network.framework/Versions/A/Network
0x00007fff59db7000 	/System/Library/PrivateFrameworks/KeychainCircle.framework/Versions/A/KeychainCircle
0x00007fff342b7000 	/System/Library/Frameworks/CoreBluetooth.framework/Versions/A/CoreBluetooth
0x00007fff6462e000 	/System/Library/PrivateFrameworks/SpeechRecognitionCore.framework/Versions/A/SpeechRecognitionCore
0x00007fff278d9000 	/System/Library/CoreServices/Encodings/libSimplifiedChineseConverter.dylib
0x0000000106400000 	/usr/local/Cellar/openjdk/14.0.1/libexec/openjdk.jdk/Contents/Home/lib/server/libjvm.dylib
0x0000000105b47000 	/usr/local/Cellar/openjdk/14.0.1/libexec/openjdk.jdk/Contents/Home/lib/libjimage.dylib
0x0000000105b59000 	/usr/local/Cellar/openjdk/14.0.1/libexec/openjdk.jdk/Contents/Home/lib/libjava.dylib
0x0000000105b7e000 	/usr/local/Cellar/openjdk/14.0.1/libexec/openjdk.jdk/Contents/Home/lib/libzip.dylib
0x0000000105be7000 	/usr/local/Cellar/openjdk/14.0.1/libexec/openjdk.jdk/Contents/Home/lib/libnio.dylib
0x00000001112aa000 	/usr/local/Cellar/openjdk/14.0.1/libexec/openjdk.jdk/Contents/Home/lib/libnet.dylib
0x00000001112bf000 	/usr/local/Cellar/openjdk/14.0.1/libexec/openjdk.jdk/Contents/Home/lib/libverify.dylib
0x0000000105bf7000 	/usr/local/Cellar/maven/3.6.3_1/libexec/lib/jansi-native/osx/libjansi.jnilib


VM Arguments:
jvm_args: -Dclassworlds.conf=/usr/local/Cellar/maven/3.6.3_1/libexec/bin/m2.conf -Dmaven.home=/usr/local/Cellar/maven/3.6.3_1/libexec -Dlibrary.jansi.path=/usr/local/Cellar/maven/3.6.3_1/libexec/lib/jansi-native -Dmaven.multiModuleProjectDirectory=/Library/WebServer/Documents/hwwd 
java_command: org.codehaus.plexus.classworlds.launcher.Launcher spring-boot:run
java_class_path (initial): /usr/local/Cellar/maven/3.6.3_1/libexec/boot/plexus-classworlds-2.6.0.jar
Launcher Type: SUN_STANDARD

[Global flags]
     intx CICompilerCount                          = 3                                         {product} {ergonomic}
     uint ConcGCThreads                            = 1                                         {product} {ergonomic}
     uint G1ConcRefinementThreads                  = 4                                         {product} {ergonomic}
   size_t G1HeapRegionSize                         = 1048576                                   {product} {ergonomic}
    uintx GCDrainStackTargetSize                   = 64                                        {product} {ergonomic}
   size_t InitialHeapSize                          = 134217728                                 {product} {ergonomic}
   size_t MarkStackSize                            = 4194304                                   {product} {ergonomic}
   size_t MaxHeapSize                              = 2147483648                                {product} {ergonomic}
   size_t MaxNewSize                               = 1287651328                                {product} {ergonomic}
   size_t MinHeapDeltaBytes                        = 1048576                                   {product} {ergonomic}
   size_t MinHeapSize                              = 8388608                                   {product} {ergonomic}
    uintx NonNMethodCodeHeapSize                   = 5832780                                {pd product} {ergonomic}
    uintx NonProfiledCodeHeapSize                  = 122912730                              {pd product} {ergonomic}
    uintx ProfiledCodeHeapSize                     = 122912730                              {pd product} {ergonomic}
    uintx ReservedCodeCacheSize                    = 251658240                              {pd product} {ergonomic}
     bool SegmentedCodeCache                       = true                                      {product} {ergonomic}
   size_t SoftMaxHeapSize                          = 2147483648                             {manageable} {ergonomic}
     bool UseCompressedClassPointers               = true                                 {lp64_product} {ergonomic}
     bool UseCompressedOops                        = true                                 {lp64_product} {ergonomic}
     bool UseG1GC                                  = true                                      {product} {ergonomic}

Logging:
Log output configuration:
 #0: stdout all=warning uptime,level,tags
 #1: stderr all=off uptime,level,tags

Environment Variables:
JAVA_HOME=/usr/local/opt/openjdk/libexec/openjdk.jdk/Contents/Home
PATH=/usr/local/bin:/usr/bin:/bin:/usr/sbin:/sbin
SHELL=/bin/bash

Signal Handlers:
SIGSEGV: [libjvm.dylib+0x7c0dee], sa_mask[0]=11111111011111110111111111111111, sa_flags=SA_ONSTACK|SA_RESTART|SA_SIGINFO
SIGBUS: [libjvm.dylib+0x7c0dee], sa_mask[0]=11111111011111110111111111111111, sa_flags=SA_RESTART|SA_SIGINFO
SIGFPE: [libjvm.dylib+0x7c0dee], sa_mask[0]=11111111011111110111111111111111, sa_flags=SA_RESTART|SA_SIGINFO
SIGPIPE: [libjvm.dylib+0x5fd565], sa_mask[0]=11111111011111110111111111111111, sa_flags=SA_RESTART|SA_SIGINFO
SIGXFSZ: [libjvm.dylib+0x5fd565], sa_mask[0]=11111111011111110111111111111111, sa_flags=SA_RESTART|SA_SIGINFO
SIGILL: [libjvm.dylib+0x7c0dee], sa_mask[0]=11111111011111110111111111111111, sa_flags=SA_RESTART|SA_SIGINFO
SIGUSR2: [libjvm.dylib+0x5fdb37], sa_mask[0]=00000000000000000000000000000000, sa_flags=SA_RESTART|SA_SIGINFO
SIGHUP: [libjvm.dylib+0x5fcb99], sa_mask[0]=11111111011111110111111111111111, sa_flags=SA_RESTART|SA_SIGINFO
SIGINT: [libjvm.dylib+0x5fcb99], sa_mask[0]=11111111011111110111111111111111, sa_flags=SA_RESTART|SA_SIGINFO
SIGTERM: [libjvm.dylib+0x5fcb99], sa_mask[0]=11111111011111110111111111111111, sa_flags=SA_RESTART|SA_SIGINFO
SIGQUIT: [libjvm.dylib+0x5fcb99], sa_mask[0]=11111111011111110111111111111111, sa_flags=SA_RESTART|SA_SIGINFO


---------------  S Y S T E M  ---------------

OS:uname:Darwin 19.6.0 Darwin Kernel Version 19.6.0: Mon Aug 31 22:12:52 PDT 2020; root:xnu-6153.141.2~1/RELEASE_X86_64 x86_64
OS uptime: 3 days 20:06 hours
rlimit: STACK 8192k, CORE 0k, NPROC 1392, NOFILE 10240, AS infinity, DATA infinity, FSIZE infinity
load average:17.78 8.59 6.28

CPU:total 4 (initial active 4) (2 cores per cpu, 2 threads per core) family 6 model 61 stepping 4, cmov, cx8, fxsr, mmx, sse, sse2, sse3, ssse3, sse4.1, sse4.2, popcnt, avx, avx2, aes, clmul, erms, 3dnowpref, lzcnt, ht, tsc, tscinvbit, bmi1, bmi2, adx, fma

Memory: 4k page, physical 8388608k(175636k free), swap 1048576k(607744k free)

vm_info: OpenJDK 64-Bit Server VM (14.0.1+14) for bsd-amd64 JRE (14.0.1+14), built on Jun 30 2020 21:32:48 by "brew" with clang 4.2.1 Compatible Apple LLVM 10.0.0 (clang-1000.11.45.5)

END.
