#
# A fatal error has been detected by the Java Runtime Environment:
#
#  SIGSEGV (0xb) at pc=0x000000010cedaaca, pid=34351, tid=24323
#
# JRE version: OpenJDK Runtime Environment (14.0.1+14) (build 14.0.1+14)
# Java VM: OpenJDK 64-Bit Server VM (14.0.1+14, mixed mode, sharing, tiered, compressed oops, g1 gc, bsd-amd64)
# Problematic frame:
# V  [libjvm.dylib+0x2daaca]  G1ParScanThreadState::copy_to_survivor_space(G1HeapRegionAttr, oopDesc*, markWord)+0x44
#
# No core dump will be written. Core dumps have been disabled. To enable core dumping, try "ulimit -c unlimited" before starting Java again
#
# If you would like to submit a bug report, please visit:
#   https://bugreport.java.com/bugreport/crash.jsp
#

---------------  S U M M A R Y ------------

Command Line: -XX:TieredStopAtLevel=1 com.utudo.hwwd.HwwdApplication

Host: MacBookAir7,2 x86_64 1600 MHz, 4 cores, 8G, Darwin 19.6.0
Time: Sat Nov  7 14:06:55 2020 CET elapsed time: 6 seconds (0d 0h 0m 6s)

---------------  T H R E A D  ---------------

Current thread (0x00007f9c4cc5c000):  GCTaskThread "GC Thread#1" [stack: 0x0000700011181000,0x0000700011281000] [id=24323]

Stack: [0x0000700011181000,0x0000700011281000],  sp=0x0000700011280a90,  free space=1022k
Native frames: (J=compiled Java code, A=aot compiled Java code, j=interpreted, Vv=VM code, C=native code)
V  [libjvm.dylib+0x2daaca]  G1ParScanThreadState::copy_to_survivor_space(G1HeapRegionAttr, oopDesc*, markWord)+0x44
V  [libjvm.dylib+0x2af002]  void G1ParScanThreadState::do_oop_evac<unsigned int>(unsigned int*)+0x92
V  [libjvm.dylib+0x2d90e8]  G1ParScanThreadState::trim_queue_to_threshold(unsigned int)+0x1a4
V  [libjvm.dylib+0x2ed19b]  void G1ParCopyClosure<(G1Barrier)1, (G1Mark)0>::do_oop_work<oopDesc*>(oopDesc**)+0x229
V  [libjvm.dylib+0x1d63c4]  ClassLoaderData::ChunkedHandleList::oops_do(OopClosure*)+0x6a
V  [libjvm.dylib+0x2d8e87]  G1CLDScanClosure::do_cld(ClassLoaderData*)+0x43
V  [libjvm.dylib+0x1d8166]  ClassLoaderDataGraph::roots_cld_do(CLDClosure*, CLDClosure*)+0x32
V  [libjvm.dylib+0x2ef9dc]  G1RootProcessor::process_java_roots(G1RootClosures*, G1GCPhaseTimes*, unsigned int)+0xc4
V  [libjvm.dylib+0x2ef888]  G1RootProcessor::evacuate_roots(G1ParScanThreadState*, unsigned int)+0x5e
V  [libjvm.dylib+0x2afb8e]  G1EvacuateRegionsTask::scan_roots(G1ParScanThreadState*, unsigned int)+0x1c
V  [libjvm.dylib+0x2afaba]  G1EvacuateRegionsBaseTask::work(unsigned int)+0x88
V  [libjvm.dylib+0x7e948d]  GangWorker::loop()+0x43
V  [libjvm.dylib+0x767f93]  Thread::call_run()+0x71
V  [libjvm.dylib+0x5fb972]  thread_native_entry(Thread*)+0x129
C  [libsystem_pthread.dylib+0x6109]  _pthread_start+0x94
C  [libsystem_pthread.dylib+0x1b8b]  thread_start+0xf


siginfo: si_signo: 11 (SIGSEGV), si_code: 1 (SEGV_MAPERR), si_addr: 0x0000000b4ba30ba8

Register to memory mapping:

RAX=0x000000010d590918: _ZN23CompressedKlassPointers13_narrow_klassE+0 in /usr/local/Cellar/openjdk/14.0.1/libexec/openjdk.jdk/Contents/Home/lib/server/libjvm.dylib at 0x000000010cc00000
RBX=0x00007f9c4d88fa00 points into unknown readable memory: c0 b1 56 0d 01 00 00 00
RCX=0x6f6e6e612f747803 is an unknown value
RDX=0x0000000783e01001 is pointing into object: [B 
{0x0000000783e00fe0} - klass: {type array byte}
 - length: 87
RSP=0x0000700011280a90 points into unknown readable memory: a0 fb 88 4d 9c 7f 00 00
RBP=0x0000700011280b00 points into unknown readable memory: 30 0b 28 11 00 70 00 00
RSI=0x0000000000000001 is an unknown value
RDI=0x0000000b4ba30ba0 is an unknown value
R8 =0x0000000000000003 is an unknown value
R9 =0x000000078323c4b0 is an oop: [Ljava.util.concurrent.ConcurrentHashMap$Node; 
{0x000000078323c4b0} - klass: 'java/util/concurrent/ConcurrentHashMap$Node'[]
 - length: 128
R10=0x000000010d590918: _ZN23CompressedKlassPointers13_narrow_klassE+0 in /usr/local/Cellar/openjdk/14.0.1/libexec/openjdk.jdk/Contents/Home/lib/server/libjvm.dylib at 0x000000010cc00000
R11=0xffffffffff26ba28 is an unknown value
R12=0x6f6e6e612f747865 is an unknown value
R13=0x0000000000000001 is an unknown value
R14=0x0000000000000001 is an unknown value
R15=0x0000000783e010e8 is pointing into object: [B 
{0x0000000783e010c0} - klass: {type array byte}
 - length: 87


Registers:
RAX=0x000000010d590918, RBX=0x00007f9c4d88fa00, RCX=0x6f6e6e612f747803, RDX=0x0000000783e01001
RSP=0x0000700011280a90, RBP=0x0000700011280b00, RSI=0x0000000000000001, RDI=0x0000000b4ba30ba0
R8 =0x0000000000000003, R9 =0x000000078323c4b0, R10=0x000000010d590918, R11=0xffffffffff26ba28
R12=0x6f6e6e612f747865, R13=0x0000000000000001, R14=0x0000000000000001, R15=0x0000000783e010e8
RIP=0x000000010cedaaca, EFLAGS=0x0000000000010206, ERR=0x0000000000000004
  TRAPNO=0x000000000000000e

Top of Stack: (sp=0x0000700011280a90)
0x0000700011280a90:   00007f9c4d88fba0 00007f9c4bd276d0
0x0000700011280aa0:   0000000000000000 000000018322f560
0x0000700011280ab0:   00007f9c4d88fa00 0000000783ff1128
0x0000700011280ac0:   0000000000000005 0000000000000006
0x0000700011280ad0:   0001000011280b00 0000000000000003
0x0000700011280ae0:   000000010d590908 0000000000000001
0x0000700011280af0:   00007f9c4d88fa00 000000078323f650
0x0000700011280b00:   0000700011280b30 000000010ceaf002
0x0000700011280b10:   00007f9c4d88fa00 000000000001ffff
0x0000700011280b20:   0000000000000040 00007f9c4d88fa00
0x0000700011280b30:   0000700011280b80 000000010ced90e8
0x0000700011280b40:   0000700011280b50 000000078323f651
0x0000700011280b50:   0000700011280b60 000000010d1fbe0d
0x0000700011280b60:   00007f9c4d88fa00 000000000001ffff
0x0000700011280b70:   000000027032fed4 0000000187b1a498
0x0000700011280b80:   0000700011280bb0 000000010ceed19b
0x0000700011280b90:   00007f9c4e5166e8 0000000000000005
0x0000700011280ba0:   00007f9c4e516610 00007f9c4d8900d8
0x0000700011280bb0:   0000700011280be0 000000010cdd63c4
0x0000700011280bc0:   00007f9c4bd57990 00007f9c4be090e0
0x0000700011280bd0:   00007f9c4d890138 0000000000000000
0x0000700011280be0:   0000700011280c20 000000010ced8e87
0x0000700011280bf0:   000000010d56b0d0 00007f9c4bd57990
0x0000700011280c00:   00007f9c4be090e0 0000000000000001
0x0000700011280c10:   00007f9c4d890138 00007f9c4d890138
0x0000700011280c20:   0000700011280c50 000000010cdd8166
0x0000700011280c30:   00007f9c4d890138 00007f9c4d8900a0
0x0000700011280c40:   00007f9c4d890138 00007f9c4d8900a8
0x0000700011280c50:   0000700011280cf0 000000010ceef9dc
0x0000700011280c60:   000000010d56a9b0 0000000187960e73
0x0000700011280c70:   000000027006db62 0000000100000008
0x0000700011280c80:   00007f9c4be090e0 0000000100000002 

Instructions: (pc=0x000000010cedaaca)
0x000000010ceda9ca:   5f 5d c3 90 55 48 89 e5 44 8b 55 10 c1 ee 08 40
0x000000010ceda9da:   0f b6 c6 4c 8b 9f 90 00 00 00 84 c0 48 0f be c0
0x000000010ceda9ea:   4d 8b 5c c3 10 4b 8d 04 d3 49 0f 45 c3 49 89 ca
0x000000010ceda9fa:   4c 8b 18 4d 39 4b 28 76 04 31 c0 eb 07 4d 39 4b
0x000000010cedaa0a:   40 0f 97 c0 48 8b 4f 08 48 8b b9 d0 02 00 00 48
0x000000010cedaa1a:   8d 0d e1 3e 71 00 80 39 00 74 16 8b 52 08 4c 8d
0x000000010cedaa2a:   0d e9 5e 6b 00 41 8a 49 08 48 d3 e2 49 03 11 eb
0x000000010cedaa3a:   04 48 8b 52 08 49 c1 e2 03 84 c0 74 23 31 c0 40
0x000000010cedaa4a:   80 fe 01 0f 94 c0 4d 8b 4b 20 49 c1 e1 03 48 89
0x000000010cedaa5a:   d6 4c 89 d2 44 89 c1 41 89 c0 5d e9 9c d1 01 00
0x000000010cedaa6a:   31 c0 40 80 fe 01 0f 94 c0 48 89 d6 4c 89 d2 44
0x000000010cedaa7a:   89 c1 41 89 c0 5d e9 8b d1 01 00 90 55 48 89 e5
0x000000010cedaa8a:   41 57 41 56 41 55 41 54 53 48 83 ec 48 49 89 cc
0x000000010cedaa9a:   49 89 d7 41 89 f6 48 89 fb 48 8d 05 57 3e 71 00
0x000000010cedaaaa:   8a 10 84 d2 74 16 41 8b 7f 08 48 8d 05 5d 5e 6b
0x000000010cedaaba:   00 8a 48 08 48 d3 e7 48 03 38 eb 04 49 8b 7f 08
0x000000010cedaaca:   8b 47 08 85 c0 7e 09 a8 01 75 07 c1 e8 03 eb 46
0x000000010cedaada:   78 0e 48 8b 07 4c 89 fe ff 90 f8 00 00 00 eb 36
0x000000010cedaaea:   31 c9 84 d2 0f 94 c1 49 63 54 8f 0c 89 c1 48 d3
0x000000010cedaafa:   e2 c1 e8 10 0f b6 c8 48 01 d1 48 8d 05 f9 79 6b
0x000000010cedab0a:   00 48 63 00 48 8d 4c 08 ff 48 ff c8 48 f7 d0 48
0x000000010cedab1a:   21 c8 48 c1 e8 03 41 0f b7 f6 45 31 ed 81 fe ff
0x000000010cedab2a:   00 00 00 77 24 4d 89 e5 41 f6 c4 01 75 0a 4c 89
0x000000010cedab3a:   e1 48 83 e1 fd 4c 8b 29 41 c1 ed 03 41 83 e5 0f
0x000000010cedab4a:   44 3b ab 9c 01 00 00 72 11 41 c1 ee 08 49 0f be
0x000000010cedab5a:   ce 44 0f b7 b4 4b 98 01 00 00 66 44 89 75 d6 44
0x000000010cedab6a:   89 f2 c1 ea 08 80 bb 08 02 00 00 00 74 1b 80 fa
0x000000010cedab7a:   01 75 16 48 89 df 4c 89 fe 4c 89 e2 e8 e3 03 00
0x000000010cedab8a:   00 49 89 c4 e9 b8 03 00 00 89 75 ac 4c 89 65 c0
0x000000010cedab9a:   4c 63 c0 48 8b 43 08 48 89 5d b0 48 8b b3 90 00
0x000000010cedabaa:   00 00 48 8b 80 00 01 00 00 8a 48 68 4c 89 7d b8
0x000000010cedabba:   49 d3 ef 48 8b 40 58 4a 8b 3c f8 8b 8f 10 01 00 


Stack slot to memory mapping:
stack at sp + 0 slots: 0x00007f9c4d88fba0 points into unknown readable memory: e0 b1 56 0d 01 00 00 00
stack at sp + 1 slots: 0x00007f9c4bd276d0 points into unknown readable memory: 00 00 f0 83 07 00 00 00
stack at sp + 2 slots: 0x0 is NULL
stack at sp + 3 slots: 0x000000018322f560 is an unknown value
stack at sp + 4 slots: 0x00007f9c4d88fa00 points into unknown readable memory: c0 b1 56 0d 01 00 00 00
stack at sp + 5 slots: 0x0000000783ff1128 is an oop: java.beans.BeanDescriptor 
{0x0000000783ff1128} - klass: 'java/beans/BeanDescriptor'
stack at sp + 6 slots: 0x0000000000000005 is an unknown value
stack at sp + 7 slots: 0x0000000000000006 is an unknown value


---------------  P R O C E S S  ---------------

Threads class SMR info:
_java_thread_list=0x00007f9c4e4b3c80, length=12, elements={
0x00007f9c4c817000, 0x00007f9c4c885000, 0x00007f9c4c888000, 0x00007f9c4d05d800,
0x00007f9c4d059000, 0x00007f9c4d05a000, 0x00007f9c4d05b000, 0x00007f9c4c899800,
0x00007f9c4c014000, 0x00007f9c4cc7b000, 0x00007f9c4cc76800, 0x00007f9c4d0c8800
}

Java Threads: ( => current thread )
  0x00007f9c4c817000 JavaThread "main" [_thread_blocked, id=5891, stack(0x000070001004b000,0x000070001014b000)]
  0x00007f9c4c885000 JavaThread "Reference Handler" daemon [_thread_blocked, id=14339, stack(0x0000700010760000,0x0000700010860000)]
  0x00007f9c4c888000 JavaThread "Finalizer" daemon [_thread_blocked, id=14851, stack(0x0000700010863000,0x0000700010963000)]
  0x00007f9c4d05d800 JavaThread "Signal Dispatcher" daemon [_thread_blocked, id=43267, stack(0x0000700010a6c000,0x0000700010b6c000)]
  0x00007f9c4d059000 JavaThread "Service Thread" daemon [_thread_blocked, id=22531, stack(0x0000700010b6f000,0x0000700010c6f000)]
  0x00007f9c4d05a000 JavaThread "C1 CompilerThread0" daemon [_thread_blocked, id=23043, stack(0x0000700010c72000,0x0000700010d72000)]
  0x00007f9c4d05b000 JavaThread "Sweeper thread" daemon [_thread_blocked, id=42499, stack(0x0000700010d75000,0x0000700010e75000)]
  0x00007f9c4c899800 JavaThread "Notification Thread" daemon [_thread_blocked, id=41731, stack(0x0000700010e78000,0x0000700010f78000)]
  0x00007f9c4c014000 JavaThread "Common-Cleaner" daemon [_thread_blocked, id=40707, stack(0x000070001107e000,0x000070001117e000)]
  0x00007f9c4cc7b000 JavaThread "Thread-0" [_thread_blocked, id=25091, stack(0x0000700011387000,0x0000700011487000)]
  0x00007f9c4cc76800 JavaThread "restartedMain" [_thread_blocked, id=39683, stack(0x000070001148a000,0x000070001158a000)]
  0x00007f9c4d0c8800 JavaThread "Thread-3" [_thread_blocked, id=38919, stack(0x000070001158d000,0x000070001168d000)]

Other Threads:
  0x00007f9c4c884000 VMThread "VM Thread" [stack: 0x000070001065d000,0x000070001075d000] [id=13827]
  0x00007f9c4c872800 WatcherThread [stack: 0x0000700010f7b000,0x000070001107b000] [id=41219]
  0x00007f9c4d02e000 GCTaskThread "GC Thread#0" [stack: 0x000070001014e000,0x000070001024e000] [id=12547]
=>0x00007f9c4cc5c000 GCTaskThread "GC Thread#1" [stack: 0x0000700011181000,0x0000700011281000] [id=24323]
  0x00007f9c4cc78800 GCTaskThread "GC Thread#2" [stack: 0x0000700011284000,0x0000700011384000] [id=40451]
  0x00007f9c4caaf000 GCTaskThread "GC Thread#3" [stack: 0x0000700011690000,0x0000700011790000] [id=25859]
  0x00007f9c4d03f800 ConcurrentGCThread "G1 Main Marker" [stack: 0x0000700010251000,0x0000700010351000] [id=19715]
  0x00007f9c4d040000 ConcurrentGCThread "G1 Conc#0" [stack: 0x0000700010354000,0x0000700010454000] [id=18947]
  0x00007f9c4c871000 ConcurrentGCThread "G1 Refine#0" [stack: 0x0000700010457000,0x0000700010557000] [id=18691]
  0x00007f9c4c871800 ConcurrentGCThread "G1 Young RemSet Sampling" [stack: 0x000070001055a000,0x000070001065a000] [id=13315]

Threads with active compile tasks:

VM state:at safepoint (normal execution)

VM Mutex/Monitor currently owned by a thread:  ([mutex/lock_event])
[0x00007f9c4bd0a950] Threads_lock - owner thread: 0x00007f9c4c884000
[0x00007f9c4bd0b610] Heap_lock - owner thread: 0x00007f9c4cc76800

Heap address: 0x0000000780000000, size: 2048 MB, Compressed Oops mode: Zero based, Oop shift amount: 3
Narrow klass base: 0x0000000800000000, Narrow klass shift: 3
Compressed class space size: 1073741824 Address: 0x0000000800b19000

Heap:
 garbage-first heap   total 133120K, used 84233K [0x0000000780000000, 0x0000000800000000)
  region size 1024K, 79 young (80896K), 4 survivors (4096K)
 Metaspace       used 16604K, capacity 17916K, committed 18048K, reserved 1064960K
  class space    used 2188K, capacity 2362K, committed 2432K, reserved 1048576K
Heap Regions: E=young(eden), S=young(survivor), O=old, HS=humongous(starts), HC=humongous(continues), CS=collection set, F=free, OA=open archive, CA=closed archive, TAMS=top-at-mark-start (previous, next)
|   0|0x0000000780000000, 0x0000000780100000, 0x0000000780100000|100%|HS|  |TAMS 0x0000000780000000, 0x0000000780000000| Complete 
|   1|0x0000000780100000, 0x0000000780200000, 0x0000000780200000|100%| O|  |TAMS 0x0000000780100000, 0x0000000780100000| Untracked 
|   2|0x0000000780200000, 0x0000000780300000, 0x0000000780300000|100%| O|  |TAMS 0x0000000780200000, 0x0000000780200000| Untracked 
|   3|0x0000000780300000, 0x0000000780400000, 0x0000000780400000|100%| O|  |TAMS 0x0000000780300000, 0x0000000780300000| Untracked 
|   4|0x0000000780400000, 0x0000000780500000, 0x0000000780500000|100%| O|  |TAMS 0x0000000780400000, 0x0000000780400000| Untracked 
|   5|0x0000000780500000, 0x0000000780600000, 0x0000000780600000|100%| O|  |TAMS 0x0000000780500000, 0x0000000780500000| Untracked 
|   6|0x0000000780600000, 0x0000000780607600, 0x0000000780700000|  2%| O|  |TAMS 0x0000000780600000, 0x0000000780600000| Untracked 
|   7|0x0000000780700000, 0x0000000780700000, 0x0000000780800000|  0%| F|  |TAMS 0x0000000780700000, 0x0000000780700000| Untracked 
|   8|0x0000000780800000, 0x0000000780800000, 0x0000000780900000|  0%| F|  |TAMS 0x0000000780800000, 0x0000000780800000| Untracked 
|   9|0x0000000780900000, 0x0000000780900000, 0x0000000780a00000|  0%| F|  |TAMS 0x0000000780900000, 0x0000000780900000| Untracked 
|  10|0x0000000780a00000, 0x0000000780a00000, 0x0000000780b00000|  0%| F|  |TAMS 0x0000000780a00000, 0x0000000780a00000| Untracked 
|  11|0x0000000780b00000, 0x0000000780b00000, 0x0000000780c00000|  0%| F|  |TAMS 0x0000000780b00000, 0x0000000780b00000| Untracked 
|  12|0x0000000780c00000, 0x0000000780c00000, 0x0000000780d00000|  0%| F|  |TAMS 0x0000000780c00000, 0x0000000780c00000| Untracked 
|  13|0x0000000780d00000, 0x0000000780d00000, 0x0000000780e00000|  0%| F|  |TAMS 0x0000000780d00000, 0x0000000780d00000| Untracked 
|  14|0x0000000780e00000, 0x0000000780e00000, 0x0000000780f00000|  0%| F|  |TAMS 0x0000000780e00000, 0x0000000780e00000| Untracked 
|  15|0x0000000780f00000, 0x0000000780f00000, 0x0000000781000000|  0%| F|  |TAMS 0x0000000780f00000, 0x0000000780f00000| Untracked 
|  16|0x0000000781000000, 0x0000000781000000, 0x0000000781100000|  0%| F|  |TAMS 0x0000000781000000, 0x0000000781000000| Untracked 
|  17|0x0000000781100000, 0x0000000781100000, 0x0000000781200000|  0%| F|  |TAMS 0x0000000781100000, 0x0000000781100000| Untracked 
|  18|0x0000000781200000, 0x0000000781200000, 0x0000000781300000|  0%| F|  |TAMS 0x0000000781200000, 0x0000000781200000| Untracked 
|  19|0x0000000781300000, 0x0000000781300000, 0x0000000781400000|  0%| F|  |TAMS 0x0000000781300000, 0x0000000781300000| Untracked 
|  20|0x0000000781400000, 0x0000000781400000, 0x0000000781500000|  0%| F|  |TAMS 0x0000000781400000, 0x0000000781400000| Untracked 
|  21|0x0000000781500000, 0x0000000781500000, 0x0000000781600000|  0%| F|  |TAMS 0x0000000781500000, 0x0000000781500000| Untracked 
|  22|0x0000000781600000, 0x0000000781600000, 0x0000000781700000|  0%| F|  |TAMS 0x0000000781600000, 0x0000000781600000| Untracked 
|  23|0x0000000781700000, 0x0000000781700000, 0x0000000781800000|  0%| F|  |TAMS 0x0000000781700000, 0x0000000781700000| Untracked 
|  24|0x0000000781800000, 0x0000000781800000, 0x0000000781900000|  0%| F|  |TAMS 0x0000000781800000, 0x0000000781800000| Untracked 
|  25|0x0000000781900000, 0x0000000781900000, 0x0000000781a00000|  0%| F|  |TAMS 0x0000000781900000, 0x0000000781900000| Untracked 
|  26|0x0000000781a00000, 0x0000000781a00000, 0x0000000781b00000|  0%| F|  |TAMS 0x0000000781a00000, 0x0000000781a00000| Untracked 
|  27|0x0000000781b00000, 0x0000000781b00000, 0x0000000781c00000|  0%| F|  |TAMS 0x0000000781b00000, 0x0000000781b00000| Untracked 
|  28|0x0000000781c00000, 0x0000000781c00000, 0x0000000781d00000|  0%| F|  |TAMS 0x0000000781c00000, 0x0000000781c00000| Untracked 
|  29|0x0000000781d00000, 0x0000000781d00000, 0x0000000781e00000|  0%| F|  |TAMS 0x0000000781d00000, 0x0000000781d00000| Untracked 
|  30|0x0000000781e00000, 0x0000000781e00000, 0x0000000781f00000|  0%| F|  |TAMS 0x0000000781e00000, 0x0000000781e00000| Untracked 
|  31|0x0000000781f00000, 0x0000000781f00000, 0x0000000782000000|  0%| F|  |TAMS 0x0000000781f00000, 0x0000000781f00000| Untracked 
|  32|0x0000000782000000, 0x0000000782000000, 0x0000000782100000|  0%| F|  |TAMS 0x0000000782000000, 0x0000000782000000| Untracked 
|  33|0x0000000782100000, 0x0000000782100000, 0x0000000782200000|  0%| F|  |TAMS 0x0000000782100000, 0x0000000782100000| Untracked 
|  34|0x0000000782200000, 0x0000000782200000, 0x0000000782300000|  0%| F|  |TAMS 0x0000000782200000, 0x0000000782200000| Untracked 
|  35|0x0000000782300000, 0x0000000782300000, 0x0000000782400000|  0%| F|  |TAMS 0x0000000782300000, 0x0000000782300000| Untracked 
|  36|0x0000000782400000, 0x0000000782400000, 0x0000000782500000|  0%| F|  |TAMS 0x0000000782400000, 0x0000000782400000| Untracked 
|  37|0x0000000782500000, 0x0000000782500000, 0x0000000782600000|  0%| F|  |TAMS 0x0000000782500000, 0x0000000782500000| Untracked 
|  38|0x0000000782600000, 0x0000000782600000, 0x0000000782700000|  0%| F|  |TAMS 0x0000000782600000, 0x0000000782600000| Untracked 
|  39|0x0000000782700000, 0x0000000782700000, 0x0000000782800000|  0%| F|  |TAMS 0x0000000782700000, 0x0000000782700000| Untracked 
|  40|0x0000000782800000, 0x0000000782800000, 0x0000000782900000|  0%| F|  |TAMS 0x0000000782800000, 0x0000000782800000| Untracked 
|  41|0x0000000782900000, 0x0000000782900000, 0x0000000782a00000|  0%| F|  |TAMS 0x0000000782900000, 0x0000000782900000| Untracked 
|  42|0x0000000782a00000, 0x0000000782a00000, 0x0000000782b00000|  0%| F|  |TAMS 0x0000000782a00000, 0x0000000782a00000| Untracked 
|  43|0x0000000782b00000, 0x0000000782b00000, 0x0000000782c00000|  0%| F|  |TAMS 0x0000000782b00000, 0x0000000782b00000| Untracked 
|  44|0x0000000782c00000, 0x0000000782c00000, 0x0000000782d00000|  0%| F|  |TAMS 0x0000000782c00000, 0x0000000782c00000| Untracked 
|  45|0x0000000782d00000, 0x0000000782d00000, 0x0000000782e00000|  0%| F|  |TAMS 0x0000000782d00000, 0x0000000782d00000| Untracked 
|  46|0x0000000782e00000, 0x0000000782e00000, 0x0000000782f00000|  0%| F|  |TAMS 0x0000000782e00000, 0x0000000782e00000| Untracked 
|  47|0x0000000782f00000, 0x0000000782f00000, 0x0000000783000000|  0%| F|  |TAMS 0x0000000782f00000, 0x0000000782f00000| Untracked 
|  48|0x0000000783000000, 0x00000007830f5d88, 0x0000000783100000| 96%| S|  |TAMS 0x0000000783000000, 0x0000000783000000| Complete 
|  49|0x0000000783100000, 0x0000000783200000, 0x0000000783200000|100%| S|  |TAMS 0x0000000783100000, 0x0000000783100000| Complete 
|  50|0x0000000783200000, 0x0000000783300000, 0x0000000783300000|100%| S|  |TAMS 0x0000000783200000, 0x0000000783200000| Complete 
|  51|0x0000000783300000, 0x0000000783400000, 0x0000000783400000|100%| S|  |TAMS 0x0000000783300000, 0x0000000783300000| Complete 
|  52|0x0000000783400000, 0x00000007834fe798, 0x0000000783500000| 99%| E|CS|TAMS 0x0000000783400000, 0x0000000783400000| Complete 
|  53|0x0000000783500000, 0x0000000783600000, 0x0000000783600000|100%| E|CS|TAMS 0x0000000783500000, 0x0000000783500000| Complete 
|  54|0x0000000783600000, 0x0000000783700000, 0x0000000783700000|100%| E|CS|TAMS 0x0000000783600000, 0x0000000783600000| Complete 
|  55|0x0000000783700000, 0x0000000783800000, 0x0000000783800000|100%| E|CS|TAMS 0x0000000783700000, 0x0000000783700000| Complete 
|  56|0x0000000783800000, 0x0000000783900000, 0x0000000783900000|100%| E|CS|TAMS 0x0000000783800000, 0x0000000783800000| Complete 
|  57|0x0000000783900000, 0x0000000783a00000, 0x0000000783a00000|100%| E|CS|TAMS 0x0000000783900000, 0x0000000783900000| Complete 
|  58|0x0000000783a00000, 0x0000000783b00000, 0x0000000783b00000|100%| E|CS|TAMS 0x0000000783a00000, 0x0000000783a00000| Complete 
|  59|0x0000000783b00000, 0x0000000783c00000, 0x0000000783c00000|100%| E|CS|TAMS 0x0000000783b00000, 0x0000000783b00000| Complete 
|  60|0x0000000783c00000, 0x0000000783d00000, 0x0000000783d00000|100%| E|CS|TAMS 0x0000000783c00000, 0x0000000783c00000| Complete 
|  61|0x0000000783d00000, 0x0000000783e00000, 0x0000000783e00000|100%| E|CS|TAMS 0x0000000783d00000, 0x0000000783d00000| Complete 
|  62|0x0000000783e00000, 0x0000000783f00000, 0x0000000783f00000|100%| E|CS|TAMS 0x0000000783e00000, 0x0000000783e00000| Complete 
|  63|0x0000000783f00000, 0x0000000784000000, 0x0000000784000000|100%| E|CS|TAMS 0x0000000783f00000, 0x0000000783f00000| Complete 
|  64|0x0000000784000000, 0x0000000784100000, 0x0000000784100000|100%| E|CS|TAMS 0x0000000784000000, 0x0000000784000000| Complete 
|  65|0x0000000784100000, 0x0000000784200000, 0x0000000784200000|100%| E|CS|TAMS 0x0000000784100000, 0x0000000784100000| Complete 
|  66|0x0000000784200000, 0x0000000784300000, 0x0000000784300000|100%| E|CS|TAMS 0x0000000784200000, 0x0000000784200000| Complete 
|  67|0x0000000784300000, 0x0000000784400000, 0x0000000784400000|100%| E|CS|TAMS 0x0000000784300000, 0x0000000784300000| Complete 
|  68|0x0000000784400000, 0x0000000784500000, 0x0000000784500000|100%| E|CS|TAMS 0x0000000784400000, 0x0000000784400000| Complete 
|  69|0x0000000784500000, 0x0000000784600000, 0x0000000784600000|100%| E|CS|TAMS 0x0000000784500000, 0x0000000784500000| Complete 
|  70|0x0000000784600000, 0x0000000784700000, 0x0000000784700000|100%| E|CS|TAMS 0x0000000784600000, 0x0000000784600000| Complete 
|  71|0x0000000784700000, 0x0000000784800000, 0x0000000784800000|100%| E|CS|TAMS 0x0000000784700000, 0x0000000784700000| Complete 
|  72|0x0000000784800000, 0x0000000784900000, 0x0000000784900000|100%| E|CS|TAMS 0x0000000784800000, 0x0000000784800000| Complete 
|  73|0x0000000784900000, 0x0000000784a00000, 0x0000000784a00000|100%| E|CS|TAMS 0x0000000784900000, 0x0000000784900000| Complete 
|  74|0x0000000784a00000, 0x0000000784b00000, 0x0000000784b00000|100%| E|CS|TAMS 0x0000000784a00000, 0x0000000784a00000| Complete 
|  75|0x0000000784b00000, 0x0000000784c00000, 0x0000000784c00000|100%| E|CS|TAMS 0x0000000784b00000, 0x0000000784b00000| Complete 
|  76|0x0000000784c00000, 0x0000000784d00000, 0x0000000784d00000|100%| E|CS|TAMS 0x0000000784c00000, 0x0000000784c00000| Complete 
|  77|0x0000000784d00000, 0x0000000784e00000, 0x0000000784e00000|100%| E|CS|TAMS 0x0000000784d00000, 0x0000000784d00000| Complete 
|  78|0x0000000784e00000, 0x0000000784f00000, 0x0000000784f00000|100%| E|CS|TAMS 0x0000000784e00000, 0x0000000784e00000| Complete 
|  79|0x0000000784f00000, 0x0000000785000000, 0x0000000785000000|100%| E|CS|TAMS 0x0000000784f00000, 0x0000000784f00000| Complete 
|  80|0x0000000785000000, 0x0000000785100000, 0x0000000785100000|100%| E|CS|TAMS 0x0000000785000000, 0x0000000785000000| Complete 
|  81|0x0000000785100000, 0x0000000785200000, 0x0000000785200000|100%| E|CS|TAMS 0x0000000785100000, 0x0000000785100000| Complete 
|  82|0x0000000785200000, 0x0000000785300000, 0x0000000785300000|100%| E|CS|TAMS 0x0000000785200000, 0x0000000785200000| Complete 
|  83|0x0000000785300000, 0x0000000785400000, 0x0000000785400000|100%| E|CS|TAMS 0x0000000785300000, 0x0000000785300000| Complete 
|  84|0x0000000785400000, 0x0000000785500000, 0x0000000785500000|100%| E|CS|TAMS 0x0000000785400000, 0x0000000785400000| Complete 
|  85|0x0000000785500000, 0x0000000785600000, 0x0000000785600000|100%| E|CS|TAMS 0x0000000785500000, 0x0000000785500000| Complete 
|  86|0x0000000785600000, 0x0000000785700000, 0x0000000785700000|100%| E|CS|TAMS 0x0000000785600000, 0x0000000785600000| Complete 
|  87|0x0000000785700000, 0x0000000785800000, 0x0000000785800000|100%| E|CS|TAMS 0x0000000785700000, 0x0000000785700000| Complete 
|  88|0x0000000785800000, 0x0000000785900000, 0x0000000785900000|100%| E|CS|TAMS 0x0000000785800000, 0x0000000785800000| Complete 
|  89|0x0000000785900000, 0x0000000785a00000, 0x0000000785a00000|100%| E|CS|TAMS 0x0000000785900000, 0x0000000785900000| Complete 
|  90|0x0000000785a00000, 0x0000000785b00000, 0x0000000785b00000|100%| E|CS|TAMS 0x0000000785a00000, 0x0000000785a00000| Complete 
|  91|0x0000000785b00000, 0x0000000785c00000, 0x0000000785c00000|100%| E|CS|TAMS 0x0000000785b00000, 0x0000000785b00000| Complete 
|  92|0x0000000785c00000, 0x0000000785d00000, 0x0000000785d00000|100%| E|CS|TAMS 0x0000000785c00000, 0x0000000785c00000| Complete 
|  93|0x0000000785d00000, 0x0000000785e00000, 0x0000000785e00000|100%| E|CS|TAMS 0x0000000785d00000, 0x0000000785d00000| Complete 
|  94|0x0000000785e00000, 0x0000000785f00000, 0x0000000785f00000|100%| E|CS|TAMS 0x0000000785e00000, 0x0000000785e00000| Complete 
|  95|0x0000000785f00000, 0x0000000786000000, 0x0000000786000000|100%| E|CS|TAMS 0x0000000785f00000, 0x0000000785f00000| Complete 
|  96|0x0000000786000000, 0x0000000786100000, 0x0000000786100000|100%| E|CS|TAMS 0x0000000786000000, 0x0000000786000000| Complete 
|  97|0x0000000786100000, 0x0000000786200000, 0x0000000786200000|100%| E|CS|TAMS 0x0000000786100000, 0x0000000786100000| Complete 
|  98|0x0000000786200000, 0x0000000786300000, 0x0000000786300000|100%| E|CS|TAMS 0x0000000786200000, 0x0000000786200000| Complete 
|  99|0x0000000786300000, 0x0000000786400000, 0x0000000786400000|100%| E|CS|TAMS 0x0000000786300000, 0x0000000786300000| Complete 
| 100|0x0000000786400000, 0x000000078646ea00, 0x0000000786500000| 43%| E|CS|TAMS 0x0000000786400000, 0x0000000786400000| Complete 
| 101|0x0000000786500000, 0x0000000786600000, 0x0000000786600000|100%| E|CS|TAMS 0x0000000786500000, 0x0000000786500000| Complete 
| 102|0x0000000786600000, 0x0000000786700000, 0x0000000786700000|100%| E|CS|TAMS 0x0000000786600000, 0x0000000786600000| Complete 
| 103|0x0000000786700000, 0x0000000786800000, 0x0000000786800000|100%| E|CS|TAMS 0x0000000786700000, 0x0000000786700000| Complete 
| 104|0x0000000786800000, 0x0000000786900000, 0x0000000786900000|100%| E|CS|TAMS 0x0000000786800000, 0x0000000786800000| Complete 
| 105|0x0000000786900000, 0x0000000786a00000, 0x0000000786a00000|100%| E|CS|TAMS 0x0000000786900000, 0x0000000786900000| Complete 
| 106|0x0000000786a00000, 0x0000000786b00000, 0x0000000786b00000|100%| E|CS|TAMS 0x0000000786a00000, 0x0000000786a00000| Complete 
| 107|0x0000000786b00000, 0x0000000786c00000, 0x0000000786c00000|100%| E|CS|TAMS 0x0000000786b00000, 0x0000000786b00000| Complete 
| 108|0x0000000786c00000, 0x0000000786d00000, 0x0000000786d00000|100%| E|CS|TAMS 0x0000000786c00000, 0x0000000786c00000| Complete 
| 109|0x0000000786d00000, 0x0000000786e00000, 0x0000000786e00000|100%| E|CS|TAMS 0x0000000786d00000, 0x0000000786d00000| Complete 
| 110|0x0000000786e00000, 0x0000000786f00000, 0x0000000786f00000|100%| E|CS|TAMS 0x0000000786e00000, 0x0000000786e00000| Complete 
| 111|0x0000000786f00000, 0x0000000787000000, 0x0000000787000000|100%| E|CS|TAMS 0x0000000786f00000, 0x0000000786f00000| Complete 
| 112|0x0000000787000000, 0x0000000787100000, 0x0000000787100000|100%| E|CS|TAMS 0x0000000787000000, 0x0000000787000000| Complete 
| 113|0x0000000787100000, 0x0000000787200000, 0x0000000787200000|100%| E|CS|TAMS 0x0000000787100000, 0x0000000787100000| Complete 
| 114|0x0000000787200000, 0x0000000787300000, 0x0000000787300000|100%| E|CS|TAMS 0x0000000787200000, 0x0000000787200000| Complete 
| 115|0x0000000787300000, 0x0000000787400000, 0x0000000787400000|100%| E|CS|TAMS 0x0000000787300000, 0x0000000787300000| Complete 
| 116|0x0000000787400000, 0x0000000787500000, 0x0000000787500000|100%| E|CS|TAMS 0x0000000787400000, 0x0000000787400000| Complete 
| 117|0x0000000787500000, 0x0000000787600000, 0x0000000787600000|100%| E|CS|TAMS 0x0000000787500000, 0x0000000787500000| Complete 
| 118|0x0000000787600000, 0x0000000787700000, 0x0000000787700000|100%| E|CS|TAMS 0x0000000787600000, 0x0000000787600000| Complete 
| 119|0x0000000787700000, 0x0000000787800000, 0x0000000787800000|100%| E|CS|TAMS 0x0000000787700000, 0x0000000787700000| Complete 
| 120|0x0000000787800000, 0x0000000787900000, 0x0000000787900000|100%| E|CS|TAMS 0x0000000787800000, 0x0000000787800000| Complete 
| 121|0x0000000787900000, 0x0000000787a00000, 0x0000000787a00000|100%| E|CS|TAMS 0x0000000787900000, 0x0000000787900000| Complete 
| 122|0x0000000787a00000, 0x0000000787b00000, 0x0000000787b00000|100%| E|CS|TAMS 0x0000000787a00000, 0x0000000787a00000| Complete 
| 123|0x0000000787b00000, 0x0000000787c00000, 0x0000000787c00000|100%| E|CS|TAMS 0x0000000787b00000, 0x0000000787b00000| Complete 
| 124|0x0000000787c00000, 0x0000000787d00000, 0x0000000787d00000|100%| E|CS|TAMS 0x0000000787c00000, 0x0000000787c00000| Complete 
| 125|0x0000000787d00000, 0x0000000787e00000, 0x0000000787e00000|100%| E|CS|TAMS 0x0000000787d00000, 0x0000000787d00000| Complete 
| 126|0x0000000787e00000, 0x0000000787f00000, 0x0000000787f00000|100%| E|CS|TAMS 0x0000000787e00000, 0x0000000787e00000| Complete 
| 127|0x0000000787f00000, 0x0000000788000000, 0x0000000788000000|100%| E|CS|TAMS 0x0000000787f00000, 0x0000000787f00000| Complete 
|1022|0x00000007bfe00000, 0x00000007bfe52000, 0x00000007bff00000| 32%|OA|  |TAMS 0x00000007bfe00000, 0x00000007bfe00000| Untracked 
|1023|0x00000007bff00000, 0x00000007bff7c000, 0x00000007c0000000| 48%|CA|  |TAMS 0x00000007bff00000, 0x00000007bff00000| Untracked 

Card table byte_map: [0x0000000116aa7000,0x0000000116ea7000] _byte_map_base: 0x0000000112ea7000

Marking Bits (Prev, Next): (CMBitMap*) 0x00007f9c4d02ec18, (CMBitMap*) 0x00007f9c4d02ec58
 Prev Bits: [0x0000000127879000, 0x0000000129879000)
 Next Bits: [0x0000000129879000, 0x000000012b879000)

Polling page: 0x000000010c329000

Metaspace:

Usage:
  Non-class:     15.19 MB capacity,    14.08 MB ( 93%) used,     1.06 MB (  7%) free+waste,    49.25 KB ( <1%) overhead. 
      Class:      2.31 MB capacity,     2.14 MB ( 93%) used,   147.73 KB (  6%) free+waste,    26.00 KB (  1%) overhead. 
       Both:     17.50 MB capacity,    16.22 MB ( 93%) used,     1.21 MB (  7%) free+waste,    75.25 KB ( <1%) overhead. 

Virtual space:
  Non-class space:       16.00 MB reserved,      15.25 MB ( 95%) committed 
      Class space:        1.00 GB reserved,       2.38 MB ( <1%) committed 
             Both:        1.02 GB reserved,      17.62 MB (  2%) committed 

Chunk freelists:
   Non-Class:  30.00 KB
       Class:  2.00 KB
        Both:  32.00 KB

MaxMetaspaceSize: unlimited
CompressedClassSpaceSize: 1.00 GB

CodeHeap 'non-profiled nmethods': size=238948Kb used=2971Kb max_used=2971Kb free=235976Kb
 bounds [0x0000000118f20000, 0x0000000119210000, 0x0000000127879000]
CodeHeap 'non-nmethods': size=6812Kb used=1184Kb max_used=1184Kb free=5627Kb
 bounds [0x0000000118879000, 0x0000000118ae9000, 0x0000000118f20000]
 total_blobs=2454 nmethods=1990 adapters=375
 compilation: enabled
              stopped_count=0, restarted_count=0
 full_count=0

Compilation events (20 events):
Event: 6.543 Thread 0x00007f9c4d05a000 1980   !   1       java.util.concurrent.ConcurrentHashMap::transfer (849 bytes)
Event: 6.546 Thread 0x00007f9c4d05a000 nmethod 1980 0x0000000119200b10 code [0x0000000119200e00, 0x0000000119202a80]
Event: 6.546 Thread 0x00007f9c4d05a000 1986       1       java.util.Properties::load0 (249 bytes)
Event: 6.546 Thread 0x00007f9c4d05a000 nmethod 1986 0x0000000119203c90 code [0x0000000119203e80, 0x0000000119204460]
Event: 6.546 Thread 0x00007f9c4d05a000 1981       1       java.util.concurrent.ConcurrentHashMap$MapEntry::getKey (5 bytes)
Event: 6.546 Thread 0x00007f9c4d05a000 nmethod 1981 0x0000000119204810 code [0x00000001192049a0, 0x0000000119204a70]
Event: 6.546 Thread 0x00007f9c4d05a000 1982       1       java.util.concurrent.ConcurrentHashMap$MapEntry::getValue (5 bytes)
Event: 6.546 Thread 0x00007f9c4d05a000 nmethod 1982 0x0000000119204b10 code [0x0000000119204ca0, 0x0000000119204d70]
Event: 6.546 Thread 0x00007f9c4d05a000 1983       1       java.util.concurrent.ConcurrentHashMap$EntryIterator::next (5 bytes)
Event: 6.547 Thread 0x00007f9c4d05a000 nmethod 1983 0x0000000119204e10 code [0x0000000119204fa0, 0x0000000119205080]
Event: 6.547 Thread 0x00007f9c4d05a000 1984       1       java.util.concurrent.ConcurrentHashMap$EntryIterator::next (51 bytes)
Event: 6.547 Thread 0x00007f9c4d05a000 nmethod 1984 0x0000000119205110 code [0x00000001192052c0, 0x00000001192056b0]
Event: 6.547 Thread 0x00007f9c4d05a000 1985       1       java.util.concurrent.ConcurrentHashMap$MapEntry::<init> (20 bytes)
Event: 6.547 Thread 0x00007f9c4d05a000 nmethod 1985 0x0000000119205810 code [0x00000001192059a0, 0x0000000119205b90]
Event: 6.558 Thread 0x00007f9c4d05a000 1987       1       java.security.AccessController::executePrivileged (65 bytes)
Event: 6.558 Thread 0x00007f9c4d05a000 nmethod 1987 0x0000000119205c10 code [0x0000000119205da0, 0x0000000119205e90]
Event: 6.564 Thread 0x00007f9c4d05a000 1989       1       java.lang.ClassLoader::getParent (32 bytes)
Event: 6.565 Thread 0x00007f9c4d05a000 nmethod 1989 0x0000000119206390 code [0x0000000119206540, 0x0000000119206790]
Event: 6.568 Thread 0x00007f9c4d05a000 1990       1       java.util.jar.Manifest$FastInputStream::fill (38 bytes)
Event: 6.568 Thread 0x00007f9c4d05a000 nmethod 1990 0x0000000119206910 code [0x0000000119206aa0, 0x0000000119206be0]

GC Heap History (7 events):
Event: 0.403 GC heap before
{Heap before GC invocations=0 (full 0):
 garbage-first heap   total 133120K, used 14136K [0x0000000780000000, 0x0000000800000000)
  region size 1024K, 13 young (13312K), 0 survivors (0K)
 Metaspace       used 2680K, capacity 5899K, committed 6016K, reserved 1056768K
  class space    used 319K, capacity 587K, committed 640K, reserved 1048576K
}
Event: 0.409 GC heap after
{Heap after GC invocations=1 (full 0):
 garbage-first heap   total 133120K, used 7116K [0x0000000780000000, 0x0000000800000000)
  region size 1024K, 2 young (2048K), 2 survivors (2048K)
 Metaspace       used 2680K, capacity 5899K, committed 6016K, reserved 1056768K
  class space    used 319K, capacity 587K, committed 640K, reserved 1048576K
}
Event: 0.553 GC heap before
{Heap before GC invocations=1 (full 0):
 garbage-first heap   total 133120K, used 18380K [0x0000000780000000, 0x0000000800000000)
  region size 1024K, 14 young (14336K), 2 survivors (2048K)
 Metaspace       used 3763K, capacity 6588K, committed 6912K, reserved 1056768K
  class space    used 471K, capacity 692K, committed 768K, reserved 1048576K
}
Event: 0.556 GC heap after
{Heap after GC invocations=2 (full 0):
 garbage-first heap   total 133120K, used 7412K [0x0000000780000000, 0x0000000800000000)
  region size 1024K, 1 young (1024K), 1 survivors (1024K)
 Metaspace       used 3763K, capacity 6588K, committed 6912K, reserved 1056768K
  class space    used 471K, capacity 692K, committed 768K, reserved 1048576K
}
Event: 0.568 GC heap before
{Heap before GC invocations=2 (full 0):
 garbage-first heap   total 133120K, used 33012K [0x0000000780000000, 0x0000000800000000)
  region size 1024K, 27 young (27648K), 1 survivors (1024K)
 Metaspace       used 3763K, capacity 6588K, committed 6912K, reserved 1056768K
  class space    used 471K, capacity 692K, committed 768K, reserved 1048576K
}
Event: 0.570 GC heap after
{Heap after GC invocations=3 (full 0):
 garbage-first heap   total 133120K, used 7440K [0x0000000780000000, 0x0000000800000000)
  region size 1024K, 1 young (1024K), 1 survivors (1024K)
 Metaspace       used 3763K, capacity 6588K, committed 6912K, reserved 1056768K
  class space    used 471K, capacity 692K, committed 768K, reserved 1048576K
}
Event: 6.569 GC heap before
{Heap before GC invocations=3 (full 0):
 garbage-first heap   total 133120K, used 83216K [0x0000000780000000, 0x0000000800000000)
  region size 1024K, 76 young (77824K), 1 survivors (1024K)
 Metaspace       used 16604K, capacity 17916K, committed 18048K, reserved 1064960K
  class space    used 2188K, capacity 2362K, committed 2432K, reserved 1048576K
}

Deoptimization events (0 events):
No events

Classes unloaded (0 events):
No events

Classes redefined (0 events):
No events

Internal exceptions (20 events):
Event: 6.266 Thread 0x00007f9c4cc76800 Exception <a 'java/lang/IncompatibleClassChangeError'{0x0000000784524728}: Found class java.lang.Object, but interface was expected> (0x0000000784524728) 
thrown [./src/hotspot/share/interpreter/linkResolver.cpp, line 832]
Event: 6.272 Thread 0x00007f9c4cc76800 Exception <a 'java/lang/ClassNotFoundException'{0x000000078455a808}: groovy/lang/MetaClassImplCustomizer> (0x000000078455a808) 
thrown [./src/hotspot/share/classfile/systemDictionary.cpp, line 226]
Event: 6.276 Thread 0x00007f9c4cc76800 Exception <a 'java/lang/ClassNotFoundException'{0x00000007845933c0}: groovy/lang/ExpandoMetaClassCustomizer> (0x00000007845933c0) 
thrown [./src/hotspot/share/classfile/systemDictionary.cpp, line 226]
Event: 6.304 Thread 0x00007f9c4cc76800 Exception <a 'java/lang/ClassNotFoundException'{0x0000000784300430}: org/springframework/beans/factory/groovy/GroovyBeanDefinitionReaderBeanInfo> (0x0000000784300430) 
thrown [./src/hotspot/share/classfile/systemDictionary.cpp, line 226]
Event: 6.304 Thread 0x00007f9c4cc76800 Exception <a 'java/lang/ClassNotFoundException'{0x0000000784317dc8}: org/springframework/beans/factory/support/AbstractBeanDefinitionReaderBeanInfo> (0x0000000784317dc8) 
thrown [./src/hotspot/share/classfile/systemDictionary.cpp, line 226]
Event: 6.304 Thread 0x00007f9c4cc76800 Exception <a 'java/lang/ClassNotFoundException'{0x000000078432f858}: org/springframework/beans/factory/support/AbstractBeanDefinitionReaderCustomizer> (0x000000078432f858) 
thrown [./src/hotspot/share/classfile/systemDictionary.cpp, line 226]
Event: 6.306 Thread 0x00007f9c4cc76800 Exception <a 'java/lang/ClassNotFoundException'{0x0000000784354a58}: org/springframework/beans/factory/groovy/GroovyBeanDefinitionReaderCustomizer> (0x0000000784354a58) 
thrown [./src/hotspot/share/classfile/systemDictionary.cpp, line 226]
Event: 6.403 Thread 0x00007f9c4cc76800 Exception <a 'java/lang/ClassNotFoundException'{0x0000000783fed2f0}: java/lang/ObjectCustomizer> (0x0000000783fed2f0) 
thrown [./src/hotspot/share/classfile/systemDictionary.cpp, line 226]
Event: 6.404 Thread 0x00007f9c4cc76800 Exception <a 'java/lang/ClassNotFoundException'{0x0000000783e08a28}: org/springframework/context/annotation/ConfigurationClassPostProcessorCustomizer> (0x0000000783e08a28) 
thrown [./src/hotspot/share/classfile/systemDictionary.cpp, line 226]
Event: 6.410 Thread 0x00007f9c4cc76800 Exception <a 'java/lang/ClassNotFoundException'{0x0000000783e70688}: org/springframework/beans/factory/support/BeanDefinitionRegistryPostProcessorCustomizer> (0x0000000783e70688) 
thrown [./src/hotspot/share/classfile/systemDictionary.cpp, line 226]
Event: 6.411 Thread 0x00007f9c4cc76800 Exception <a 'java/lang/ClassNotFoundException'{0x0000000783e88d68}: org/springframework/beans/factory/config/BeanFactoryPostProcessorCustomizer> (0x0000000783e88d68) 
thrown [./src/hotspot/share/classfile/systemDictionary.cpp, line 226]
Event: 6.412 Thread 0x00007f9c4cc76800 Exception <a 'java/lang/ClassNotFoundException'{0x0000000783e9d548}: org/springframework/core/PriorityOrderedCustomizer> (0x0000000783e9d548) 
thrown [./src/hotspot/share/classfile/systemDictionary.cpp, line 226]
Event: 6.412 Thread 0x00007f9c4cc76800 Exception <a 'java/lang/ClassNotFoundException'{0x0000000783eaf4e8}: org/springframework/core/OrderedCustomizer> (0x0000000783eaf4e8) 
thrown [./src/hotspot/share/classfile/systemDictionary.cpp, line 226]
Event: 6.413 Thread 0x00007f9c4cc76800 Exception <a 'java/lang/ClassNotFoundException'{0x0000000783ec47f0}: org/springframework/context/ResourceLoaderAwareCustomizer> (0x0000000783ec47f0) 
thrown [./src/hotspot/share/classfile/systemDictionary.cpp, line 226]
Event: 6.413 Thread 0x00007f9c4cc76800 Exception <a 'java/lang/ClassNotFoundException'{0x0000000783ed8a88}: org/springframework/beans/factory/AwareCustomizer> (0x0000000783ed8a88) 
thrown [./src/hotspot/share/classfile/systemDictionary.cpp, line 226]
Event: 6.414 Thread 0x00007f9c4cc76800 Exception <a 'java/lang/ClassNotFoundException'{0x0000000783eee268}: org/springframework/beans/factory/BeanClassLoaderAwareCustomizer> (0x0000000783eee268) 
thrown [./src/hotspot/share/classfile/systemDictionary.cpp, line 226]
Event: 6.414 Thread 0x00007f9c4cc76800 Exception <a 'java/lang/ClassNotFoundException'{0x0000000783d029c0}: org/springframework/beans/factory/AwareCustomizer> (0x0000000783d029c0) 
thrown [./src/hotspot/share/classfile/systemDictionary.cpp, line 226]
Event: 6.415 Thread 0x00007f9c4cc76800 Exception <a 'java/lang/ClassNotFoundException'{0x0000000783d16b60}: org/springframework/context/EnvironmentAwareCustomizer> (0x0000000783d16b60) 
thrown [./src/hotspot/share/classfile/systemDictionary.cpp, line 226]
Event: 6.415 Thread 0x00007f9c4cc76800 Exception <a 'java/lang/ClassNotFoundException'{0x0000000783d2ad60}: org/springframework/beans/factory/AwareCustomizer> (0x0000000783d2ad60) 
thrown [./src/hotspot/share/classfile/systemDictionary.cpp, line 226]
Event: 6.511 Thread 0x00007f9c4cc76800 Exception <a 'java/lang/NoSuchMethodError'{0x00000007839e3f70}: 'int java.lang.invoke.DirectMethodHandle$Holder.invokeSpecialIFC(java.lang.Object, java.lang.Object, java.lang.Object, java.lang.Object)'> (0x00000007839e3f70) 
thrown [./src/hotspot/share/interpreter/linkResolver.cpp, line 766]

Events (20 events):
Event: 6.553 Executing VM operation: HandshakeOneThread done
Event: 6.558 Executing VM operation: HandshakeOneThread
Event: 6.558 Executing VM operation: HandshakeOneThread done
Event: 6.558 Executing VM operation: HandshakeOneThread
Event: 6.558 Executing VM operation: HandshakeOneThread done
Event: 6.559 Executing VM operation: HandshakeOneThread
Event: 6.559 Executing VM operation: HandshakeOneThread done
Event: 6.559 Executing VM operation: HandshakeOneThread
Event: 6.559 Executing VM operation: HandshakeOneThread done
Event: 6.559 Executing VM operation: HandshakeOneThread
Event: 6.559 Executing VM operation: HandshakeOneThread done
Event: 6.559 Executing VM operation: HandshakeOneThread
Event: 6.559 Executing VM operation: HandshakeOneThread done
Event: 6.559 Executing VM operation: HandshakeOneThread
Event: 6.559 Executing VM operation: HandshakeOneThread done
Event: 6.559 Executing VM operation: HandshakeOneThread
Event: 6.559 Executing VM operation: HandshakeOneThread done
Event: 6.559 Executing VM operation: HandshakeOneThread
Event: 6.559 Executing VM operation: HandshakeOneThread done
Event: 6.569 Executing VM operation: G1CollectForAllocation


Dynamic libraries:
0x00007fff704f7000 	/usr/lib/libz.1.dylib
0x000000010c303000 	/usr/local/Cellar/openjdk/14.0.1/libexec/openjdk.jdk/Contents/Home/lib/libjli.dylib
0x00007fff36041000 	/System/Library/Frameworks/Cocoa.framework/Versions/A/Cocoa
0x00007fff4383a000 	/System/Library/Frameworks/Security.framework/Versions/A/Security
0x00007fff34fa6000 	/System/Library/Frameworks/ApplicationServices.framework/Versions/A/ApplicationServices
0x00007fff6dfbb000 	/usr/lib/libSystem.B.dylib
0x00007fff70db8000 	/usr/lib/system/libcache.dylib
0x00007fff70dbe000 	/usr/lib/system/libcommonCrypto.dylib
0x00007fff70dca000 	/usr/lib/system/libcompiler_rt.dylib
0x00007fff70dd2000 	/usr/lib/system/libcopyfile.dylib
0x00007fff70ddc000 	/usr/lib/system/libcorecrypto.dylib
0x00007fff70f7b000 	/usr/lib/system/libdispatch.dylib
0x00007fff70fbc000 	/usr/lib/system/libdyld.dylib
0x00007fff70ff3000 	/usr/lib/system/libkeymgr.dylib
0x00007fff71001000 	/usr/lib/system/liblaunch.dylib
0x00007fff71002000 	/usr/lib/system/libmacho.dylib
0x00007fff71008000 	/usr/lib/system/libquarantine.dylib
0x00007fff7100b000 	/usr/lib/system/libremovefile.dylib
0x00007fff7100d000 	/usr/lib/system/libsystem_asl.dylib
0x00007fff71025000 	/usr/lib/system/libsystem_blocks.dylib
0x00007fff71026000 	/usr/lib/system/libsystem_c.dylib
0x00007fff710ae000 	/usr/lib/system/libsystem_configuration.dylib
0x00007fff710b2000 	/usr/lib/system/libsystem_coreservices.dylib
0x00007fff710b6000 	/usr/lib/system/libsystem_darwin.dylib
0x00007fff710bf000 	/usr/lib/system/libsystem_dnssd.dylib
0x00007fff710c7000 	/usr/lib/system/libsystem_featureflags.dylib
0x00007fff710c9000 	/usr/lib/system/libsystem_info.dylib
0x00007fff71144000 	/usr/lib/system/libsystem_m.dylib
0x00007fff7118c000 	/usr/lib/system/libsystem_malloc.dylib
0x00007fff711b4000 	/usr/lib/system/libsystem_networkextension.dylib
0x00007fff711c2000 	/usr/lib/system/libsystem_notify.dylib
0x00007fff711e0000 	/usr/lib/system/libsystem_sandbox.dylib
0x00007fff711e5000 	/usr/lib/system/libsystem_secinit.dylib
0x00007fff71117000 	/usr/lib/system/libsystem_kernel.dylib
0x00007fff711cc000 	/usr/lib/system/libsystem_platform.dylib
0x00007fff711d5000 	/usr/lib/system/libsystem_pthread.dylib
0x00007fff711e8000 	/usr/lib/system/libsystem_symptoms.dylib
0x00007fff711f0000 	/usr/lib/system/libsystem_trace.dylib
0x00007fff71208000 	/usr/lib/system/libunwind.dylib
0x00007fff7120e000 	/usr/lib/system/libxpc.dylib
0x00007fff6fe1b000 	/usr/lib/libobjc.A.dylib
0x00007fff6e2f4000 	/usr/lib/libc++abi.dylib
0x00007fff6e2a1000 	/usr/lib/libc++.1.dylib
0x00007fff36ee3000 	/System/Library/Frameworks/CoreFoundation.framework/Versions/A/CoreFoundation
0x00007fff395a0000 	/System/Library/Frameworks/Foundation.framework/Versions/C/Foundation
0x00007fff34196000 	/System/Library/Frameworks/AppKit.framework/Versions/C/AppKit
0x00007fff369c5000 	/System/Library/Frameworks/CoreData.framework/Versions/A/CoreData
0x00007fff67fd0000 	/System/Library/PrivateFrameworks/UIFoundation.framework/Versions/A/UIFoundation
0x00007fff63064000 	/System/Library/PrivateFrameworks/RemoteViewServices.framework/Versions/A/RemoteViewServices
0x00007fff6ab2b000 	/System/Library/PrivateFrameworks/XCTTargetBootstrap.framework/Versions/A/XCTTargetBootstrap
0x00007fff36db0000 	/System/Library/Frameworks/CoreDisplay.framework/Versions/A/CoreDisplay
0x00007fff3c45b000 	/System/Library/Frameworks/Metal.framework/Versions/A/Metal
0x00007fff51051000 	/System/Library/PrivateFrameworks/DesktopServicesPriv.framework/Versions/A/DesktopServicesPriv
0x00007fff6f0f6000 	/usr/lib/liblangid.dylib
0x00007fff502e6000 	/System/Library/PrivateFrameworks/CoreSVG.framework/Versions/A/CoreSVG
0x00007fff661c0000 	/System/Library/PrivateFrameworks/SkyLight.framework/Versions/A/SkyLight
0x00007fff37364000 	/System/Library/Frameworks/CoreGraphics.framework/Versions/A/CoreGraphics
0x00007fff32b6a000 	/System/Library/Frameworks/Accelerate.framework/Versions/A/Accelerate
0x00007fff703e8000 	/usr/lib/libxml2.2.dylib
0x00007fff5bfef000 	/System/Library/PrivateFrameworks/IconServices.framework/Versions/A/IconServices
0x00007fff39d7f000 	/System/Library/Frameworks/IOSurface.framework/Versions/A/IOSurface
0x00007fff6dae5000 	/usr/lib/libDiagnosticMessagesClient.dylib
0x00007fff50eab000 	/System/Library/PrivateFrameworks/DFRFoundation.framework/Versions/A/DFRFoundation
0x00007fff6ee85000 	/usr/lib/libicucore.A.dylib
0x00007fff352d8000 	/System/Library/Frameworks/AudioToolbox.framework/Versions/A/AudioToolbox
0x00007fff353bb000 	/System/Library/Frameworks/AudioUnit.framework/Versions/A/AudioUnit
0x00007fff6e1bd000 	/usr/lib/libauto.dylib
0x00007fff50f4d000 	/System/Library/PrivateFrameworks/DataDetectorsCore.framework/Versions/A/DataDetectorsCore
0x00007fff35b62000 	/System/Library/Frameworks/Carbon.framework/Versions/A/Frameworks/HIToolbox.framework/Versions/A/HIToolbox
0x00007fff42a34000 	/System/Library/Frameworks/QuartzCore.framework/Versions/A/QuartzCore
0x00007fff35ea1000 	/System/Library/Frameworks/Carbon.framework/Versions/A/Frameworks/SpeechRecognition.framework/Versions/A/SpeechRecognition
0x00007fff509bf000 	/System/Library/PrivateFrameworks/CoreUI.framework/Versions/A/CoreUI
0x00007fff36430000 	/System/Library/Frameworks/CoreAudio.framework/Versions/A/CoreAudio
0x00007fff3925f000 	/System/Library/Frameworks/DiskArbitration.framework/Versions/A/DiskArbitration
0x00007fff5e03f000 	/System/Library/PrivateFrameworks/MultitouchSupport.framework/Versions/A/MultitouchSupport
0x00007fff6ed4c000 	/usr/lib/libenergytrace.dylib
0x00007fff39cd9000 	/System/Library/Frameworks/IOKit.framework/Versions/A/IOKit
0x00007fff382cb000 	/System/Library/Frameworks/CoreServices.framework/Versions/A/CoreServices
0x00007fff601f7000 	/System/Library/PrivateFrameworks/PerformanceAnalysis.framework/Versions/A/PerformanceAnalysis
0x00007fff41a67000 	/System/Library/Frameworks/OpenGL.framework/Versions/A/OpenGL
0x00007fff3604f000 	/System/Library/Frameworks/ColorSync.framework/Versions/A/ColorSync
0x00007fff379e7000 	/System/Library/Frameworks/CoreImage.framework/Versions/A/CoreImage
0x00007fff38d3e000 	/System/Library/Frameworks/CoreText.framework/Versions/A/CoreText
0x00007fff39e0f000 	/System/Library/Frameworks/ImageIO.framework/Versions/A/ImageIO
0x00007fff6e31d000 	/usr/lib/libcompression.dylib
0x00007fff6de29000 	/usr/lib/libMobileGestalt.dylib
0x00007fff67d3a000 	/System/Library/PrivateFrameworks/TextureIO.framework/Versions/A/TextureIO
0x00007fff6e120000 	/usr/lib/libate.dylib
0x00007fff5c1f8000 	/System/Library/PrivateFrameworks/InternationalSupport.framework/Versions/A/InternationalSupport
0x00007fff6f0f8000 	/usr/lib/liblzma.5.dylib
0x00007fff6ed73000 	/usr/lib/libfakelink.dylib
0x00007fff6e0ad000 	/usr/lib/libarchive.2.dylib
0x00007fff448eb000 	/System/Library/Frameworks/SystemConfiguration.framework/Versions/A/SystemConfiguration
0x00007fff6da18000 	/usr/lib/libCRFSuite.dylib
0x00007fff35752000 	/System/Library/Frameworks/CFNetwork.framework/Versions/A/CFNetwork
0x00007fff6e283000 	/usr/lib/libbsm.0.dylib
0x00007fff70ff4000 	/usr/lib/system/libkxld.dylib
0x00007fff4a828000 	/System/Library/PrivateFrameworks/AppleFSCompression.framework/Versions/A/AppleFSCompression
0x00007fff6e60e000 	/usr/lib/libcoretls.dylib
0x00007fff6e625000 	/usr/lib/libcoretls_cfhelpers.dylib
0x00007fff6fe61000 	/usr/lib/libpam.2.dylib
0x00007fff6ff96000 	/usr/lib/libsqlite3.dylib
0x00007fff703d5000 	/usr/lib/libxar.1.dylib
0x00007fff6e294000 	/usr/lib/libbz2.1.0.dylib
0x00007fff6ed94000 	/usr/lib/libiconv.2.dylib
0x00007fff6e30a000 	/usr/lib/libcharset.1.dylib
0x00007fff6f8fe000 	/usr/lib/libnetwork.dylib
0x00007fff6fe68000 	/usr/lib/libpcap.A.dylib
0x00007fff6e062000 	/usr/lib/libapple_nghttp2.dylib
0x00007fff38682000 	/System/Library/Frameworks/CoreServices.framework/Versions/A/Frameworks/FSEvents.framework/Versions/A/FSEvents
0x00007fff38352000 	/System/Library/Frameworks/CoreServices.framework/Versions/A/Frameworks/CarbonCore.framework/Versions/A/CarbonCore
0x00007fff388c6000 	/System/Library/Frameworks/CoreServices.framework/Versions/A/Frameworks/Metadata.framework/Versions/A/Metadata
0x00007fff3895f000 	/System/Library/Frameworks/CoreServices.framework/Versions/A/Frameworks/OSServices.framework/Versions/A/OSServices
0x00007fff3898d000 	/System/Library/Frameworks/CoreServices.framework/Versions/A/Frameworks/SearchKit.framework/Versions/A/SearchKit
0x00007fff382cc000 	/System/Library/Frameworks/CoreServices.framework/Versions/A/Frameworks/AE.framework/Versions/A/AE
0x00007fff3868b000 	/System/Library/Frameworks/CoreServices.framework/Versions/A/Frameworks/LaunchServices.framework/Versions/A/LaunchServices
0x00007fff38634000 	/System/Library/Frameworks/CoreServices.framework/Versions/A/Frameworks/DictionaryServices.framework/Versions/A/DictionaryServices
0x00007fff389f5000 	/System/Library/Frameworks/CoreServices.framework/Versions/A/Frameworks/SharedFileList.framework/Versions/A/SharedFileList
0x00007fff3d886000 	/System/Library/Frameworks/NetFS.framework/Versions/A/NetFS
0x00007fff5e56f000 	/System/Library/PrivateFrameworks/NetAuth.framework/Versions/A/NetAuth
0x00007fff6aef8000 	/System/Library/PrivateFrameworks/login.framework/Versions/A/Frameworks/loginsupport.framework/Versions/A/loginsupport
0x00007fff67805000 	/System/Library/PrivateFrameworks/TCC.framework/Versions/A/TCC
0x00007fff4f459000 	/System/Library/PrivateFrameworks/CoreNLP.framework/Versions/A/CoreNLP
0x00007fff5da6c000 	/System/Library/PrivateFrameworks/MetadataUtilities.framework/Versions/A/MetadataUtilities
0x00007fff6f1d0000 	/usr/lib/libmecabra.dylib
0x00007fff6f128000 	/usr/lib/libmecab.dylib
0x00007fff6ed84000 	/usr/lib/libgermantok.dylib
0x00007fff6e049000 	/usr/lib/libThaiTokenizer.dylib
0x00007fff6da4f000 	/usr/lib/libChineseTokenizer.dylib
0x00007fff32b82000 	/System/Library/Frameworks/Accelerate.framework/Versions/A/Frameworks/vImage.framework/Versions/A/vImage
0x00007fff33fec000 	/System/Library/Frameworks/Accelerate.framework/Versions/A/Frameworks/vecLib.framework/Versions/A/vecLib
0x00007fff33f29000 	/System/Library/Frameworks/Accelerate.framework/Versions/A/Frameworks/vecLib.framework/Versions/A/libvMisc.dylib
0x00007fff33d51000 	/System/Library/Frameworks/Accelerate.framework/Versions/A/Frameworks/vecLib.framework/Versions/A/libvDSP.dylib
0x00007fff331d9000 	/System/Library/Frameworks/Accelerate.framework/Versions/A/Frameworks/vecLib.framework/Versions/A/libBLAS.dylib
0x00007fff33915000 	/System/Library/Frameworks/Accelerate.framework/Versions/A/Frameworks/vecLib.framework/Versions/A/libLAPACK.dylib
0x00007fff33cb1000 	/System/Library/Frameworks/Accelerate.framework/Versions/A/Frameworks/vecLib.framework/Versions/A/libLinearAlgebra.dylib
0x00007fff33d3e000 	/System/Library/Frameworks/Accelerate.framework/Versions/A/Frameworks/vecLib.framework/Versions/A/libSparseBLAS.dylib
0x00007fff33cc7000 	/System/Library/Frameworks/Accelerate.framework/Versions/A/Frameworks/vecLib.framework/Versions/A/libQuadrature.dylib
0x00007fff33441000 	/System/Library/Frameworks/Accelerate.framework/Versions/A/Frameworks/vecLib.framework/Versions/A/libBNNS.dylib
0x00007fff33ccd000 	/System/Library/Frameworks/Accelerate.framework/Versions/A/Frameworks/vecLib.framework/Versions/A/libSparse.dylib
0x00007fff5c5e0000 	/System/Library/PrivateFrameworks/LanguageModeling.framework/Versions/A/LanguageModeling
0x00007fff4ee09000 	/System/Library/PrivateFrameworks/CoreEmoji.framework/Versions/A/CoreEmoji
0x00007fff5c6fe000 	/System/Library/PrivateFrameworks/LinguisticData.framework/Versions/A/LinguisticData
0x00007fff5c6af000 	/System/Library/PrivateFrameworks/Lexicon.framework/Versions/A/Lexicon
0x00007fff6e30b000 	/usr/lib/libcmph.dylib
0x00007fff40475000 	/System/Library/Frameworks/OpenDirectory.framework/Versions/A/Frameworks/CFOpenDirectory.framework/Versions/A/CFOpenDirectory
0x00007fff40492000 	/System/Library/Frameworks/OpenDirectory.framework/Versions/A/OpenDirectory
0x00007fff488d5000 	/System/Library/PrivateFrameworks/APFS.framework/Versions/A/APFS
0x00007fff43b84000 	/System/Library/Frameworks/SecurityFoundation.framework/Versions/A/SecurityFoundation
0x00007fff703d1000 	/usr/lib/libutil.dylib
0x00007fff5033e000 	/System/Library/PrivateFrameworks/CoreServicesStore.framework/Versions/A/CoreServicesStore
0x00007fff43c3b000 	/System/Library/Frameworks/ServiceManagement.framework/Versions/A/ServiceManagement
0x00007fff4bff8000 	/System/Library/PrivateFrameworks/BackgroundTaskManagement.framework/Versions/A/BackgroundTaskManagement
0x00007fff704ce000 	/usr/lib/libxslt.1.dylib
0x00007fff4ae9b000 	/System/Library/PrivateFrameworks/AppleSystemInfo.framework/Versions/A/AppleSystemInfo
0x00007fff3a02a000 	/System/Library/Frameworks/ImageIO.framework/Versions/A/Resources/libJPEG.dylib
0x00007fff3a2e9000 	/System/Library/Frameworks/ImageIO.framework/Versions/A/Resources/libTIFF.dylib
0x00007fff3a2cc000 	/System/Library/Frameworks/ImageIO.framework/Versions/A/Resources/libPng.dylib
0x00007fff39f6c000 	/System/Library/Frameworks/ImageIO.framework/Versions/A/Resources/libGIF.dylib
0x00007fff39f70000 	/System/Library/Frameworks/ImageIO.framework/Versions/A/Resources/libJP2.dylib
0x00007fff3a2e7000 	/System/Library/Frameworks/ImageIO.framework/Versions/A/Resources/libRadiance.dylib
0x00007fff6ed4d000 	/usr/lib/libexpat.1.dylib
0x00007fff4a983000 	/System/Library/PrivateFrameworks/AppleJPEG.framework/Versions/A/AppleJPEG
0x00007fff53654000 	/System/Library/PrivateFrameworks/FontServices.framework/libFontParser.dylib
0x00007fff69efa000 	/System/Library/PrivateFrameworks/WatchdogClient.framework/Versions/A/WatchdogClient
0x00007fff5bc3b000 	/System/Library/PrivateFrameworks/IOAccelerator.framework/Versions/A/IOAccelerator
0x00007fff3c7f6000 	/System/Library/Frameworks/MetalPerformanceShaders.framework/Versions/A/MetalPerformanceShaders
0x00007fff583d1000 	/System/Library/PrivateFrameworks/GPUWrangler.framework/Versions/A/GPUWrangler
0x00007fff5bc50000 	/System/Library/PrivateFrameworks/IOPresentment.framework/Versions/A/IOPresentment
0x00007fff50ebe000 	/System/Library/PrivateFrameworks/DSExternalDisplay.framework/Versions/A/DSExternalDisplay
0x00007fff40e06000 	/System/Library/Frameworks/OpenGL.framework/Versions/A/Libraries/libCoreFSCache.dylib
0x00007fff3c542000 	/System/Library/Frameworks/MetalPerformanceShaders.framework/Frameworks/MPSCore.framework/Versions/A/MPSCore
0x00007fff3c580000 	/System/Library/Frameworks/MetalPerformanceShaders.framework/Frameworks/MPSImage.framework/Versions/A/MPSImage
0x00007fff3c647000 	/System/Library/Frameworks/MetalPerformanceShaders.framework/Frameworks/MPSNeuralNetwork.framework/Versions/A/MPSNeuralNetwork
0x00007fff3c60b000 	/System/Library/Frameworks/MetalPerformanceShaders.framework/Frameworks/MPSMatrix.framework/Versions/A/MPSMatrix
0x00007fff3c7a6000 	/System/Library/Frameworks/MetalPerformanceShaders.framework/Frameworks/MPSRayIntersector.framework/Versions/A/MPSRayIntersector
0x00007fff3c631000 	/System/Library/Frameworks/MetalPerformanceShaders.framework/Frameworks/MPSNDArray.framework/Versions/A/MPSNDArray
0x00007fff5dab9000 	/System/Library/PrivateFrameworks/MetalTools.framework/Versions/A/MetalTools
0x00007fff49aaf000 	/System/Library/PrivateFrameworks/AggregateDictionary.framework/Versions/A/AggregateDictionary
0x00007fff4e851000 	/System/Library/PrivateFrameworks/CoreAnalytics.framework/Versions/A/CoreAnalytics
0x00007fff4adba000 	/System/Library/PrivateFrameworks/AppleSauce.framework/Versions/A/AppleSauce
0x00007fff6dd0b000 	/usr/lib/libIOReport.dylib
0x00007fff38ef6000 	/System/Library/Frameworks/CoreVideo.framework/Versions/A/CoreVideo
0x00007fff5984a000 	/System/Library/PrivateFrameworks/GraphVisualizer.framework/Versions/A/GraphVisualizer
0x00007fff52b9a000 	/System/Library/PrivateFrameworks/FaceCore.framework/Versions/A/FaceCore
0x00007fff4041c000 	/System/Library/Frameworks/OpenCL.framework/Versions/A/OpenCL
0x00007fff6db2d000 	/usr/lib/libFosl_dynamic.dylib
0x00007fff5ef8f000 	/System/Library/PrivateFrameworks/OTSVG.framework/Versions/A/OTSVG
0x00007fff350ab000 	/System/Library/Frameworks/ApplicationServices.framework/Versions/A/Frameworks/ATS.framework/Versions/A/Resources/libFontRegistry.dylib
0x00007fff53825000 	/System/Library/PrivateFrameworks/FontServices.framework/libhvf.dylib
0x00007fff40e11000 	/System/Library/Frameworks/OpenGL.framework/Versions/A/Libraries/libGFXShared.dylib
0x00007fff40fef000 	/System/Library/Frameworks/OpenGL.framework/Versions/A/Libraries/libGLU.dylib
0x00007fff40e1a000 	/System/Library/Frameworks/OpenGL.framework/Versions/A/Libraries/libGL.dylib
0x00007fff40e25000 	/System/Library/Frameworks/OpenGL.framework/Versions/A/Libraries/libGLImage.dylib
0x00007fff40e03000 	/System/Library/Frameworks/OpenGL.framework/Versions/A/Libraries/libCVMSPluginSupport.dylib
0x00007fff40e0c000 	/System/Library/Frameworks/OpenGL.framework/Versions/A/Libraries/libCoreVMClient.dylib
0x00007fff6f79f000 	/usr/lib/libncurses.5.4.dylib
0x00007fff34fa7000 	/System/Library/Frameworks/ApplicationServices.framework/Versions/A/Frameworks/ATS.framework/Versions/A/ATS
0x00007fff35174000 	/System/Library/Frameworks/ApplicationServices.framework/Versions/A/Frameworks/ColorSyncLegacy.framework/Versions/A/ColorSyncLegacy
0x00007fff35212000 	/System/Library/Frameworks/ApplicationServices.framework/Versions/A/Frameworks/HIServices.framework/Versions/A/HIServices
0x00007fff3526a000 	/System/Library/Frameworks/ApplicationServices.framework/Versions/A/Frameworks/LangAnalysis.framework/Versions/A/LangAnalysis
0x00007fff35279000 	/System/Library/Frameworks/ApplicationServices.framework/Versions/A/Frameworks/PrintCore.framework/Versions/A/PrintCore
0x00007fff352bf000 	/System/Library/Frameworks/ApplicationServices.framework/Versions/A/Frameworks/QD.framework/Versions/A/QD
0x00007fff352ca000 	/System/Library/Frameworks/ApplicationServices.framework/Versions/A/Frameworks/SpeechSynthesis.framework/Versions/A/SpeechSynthesis
0x00007fff35144000 	/System/Library/Frameworks/ApplicationServices.framework/Versions/A/Frameworks/ATSUI.framework/Versions/A/ATSUI
0x00007fff6ebe3000 	/usr/lib/libcups.2.dylib
0x00007fff3b891000 	/System/Library/Frameworks/Kerberos.framework/Versions/A/Kerberos
0x00007fff399d2000 	/System/Library/Frameworks/GSS.framework/Versions/A/GSS
0x00007fff6ff22000 	/usr/lib/libresolv.9.dylib
0x00007fff599f7000 	/System/Library/PrivateFrameworks/Heimdal.framework/Versions/A/Heimdal
0x00007fff3b8a4000 	/System/Library/Frameworks/Kerberos.framework/Versions/A/Libraries/libHeimdalProxy.dylib
0x00007fff6ed8a000 	/usr/lib/libheimdal-asn1.dylib
0x00007fff4dce9000 	/System/Library/PrivateFrameworks/CommonAuth.framework/Versions/A/CommonAuth
0x00007fff4af38000 	/System/Library/PrivateFrameworks/AssertionServices.framework/Versions/A/AssertionServices
0x00007fff4badb000 	/System/Library/PrivateFrameworks/AudioToolboxCore.framework/Versions/A/AudioToolboxCore
0x00007fff6aba8000 	/System/Library/PrivateFrameworks/caulk.framework/Versions/A/caulk
0x00007fff4c0a4000 	/System/Library/PrivateFrameworks/BaseBoard.framework/Versions/A/BaseBoard
0x00007fff631f2000 	/System/Library/PrivateFrameworks/RunningBoardServices.framework/Versions/A/RunningBoardServices
0x00007fff60203000 	/System/Library/PrivateFrameworks/PersistentConnection.framework/Versions/A/PersistentConnection
0x00007fff62beb000 	/System/Library/PrivateFrameworks/ProtocolBuffer.framework/Versions/A/ProtocolBuffer
0x00007fff4dd0d000 	/System/Library/PrivateFrameworks/CommonUtilities.framework/Versions/A/CommonUtilities
0x00007fff4c232000 	/System/Library/PrivateFrameworks/Bom.framework/Versions/A/Bom
0x00007fff6d9de000 	/usr/lib/libAudioToolboxUtility.dylib
0x00007fff4c002000 	/System/Library/PrivateFrameworks/Backup.framework/Versions/A/Backup
0x00007fff50ddf000 	/System/Library/PrivateFrameworks/CrashReporterSupport.framework/Versions/A/CrashReporterSupport
0x00007fff64c84000 	/System/Library/PrivateFrameworks/Sharing.framework/Versions/A/Sharing
0x00007fff4a546000 	/System/Library/PrivateFrameworks/Apple80211.framework/Versions/A/Apple80211
0x00007fff4bd1f000 	/System/Library/PrivateFrameworks/AuthKit.framework/Versions/A/AuthKit
0x00007fff50aec000 	/System/Library/PrivateFrameworks/CoreUtils.framework/Versions/A/CoreUtils
0x00007fff38f3b000 	/System/Library/Frameworks/CoreWLAN.framework/Versions/A/CoreWLAN
0x00007fff39b5f000 	/System/Library/Frameworks/IOBluetooth.framework/Versions/A/IOBluetooth
0x00007fff5ddbe000 	/System/Library/PrivateFrameworks/MobileKeyBag.framework/Versions/A/MobileKeyBag
0x00007fff4f8f1000 	/System/Library/PrivateFrameworks/CorePhoneNumbers.framework/Versions/A/CorePhoneNumbers
0x00007fff4a936000 	/System/Library/PrivateFrameworks/AppleIDAuthSupport.framework/Versions/A/AppleIDAuthSupport
0x00007fff3d893000 	/System/Library/Frameworks/Network.framework/Versions/A/Network
0x00007fff5c48c000 	/System/Library/PrivateFrameworks/KeychainCircle.framework/Versions/A/KeychainCircle
0x00007fff3698c000 	/System/Library/Frameworks/CoreBluetooth.framework/Versions/A/CoreBluetooth
0x00007fff66d03000 	/System/Library/PrivateFrameworks/SpeechRecognitionCore.framework/Versions/A/SpeechRecognitionCore
0x00007fff29fae000 	/System/Library/CoreServices/Encodings/libSimplifiedChineseConverter.dylib
0x000000010cc00000 	/usr/local/Cellar/openjdk/14.0.1/libexec/openjdk.jdk/Contents/Home/lib/server/libjvm.dylib
0x000000010c321000 	/usr/local/Cellar/openjdk/14.0.1/libexec/openjdk.jdk/Contents/Home/lib/libjimage.dylib
0x000000010c373000 	/usr/local/Cellar/openjdk/14.0.1/libexec/openjdk.jdk/Contents/Home/lib/libjava.dylib
0x000000010c398000 	/usr/local/Cellar/openjdk/14.0.1/libexec/openjdk.jdk/Contents/Home/lib/libzip.dylib
0x0000000117aab000 	/usr/local/Cellar/openjdk/14.0.1/libexec/openjdk.jdk/Contents/Home/lib/libnio.dylib
0x0000000117abb000 	/usr/local/Cellar/openjdk/14.0.1/libexec/openjdk.jdk/Contents/Home/lib/libnet.dylib
0x0000000117ad0000 	/usr/local/Cellar/openjdk/14.0.1/libexec/openjdk.jdk/Contents/Home/lib/libverify.dylib
0x0000000117adb000 	/usr/local/Cellar/openjdk/14.0.1/libexec/openjdk.jdk/Contents/Home/lib/libmanagement.dylib
0x0000000117ae1000 	/usr/local/Cellar/openjdk/14.0.1/libexec/openjdk.jdk/Contents/Home/lib/libmanagement_ext.dylib


VM Arguments:
jvm_args: -XX:TieredStopAtLevel=1 
java_command: com.utudo.hwwd.HwwdApplication
java_class_path (initial): /Library/WebServer/Documents/hwwd/target/classes:/Users/yeliang/.m2/repository/org/codehaus/groovy/groovy/3.0.6/groovy-3.0.6.pom:/Users/yeliang/.m2/repository/org/springframework/boot/spring-boot-starter/2.3.4.RELEASE/spring-boot-starter-2.3.4.RELEASE.jar:/Users/yeliang/.m2/repository/org/springframework/boot/spring-boot/2.3.4.RELEASE/spring-boot-2.3.4.RELEASE.jar:/Users/yeliang/.m2/repository/org/springframework/spring-context/5.2.9.RELEASE/spring-context-5.2.9.RELEASE.jar:/Users/yeliang/.m2/repository/org/springframework/boot/spring-boot-autoconfigure/2.3.4.RELEASE/spring-boot-autoconfigure-2.3.4.RELEASE.jar:/Users/yeliang/.m2/repository/org/springframework/boot/spring-boot-starter-logging/2.3.4.RELEASE/spring-boot-starter-logging-2.3.4.RELEASE.jar:/Users/yeliang/.m2/repository/ch/qos/logback/logback-classic/1.2.3/logback-classic-1.2.3.jar:/Users/yeliang/.m2/repository/ch/qos/logback/logback-core/1.2.3/logback-core-1.2.3.jar:/Users/yeliang/.m2/repository/org/apache/logging/log4j/log4j-to-slf4j/2.13.3/log4j-to-slf4j-2.13.3.jar:/Users/yeliang/.m2/repository/org/apache/logging/log4j/log4j-api/2.13.3/log4j-api-2.13.3.jar:/Users/yeliang/.m2/repository/org/slf4j/jul-to-slf4j/1.7.30/jul-to-slf4j-1.7.30.jar:/Users/yeliang/.m2/repository/jakarta/annotation/jakarta.annotation-api/1.3.5/jakarta.annotation-api-1.3.5.jar:/Users/yeliang/.m2/repository/org/springframework/spring-core/5.2.9.RELEASE/spring-core-5.2.9.RELEASE.jar:/Users/yeliang/.m2/repository/org/springframework/spring-jcl/5.2.9.RELEASE/spring-jcl-5.2.9.RELEASE.jar:/Users/yeliang/.m2/repository/org/yaml/snakeyaml/1.26/snakeyaml-1.26.jar:/Users/yeliang/.m2/repository/org/springframework/spring-web/5.2.9.RELEASE/spring-web-5.2.9.RELEASE.jar:/Users/yeliang/.m2/repository/org/springframework/spring-beans/5.2.9.RELEASE/spring-beans-5.2.9.RELEASE.jar:/Users/yeliang/.m2/repository/org/springframework/boot/spring-boot-starter-web/2.3.4.RELEASE/spring-boot-starter-web-2.3.4.RELEASE.jar:/Users/ye
Launcher Type: SUN_STANDARD

[Global flags]
     intx CICompilerCount                          = 3                                         {product} {ergonomic}
     uint ConcGCThreads                            = 1                                         {product} {ergonomic}
     uint G1ConcRefinementThreads                  = 4                                         {product} {ergonomic}
   size_t G1HeapRegionSize                         = 1048576                                   {product} {ergonomic}
    uintx GCDrainStackTargetSize                   = 64                                        {product} {ergonomic}
   size_t InitialHeapSize                          = 134217728                                 {product} {ergonomic}
   size_t MarkStackSize                            = 4194304                                   {product} {ergonomic}
   size_t MaxHeapSize                              = 2147483648                                {product} {ergonomic}
   size_t MaxNewSize                               = 1287651328                                {product} {ergonomic}
   size_t MinHeapDeltaBytes                        = 1048576                                   {product} {ergonomic}
   size_t MinHeapSize                              = 8388608                                   {product} {ergonomic}
    uintx NonNMethodCodeHeapSize                   = 6973028                                {pd product} {ergonomic}
    uintx NonProfiledCodeHeapSize                  = 244685212                              {pd product} {ergonomic}
    uintx ProfiledCodeHeapSize                     = 0                                      {pd product} {ergonomic}
    uintx ReservedCodeCacheSize                    = 251658240                              {pd product} {ergonomic}
     bool SegmentedCodeCache                       = true                                      {product} {ergonomic}
   size_t SoftMaxHeapSize                          = 2147483648                             {manageable} {ergonomic}
     intx TieredStopAtLevel                        = 1                                         {product} {command line}
     bool UseCompressedClassPointers               = true                                 {lp64_product} {ergonomic}
     bool UseCompressedOops                        = true                                 {lp64_product} {ergonomic}
     bool UseG1GC                                  = true                                      {product} {ergonomic}

Logging:
Log output configuration:
 #0: stdout all=warning uptime,level,tags
 #1: stderr all=off uptime,level,tags

Environment Variables:
JAVA_HOME=/usr/local/opt/openjdk/libexec/openjdk.jdk/Contents/Home
PATH=/usr/local/bin:/usr/bin:/bin:/usr/sbin:/sbin
SHELL=/bin/bash

Signal Handlers:
SIGSEGV: [libjvm.dylib+0x7c0dee], sa_mask[0]=11111111011111110111111111111111, sa_flags=SA_ONSTACK|SA_RESTART|SA_SIGINFO
SIGBUS: [libjvm.dylib+0x7c0dee], sa_mask[0]=11111111011111110111111111111111, sa_flags=SA_RESTART|SA_SIGINFO
SIGFPE: [libjvm.dylib+0x7c0dee], sa_mask[0]=11111111011111110111111111111111, sa_flags=SA_RESTART|SA_SIGINFO
SIGPIPE: [libjvm.dylib+0x5fd565], sa_mask[0]=11111111011111110111111111111111, sa_flags=SA_RESTART|SA_SIGINFO
SIGXFSZ: [libjvm.dylib+0x5fd565], sa_mask[0]=11111111011111110111111111111111, sa_flags=SA_RESTART|SA_SIGINFO
SIGILL: [libjvm.dylib+0x7c0dee], sa_mask[0]=11111111011111110111111111111111, sa_flags=SA_RESTART|SA_SIGINFO
SIGUSR2: [libjvm.dylib+0x5fdb37], sa_mask[0]=00100000000000000000000000000000, sa_flags=SA_RESTART|SA_SIGINFO
SIGHUP: [libjvm.dylib+0x5fcb99], sa_mask[0]=11111111011111110111111111111111, sa_flags=SA_RESTART|SA_SIGINFO
SIGINT: [libjvm.dylib+0x5fcb99], sa_mask[0]=11111111011111110111111111111111, sa_flags=SA_RESTART|SA_SIGINFO
SIGTERM: [libjvm.dylib+0x5fcb99], sa_mask[0]=11111111011111110111111111111111, sa_flags=SA_RESTART|SA_SIGINFO
SIGQUIT: [libjvm.dylib+0x5fcb99], sa_mask[0]=11111111011111110111111111111111, sa_flags=SA_RESTART|SA_SIGINFO


---------------  S Y S T E M  ---------------

OS:uname:Darwin 19.6.0 Darwin Kernel Version 19.6.0: Mon Aug 31 22:12:52 PDT 2020; root:xnu-6153.141.2~1/RELEASE_X86_64 x86_64
OS uptime: 10 days 2:29 hours
rlimit: STACK 8192k, CORE 0k, NPROC 1392, NOFILE 10240, AS infinity, DATA infinity, FSIZE infinity
load average:2.68 3.14 3.18

CPU:total 4 (initial active 4) (2 cores per cpu, 2 threads per core) family 6 model 61 stepping 4, cmov, cx8, fxsr, mmx, sse, sse2, sse3, ssse3, sse4.1, sse4.2, popcnt, avx, avx2, aes, clmul, erms, 3dnowpref, lzcnt, ht, tsc, tscinvbit, bmi1, bmi2, adx, fma

Memory: 4k page, physical 8388608k(237784k free), swap 2097152k(1324288k free)

vm_info: OpenJDK 64-Bit Server VM (14.0.1+14) for bsd-amd64 JRE (14.0.1+14), built on Jun 30 2020 21:32:48 by "brew" with clang 4.2.1 Compatible Apple LLVM 10.0.0 (clang-1000.11.45.5)

END.
