#
# A fatal error has been detected by the Java Runtime Environment:
#
#  SIGSEGV (0xb) at pc=0x0000000108b41271, pid=16377, tid=40451
#
# JRE version: OpenJDK Runtime Environment (14.0.1+14) (build 14.0.1+14)
# Java VM: OpenJDK 64-Bit Server VM (14.0.1+14, mixed mode, sharing, tiered, compressed oops, g1 gc, bsd-amd64)
# Problematic frame:
# V  [libjvm.dylib+0x341271]  InstanceKlass::clean_method_data()+0x2b
#
# No core dump will be written. Core dumps have been disabled. To enable core dumping, try "ulimit -c unlimited" before starting Java again
#
# If you would like to submit a bug report, please visit:
#   https://bugreport.java.com/bugreport/crash.jsp
#

---------------  S U M M A R Y ------------

Command Line: -XX:TieredStopAtLevel=1 com.utudo.hwwd.HwwdApplication

Host: MacBookAir7,2 x86_64 1600 MHz, 4 cores, 8G, Darwin 19.6.0
Time: Mon Oct 26 14:28:08 2020 CET elapsed time: 737 seconds (0d 0h 12m 17s)

---------------  T H R E A D  ---------------

Current thread (0x00007fe74a104800):  GCTaskThread "GC Thread#2" [stack: 0x000070000303d000,0x000070000313d000] [id=40451]

Stack: [0x000070000303d000,0x000070000313d000],  sp=0x000070000313ce90,  free space=1023k
Native frames: (J=compiled Java code, A=aot compiled Java code, j=interpreted, Vv=VM code, C=native code)
V  [libjvm.dylib+0x341271]  InstanceKlass::clean_method_data()+0x2b
V  [libjvm.dylib+0x60f9f9]  KlassCleaningTask::work()+0x67
V  [libjvm.dylib+0x7e948d]  GangWorker::loop()+0x43
V  [libjvm.dylib+0x767f93]  Thread::call_run()+0x71
V  [libjvm.dylib+0x5fb972]  thread_native_entry(Thread*)+0x129
C  [libsystem_pthread.dylib+0x6109]  _pthread_start+0x94
C  [libsystem_pthread.dylib+0x1b8b]  thread_start+0xf


siginfo: si_signo: 11 (SIGSEGV), si_code: 0 (unknown), si_addr: 0x0000000000000000

Register to memory mapping:

RAX=0x2bd0e0e0000001a8 is an unknown value
RBX=0x0000000000000001 is an unknown value
RCX=0x0000000000000004 is an unknown value
RDX=0x00000008010a3378 is a pointer to class: 
com.mysql.cj.protocol.a.NativePacketPayload$1 {0x00000008010a3378}
RSP=0x000070000313ce90 points into unknown readable memory: 31 40 20 00 00 00 00 00
RBP=0x000070000313cec0 points into unknown readable memory: 00 cf 13 03 00 70 00 00
RSI=0x000070000313ce28 points into unknown readable memory: b8 97 17 09 01 00 00 00
RDI=0x00000008010a3590 is a pointer to class: 
com.mysql.cj.protocol.a.NativeConstants$StringLengthDataType {0x00000008010a3590}
R8 =0x0000000000000010 is an unknown value
R9 =0xffffffff00000000 is an unknown value
R10=0x00000001091b0340: _ZL8tc_mutex+0x18 in /usr/local/Cellar/openjdk/14.0.1/libexec/openjdk.jdk/Contents/Home/lib/server/libjvm.dylib at 0x0000000108800000
R11=0x00007fe74a000000 points into unknown readable memory: 00 00 00 00 00 00 00 00
R12=0x0 is NULL
R13=0x00000001092031f0: _ZN20SafepointSynchronize6_stateE+0 in /usr/local/Cellar/openjdk/14.0.1/libexec/openjdk.jdk/Contents/Home/lib/server/libjvm.dylib at 0x0000000108800000
R14=0x00000008010a3590 is a pointer to class: 
com.mysql.cj.protocol.a.NativeConstants$StringLengthDataType {0x00000008010a3590}
R15=0x00007fe74a104800 points into unknown readable memory: 40 99 18 09 01 00 00 00


Registers:
RAX=0x2bd0e0e0000001a8, RBX=0x0000000000000001, RCX=0x0000000000000004, RDX=0x00000008010a3378
RSP=0x000070000313ce90, RBP=0x000070000313cec0, RSI=0x000070000313ce28, RDI=0x00000008010a3590
R8 =0x0000000000000010, R9 =0xffffffff00000000, R10=0x00000001091b0340, R11=0x00007fe74a000000
R12=0x0000000000000000, R13=0x00000001092031f0, R14=0x00000008010a3590, R15=0x00007fe74a104800
RIP=0x0000000108b41271, EFLAGS=0x0000000000010293, ERR=0x0000000000000000
  TRAPNO=0x000000000000000d

Top of Stack: (sp=0x000070000313ce90)
0x000070000313ce90:   0000000000204031 0000700002515500
0x000070000313cea0:   0000000000000002 0000000000000000
0x000070000313ceb0:   000070000313cf18 00007fe74a104800
0x000070000313cec0:   000070000313cf00 0000000108e0f9f9
0x000070000313ced0:   00007fe749c7ea40 00007fe749c7ea70
0x000070000313cee0:   00007fe749c7ea80 00007fe749c7ee58
0x000070000313cef0:   00000000000003d8 0000700002515468
0x000070000313cf00:   000070000313cf40 0000000108fe948d
0x000070000313cf10:   00007fe74a104800 00007fe7ffffffff
0x000070000313cf20:   00007fe74a104800 00007fe749c7f5f0
0x000070000313cf30:   00007fe74a104800 0000000000000001
0x000070000313cf40:   000070000313cf60 0000000108f67f93
0x000070000313cf50:   0000000000000000 00007fe749c7f590
0x000070000313cf60:   000070000313cfb0 0000000108dfb972
0x000070000313cf70:   00000000000351d5 000070000313d0e0
0x000070000313cf80:   000070000313d180 0000000600000000
0x000070000313cf90:   000070000313d000 0000000000000000
0x000070000313cfa0:   0000000000000000 0000000000000000
0x000070000313cfb0:   000070000313cfd0 00007fff6eb06109
0x000070000313cfc0:   0000000000000000 0000000000000000
0x000070000313cfd0:   000070000313cff0 00007fff6eb01b8b
0x000070000313cfe0:   0000000000000000 0000000000000000
0x000070000313cff0:   0000000000000000 0000000000000000
0x000070000313d000:   85197a3e63c9a61e 0000000000000000
0x000070000313d010:   0000700003549000 000070000303a010
0x000070000313d020:   0000000000000000 0000000000000000
0x000070000313d030:   0000000000000001 0000000a0000001f
0x000070000313d040:   0000000000000000 0001010c00000000
0x000070000313d050:   4347203a6176614a 2364616572685420
0x000070000313d060:   0000000000000032 0000000000000000
0x000070000313d070:   0000000000000000 0000000000000000
0x000070000313d080:   0000000000000000 0000000000000000 

Instructions: (pc=0x0000000108b41271)
0x0000000108b41171:   21 49 63 86 c4 00 00 00 49 8d 04 c7 49 63 8e 3c
0x0000000108b41181:   01 00 00 48 8d 04 c8 41 8b 8e 38 01 00 00 48 8d
0x0000000108b41191:   0c c8 48 89 d8 f0 4c 0f b1 21 48 39 d8 74 3f 41
0x0000000108b411a1:   8b 86 a4 00 00 00 f6 c4 02 75 04 31 c0 eb 21 49
0x0000000108b411b1:   63 86 c4 00 00 00 49 8d 04 c7 49 63 8e 3c 01 00
0x0000000108b411c1:   00 48 8d 04 c8 41 8b 8e 38 01 00 00 48 8d 04 c8
0x0000000108b411d1:   48 8b 18 48 85 db 0f 85 73 ff ff ff eb 5a 48 83
0x0000000108b411e1:   3d f1 2a 65 00 00 74 50 48 8d 3d 90 65 68 00 ff
0x0000000108b411f1:   17 48 8b 00 48 8b 80 78 02 00 00 4c 8d 75 b8 49
0x0000000108b41201:   89 06 0f 10 40 10 41 0f 11 46 08 0f 10 40 20 41
0x0000000108b41211:   0f 11 46 18 48 89 df e8 0f 5d 19 00 48 89 c1 48
0x0000000108b41221:   8d 3d a3 30 50 00 31 c0 48 89 ce e8 9f 00 00 00
0x0000000108b41231:   4c 89 f7 e8 a7 41 1d 00 48 83 c4 30 5b 41 5c 41
0x0000000108b41241:   5e 41 5f 5d c3 55 48 89 e5 41 57 41 56 41 55 41
0x0000000108b41251:   54 53 50 49 89 fe 49 8b 86 a8 01 00 00 83 38 00
0x0000000108b41261:   7e 5d 31 db 4c 8d 2d 84 1f 6c 00 48 8b 44 d8 08
0x0000000108b41271:   4c 8b 60 10 4d 85 e4 74 34 41 8b 45 00 83 f8 02
0x0000000108b41281:   75 0c 31 f6 4c 89 e7 e8 89 11 28 00 eb 1f 4d 8d
0x0000000108b41291:   7c 24 18 4c 89 ff e8 12 57 29 00 31 f6 4c 89 e7
0x0000000108b412a1:   e8 70 11 28 00 4c 89 ff e8 a2 57 29 00 48 ff c3
0x0000000108b412b1:   49 8b 86 a8 01 00 00 48 63 08 48 39 cb 7c ac 48
0x0000000108b412c1:   83 c4 08 5b 41 5c 41 5d 41 5e 41 5f 5d c3 90 55
0x0000000108b412d1:   48 89 e5 48 81 ec d0 00 00 00 49 89 fa 84 c0 74
0x0000000108b412e1:   26 0f 29 85 60 ff ff ff 0f 29 8d 70 ff ff ff 0f
0x0000000108b412f1:   29 55 80 0f 29 5d 90 0f 29 65 a0 0f 29 6d b0 0f
0x0000000108b41301:   29 75 c0 0f 29 7d d0 48 8d 85 30 ff ff ff 4c 89
0x0000000108b41311:   48 28 4c 89 40 20 48 89 48 18 48 89 50 10 48 89
0x0000000108b41321:   70 08 48 8b 0d 76 2e 59 00 48 8b 09 48 89 4d f8
0x0000000108b41331:   48 8d 4d e0 48 89 41 10 48 8d 45 10 48 89 41 08
0x0000000108b41341:   48 b8 08 00 00 00 30 00 00 00 48 89 01 48 8d 3d
0x0000000108b41351:   53 29 65 00 be 01 00 00 00 4c 89 d2 e8 88 f1 1b
0x0000000108b41361:   00 48 8b 05 37 2e 59 00 48 8b 00 48 3b 45 f8 75 


Stack slot to memory mapping:
stack at sp + 0 slots: 0x0000000000204031 is an unknown value
stack at sp + 1 slots: 0x0000700002515500 points into unknown readable memory: 00 00 00 00 00 00 00 00
stack at sp + 2 slots: 0x0000000000000002 is an unknown value
stack at sp + 3 slots: 0x0 is NULL
stack at sp + 4 slots: 0x000070000313cf18 points into unknown readable memory: ff ff ff ff e7 7f 00 00
stack at sp + 5 slots: 0x00007fe74a104800 points into unknown readable memory: 40 99 18 09 01 00 00 00
stack at sp + 6 slots: 0x000070000313cf00 points into unknown readable memory: 40 cf 13 03 00 70 00 00
stack at sp + 7 slots: 0x0000000108e0f9f9: _ZN17KlassCleaningTask4workEv+0x67 in /usr/local/Cellar/openjdk/14.0.1/libexec/openjdk.jdk/Contents/Home/lib/server/libjvm.dylib at 0x0000000108800000


---------------  P R O C E S S  ---------------

Threads class SMR info:
_java_thread_list=0x00007fe74e3f35b0, length=12, elements={
0x00007fe74c013800, 0x00007fe74c016800, 0x00007fe74c014000, 0x00007fe74c01b000,
0x00007fe74c019000, 0x00007fe74a023000, 0x00007fe74a8c1000, 0x00007fe74a93c800,
0x00007fe74af3d000, 0x00007fe74d8ac000, 0x00007fe74c00a800, 0x00007fe74a1e2800
}

Java Threads: ( => current thread )
  0x00007fe74c013800 JavaThread "Reference Handler" daemon [_thread_blocked, id=13315, stack(0x0000700002519000,0x0000700002619000)]
  0x00007fe74c016800 JavaThread "Finalizer" daemon [_thread_blocked, id=16387, stack(0x000070000261c000,0x000070000271c000)]
  0x00007fe74c014000 JavaThread "Signal Dispatcher" daemon [_thread_blocked, id=43011, stack(0x0000700002825000,0x0000700002925000)]
  0x00007fe74c01b000 JavaThread "Service Thread" daemon [_thread_blocked, id=22019, stack(0x0000700002928000,0x0000700002a28000)]
  0x00007fe74c019000 JavaThread "C1 CompilerThread0" daemon [_thread_blocked, id=22275, stack(0x0000700002a2b000,0x0000700002b2b000)]
  0x00007fe74a023000 JavaThread "Sweeper thread" daemon [_thread_blocked, id=22531, stack(0x0000700002b2e000,0x0000700002c2e000)]
  0x00007fe74a8c1000 JavaThread "Notification Thread" daemon [_thread_blocked, id=40963, stack(0x0000700002c31000,0x0000700002d31000)]
  0x00007fe74a93c800 JavaThread "Common-Cleaner" daemon [_thread_blocked, id=24067, stack(0x0000700002e37000,0x0000700002f37000)]
  0x00007fe74af3d000 JavaThread "mysql-cj-abandoned-connection-cleanup" daemon [_thread_blocked, id=37123, stack(0x0000700003752000,0x0000700003852000)]
  0x00007fe74d8ac000 JavaThread "Live Reload Server" daemon [_thread_in_native, id=35591, stack(0x0000700003b5e000,0x0000700003c5e000)]
  0x00007fe74c00a800 JavaThread "DestroyJavaVM" [_thread_blocked, id=10243, stack(0x0000700001e04000,0x0000700001f04000)]
  0x00007fe74a1e2800 JavaThread "Thread-10" [_thread_blocked, id=84487, stack(0x0000700003140000,0x0000700003240000)]

Other Threads:
  0x00007fe74a8b0000 VMThread "VM Thread" [stack: 0x0000700002416000,0x0000700002516000] [id=12547]
  0x00007fe74a89f000 WatcherThread [stack: 0x0000700002d34000,0x0000700002e34000] [id=23299]
  0x00007fe74a82e000 GCTaskThread "GC Thread#0" [stack: 0x0000700001f07000,0x0000700002007000] [id=19203]
  0x00007fe74a021000 GCTaskThread "GC Thread#1" [stack: 0x0000700002f3a000,0x000070000303a000] [id=40707]
=>0x00007fe74a104800 GCTaskThread "GC Thread#2" [stack: 0x000070000303d000,0x000070000313d000] [id=40451]
  0x00007fe74a1f0000 GCTaskThread "GC Thread#3" [stack: 0x0000700003449000,0x0000700003549000] [id=38659]
  0x00007fe74a83f000 ConcurrentGCThread "G1 Main Marker" [stack: 0x000070000200a000,0x000070000210a000] [id=11779]
  0x00007fe74a840000 ConcurrentGCThread "G1 Conc#0" [stack: 0x000070000210d000,0x000070000220d000] [id=12035]
  0x00007fe74a890800 ConcurrentGCThread "G1 Refine#0" [stack: 0x0000700002210000,0x0000700002310000] [id=12291]
  0x00007fe74c158000 ConcurrentGCThread "G1 Refine#1" [stack: 0x0000700003958000,0x0000700003a58000] [id=36355]
  0x00007fe74a008800 ConcurrentGCThread "G1 Young RemSet Sampling" [stack: 0x0000700002313000,0x0000700002413000] [id=17411]

Threads with active compile tasks:
C1 CompilerThread0   737105 6500       1       org.springframework.util.ConcurrentReferenceHashMap$EntryIterator::moveToNextSegment (55 bytes)

VM state:at safepoint (normal execution)

VM Mutex/Monitor currently owned by a thread:  ([mutex/lock_event])
[0x00007fe749c0a810] Threads_lock - owner thread: 0x00007fe74a8b0000
[0x00007fe749c0b4d0] Heap_lock - owner thread: 0x00007fe74a1e2800

Heap address: 0x0000000780000000, size: 2048 MB, Compressed Oops mode: Zero based, Oop shift amount: 3
Narrow klass base: 0x0000000800000000, Narrow klass shift: 3
Compressed class space size: 1073741824 Address: 0x0000000800b19000

Heap:
 garbage-first heap   total 120832K, used 62476K [0x0000000780000000, 0x0000000800000000)
  region size 1024K, 25 young (25600K), 2 survivors (2048K)
 Metaspace       used 62138K, capacity 63888K, committed 63900K, reserved 1103872K
  class space    used 8529K, capacity 9216K, committed 9216K, reserved 1048576K
Heap Regions: E=young(eden), S=young(survivor), O=old, HS=humongous(starts), HC=humongous(continues), CS=collection set, F=free, OA=open archive, CA=closed archive, TAMS=top-at-mark-start (previous, next)
|   0|0x0000000780000000, 0x0000000780100000, 0x0000000780100000|100%|HS|  |TAMS 0x0000000780100000, 0x0000000780000000| Complete 
|   1|0x0000000780100000, 0x0000000780200000, 0x0000000780200000|100%| O|  |TAMS 0x0000000780200000, 0x0000000780100000| Untracked 
|   2|0x0000000780200000, 0x0000000780300000, 0x0000000780300000|100%| O|  |TAMS 0x0000000780300000, 0x0000000780200000| Untracked 
|   3|0x0000000780300000, 0x0000000780400000, 0x0000000780400000|100%| O|  |TAMS 0x0000000780400000, 0x0000000780300000| Untracked 
|   4|0x0000000780400000, 0x0000000780500000, 0x0000000780500000|100%| O|  |TAMS 0x0000000780500000, 0x0000000780400000| Untracked 
|   5|0x0000000780500000, 0x0000000780600000, 0x0000000780600000|100%| O|  |TAMS 0x0000000780600000, 0x0000000780500000| Untracked 
|   6|0x0000000780600000, 0x0000000780613600, 0x0000000780700000|  7%| O|  |TAMS 0x0000000780613600, 0x0000000780600000| Untracked 
|   7|0x0000000780700000, 0x0000000780800000, 0x0000000780800000|100%| O|  |TAMS 0x0000000780800000, 0x0000000780700000| Untracked 
|   8|0x0000000780800000, 0x0000000780900000, 0x0000000780900000|100%| O|  |TAMS 0x0000000780900000, 0x0000000780800000| Untracked 
|   9|0x0000000780900000, 0x0000000780a00000, 0x0000000780a00000|100%| O|  |TAMS 0x0000000780a00000, 0x0000000780900000| Untracked 
|  10|0x0000000780a00000, 0x0000000780b00000, 0x0000000780b00000|100%| O|  |TAMS 0x0000000780b00000, 0x0000000780a00000| Untracked 
|  11|0x0000000780b00000, 0x0000000780c00000, 0x0000000780c00000|100%| O|  |TAMS 0x0000000780c00000, 0x0000000780b00000| Untracked 
|  12|0x0000000780c00000, 0x0000000780d00000, 0x0000000780d00000|100%| O|  |TAMS 0x0000000780d00000, 0x0000000780c00000| Untracked 
|  13|0x0000000780d00000, 0x0000000780e00000, 0x0000000780e00000|100%| O|  |TAMS 0x0000000780e00000, 0x0000000780d00000| Untracked 
|  14|0x0000000780e00000, 0x0000000780f00000, 0x0000000780f00000|100%| O|  |TAMS 0x0000000780f00000, 0x0000000780e00000| Untracked 
|  15|0x0000000780f00000, 0x0000000781000000, 0x0000000781000000|100%| O|  |TAMS 0x0000000780f97400, 0x0000000780f00000| Untracked 
|  16|0x0000000781000000, 0x0000000781100000, 0x0000000781100000|100%| O|  |TAMS 0x0000000781000000, 0x0000000781000000| Untracked 
|  17|0x0000000781100000, 0x0000000781200000, 0x0000000781200000|100%| O|  |TAMS 0x0000000781100000, 0x0000000781100000| Untracked 
|  18|0x0000000781200000, 0x0000000781300000, 0x0000000781300000|100%| O|  |TAMS 0x0000000781200000, 0x0000000781200000| Untracked 
|  19|0x0000000781300000, 0x0000000781400000, 0x0000000781400000|100%| O|  |TAMS 0x0000000781300000, 0x0000000781300000| Untracked 
|  20|0x0000000781400000, 0x0000000781500000, 0x0000000781500000|100%| O|  |TAMS 0x0000000781400000, 0x0000000781400000| Untracked 
|  21|0x0000000781500000, 0x0000000781600000, 0x0000000781600000|100%| O|  |TAMS 0x0000000781500000, 0x0000000781500000| Untracked 
|  22|0x0000000781600000, 0x0000000781700000, 0x0000000781700000|100%| O|  |TAMS 0x0000000781600000, 0x0000000781600000| Untracked 
|  23|0x0000000781700000, 0x0000000781800000, 0x0000000781800000|100%| O|  |TAMS 0x0000000781700000, 0x0000000781700000| Untracked 
|  24|0x0000000781800000, 0x0000000781900000, 0x0000000781900000|100%| O|  |TAMS 0x0000000781800000, 0x0000000781800000| Untracked 
|  25|0x0000000781900000, 0x0000000781a00000, 0x0000000781a00000|100%| O|  |TAMS 0x0000000781900000, 0x0000000781900000| Untracked 
|  26|0x0000000781a00000, 0x0000000781b00000, 0x0000000781b00000|100%| O|  |TAMS 0x0000000781a00000, 0x0000000781a00000| Untracked 
|  27|0x0000000781b00000, 0x0000000781c00000, 0x0000000781c00000|100%| O|  |TAMS 0x0000000781b00000, 0x0000000781b00000| Untracked 
|  28|0x0000000781c00000, 0x0000000781d00000, 0x0000000781d00000|100%| O|  |TAMS 0x0000000781c00000, 0x0000000781c00000| Untracked 
|  29|0x0000000781d00000, 0x0000000781e00000, 0x0000000781e00000|100%| O|  |TAMS 0x0000000781d00000, 0x0000000781d00000| Untracked 
|  30|0x0000000781e00000, 0x0000000781f00000, 0x0000000781f00000|100%| O|  |TAMS 0x0000000781e00000, 0x0000000781e00000| Untracked 
|  31|0x0000000781f00000, 0x0000000782000000, 0x0000000782000000|100%| O|  |TAMS 0x0000000781f00000, 0x0000000781f00000| Untracked 
|  32|0x0000000782000000, 0x0000000782100000, 0x0000000782100000|100%| O|  |TAMS 0x0000000782000000, 0x0000000782000000| Untracked 
|  33|0x0000000782100000, 0x0000000782200000, 0x0000000782200000|100%| O|  |TAMS 0x0000000782100000, 0x0000000782100000| Untracked 
|  34|0x0000000782200000, 0x0000000782300000, 0x0000000782300000|100%| O|  |TAMS 0x0000000782200000, 0x0000000782200000| Untracked 
|  35|0x0000000782300000, 0x0000000782400000, 0x0000000782400000|100%| O|  |TAMS 0x0000000782300000, 0x0000000782300000| Untracked 
|  36|0x0000000782400000, 0x0000000782500000, 0x0000000782500000|100%| O|  |TAMS 0x0000000782400000, 0x0000000782400000| Untracked 
|  37|0x0000000782500000, 0x000000078259e600, 0x0000000782600000| 61%| O|  |TAMS 0x0000000782500000, 0x0000000782500000| Untracked 
|  38|0x0000000782600000, 0x0000000782600000, 0x0000000782700000|  0%| F|  |TAMS 0x0000000782600000, 0x0000000782600000| Untracked 
|  39|0x0000000782700000, 0x0000000782700000, 0x0000000782800000|  0%| F|  |TAMS 0x0000000782700000, 0x0000000782700000| Untracked 
|  40|0x0000000782800000, 0x0000000782800000, 0x0000000782900000|  0%| F|  |TAMS 0x0000000782800000, 0x0000000782800000| Untracked 
|  41|0x0000000782900000, 0x0000000782900000, 0x0000000782a00000|  0%| F|  |TAMS 0x0000000782900000, 0x0000000782900000| Untracked 
|  42|0x0000000782a00000, 0x0000000782a00000, 0x0000000782b00000|  0%| F|  |TAMS 0x0000000782a00000, 0x0000000782a00000| Untracked 
|  43|0x0000000782b00000, 0x0000000782b00000, 0x0000000782c00000|  0%| F|  |TAMS 0x0000000782b00000, 0x0000000782b00000| Untracked 
|  44|0x0000000782c00000, 0x0000000782c00000, 0x0000000782d00000|  0%| F|  |TAMS 0x0000000782c00000, 0x0000000782c00000| Untracked 
|  45|0x0000000782d00000, 0x0000000782d00000, 0x0000000782e00000|  0%| F|  |TAMS 0x0000000782d00000, 0x0000000782d00000| Untracked 
|  46|0x0000000782e00000, 0x0000000782e00000, 0x0000000782f00000|  0%| F|  |TAMS 0x0000000782e00000, 0x0000000782e00000| Untracked 
|  47|0x0000000782f00000, 0x0000000782f00000, 0x0000000783000000|  0%| F|  |TAMS 0x0000000782f00000, 0x0000000782f00000| Untracked 
|  48|0x0000000783000000, 0x0000000783000000, 0x0000000783100000|  0%| F|  |TAMS 0x0000000783000000, 0x0000000783000000| Untracked 
|  49|0x0000000783100000, 0x0000000783100000, 0x0000000783200000|  0%| F|  |TAMS 0x0000000783100000, 0x0000000783100000| Untracked 
|  50|0x0000000783200000, 0x0000000783200000, 0x0000000783300000|  0%| F|  |TAMS 0x0000000783200000, 0x0000000783200000| Untracked 
|  51|0x0000000783300000, 0x0000000783300000, 0x0000000783400000|  0%| F|  |TAMS 0x0000000783300000, 0x0000000783300000| Untracked 
|  52|0x0000000783400000, 0x0000000783400000, 0x0000000783500000|  0%| F|  |TAMS 0x0000000783400000, 0x0000000783400000| Untracked 
|  53|0x0000000783500000, 0x0000000783500000, 0x0000000783600000|  0%| F|  |TAMS 0x0000000783500000, 0x0000000783500000| Untracked 
|  54|0x0000000783600000, 0x0000000783600000, 0x0000000783700000|  0%| F|  |TAMS 0x0000000783600000, 0x0000000783600000| Untracked 
|  55|0x0000000783700000, 0x0000000783700000, 0x0000000783800000|  0%| F|  |TAMS 0x0000000783700000, 0x0000000783700000| Untracked 
|  56|0x0000000783800000, 0x0000000783800000, 0x0000000783900000|  0%| F|  |TAMS 0x0000000783800000, 0x0000000783800000| Untracked 
|  57|0x0000000783900000, 0x0000000783900000, 0x0000000783a00000|  0%| F|  |TAMS 0x0000000783900000, 0x0000000783900000| Untracked 
|  58|0x0000000783a00000, 0x0000000783a00000, 0x0000000783b00000|  0%| F|  |TAMS 0x0000000783a00000, 0x0000000783a00000| Untracked 
|  59|0x0000000783b00000, 0x0000000783b56d78, 0x0000000783c00000| 33%| S|  |TAMS 0x0000000783b00000, 0x0000000783b00000| Complete 
|  60|0x0000000783c00000, 0x0000000783d00000, 0x0000000783d00000|100%| S|  |TAMS 0x0000000783c00000, 0x0000000783c00000| Complete 
|  61|0x0000000783d00000, 0x0000000783d00000, 0x0000000783e00000|  0%| F|  |TAMS 0x0000000783d00000, 0x0000000783d00000| Untracked 
|  62|0x0000000783e00000, 0x0000000783e00000, 0x0000000783f00000|  0%| F|  |TAMS 0x0000000783e00000, 0x0000000783e00000| Untracked 
|  63|0x0000000783f00000, 0x0000000783f00000, 0x0000000784000000|  0%| F|  |TAMS 0x0000000783f00000, 0x0000000783f00000| Untracked 
|  64|0x0000000784000000, 0x0000000784000000, 0x0000000784100000|  0%| F|  |TAMS 0x0000000784000000, 0x0000000784000000| Untracked 
|  65|0x0000000784100000, 0x0000000784100000, 0x0000000784200000|  0%| F|  |TAMS 0x0000000784100000, 0x0000000784100000| Untracked 
|  66|0x0000000784200000, 0x0000000784200000, 0x0000000784300000|  0%| F|  |TAMS 0x0000000784200000, 0x0000000784200000| Untracked 
|  67|0x0000000784300000, 0x0000000784300000, 0x0000000784400000|  0%| F|  |TAMS 0x0000000784300000, 0x0000000784300000| Untracked 
|  68|0x0000000784400000, 0x0000000784400000, 0x0000000784500000|  0%| F|  |TAMS 0x0000000784400000, 0x0000000784400000| Untracked 
|  69|0x0000000784500000, 0x0000000784500000, 0x0000000784600000|  0%| F|  |TAMS 0x0000000784500000, 0x0000000784500000| Untracked 
|  70|0x0000000784600000, 0x0000000784600000, 0x0000000784700000|  0%| F|  |TAMS 0x0000000784600000, 0x0000000784600000| Untracked 
|  71|0x0000000784700000, 0x0000000784700000, 0x0000000784800000|  0%| F|  |TAMS 0x0000000784700000, 0x0000000784700000| Untracked 
|  72|0x0000000784800000, 0x0000000784800000, 0x0000000784900000|  0%| F|  |TAMS 0x0000000784800000, 0x0000000784800000| Untracked 
|  73|0x0000000784900000, 0x0000000784900000, 0x0000000784a00000|  0%| F|  |TAMS 0x0000000784900000, 0x0000000784900000| Untracked 
|  74|0x0000000784a00000, 0x0000000784a00000, 0x0000000784b00000|  0%| F|  |TAMS 0x0000000784a00000, 0x0000000784a00000| Untracked 
|  75|0x0000000784b00000, 0x0000000784b00000, 0x0000000784c00000|  0%| F|  |TAMS 0x0000000784b00000, 0x0000000784b00000| Untracked 
|  76|0x0000000784c00000, 0x0000000784c00000, 0x0000000784d00000|  0%| F|  |TAMS 0x0000000784c00000, 0x0000000784c00000| Untracked 
|  77|0x0000000784d00000, 0x0000000784d00000, 0x0000000784e00000|  0%| F|  |TAMS 0x0000000784d00000, 0x0000000784d00000| Untracked 
|  78|0x0000000784e00000, 0x0000000784e00000, 0x0000000784f00000|  0%| F|  |TAMS 0x0000000784e00000, 0x0000000784e00000| Untracked 
|  79|0x0000000784f00000, 0x0000000784f00000, 0x0000000785000000|  0%| F|  |TAMS 0x0000000784f00000, 0x0000000784f00000| Untracked 
|  80|0x0000000785000000, 0x0000000785000000, 0x0000000785100000|  0%| F|  |TAMS 0x0000000785000000, 0x0000000785000000| Untracked 
|  81|0x0000000785100000, 0x0000000785100000, 0x0000000785200000|  0%| F|  |TAMS 0x0000000785100000, 0x0000000785100000| Untracked 
|  82|0x0000000785200000, 0x0000000785200000, 0x0000000785300000|  0%| F|  |TAMS 0x0000000785200000, 0x0000000785200000| Untracked 
|  83|0x0000000785300000, 0x0000000785300000, 0x0000000785400000|  0%| F|  |TAMS 0x0000000785300000, 0x0000000785300000| Untracked 
|  84|0x0000000785400000, 0x0000000785400000, 0x0000000785500000|  0%| F|  |TAMS 0x0000000785400000, 0x0000000785400000| Untracked 
|  85|0x0000000785500000, 0x0000000785500000, 0x0000000785600000|  0%| F|  |TAMS 0x0000000785500000, 0x0000000785500000| Untracked 
|  86|0x0000000785600000, 0x0000000785600000, 0x0000000785700000|  0%| F|  |TAMS 0x0000000785600000, 0x0000000785600000| Untracked 
|  87|0x0000000785700000, 0x0000000785700000, 0x0000000785800000|  0%| F|  |TAMS 0x0000000785700000, 0x0000000785700000| Untracked 
|  88|0x0000000785800000, 0x0000000785800000, 0x0000000785900000|  0%| F|  |TAMS 0x0000000785800000, 0x0000000785800000| Untracked 
|  89|0x0000000785900000, 0x0000000785900000, 0x0000000785a00000|  0%| F|  |TAMS 0x0000000785900000, 0x0000000785900000| Untracked 
|  90|0x0000000785a00000, 0x0000000785a00000, 0x0000000785b00000|  0%| F|  |TAMS 0x0000000785a00000, 0x0000000785a00000| Untracked 
|  91|0x0000000785b00000, 0x0000000785b00000, 0x0000000785c00000|  0%| F|  |TAMS 0x0000000785b00000, 0x0000000785b00000| Untracked 
|  92|0x0000000785c00000, 0x0000000785c00000, 0x0000000785d00000|  0%| F|  |TAMS 0x0000000785c00000, 0x0000000785c00000| Untracked 
|  93|0x0000000785d00000, 0x0000000785d2ca00, 0x0000000785e00000| 17%| E|  |TAMS 0x0000000785d00000, 0x0000000785d00000| Complete 
|  94|0x0000000785e00000, 0x0000000785f00000, 0x0000000785f00000|100%| E|  |TAMS 0x0000000785e00000, 0x0000000785e00000| Complete 
|  95|0x0000000785f00000, 0x0000000786000000, 0x0000000786000000|100%| E|  |TAMS 0x0000000785f00000, 0x0000000785f00000| Complete 
|  96|0x0000000786000000, 0x0000000786100000, 0x0000000786100000|100%| E|  |TAMS 0x0000000786000000, 0x0000000786000000| Complete 
|  97|0x0000000786100000, 0x0000000786200000, 0x0000000786200000|100%| E|  |TAMS 0x0000000786100000, 0x0000000786100000| Complete 
|  98|0x0000000786200000, 0x0000000786300000, 0x0000000786300000|100%| E|  |TAMS 0x0000000786200000, 0x0000000786200000| Complete 
|  99|0x0000000786300000, 0x0000000786400000, 0x0000000786400000|100%| E|  |TAMS 0x0000000786300000, 0x0000000786300000| Complete 
| 100|0x0000000786400000, 0x0000000786500000, 0x0000000786500000|100%| E|  |TAMS 0x0000000786400000, 0x0000000786400000| Complete 
| 101|0x0000000786500000, 0x0000000786600000, 0x0000000786600000|100%| E|  |TAMS 0x0000000786500000, 0x0000000786500000| Complete 
| 102|0x0000000786600000, 0x0000000786700000, 0x0000000786700000|100%| E|  |TAMS 0x0000000786600000, 0x0000000786600000| Complete 
| 103|0x0000000786700000, 0x0000000786800000, 0x0000000786800000|100%| E|  |TAMS 0x0000000786700000, 0x0000000786700000| Complete 
| 104|0x0000000786800000, 0x0000000786900000, 0x0000000786900000|100%| E|  |TAMS 0x0000000786800000, 0x0000000786800000| Complete 
| 105|0x0000000786900000, 0x0000000786a00000, 0x0000000786a00000|100%| E|  |TAMS 0x0000000786900000, 0x0000000786900000| Complete 
| 106|0x0000000786a00000, 0x0000000786b00000, 0x0000000786b00000|100%| E|  |TAMS 0x0000000786a00000, 0x0000000786a00000| Complete 
| 107|0x0000000786b00000, 0x0000000786c00000, 0x0000000786c00000|100%| E|  |TAMS 0x0000000786b00000, 0x0000000786b00000| Complete 
| 108|0x0000000786c00000, 0x0000000786d00000, 0x0000000786d00000|100%| E|  |TAMS 0x0000000786c00000, 0x0000000786c00000| Complete 
| 121|0x0000000787900000, 0x0000000787a00000, 0x0000000787a00000|100%| E|  |TAMS 0x0000000787900000, 0x0000000787900000| Complete 
| 122|0x0000000787a00000, 0x0000000787b00000, 0x0000000787b00000|100%| E|  |TAMS 0x0000000787a00000, 0x0000000787a00000| Complete 
| 123|0x0000000787b00000, 0x0000000787c00000, 0x0000000787c00000|100%| E|  |TAMS 0x0000000787b00000, 0x0000000787b00000| Complete 
| 124|0x0000000787c00000, 0x0000000787d00000, 0x0000000787d00000|100%| E|  |TAMS 0x0000000787c00000, 0x0000000787c00000| Complete 
| 125|0x0000000787d00000, 0x0000000787e00000, 0x0000000787e00000|100%| E|  |TAMS 0x0000000787d00000, 0x0000000787d00000| Complete 
| 126|0x0000000787e00000, 0x0000000787f00000, 0x0000000787f00000|100%| E|  |TAMS 0x0000000787e00000, 0x0000000787e00000| Complete 
| 153|0x0000000789900000, 0x0000000789a00000, 0x0000000789a00000|100%| E|  |TAMS 0x0000000789900000, 0x0000000789900000| Complete 
|1022|0x00000007bfe00000, 0x00000007bfe52000, 0x00000007bff00000| 32%|OA|  |TAMS 0x00000007bfe52000, 0x00000007bfe00000| Untracked 
|1023|0x00000007bff00000, 0x00000007bff7c000, 0x00000007c0000000| 48%|CA|  |TAMS 0x00000007bff7c000, 0x00000007bff00000| Untracked 

Card table byte_map: [0x00000001219f8000,0x0000000121df8000] _byte_map_base: 0x000000011ddf8000

Marking Bits (Prev, Next): (CMBitMap*) 0x00007fe74a82ea58, (CMBitMap*) 0x00007fe74a82ea18
 Prev Bits: [0x00000001241f8000, 0x00000001261f8000)
 Next Bits: [0x00000001221f8000, 0x00000001241f8000)

Polling page: 0x0000000107e23000

Metaspace:

Usage:
  Non-class:     53.39 MB capacity,    52.35 MB ( 98%) used,   867.72 KB (  2%) free+waste,   195.00 KB ( <1%) overhead. 
      Class:      9.00 MB capacity,     8.33 MB ( 93%) used,   591.55 KB (  6%) free+waste,    95.31 KB (  1%) overhead. 
       Both:     62.39 MB capacity,    60.68 MB ( 97%) used,     1.43 MB (  2%) free+waste,   290.31 KB ( <1%) overhead. 

Virtual space:
  Non-class space:       54.00 MB reserved,      53.40 MB ( 99%) committed 
      Class space:        1.00 GB reserved,       9.00 MB ( <1%) committed 
             Both:        1.05 GB reserved,      62.40 MB (  6%) committed 

Chunk freelists:
   Non-Class:  0 bytes
       Class:  0 bytes
        Both:  0 bytes

MaxMetaspaceSize: unlimited
CompressedClassSpaceSize: 1.00 GB

CodeHeap 'non-profiled nmethods': size=238948Kb used=10436Kb max_used=10436Kb free=228511Kb
 bounds [0x000000011309f000, 0x0000000113adf000, 0x00000001219f8000]
CodeHeap 'non-nmethods': size=6812Kb used=2370Kb max_used=2370Kb free=4441Kb
 bounds [0x00000001129f8000, 0x0000000112c68000, 0x000000011309f000]
 total_blobs=7385 nmethods=6499 adapters=795
 compilation: enabled
              stopped_count=0, restarted_count=0
 full_count=0

Compilation events (20 events):
Event: 736.159 Thread 0x00007fe74c019000 nmethod 6488 0x0000000113acb210 code [0x0000000113acb3c0, 0x0000000113acb580]
Event: 736.159 Thread 0x00007fe74c019000 6491       1       org.springframework.boot.logging.logback.ColorConverter::transform (10 bytes)
Event: 736.160 Thread 0x00007fe74c019000 nmethod 6491 0x0000000113acb610 code [0x0000000113acb7a0, 0x0000000113acb8e0]
Event: 736.160 Thread 0x00007fe74c019000 6492       1       java.lang.invoke.MethodHandles$Lookup::restrictReceiver (127 bytes)
Event: 736.161 Thread 0x00007fe74c019000 nmethod 6492 0x0000000113acb990 code [0x0000000113acbb60, 0x0000000113acbda0]
Event: 736.184 Thread 0x00007fe74c019000 6493       1       com.sun.crypto.provider.CipherCore::prepareInputBuffer (325 bytes)
Event: 736.187 Thread 0x00007fe74c019000 nmethod 6493 0x0000000113acc010 code [0x0000000113acc2c0, 0x0000000113acd020]
Event: 736.187 Thread 0x00007fe74c019000 6496       1       javax.crypto.spec.GCMParameterSpec::<init> (28 bytes)
Event: 736.188 Thread 0x00007fe74c019000 nmethod 6496 0x0000000113acd690 code [0x0000000113acd840, 0x0000000113acda10]
Event: 736.188 Thread 0x00007fe74c019000 6497       1       javax.crypto.spec.GCMParameterSpec::init (72 bytes)
Event: 736.189 Thread 0x00007fe74c019000 nmethod 6497 0x0000000113acdb10 code [0x0000000113acdce0, 0x0000000113ace100]
Event: 736.189 Thread 0x00007fe74c019000 6494   !   1       com.sun.crypto.provider.CipherCore::fillOutputBuffer (120 bytes)
Event: 736.190 Thread 0x00007fe74c019000 nmethod 6494 0x0000000113ace290 code [0x0000000113ace460, 0x0000000113ace7e0]
Event: 736.190 Thread 0x00007fe74c019000 6495       1       com.sun.crypto.provider.CipherCore::finalNoPadding (193 bytes)
Event: 736.192 Thread 0x00007fe74c019000 nmethod 6495 0x0000000113aceb10 code [0x0000000113aceda0, 0x0000000113acf690]
Event: 736.192 Thread 0x00007fe74c019000 6498       1       javax.crypto.Cipher::init (85 bytes)
Event: 736.193 Thread 0x00007fe74c019000 nmethod 6498 0x0000000113acfa90 code [0x0000000113acfc60, 0x0000000113acff10]
Event: 736.193 Thread 0x00007fe74c019000 6499       1       sun.security.ssl.SSLCipher$T13GcmWriteCipherGenerator$GcmWriteCipher::getExplicitNonceSize (2 bytes)
Event: 736.194 Thread 0x00007fe74c019000 nmethod 6499 0x0000000113ad0090 code [0x0000000113ad0220, 0x0000000113ad02f0]
Event: 736.198 Thread 0x00007fe74c019000 6500       1       org.springframework.util.ConcurrentReferenceHashMap$EntryIterator::moveToNextSegment (55 bytes)

GC Heap History (20 events):
Event: 3.310 GC heap after
{Heap after GC invocations=12 (full 0):
 garbage-first heap   total 71680K, used 17232K [0x0000000780000000, 0x0000000800000000)
  region size 1024K, 3 young (3072K), 3 survivors (3072K)
 Metaspace       used 28115K, capacity 29106K, committed 29232K, reserved 1075200K
  class space    used 3791K, capacity 4198K, committed 4224K, reserved 1048576K
}
Event: 3.591 GC heap before
{Heap before GC invocations=12 (full 0):
 garbage-first heap   total 71680K, used 55120K [0x0000000780000000, 0x0000000800000000)
  region size 1024K, 41 young (41984K), 3 survivors (3072K)
 Metaspace       used 32263K, capacity 33328K, committed 33456K, reserved 1077248K
  class space    used 4389K, capacity 4789K, committed 4864K, reserved 1048576K
}
Event: 3.599 GC heap after
{Heap after GC invocations=13 (full 0):
 garbage-first heap   total 71680K, used 18926K [0x0000000780000000, 0x0000000800000000)
  region size 1024K, 5 young (5120K), 5 survivors (5120K)
 Metaspace       used 32263K, capacity 33328K, committed 33456K, reserved 1077248K
  class space    used 4389K, capacity 4789K, committed 4864K, reserved 1048576K
}
Event: 3.737 GC heap before
{Heap before GC invocations=13 (full 0):
 garbage-first heap   total 71680K, used 36334K [0x0000000780000000, 0x0000000800000000)
  region size 1024K, 23 young (23552K), 5 survivors (5120K)
 Metaspace       used 34654K, capacity 35740K, committed 35888K, reserved 1079296K
  class space    used 4819K, capacity 5230K, committed 5248K, reserved 1048576K
}
Event: 3.747 GC heap after
{Heap after GC invocations=14 (full 0):
 garbage-first heap   total 86016K, used 19938K [0x0000000780000000, 0x0000000800000000)
  region size 1024K, 4 young (4096K), 4 survivors (4096K)
 Metaspace       used 34654K, capacity 35740K, committed 35888K, reserved 1079296K
  class space    used 4819K, capacity 5230K, committed 5248K, reserved 1048576K
}
Event: 4.153 GC heap before
{Heap before GC invocations=15 (full 0):
 garbage-first heap   total 86016K, used 69090K [0x0000000780000000, 0x0000000800000000)
  region size 1024K, 50 young (51200K), 4 survivors (4096K)
 Metaspace       used 41367K, capacity 42558K, committed 42908K, reserved 1085440K
  class space    used 5560K, capacity 6026K, committed 6144K, reserved 1048576K
}
Event: 4.167 GC heap after
{Heap after GC invocations=16 (full 0):
 garbage-first heap   total 86016K, used 24768K [0x0000000780000000, 0x0000000800000000)
  region size 1024K, 7 young (7168K), 7 survivors (7168K)
 Metaspace       used 41367K, capacity 42558K, committed 42908K, reserved 1085440K
  class space    used 5560K, capacity 6026K, committed 6144K, reserved 1048576K
}
Event: 4.602 GC heap before
{Heap before GC invocations=17 (full 0):
 garbage-first heap   total 86016K, used 64704K [0x0000000780000000, 0x0000000800000000)
  region size 1024K, 47 young (48128K), 7 survivors (7168K)
 Metaspace       used 46870K, capacity 48175K, committed 48540K, reserved 1091584K
  class space    used 6287K, capacity 6786K, committed 6912K, reserved 1048576K
}
Event: 4.617 GC heap after
{Heap after GC invocations=18 (full 0):
 garbage-first heap   total 86016K, used 27957K [0x0000000780000000, 0x0000000800000000)
  region size 1024K, 3 young (3072K), 3 survivors (3072K)
 Metaspace       used 46870K, capacity 48175K, committed 48540K, reserved 1091584K
  class space    used 6287K, capacity 6786K, committed 6912K, reserved 1048576K
}
Event: 4.808 GC heap before
{Heap before GC invocations=18 (full 0):
 garbage-first heap   total 86016K, used 64821K [0x0000000780000000, 0x0000000800000000)
  region size 1024K, 40 young (40960K), 3 survivors (3072K)
 Metaspace       used 48494K, capacity 49774K, committed 50204K, reserved 1093632K
  class space    used 6542K, capacity 7018K, committed 7040K, reserved 1048576K
}
Event: 4.816 GC heap after
{Heap after GC invocations=19 (full 0):
 garbage-first heap   total 86016K, used 29791K [0x0000000780000000, 0x0000000800000000)
  region size 1024K, 5 young (5120K), 5 survivors (5120K)
 Metaspace       used 48494K, capacity 49774K, committed 50204K, reserved 1093632K
  class space    used 6542K, capacity 7018K, committed 7040K, reserved 1048576K
}
Event: 5.203 GC heap before
{Heap before GC invocations=19 (full 0):
 garbage-first heap   total 86016K, used 65631K [0x0000000780000000, 0x0000000800000000)
  region size 1024K, 41 young (41984K), 5 survivors (5120K)
 Metaspace       used 52062K, capacity 53379K, committed 53916K, reserved 1095680K
  class space    used 7135K, capacity 7617K, committed 7680K, reserved 1048576K
}
Event: 5.211 GC heap after
{Heap after GC invocations=20 (full 0):
 garbage-first heap   total 120832K, used 31190K [0x0000000780000000, 0x0000000800000000)
  region size 1024K, 4 young (4096K), 4 survivors (4096K)
 Metaspace       used 52062K, capacity 53379K, committed 53916K, reserved 1095680K
  class space    used 7135K, capacity 7617K, committed 7680K, reserved 1048576K
}
Event: 15.237 GC heap before
{Heap before GC invocations=20 (full 0):
 garbage-first heap   total 120832K, used 94678K [0x0000000780000000, 0x0000000800000000)
  region size 1024K, 66 young (67584K), 4 survivors (4096K)
 Metaspace       used 58152K, capacity 59658K, committed 59804K, reserved 1099776K
  class space    used 7989K, capacity 8577K, committed 8704K, reserved 1048576K
}
Event: 15.247 GC heap after
{Heap after GC invocations=21 (full 0):
 garbage-first heap   total 120832K, used 33314K [0x0000000780000000, 0x0000000800000000)
  region size 1024K, 6 young (6144K), 6 survivors (6144K)
 Metaspace       used 58152K, capacity 59658K, committed 59804K, reserved 1099776K
  class space    used 7989K, capacity 8577K, committed 8704K, reserved 1048576K
}
Event: 79.663 GC heap before
{Heap before GC invocations=21 (full 0):
 garbage-first heap   total 120832K, used 94754K [0x0000000780000000, 0x0000000800000000)
  region size 1024K, 67 young (68608K), 6 survivors (6144K)
 Metaspace       used 61645K, capacity 63336K, committed 63644K, reserved 1103872K
  class space    used 8472K, capacity 9119K, committed 9216K, reserved 1048576K
}
Event: 79.682 GC heap after
{Heap after GC invocations=22 (full 0):
 garbage-first heap   total 120832K, used 38749K [0x0000000780000000, 0x0000000800000000)
  region size 1024K, 9 young (9216K), 9 survivors (9216K)
 Metaspace       used 61645K, capacity 63336K, committed 63644K, reserved 1103872K
  class space    used 8472K, capacity 9119K, committed 9216K, reserved 1048576K
}
Event: 560.394 GC heap before
{Heap before GC invocations=22 (full 0):
 garbage-first heap   total 120832K, used 95069K [0x0000000780000000, 0x0000000800000000)
  region size 1024K, 64 young (65536K), 9 survivors (9216K)
 Metaspace       used 62003K, capacity 63707K, committed 63900K, reserved 1103872K
  class space    used 8502K, capacity 9133K, committed 9216K, reserved 1048576K
}
Event: 560.504 GC heap after
{Heap after GC invocations=23 (full 0):
 garbage-first heap   total 120832K, used 39770K [0x0000000780000000, 0x0000000800000000)
  region size 1024K, 2 young (2048K), 2 survivors (2048K)
 Metaspace       used 62003K, capacity 63707K, committed 63900K, reserved 1103872K
  class space    used 8502K, capacity 9133K, committed 9216K, reserved 1048576K
}
Event: 736.199 GC heap before
{Heap before GC invocations=23 (full 0):
 garbage-first heap   total 120832K, used 62298K [0x0000000780000000, 0x0000000800000000)
  region size 1024K, 25 young (25600K), 2 survivors (2048K)
 Metaspace       used 62138K, capacity 63888K, committed 63900K, reserved 1103872K
  class space    used 8529K, capacity 9216K, committed 9216K, reserved 1048576K
}

Deoptimization events (14 events):
Event: 2.186 Thread 0x00007fe74ac90800 DEOPT PACKING pc=0x00000001133bd8dc sp=0x0000700003340e10
Event: 2.186 Thread 0x00007fe74ac90800 DEOPT UNPACKING pc=0x0000000112a4133a sp=0x00007000033403a8 mode 0
Event: 3.137 Thread 0x00007fe74a24d800 DEOPT PACKING pc=0x00000001132ac690 sp=0x000070000364b690
Event: 3.137 Thread 0x00007fe74a24d800 DEOPT UNPACKING pc=0x0000000112a4133a sp=0x000070000364ab08 mode 3
Event: 3.137 Thread 0x00007fe74ac90800 DEOPT PACKING pc=0x000000011336b97e sp=0x00007000033418e0
Event: 3.137 Thread 0x00007fe74ac90800 DEOPT UNPACKING pc=0x0000000112a4133a sp=0x0000700003340d90 mode 3
Event: 3.619 Thread 0x00007fe74ac90800 DEOPT PACKING pc=0x000000011349faac sp=0x0000700003341c50
Event: 3.619 Thread 0x00007fe74ac90800 DEOPT UNPACKING pc=0x0000000112a4133a sp=0x0000700003341348 mode 0
Event: 3.783 Thread 0x00007fe74ac90800 DEOPT PACKING pc=0x0000000113378ac1 sp=0x000070000333e7c0
Event: 3.784 Thread 0x00007fe74ac90800 DEOPT UNPACKING pc=0x0000000112a4133a sp=0x000070000333dcf8 mode 3
Event: 3.785 Thread 0x00007fe74ac90800 DEOPT PACKING pc=0x0000000113373f8b sp=0x000070000333e790
Event: 3.785 Thread 0x00007fe74ac90800 DEOPT UNPACKING pc=0x0000000112a4133a sp=0x000070000333dcf8 mode 3
Event: 5.095 Thread 0x00007fe74af96000 DEOPT PACKING pc=0x000000011387e014 sp=0x0000700003952590
Event: 5.095 Thread 0x00007fe74af96000 DEOPT UNPACKING pc=0x0000000112a4133a sp=0x0000700003951a38 mode 0

Classes unloaded (0 events):
No events

Classes redefined (0 events):
No events

Internal exceptions (20 events):
Event: 15.864 Thread 0x00007fe74b0e2000 Exception <a 'java/lang/ClassNotFoundException'{0x000000078490e0c8}: java/util/Collections$UnmodifiableListBeanInfo> (0x000000078490e0c8) 
thrown [./src/hotspot/share/classfile/systemDictionary.cpp, line 226]
Event: 15.865 Thread 0x00007fe74b0e2000 Exception <a 'java/lang/ClassNotFoundException'{0x0000000784912c08}: java/util/Collections$UnmodifiableListCustomizer> (0x0000000784912c08) 
thrown [./src/hotspot/share/classfile/systemDictionary.cpp, line 226]
Event: 15.866 Thread 0x00007fe74b0e2000 Exception <a 'java/lang/ClassNotFoundException'{0x0000000784931720}: java/util/Collections$UnmodifiableRandomAccessListCustomizer> (0x0000000784931720) 
thrown [./src/hotspot/share/classfile/systemDictionary.cpp, line 226]
Event: 15.878 Thread 0x00007fe74b0e2000 Exception <a 'java/lang/ClassNotFoundException'{0x000000078497c450}: org/thymeleaf/model/AttributeValueQuotesBeanInfo> (0x000000078497c450) 
thrown [./src/hotspot/share/classfile/systemDictionary.cpp, line 226]
Event: 15.880 Thread 0x00007fe74b0e2000 Exception <a 'java/lang/ClassNotFoundException'{0x0000000784992a28}: org/thymeleaf/model/AttributeValueQuotesCustomizer> (0x0000000784992a28) 
thrown [./src/hotspot/share/classfile/systemDictionary.cpp, line 226]
Event: 15.884 Thread 0x00007fe74b0e2000 Exception <a 'java/lang/ClassNotFoundException'{0x00000007849cdbd0}: org/thymeleaf/engine/ElementTagStructureHandlerBeanInfo> (0x00000007849cdbd0) 
thrown [./src/hotspot/share/classfile/systemDictionary.cpp, line 226]
Event: 15.885 Thread 0x00007fe74b0e2000 Exception <a 'java/lang/ClassNotFoundException'{0x00000007849e5040}: org/thymeleaf/engine/ElementTagStructureHandlerCustomizer> (0x00000007849e5040) 
thrown [./src/hotspot/share/classfile/systemDictionary.cpp, line 226]
Event: 79.614 Thread 0x00007fe74b107800 Exception <a 'java/lang/ClassNotFoundException'{0x00000007844d70f8}: java/lang/ObjectCustomizer> (0x00000007844d70f8) 
thrown [./src/hotspot/share/classfile/systemDictionary.cpp, line 226]
Event: 79.615 Thread 0x00007fe74b107800 Exception <a 'java/lang/ClassNotFoundException'{0x000000078393a7d8}: org/springframework/web/servlet/ModelAndViewCustomizer> (0x000000078393a7d8) 
thrown [./src/hotspot/share/classfile/systemDictionary.cpp, line 226]
Event: 79.619 Thread 0x00007fe74b107800 Exception <a 'java/lang/ClassNotFoundException'{0x0000000783964b28}: java/lang/ObjectCustomizer> (0x0000000783964b28) 
thrown [./src/hotspot/share/classfile/systemDictionary.cpp, line 226]
Event: 79.620 Thread 0x00007fe74b107800 Exception <a 'java/lang/ClassNotFoundException'{0x000000078397c8a0}: com/utudo/hwwd/models/VilleCustomizer> (0x000000078397c8a0) 
thrown [./src/hotspot/share/classfile/systemDictionary.cpp, line 226]
Event: 736.083 Thread 0x00007fe74a2de000 Exception <a 'java/lang/InterruptedException'{0x0000000785e50218}: sleep interrupted> (0x0000000785e50218) 
thrown [./src/hotspot/share/prims/jvm.cpp, line 3074]
Event: 736.174 Thread 0x00007fe74a24d800 Exception <a 'java/io/IOException'{0x0000000785d1a760}> (0x0000000785d1a760) 
thrown [./src/hotspot/share/prims/jni.cpp, line 599]
Event: 736.175 Thread 0x00007fe74a24d800 Exception <a 'sun/net/ConnectionResetException'{0x0000000785d1b0b8}: Connection reset> (0x0000000785d1b0b8) 
thrown [./src/hotspot/share/prims/jni.cpp, line 620]
Event: 736.179 Thread 0x00007fe74a24d800 Exception <a 'sun/net/ConnectionResetException'{0x0000000785d1cf00}: Connection reset> (0x0000000785d1cf00) 
thrown [./src/hotspot/share/prims/jni.cpp, line 620]
Event: 736.183 Thread 0x00007fe74a24d800 Exception <a 'sun/net/ConnectionResetException'{0x0000000785d1ec78}: Connection reset> (0x0000000785d1ec78) 
thrown [./src/hotspot/share/prims/jni.cpp, line 620]
Event: 736.185 Thread 0x00007fe74a24d800 Exception <a 'sun/net/ConnectionResetException'{0x0000000785d209f0}: Connection reset> (0x0000000785d209f0) 
thrown [./src/hotspot/share/prims/jni.cpp, line 620]
Event: 736.188 Thread 0x00007fe74a24d800 Exception <a 'sun/net/ConnectionResetException'{0x0000000785d23f08}: Connection reset> (0x0000000785d23f08) 
thrown [./src/hotspot/share/prims/jni.cpp, line 620]
Event: 736.189 Thread 0x00007fe74a24d800 Exception <a 'sun/net/ConnectionResetException'{0x0000000785d25c80}: Connection reset> (0x0000000785d25c80) 
thrown [./src/hotspot/share/prims/jni.cpp, line 620]
Event: 736.195 Thread 0x00007fe74a24d800 Exception <a 'sun/net/ConnectionResetException'{0x0000000785d2a938}: Connection reset> (0x0000000785d2a938) 
thrown [./src/hotspot/share/prims/jni.cpp, line 620]

Events (20 events):
Event: 736.193 Executing VM operation: HandshakeOneThread done
Event: 736.193 Executing VM operation: HandshakeOneThread
Event: 736.193 Executing VM operation: HandshakeOneThread done
Event: 736.193 Executing VM operation: HandshakeOneThread
Event: 736.193 Executing VM operation: HandshakeOneThread done
Event: 736.193 Executing VM operation: HandshakeOneThread
Event: 736.193 Executing VM operation: HandshakeOneThread done
Event: 736.194 Executing VM operation: HandshakeOneThread
Event: 736.194 Executing VM operation: HandshakeOneThread done
Event: 736.194 Executing VM operation: HandshakeOneThread
Event: 736.194 Executing VM operation: HandshakeOneThread done
Event: 736.194 Executing VM operation: HandshakeOneThread
Event: 736.194 Executing VM operation: HandshakeOneThread done
Event: 736.195 Executing VM operation: HandshakeOneThread
Event: 736.195 Executing VM operation: HandshakeOneThread done
Event: 736.195 Executing VM operation: HandshakeOneThread
Event: 736.195 Executing VM operation: HandshakeOneThread done
Event: 736.195 Protecting memory [0x0000700003243000,0x0000700003247000] with protection modes 3
Event: 736.195 Thread 0x00007fe74a24d800 Thread exited: 0x00007fe74a24d800
Event: 736.199 Executing VM operation: G1CollectFull


Dynamic libraries:
0x00007fff6de22000 	/usr/lib/libz.1.dylib
0x0000000107dfb000 	/usr/local/Cellar/openjdk/14.0.1/libexec/openjdk.jdk/Contents/Home/lib/libjli.dylib
0x00007fff3396c000 	/System/Library/Frameworks/Cocoa.framework/Versions/A/Cocoa
0x00007fff41165000 	/System/Library/Frameworks/Security.framework/Versions/A/Security
0x00007fff328d1000 	/System/Library/Frameworks/ApplicationServices.framework/Versions/A/ApplicationServices
0x00007fff6b8e6000 	/usr/lib/libSystem.B.dylib
0x00007fff6e6e3000 	/usr/lib/system/libcache.dylib
0x00007fff6e6e9000 	/usr/lib/system/libcommonCrypto.dylib
0x00007fff6e6f5000 	/usr/lib/system/libcompiler_rt.dylib
0x00007fff6e6fd000 	/usr/lib/system/libcopyfile.dylib
0x00007fff6e707000 	/usr/lib/system/libcorecrypto.dylib
0x00007fff6e8a6000 	/usr/lib/system/libdispatch.dylib
0x00007fff6e8e7000 	/usr/lib/system/libdyld.dylib
0x00007fff6e91e000 	/usr/lib/system/libkeymgr.dylib
0x00007fff6e92c000 	/usr/lib/system/liblaunch.dylib
0x00007fff6e92d000 	/usr/lib/system/libmacho.dylib
0x00007fff6e933000 	/usr/lib/system/libquarantine.dylib
0x00007fff6e936000 	/usr/lib/system/libremovefile.dylib
0x00007fff6e938000 	/usr/lib/system/libsystem_asl.dylib
0x00007fff6e950000 	/usr/lib/system/libsystem_blocks.dylib
0x00007fff6e951000 	/usr/lib/system/libsystem_c.dylib
0x00007fff6e9d9000 	/usr/lib/system/libsystem_configuration.dylib
0x00007fff6e9dd000 	/usr/lib/system/libsystem_coreservices.dylib
0x00007fff6e9e1000 	/usr/lib/system/libsystem_darwin.dylib
0x00007fff6e9ea000 	/usr/lib/system/libsystem_dnssd.dylib
0x00007fff6e9f2000 	/usr/lib/system/libsystem_featureflags.dylib
0x00007fff6e9f4000 	/usr/lib/system/libsystem_info.dylib
0x00007fff6ea6f000 	/usr/lib/system/libsystem_m.dylib
0x00007fff6eab7000 	/usr/lib/system/libsystem_malloc.dylib
0x00007fff6eadf000 	/usr/lib/system/libsystem_networkextension.dylib
0x00007fff6eaed000 	/usr/lib/system/libsystem_notify.dylib
0x00007fff6eb0b000 	/usr/lib/system/libsystem_sandbox.dylib
0x00007fff6eb10000 	/usr/lib/system/libsystem_secinit.dylib
0x00007fff6ea42000 	/usr/lib/system/libsystem_kernel.dylib
0x00007fff6eaf7000 	/usr/lib/system/libsystem_platform.dylib
0x00007fff6eb00000 	/usr/lib/system/libsystem_pthread.dylib
0x00007fff6eb13000 	/usr/lib/system/libsystem_symptoms.dylib
0x00007fff6eb1b000 	/usr/lib/system/libsystem_trace.dylib
0x00007fff6eb33000 	/usr/lib/system/libunwind.dylib
0x00007fff6eb39000 	/usr/lib/system/libxpc.dylib
0x00007fff6d746000 	/usr/lib/libobjc.A.dylib
0x00007fff6bc1f000 	/usr/lib/libc++abi.dylib
0x00007fff6bbcc000 	/usr/lib/libc++.1.dylib
0x00007fff3480e000 	/System/Library/Frameworks/CoreFoundation.framework/Versions/A/CoreFoundation
0x00007fff36ecb000 	/System/Library/Frameworks/Foundation.framework/Versions/C/Foundation
0x00007fff31ac1000 	/System/Library/Frameworks/AppKit.framework/Versions/C/AppKit
0x00007fff342f0000 	/System/Library/Frameworks/CoreData.framework/Versions/A/CoreData
0x00007fff658fb000 	/System/Library/PrivateFrameworks/UIFoundation.framework/Versions/A/UIFoundation
0x00007fff6098f000 	/System/Library/PrivateFrameworks/RemoteViewServices.framework/Versions/A/RemoteViewServices
0x00007fff68456000 	/System/Library/PrivateFrameworks/XCTTargetBootstrap.framework/Versions/A/XCTTargetBootstrap
0x00007fff346db000 	/System/Library/Frameworks/CoreDisplay.framework/Versions/A/CoreDisplay
0x00007fff39d86000 	/System/Library/Frameworks/Metal.framework/Versions/A/Metal
0x00007fff4e97c000 	/System/Library/PrivateFrameworks/DesktopServicesPriv.framework/Versions/A/DesktopServicesPriv
0x00007fff6ca21000 	/usr/lib/liblangid.dylib
0x00007fff4dc11000 	/System/Library/PrivateFrameworks/CoreSVG.framework/Versions/A/CoreSVG
0x00007fff63aeb000 	/System/Library/PrivateFrameworks/SkyLight.framework/Versions/A/SkyLight
0x00007fff34c8f000 	/System/Library/Frameworks/CoreGraphics.framework/Versions/A/CoreGraphics
0x00007fff30495000 	/System/Library/Frameworks/Accelerate.framework/Versions/A/Accelerate
0x00007fff6dd13000 	/usr/lib/libxml2.2.dylib
0x00007fff5991a000 	/System/Library/PrivateFrameworks/IconServices.framework/Versions/A/IconServices
0x00007fff376aa000 	/System/Library/Frameworks/IOSurface.framework/Versions/A/IOSurface
0x00007fff6b410000 	/usr/lib/libDiagnosticMessagesClient.dylib
0x00007fff4e7d6000 	/System/Library/PrivateFrameworks/DFRFoundation.framework/Versions/A/DFRFoundation
0x00007fff6c7b0000 	/usr/lib/libicucore.A.dylib
0x00007fff32c03000 	/System/Library/Frameworks/AudioToolbox.framework/Versions/A/AudioToolbox
0x00007fff32ce6000 	/System/Library/Frameworks/AudioUnit.framework/Versions/A/AudioUnit
0x00007fff6bae8000 	/usr/lib/libauto.dylib
0x00007fff4e878000 	/System/Library/PrivateFrameworks/DataDetectorsCore.framework/Versions/A/DataDetectorsCore
0x00007fff3348d000 	/System/Library/Frameworks/Carbon.framework/Versions/A/Frameworks/HIToolbox.framework/Versions/A/HIToolbox
0x00007fff4035f000 	/System/Library/Frameworks/QuartzCore.framework/Versions/A/QuartzCore
0x00007fff337cc000 	/System/Library/Frameworks/Carbon.framework/Versions/A/Frameworks/SpeechRecognition.framework/Versions/A/SpeechRecognition
0x00007fff4e2ea000 	/System/Library/PrivateFrameworks/CoreUI.framework/Versions/A/CoreUI
0x00007fff33d5b000 	/System/Library/Frameworks/CoreAudio.framework/Versions/A/CoreAudio
0x00007fff36b8a000 	/System/Library/Frameworks/DiskArbitration.framework/Versions/A/DiskArbitration
0x00007fff5b96a000 	/System/Library/PrivateFrameworks/MultitouchSupport.framework/Versions/A/MultitouchSupport
0x00007fff6c677000 	/usr/lib/libenergytrace.dylib
0x00007fff37604000 	/System/Library/Frameworks/IOKit.framework/Versions/A/IOKit
0x00007fff35bf6000 	/System/Library/Frameworks/CoreServices.framework/Versions/A/CoreServices
0x00007fff5db22000 	/System/Library/PrivateFrameworks/PerformanceAnalysis.framework/Versions/A/PerformanceAnalysis
0x00007fff3f392000 	/System/Library/Frameworks/OpenGL.framework/Versions/A/OpenGL
0x00007fff3397a000 	/System/Library/Frameworks/ColorSync.framework/Versions/A/ColorSync
0x00007fff35312000 	/System/Library/Frameworks/CoreImage.framework/Versions/A/CoreImage
0x00007fff36669000 	/System/Library/Frameworks/CoreText.framework/Versions/A/CoreText
0x00007fff3773a000 	/System/Library/Frameworks/ImageIO.framework/Versions/A/ImageIO
0x00007fff6bc48000 	/usr/lib/libcompression.dylib
0x00007fff6b754000 	/usr/lib/libMobileGestalt.dylib
0x00007fff65665000 	/System/Library/PrivateFrameworks/TextureIO.framework/Versions/A/TextureIO
0x00007fff6ba4b000 	/usr/lib/libate.dylib
0x00007fff59b23000 	/System/Library/PrivateFrameworks/InternationalSupport.framework/Versions/A/InternationalSupport
0x00007fff6ca23000 	/usr/lib/liblzma.5.dylib
0x00007fff6c69e000 	/usr/lib/libfakelink.dylib
0x00007fff6b9d8000 	/usr/lib/libarchive.2.dylib
0x00007fff42216000 	/System/Library/Frameworks/SystemConfiguration.framework/Versions/A/SystemConfiguration
0x00007fff6b343000 	/usr/lib/libCRFSuite.dylib
0x00007fff3307d000 	/System/Library/Frameworks/CFNetwork.framework/Versions/A/CFNetwork
0x00007fff6bbae000 	/usr/lib/libbsm.0.dylib
0x00007fff6e91f000 	/usr/lib/system/libkxld.dylib
0x00007fff48153000 	/System/Library/PrivateFrameworks/AppleFSCompression.framework/Versions/A/AppleFSCompression
0x00007fff6bf39000 	/usr/lib/libcoretls.dylib
0x00007fff6bf50000 	/usr/lib/libcoretls_cfhelpers.dylib
0x00007fff6d78c000 	/usr/lib/libpam.2.dylib
0x00007fff6d8c1000 	/usr/lib/libsqlite3.dylib
0x00007fff6dd00000 	/usr/lib/libxar.1.dylib
0x00007fff6bbbf000 	/usr/lib/libbz2.1.0.dylib
0x00007fff6c6bf000 	/usr/lib/libiconv.2.dylib
0x00007fff6bc35000 	/usr/lib/libcharset.1.dylib
0x00007fff6d229000 	/usr/lib/libnetwork.dylib
0x00007fff6d793000 	/usr/lib/libpcap.A.dylib
0x00007fff6b98d000 	/usr/lib/libapple_nghttp2.dylib
0x00007fff35fad000 	/System/Library/Frameworks/CoreServices.framework/Versions/A/Frameworks/FSEvents.framework/Versions/A/FSEvents
0x00007fff35c7d000 	/System/Library/Frameworks/CoreServices.framework/Versions/A/Frameworks/CarbonCore.framework/Versions/A/CarbonCore
0x00007fff361f1000 	/System/Library/Frameworks/CoreServices.framework/Versions/A/Frameworks/Metadata.framework/Versions/A/Metadata
0x00007fff3628a000 	/System/Library/Frameworks/CoreServices.framework/Versions/A/Frameworks/OSServices.framework/Versions/A/OSServices
0x00007fff362b8000 	/System/Library/Frameworks/CoreServices.framework/Versions/A/Frameworks/SearchKit.framework/Versions/A/SearchKit
0x00007fff35bf7000 	/System/Library/Frameworks/CoreServices.framework/Versions/A/Frameworks/AE.framework/Versions/A/AE
0x00007fff35fb6000 	/System/Library/Frameworks/CoreServices.framework/Versions/A/Frameworks/LaunchServices.framework/Versions/A/LaunchServices
0x00007fff35f5f000 	/System/Library/Frameworks/CoreServices.framework/Versions/A/Frameworks/DictionaryServices.framework/Versions/A/DictionaryServices
0x00007fff36320000 	/System/Library/Frameworks/CoreServices.framework/Versions/A/Frameworks/SharedFileList.framework/Versions/A/SharedFileList
0x00007fff3b1b1000 	/System/Library/Frameworks/NetFS.framework/Versions/A/NetFS
0x00007fff5be9a000 	/System/Library/PrivateFrameworks/NetAuth.framework/Versions/A/NetAuth
0x00007fff68823000 	/System/Library/PrivateFrameworks/login.framework/Versions/A/Frameworks/loginsupport.framework/Versions/A/loginsupport
0x00007fff65130000 	/System/Library/PrivateFrameworks/TCC.framework/Versions/A/TCC
0x00007fff4cd84000 	/System/Library/PrivateFrameworks/CoreNLP.framework/Versions/A/CoreNLP
0x00007fff5b397000 	/System/Library/PrivateFrameworks/MetadataUtilities.framework/Versions/A/MetadataUtilities
0x00007fff6cafb000 	/usr/lib/libmecabra.dylib
0x00007fff6ca53000 	/usr/lib/libmecab.dylib
0x00007fff6c6af000 	/usr/lib/libgermantok.dylib
0x00007fff6b974000 	/usr/lib/libThaiTokenizer.dylib
0x00007fff6b37a000 	/usr/lib/libChineseTokenizer.dylib
0x00007fff304ad000 	/System/Library/Frameworks/Accelerate.framework/Versions/A/Frameworks/vImage.framework/Versions/A/vImage
0x00007fff31917000 	/System/Library/Frameworks/Accelerate.framework/Versions/A/Frameworks/vecLib.framework/Versions/A/vecLib
0x00007fff31854000 	/System/Library/Frameworks/Accelerate.framework/Versions/A/Frameworks/vecLib.framework/Versions/A/libvMisc.dylib
0x00007fff3167c000 	/System/Library/Frameworks/Accelerate.framework/Versions/A/Frameworks/vecLib.framework/Versions/A/libvDSP.dylib
0x00007fff30b04000 	/System/Library/Frameworks/Accelerate.framework/Versions/A/Frameworks/vecLib.framework/Versions/A/libBLAS.dylib
0x00007fff31240000 	/System/Library/Frameworks/Accelerate.framework/Versions/A/Frameworks/vecLib.framework/Versions/A/libLAPACK.dylib
0x00007fff315dc000 	/System/Library/Frameworks/Accelerate.framework/Versions/A/Frameworks/vecLib.framework/Versions/A/libLinearAlgebra.dylib
0x00007fff31669000 	/System/Library/Frameworks/Accelerate.framework/Versions/A/Frameworks/vecLib.framework/Versions/A/libSparseBLAS.dylib
0x00007fff315f2000 	/System/Library/Frameworks/Accelerate.framework/Versions/A/Frameworks/vecLib.framework/Versions/A/libQuadrature.dylib
0x00007fff30d6c000 	/System/Library/Frameworks/Accelerate.framework/Versions/A/Frameworks/vecLib.framework/Versions/A/libBNNS.dylib
0x00007fff315f8000 	/System/Library/Frameworks/Accelerate.framework/Versions/A/Frameworks/vecLib.framework/Versions/A/libSparse.dylib
0x00007fff59f0b000 	/System/Library/PrivateFrameworks/LanguageModeling.framework/Versions/A/LanguageModeling
0x00007fff4c734000 	/System/Library/PrivateFrameworks/CoreEmoji.framework/Versions/A/CoreEmoji
0x00007fff5a029000 	/System/Library/PrivateFrameworks/LinguisticData.framework/Versions/A/LinguisticData
0x00007fff59fda000 	/System/Library/PrivateFrameworks/Lexicon.framework/Versions/A/Lexicon
0x00007fff6bc36000 	/usr/lib/libcmph.dylib
0x00007fff3dda0000 	/System/Library/Frameworks/OpenDirectory.framework/Versions/A/Frameworks/CFOpenDirectory.framework/Versions/A/CFOpenDirectory
0x00007fff3ddbd000 	/System/Library/Frameworks/OpenDirectory.framework/Versions/A/OpenDirectory
0x00007fff46200000 	/System/Library/PrivateFrameworks/APFS.framework/Versions/A/APFS
0x00007fff414af000 	/System/Library/Frameworks/SecurityFoundation.framework/Versions/A/SecurityFoundation
0x00007fff6dcfc000 	/usr/lib/libutil.dylib
0x00007fff4dc69000 	/System/Library/PrivateFrameworks/CoreServicesStore.framework/Versions/A/CoreServicesStore
0x00007fff41566000 	/System/Library/Frameworks/ServiceManagement.framework/Versions/A/ServiceManagement
0x00007fff49923000 	/System/Library/PrivateFrameworks/BackgroundTaskManagement.framework/Versions/A/BackgroundTaskManagement
0x00007fff6ddf9000 	/usr/lib/libxslt.1.dylib
0x00007fff487c6000 	/System/Library/PrivateFrameworks/AppleSystemInfo.framework/Versions/A/AppleSystemInfo
0x00007fff37955000 	/System/Library/Frameworks/ImageIO.framework/Versions/A/Resources/libJPEG.dylib
0x00007fff37c14000 	/System/Library/Frameworks/ImageIO.framework/Versions/A/Resources/libTIFF.dylib
0x00007fff37bf7000 	/System/Library/Frameworks/ImageIO.framework/Versions/A/Resources/libPng.dylib
0x00007fff37897000 	/System/Library/Frameworks/ImageIO.framework/Versions/A/Resources/libGIF.dylib
0x00007fff3789b000 	/System/Library/Frameworks/ImageIO.framework/Versions/A/Resources/libJP2.dylib
0x00007fff37c12000 	/System/Library/Frameworks/ImageIO.framework/Versions/A/Resources/libRadiance.dylib
0x00007fff6c678000 	/usr/lib/libexpat.1.dylib
0x00007fff482ae000 	/System/Library/PrivateFrameworks/AppleJPEG.framework/Versions/A/AppleJPEG
0x00007fff50f7f000 	/System/Library/PrivateFrameworks/FontServices.framework/libFontParser.dylib
0x00007fff67825000 	/System/Library/PrivateFrameworks/WatchdogClient.framework/Versions/A/WatchdogClient
0x00007fff59566000 	/System/Library/PrivateFrameworks/IOAccelerator.framework/Versions/A/IOAccelerator
0x00007fff3a121000 	/System/Library/Frameworks/MetalPerformanceShaders.framework/Versions/A/MetalPerformanceShaders
0x00007fff55cfc000 	/System/Library/PrivateFrameworks/GPUWrangler.framework/Versions/A/GPUWrangler
0x00007fff5957b000 	/System/Library/PrivateFrameworks/IOPresentment.framework/Versions/A/IOPresentment
0x00007fff4e7e9000 	/System/Library/PrivateFrameworks/DSExternalDisplay.framework/Versions/A/DSExternalDisplay
0x00007fff3e731000 	/System/Library/Frameworks/OpenGL.framework/Versions/A/Libraries/libCoreFSCache.dylib
0x00007fff39e6d000 	/System/Library/Frameworks/MetalPerformanceShaders.framework/Frameworks/MPSCore.framework/Versions/A/MPSCore
0x00007fff39eab000 	/System/Library/Frameworks/MetalPerformanceShaders.framework/Frameworks/MPSImage.framework/Versions/A/MPSImage
0x00007fff39f72000 	/System/Library/Frameworks/MetalPerformanceShaders.framework/Frameworks/MPSNeuralNetwork.framework/Versions/A/MPSNeuralNetwork
0x00007fff39f36000 	/System/Library/Frameworks/MetalPerformanceShaders.framework/Frameworks/MPSMatrix.framework/Versions/A/MPSMatrix
0x00007fff3a0d1000 	/System/Library/Frameworks/MetalPerformanceShaders.framework/Frameworks/MPSRayIntersector.framework/Versions/A/MPSRayIntersector
0x00007fff39f5c000 	/System/Library/Frameworks/MetalPerformanceShaders.framework/Frameworks/MPSNDArray.framework/Versions/A/MPSNDArray
0x00007fff5b3e4000 	/System/Library/PrivateFrameworks/MetalTools.framework/Versions/A/MetalTools
0x00007fff473da000 	/System/Library/PrivateFrameworks/AggregateDictionary.framework/Versions/A/AggregateDictionary
0x00007fff4c17c000 	/System/Library/PrivateFrameworks/CoreAnalytics.framework/Versions/A/CoreAnalytics
0x00007fff486e5000 	/System/Library/PrivateFrameworks/AppleSauce.framework/Versions/A/AppleSauce
0x00007fff6b636000 	/usr/lib/libIOReport.dylib
0x00007fff36821000 	/System/Library/Frameworks/CoreVideo.framework/Versions/A/CoreVideo
0x00007fff57175000 	/System/Library/PrivateFrameworks/GraphVisualizer.framework/Versions/A/GraphVisualizer
0x00007fff504c5000 	/System/Library/PrivateFrameworks/FaceCore.framework/Versions/A/FaceCore
0x00007fff3dd47000 	/System/Library/Frameworks/OpenCL.framework/Versions/A/OpenCL
0x00007fff6b458000 	/usr/lib/libFosl_dynamic.dylib
0x00007fff5c8ba000 	/System/Library/PrivateFrameworks/OTSVG.framework/Versions/A/OTSVG
0x00007fff329d6000 	/System/Library/Frameworks/ApplicationServices.framework/Versions/A/Frameworks/ATS.framework/Versions/A/Resources/libFontRegistry.dylib
0x00007fff51150000 	/System/Library/PrivateFrameworks/FontServices.framework/libhvf.dylib
0x00007fff3e73c000 	/System/Library/Frameworks/OpenGL.framework/Versions/A/Libraries/libGFXShared.dylib
0x00007fff3e91a000 	/System/Library/Frameworks/OpenGL.framework/Versions/A/Libraries/libGLU.dylib
0x00007fff3e745000 	/System/Library/Frameworks/OpenGL.framework/Versions/A/Libraries/libGL.dylib
0x00007fff3e750000 	/System/Library/Frameworks/OpenGL.framework/Versions/A/Libraries/libGLImage.dylib
0x00007fff3e72e000 	/System/Library/Frameworks/OpenGL.framework/Versions/A/Libraries/libCVMSPluginSupport.dylib
0x00007fff3e737000 	/System/Library/Frameworks/OpenGL.framework/Versions/A/Libraries/libCoreVMClient.dylib
0x00007fff6d0ca000 	/usr/lib/libncurses.5.4.dylib
0x00007fff328d2000 	/System/Library/Frameworks/ApplicationServices.framework/Versions/A/Frameworks/ATS.framework/Versions/A/ATS
0x00007fff32a9f000 	/System/Library/Frameworks/ApplicationServices.framework/Versions/A/Frameworks/ColorSyncLegacy.framework/Versions/A/ColorSyncLegacy
0x00007fff32b3d000 	/System/Library/Frameworks/ApplicationServices.framework/Versions/A/Frameworks/HIServices.framework/Versions/A/HIServices
0x00007fff32b95000 	/System/Library/Frameworks/ApplicationServices.framework/Versions/A/Frameworks/LangAnalysis.framework/Versions/A/LangAnalysis
0x00007fff32ba4000 	/System/Library/Frameworks/ApplicationServices.framework/Versions/A/Frameworks/PrintCore.framework/Versions/A/PrintCore
0x00007fff32bea000 	/System/Library/Frameworks/ApplicationServices.framework/Versions/A/Frameworks/QD.framework/Versions/A/QD
0x00007fff32bf5000 	/System/Library/Frameworks/ApplicationServices.framework/Versions/A/Frameworks/SpeechSynthesis.framework/Versions/A/SpeechSynthesis
0x00007fff32a6f000 	/System/Library/Frameworks/ApplicationServices.framework/Versions/A/Frameworks/ATSUI.framework/Versions/A/ATSUI
0x00007fff6c50e000 	/usr/lib/libcups.2.dylib
0x00007fff391bc000 	/System/Library/Frameworks/Kerberos.framework/Versions/A/Kerberos
0x00007fff372fd000 	/System/Library/Frameworks/GSS.framework/Versions/A/GSS
0x00007fff6d84d000 	/usr/lib/libresolv.9.dylib
0x00007fff57322000 	/System/Library/PrivateFrameworks/Heimdal.framework/Versions/A/Heimdal
0x00007fff391cf000 	/System/Library/Frameworks/Kerberos.framework/Versions/A/Libraries/libHeimdalProxy.dylib
0x00007fff6c6b5000 	/usr/lib/libheimdal-asn1.dylib
0x00007fff4b614000 	/System/Library/PrivateFrameworks/CommonAuth.framework/Versions/A/CommonAuth
0x00007fff48863000 	/System/Library/PrivateFrameworks/AssertionServices.framework/Versions/A/AssertionServices
0x00007fff49406000 	/System/Library/PrivateFrameworks/AudioToolboxCore.framework/Versions/A/AudioToolboxCore
0x00007fff684d3000 	/System/Library/PrivateFrameworks/caulk.framework/Versions/A/caulk
0x00007fff499cf000 	/System/Library/PrivateFrameworks/BaseBoard.framework/Versions/A/BaseBoard
0x00007fff60b1d000 	/System/Library/PrivateFrameworks/RunningBoardServices.framework/Versions/A/RunningBoardServices
0x00007fff5db2e000 	/System/Library/PrivateFrameworks/PersistentConnection.framework/Versions/A/PersistentConnection
0x00007fff60516000 	/System/Library/PrivateFrameworks/ProtocolBuffer.framework/Versions/A/ProtocolBuffer
0x00007fff4b638000 	/System/Library/PrivateFrameworks/CommonUtilities.framework/Versions/A/CommonUtilities
0x00007fff49b5d000 	/System/Library/PrivateFrameworks/Bom.framework/Versions/A/Bom
0x00007fff6b309000 	/usr/lib/libAudioToolboxUtility.dylib
0x00007fff4992d000 	/System/Library/PrivateFrameworks/Backup.framework/Versions/A/Backup
0x00007fff4e70a000 	/System/Library/PrivateFrameworks/CrashReporterSupport.framework/Versions/A/CrashReporterSupport
0x00007fff625af000 	/System/Library/PrivateFrameworks/Sharing.framework/Versions/A/Sharing
0x00007fff47e71000 	/System/Library/PrivateFrameworks/Apple80211.framework/Versions/A/Apple80211
0x00007fff4964a000 	/System/Library/PrivateFrameworks/AuthKit.framework/Versions/A/AuthKit
0x00007fff4e417000 	/System/Library/PrivateFrameworks/CoreUtils.framework/Versions/A/CoreUtils
0x00007fff36866000 	/System/Library/Frameworks/CoreWLAN.framework/Versions/A/CoreWLAN
0x00007fff3748a000 	/System/Library/Frameworks/IOBluetooth.framework/Versions/A/IOBluetooth
0x00007fff5b6e9000 	/System/Library/PrivateFrameworks/MobileKeyBag.framework/Versions/A/MobileKeyBag
0x00007fff4d21c000 	/System/Library/PrivateFrameworks/CorePhoneNumbers.framework/Versions/A/CorePhoneNumbers
0x00007fff48261000 	/System/Library/PrivateFrameworks/AppleIDAuthSupport.framework/Versions/A/AppleIDAuthSupport
0x00007fff3b1be000 	/System/Library/Frameworks/Network.framework/Versions/A/Network
0x00007fff59db7000 	/System/Library/PrivateFrameworks/KeychainCircle.framework/Versions/A/KeychainCircle
0x00007fff342b7000 	/System/Library/Frameworks/CoreBluetooth.framework/Versions/A/CoreBluetooth
0x00007fff6462e000 	/System/Library/PrivateFrameworks/SpeechRecognitionCore.framework/Versions/A/SpeechRecognitionCore
0x00007fff278d9000 	/System/Library/CoreServices/Encodings/libSimplifiedChineseConverter.dylib
0x0000000108800000 	/usr/local/Cellar/openjdk/14.0.1/libexec/openjdk.jdk/Contents/Home/lib/server/libjvm.dylib
0x0000000107e1b000 	/usr/local/Cellar/openjdk/14.0.1/libexec/openjdk.jdk/Contents/Home/lib/libjimage.dylib
0x0000000107e6d000 	/usr/local/Cellar/openjdk/14.0.1/libexec/openjdk.jdk/Contents/Home/lib/libjava.dylib
0x0000000107e92000 	/usr/local/Cellar/openjdk/14.0.1/libexec/openjdk.jdk/Contents/Home/lib/libzip.dylib
0x0000000107efd000 	/usr/local/Cellar/openjdk/14.0.1/libexec/openjdk.jdk/Contents/Home/lib/libnio.dylib
0x0000000107f0d000 	/usr/local/Cellar/openjdk/14.0.1/libexec/openjdk.jdk/Contents/Home/lib/libnet.dylib
0x0000000107f22000 	/usr/local/Cellar/openjdk/14.0.1/libexec/openjdk.jdk/Contents/Home/lib/libverify.dylib
0x0000000107f2d000 	/usr/local/Cellar/openjdk/14.0.1/libexec/openjdk.jdk/Contents/Home/lib/libmanagement.dylib
0x0000000107f33000 	/usr/local/Cellar/openjdk/14.0.1/libexec/openjdk.jdk/Contents/Home/lib/libmanagement_ext.dylib
0x0000000107f3a000 	/usr/local/Cellar/openjdk/14.0.1/libexec/openjdk.jdk/Contents/Home/lib/libextnet.dylib
0x0000000107f3e000 	/usr/local/Cellar/openjdk/14.0.1/libexec/openjdk.jdk/Contents/Home/lib/libsunec.dylib


VM Arguments:
jvm_args: -XX:TieredStopAtLevel=1 
java_command: com.utudo.hwwd.HwwdApplication
java_class_path (initial): /Library/WebServer/Documents/hwwd/target/classes:/Users/yeliang/.m2/repository/org/codehaus/groovy/groovy/3.0.6/groovy-3.0.6.pom:/Users/yeliang/.m2/repository/org/springframework/boot/spring-boot-starter/2.3.4.RELEASE/spring-boot-starter-2.3.4.RELEASE.jar:/Users/yeliang/.m2/repository/org/springframework/boot/spring-boot/2.3.4.RELEASE/spring-boot-2.3.4.RELEASE.jar:/Users/yeliang/.m2/repository/org/springframework/spring-context/5.2.9.RELEASE/spring-context-5.2.9.RELEASE.jar:/Users/yeliang/.m2/repository/org/springframework/boot/spring-boot-autoconfigure/2.3.4.RELEASE/spring-boot-autoconfigure-2.3.4.RELEASE.jar:/Users/yeliang/.m2/repository/org/springframework/boot/spring-boot-starter-logging/2.3.4.RELEASE/spring-boot-starter-logging-2.3.4.RELEASE.jar:/Users/yeliang/.m2/repository/ch/qos/logback/logback-classic/1.2.3/logback-classic-1.2.3.jar:/Users/yeliang/.m2/repository/ch/qos/logback/logback-core/1.2.3/logback-core-1.2.3.jar:/Users/yeliang/.m2/repository/org/apache/logging/log4j/log4j-to-slf4j/2.13.3/log4j-to-slf4j-2.13.3.jar:/Users/yeliang/.m2/repository/org/apache/logging/log4j/log4j-api/2.13.3/log4j-api-2.13.3.jar:/Users/yeliang/.m2/repository/org/slf4j/jul-to-slf4j/1.7.30/jul-to-slf4j-1.7.30.jar:/Users/yeliang/.m2/repository/jakarta/annotation/jakarta.annotation-api/1.3.5/jakarta.annotation-api-1.3.5.jar:/Users/yeliang/.m2/repository/org/springframework/spring-core/5.2.9.RELEASE/spring-core-5.2.9.RELEASE.jar:/Users/yeliang/.m2/repository/org/springframework/spring-jcl/5.2.9.RELEASE/spring-jcl-5.2.9.RELEASE.jar:/Users/yeliang/.m2/repository/org/yaml/snakeyaml/1.26/snakeyaml-1.26.jar:/Users/yeliang/.m2/repository/org/springframework/spring-web/5.2.9.RELEASE/spring-web-5.2.9.RELEASE.jar:/Users/yeliang/.m2/repository/org/springframework/spring-beans/5.2.9.RELEASE/spring-beans-5.2.9.RELEASE.jar:/Users/yeliang/.m2/repository/org/springframework/boot/spring-boot-starter-web/2.3.4.RELEASE/spring-boot-starter-web-2.3.4.RELEASE.jar:/Users/ye
Launcher Type: SUN_STANDARD

[Global flags]
     intx CICompilerCount                          = 3                                         {product} {ergonomic}
     uint ConcGCThreads                            = 1                                         {product} {ergonomic}
     uint G1ConcRefinementThreads                  = 4                                         {product} {ergonomic}
   size_t G1HeapRegionSize                         = 1048576                                   {product} {ergonomic}
    uintx GCDrainStackTargetSize                   = 64                                        {product} {ergonomic}
   size_t InitialHeapSize                          = 134217728                                 {product} {ergonomic}
   size_t MarkStackSize                            = 4194304                                   {product} {ergonomic}
   size_t MaxHeapSize                              = 2147483648                                {product} {ergonomic}
   size_t MaxNewSize                               = 1287651328                                {product} {ergonomic}
   size_t MinHeapDeltaBytes                        = 1048576                                   {product} {ergonomic}
   size_t MinHeapSize                              = 8388608                                   {product} {ergonomic}
    uintx NonNMethodCodeHeapSize                   = 6973028                                {pd product} {ergonomic}
    uintx NonProfiledCodeHeapSize                  = 244685212                              {pd product} {ergonomic}
    uintx ProfiledCodeHeapSize                     = 0                                      {pd product} {ergonomic}
    uintx ReservedCodeCacheSize                    = 251658240                              {pd product} {ergonomic}
     bool SegmentedCodeCache                       = true                                      {product} {ergonomic}
   size_t SoftMaxHeapSize                          = 2147483648                             {manageable} {ergonomic}
     intx TieredStopAtLevel                        = 1                                         {product} {command line}
     bool UseCompressedClassPointers               = true                                 {lp64_product} {ergonomic}
     bool UseCompressedOops                        = true                                 {lp64_product} {ergonomic}
     bool UseG1GC                                  = true                                      {product} {ergonomic}

Logging:
Log output configuration:
 #0: stdout all=warning uptime,level,tags
 #1: stderr all=off uptime,level,tags

Environment Variables:
JAVA_HOME=/usr/local/opt/openjdk/libexec/openjdk.jdk/Contents/Home
PATH=/usr/local/bin:/usr/bin:/bin:/usr/sbin:/sbin
SHELL=/bin/bash

Signal Handlers:
SIGSEGV: [libjvm.dylib+0x7c0dee], sa_mask[0]=11111111011111110111111111111111, sa_flags=SA_ONSTACK|SA_RESTART|SA_SIGINFO
SIGBUS: [libjvm.dylib+0x7c0dee], sa_mask[0]=11111111011111110111111111111111, sa_flags=SA_RESTART|SA_SIGINFO
SIGFPE: [libjvm.dylib+0x7c0dee], sa_mask[0]=11111111011111110111111111111111, sa_flags=SA_RESTART|SA_SIGINFO
SIGPIPE: [libjvm.dylib+0x5fd565], sa_mask[0]=11111111011111110111111111111111, sa_flags=SA_RESTART|SA_SIGINFO
SIGXFSZ: [libjvm.dylib+0x5fd565], sa_mask[0]=11111111011111110111111111111111, sa_flags=SA_RESTART|SA_SIGINFO
SIGILL: [libjvm.dylib+0x7c0dee], sa_mask[0]=11111111011111110111111111111111, sa_flags=SA_RESTART|SA_SIGINFO
SIGUSR2: [libjvm.dylib+0x5fdb37], sa_mask[0]=00100000000000000000000000000000, sa_flags=SA_RESTART|SA_SIGINFO
SIGHUP: [libjvm.dylib+0x5fcb99], sa_mask[0]=11111111011111110111111111111111, sa_flags=SA_RESTART|SA_SIGINFO
SIGINT: [libjvm.dylib+0x5fcb99], sa_mask[0]=11111111011111110111111111111111, sa_flags=SA_RESTART|SA_SIGINFO
SIGTERM: [libjvm.dylib+0x5fcb99], sa_mask[0]=11111111011111110111111111111111, sa_flags=SA_RESTART|SA_SIGINFO
SIGQUIT: [libjvm.dylib+0x5fcb99], sa_mask[0]=11111111011111110111111111111111, sa_flags=SA_RESTART|SA_SIGINFO


---------------  S Y S T E M  ---------------

OS:uname:Darwin 19.6.0 Darwin Kernel Version 19.6.0: Mon Aug 31 22:12:52 PDT 2020; root:xnu-6153.141.2~1/RELEASE_X86_64 x86_64
OS uptime: 1 days 22:58 hours
rlimit: STACK 8192k, CORE 0k, NPROC 1392, NOFILE 10240, AS infinity, DATA infinity, FSIZE infinity
load average:17.63 11.04 7.02

CPU:total 4 (initial active 4) (2 cores per cpu, 2 threads per core) family 6 model 61 stepping 4, cmov, cx8, fxsr, mmx, sse, sse2, sse3, ssse3, sse4.1, sse4.2, popcnt, avx, avx2, aes, clmul, erms, 3dnowpref, lzcnt, ht, tsc, tscinvbit, bmi1, bmi2, adx, fma

Memory: 4k page, physical 8388608k(128292k free), swap 3145728k(1022464k free)

vm_info: OpenJDK 64-Bit Server VM (14.0.1+14) for bsd-amd64 JRE (14.0.1+14), built on Jun 30 2020 21:32:48 by "brew" with clang 4.2.1 Compatible Apple LLVM 10.0.0 (clang-1000.11.45.5)

END.
