#
# A fatal error has been detected by the Java Runtime Environment:
#
#  SIGSEGV (0xb) at pc=0x00000001088b8cef, pid=30447, tid=19971
#
# JRE version: OpenJDK Runtime Environment (14.0.1+14) (build 14.0.1+14)
# Java VM: OpenJDK 64-Bit Server VM (14.0.1+14, mixed mode, sharing, tiered, compressed oops, g1 gc, bsd-amd64)
# Problematic frame:
# V  [libjvm.dylib+0x2b8cef]  _ZN16G1ConcurrentMark19mark_in_next_bitmapEjP10HeapRegionP7oopDesc+0xb7
#
# No core dump will be written. Core dumps have been disabled. To enable core dumping, try "ulimit -c unlimited" before starting Java again
#
# If you would like to submit a bug report, please visit:
#   https://bugreport.java.com/bugreport/crash.jsp
#

---------------  S U M M A R Y ------------

Command Line: -XX:TieredStopAtLevel=1 com.utudo.hwwd.HwwdApplication

Host: MacBookAir7,2 x86_64 1600 MHz, 4 cores, 8G, Darwin 19.6.0
Time: Tue Feb  9 12:19:57 2021 CET elapsed time: 540 seconds (0d 0h 9m 0s)

---------------  T H R E A D  ---------------

Current thread (0x00007fc437022800):  ConcurrentGCThread "G1 Conc#0" [stack: 0x000070000cc7e000,0x000070000cd7e000] [id=19971]

Stack: [0x000070000cc7e000,0x000070000cd7e000],  sp=0x000070000cd7dc30,  free space=1023k
Native frames: (J=compiled Java code, A=aot compiled Java code, j=interpreted, Vv=VM code, C=native code)
V  [libjvm.dylib+0x2b8cef]  _ZN16G1ConcurrentMark19mark_in_next_bitmapEjP10HeapRegionP7oopDesc+0xb7
V  [libjvm.dylib+0x2a3498]  _ZN8G1CMTask19make_reference_greyEP7oopDesc+0x3c
V  [libjvm.dylib+0x2a3459]  _ZN14G1CMOopClosure11do_oop_workIjEEvPT_+0x2d
V  [libjvm.dylib+0x2a335f]  _ZN21OopOopIterateDispatchI14G1CMOopClosureE5Table15oop_oop_iterateI13InstanceKlassjEEvPS0_P7oopDescP5Klass+0x7f
V  [libjvm.dylib+0x2b8a97]  _ZN7oopDesc16oop_iterate_sizeI14G1CMOopClosureEEiPT_+0xaf
V  [libjvm.dylib+0x2b89d2]  _ZN8G1CMTask23process_grey_task_entryILb1EEEv16G1TaskQueueEntry+0xf6
V  [libjvm.dylib+0x2b339e]  _ZN8G1CMTask17drain_local_queueEb+0x1d8
V  [libjvm.dylib+0x2b31a3]  _ZN17G1CMBitMapClosure7do_addrEPP12HeapWordImpl+0x35
V  [libjvm.dylib+0x2b8127]  _ZN10G1CMBitMap7iterateEP17G1CMBitMapClosure9MemRegion+0x1cd
V  [libjvm.dylib+0x2b7b05]  _ZN8G1CMTask15do_marking_stepEdbb+0x2c5
V  [libjvm.dylib+0x2b8f44]  _ZN25G1CMConcurrentMarkingTask4workEj+0xa6
V  [libjvm.dylib+0x7e948d]  _ZN10GangWorker4loopEv+0x43
V  [libjvm.dylib+0x767f93]  _ZN6Thread8call_runEv+0x71
V  [libjvm.dylib+0x5fb972]  _ZL19thread_native_entryP6Thread+0x129
C  [libsystem_pthread.dylib+0x6109]  _pthread_start+0x94
C  [libsystem_pthread.dylib+0x1b8b]  thread_start+0xf


siginfo: si_signo: 11 (SIGSEGV), si_code: 1 (SEGV_MAPERR), si_addr: 0x0000000f83e22198

Register to memory mapping:

RAX=0x0000000108f90918: _ZN23CompressedKlassPointers13_narrow_klassE+0 in /usr/local/Cellar/openjdk/14.0.1/libexec/openjdk.jdk/Contents/Home/lib/server/libjvm.dylib at 0x0000000108600000
RBX=0x000000000001f110 is an unknown value
RCX=0x1124112411241103 is an unknown value
RDX=0x0000400000000001 is an unknown value
RSP=0x000070000cd7dc30 points into unknown readable memory: 80 ef f0 35 c4 7f 00 00
RBP=0x000070000cd7dc50 points into unknown readable memory: 90 dc d7 0c 00 70 00 00
RSI=0x0000000124ace880 points into unknown readable memory: 24 11 24 11 24 51 24 11
RDI=0x0000000f83e22190 is an unknown value
R8 =0x0000000000000003 is an unknown value
R9 =0x0000000780000000 is an oop: [B 
{0x0000000780000000} - klass: {type array byte}
 - length: 546496
R10=0x0 is NULL
R11=0x0000000000000246 is an unknown value
R12=0x0000000783e22170 is pointing into object: org.hibernate.metamodel.model.domain.internal.SingularAttributeImpl 
{0x0000000783e22160} - klass: 'org/hibernate/metamodel/model/domain/internal/SingularAttributeImpl'
R13=0x0000000800b95528 is a pointer to class: 
R14=0x0 is NULL
R15=0x00007fc437021000 points into unknown readable memory: 00 18 02 37 c4 7f 00 00


Registers:
RAX=0x0000000108f90918, RBX=0x000000000001f110, RCX=0x1124112411241103, RDX=0x0000400000000001
RSP=0x000070000cd7dc30, RBP=0x000070000cd7dc50, RSI=0x0000000124ace880, RDI=0x0000000f83e22190
R8 =0x0000000000000003, R9 =0x0000000780000000, R10=0x0000000000000000, R11=0x0000000000000246
R12=0x0000000783e22170, R13=0x0000000800b95528, R14=0x0000000000000000, R15=0x00007fc437021000
RIP=0x00000001088b8cef, EFLAGS=0x0000000000010206, ERR=0x0000000000000004
  TRAPNO=0x000000000000000e

Top of Stack: (sp=0x000070000cd7dc30)
0x000070000cd7dc30:   00007fc435f0ef80 000070000cd7ddf8
0x000070000cd7dc40:   0000000783e22170 0000000800b95520
0x000070000cd7dc50:   000070000cd7dc90 00000001088a3498
0x000070000cd7dc60:   000070000cd7dca0 0000000783e2a150
0x000070000cd7dc70:   000070000cd7dca0 0000000783e29ab0
0x000070000cd7dc80:   0000000783e2a140 0000000783e2a150
0x000070000cd7dc90:   000070000cd7dca0 00000001088a3459
0x000070000cd7dca0:   000070000cd7dce0 00000001088a335f
0x000070000cd7dcb0:   0000000783e2a128 0000000000000005
0x000070000cd7dcc0:   0000000800b95250 0000000000000000
0x000070000cd7dcd0:   000070000cd7ddf8 0000000783e2a128
0x000070000cd7dce0:   000070000cd7dd10 00000001088b8a97
0x000070000cd7dcf0:   0000000783e2a128 000000000001ffff
0x000070000cd7dd00:   00007fc435f0ef80 0000000000000040
0x000070000cd7dd10:   000070000cd7dd30 00000001088b89d2
0x000070000cd7dd20:   00007fc435f0ef80 000070000cd7dd48
0x000070000cd7dd30:   000070000cd7dd80 00000001088b339e
0x000070000cd7dd40:   0000000783e2a128 0000000783e2a128
0x000070000cd7dd50:   00007fc435f0ef80 000070000cd7de20
0x000070000cd7dd60:   0000000783fce9c8 0000000000800000
0x000070000cd7dd70:   0000000000020000 00007fc437021058
0x000070000cd7dd80:   000070000cd7dda0 00000001088b31a3
0x000070000cd7dd90:   0000000783fce9c8 00000000007f9d39
0x000070000cd7dda0:   000070000cd7dde0 00000001088b8127
0x000070000cd7ddb0:   000070000cd7de20 00007fc435f0ef80
0x000070000cd7ddc0:   0000000000000000 0000000000000001
0x000070000cd7ddd0:   000070000cd7de20 00007fc435f0f010
0x000070000cd7dde0:   000070000cd7de90 00000001088b7b05
0x000070000cd7ddf0:   000070000cd7de00 0000000108f695d0
0x000070000cd7de00:   00007fc435d261a0 0000000100000003
0x000070000cd7de10:   00007fc43800a000 00007fc435f0ef80
0x000070000cd7de20:   00007fc437021000 00007fc435f0ef80 

Instructions: (pc=0x00000001088b8cef)
0x00000001088b8bef:   00 00 00 55 48 89 e5 5d e9 c4 01 00 00 4c 8b 0e
0x00000001088b8bff:   4d 85 c9 74 33 55 48 89 e5 4c 8b 47 20 49 8b 48
0x00000001088b8c0f:   08 48 8b 91 00 01 00 00 8a 4a 68 4c 89 c8 48 d3
0x00000001088b8c1f:   e8 8b 77 28 48 8b 4a 58 48 8b 14 c1 4c 89 c7 4c
0x00000001088b8c2f:   89 c9 e8 02 00 00 00 5d c3 55 48 89 e5 41 57 41
0x00000001088b8c3f:   56 41 54 53 49 89 cc 41 89 f6 49 89 ff 4c 39 a2
0x00000001088b8c4f:   d8 00 00 00 76 66 49 8b 9f a0 00 00 00 48 8b 03
0x00000001088b8c5f:   48 89 df 4c 89 e6 ff 10 4c 89 e0 48 2b 43 08 48
0x00000001088b8c6f:   c1 e8 03 8a 4b 18 48 d3 e8 48 8b 73 20 48 89 c3
0x00000001088b8c7f:   48 c1 eb 06 ba 01 00 00 00 89 c1 48 d3 e2 48 8b
0x00000001088b8c8f:   0c de 48 89 d7 48 09 cf 48 39 cf 74 1f 48 8d 34
0x00000001088b8c9f:   de 48 89 c8 f0 48 0f b1 3e 48 39 c8 74 19 48 89
0x00000001088b8caf:   c7 48 09 d7 48 89 c1 48 39 c7 75 e5 31 c0 5b 41
0x00000001088b8cbf:   5c 41 5e 41 5f 5d c3 48 8d 05 34 5c 73 00 8a 10
0x00000001088b8ccf:   84 d2 74 17 41 8b 7c 24 08 48 8d 05 39 7c 6d 00
0x00000001088b8cdf:   8a 48 08 48 d3 e7 48 03 38 eb 05 49 8b 7c 24 08
0x00000001088b8cef:   8b 47 08 85 c0 7e 09 a8 01 75 07 c1 e8 03 eb 46
0x00000001088b8cff:   78 0e 48 8b 07 4c 89 e6 ff 90 f8 00 00 00 eb 36
0x00000001088b8d0f:   31 c9 84 d2 0f 94 c1 49 63 54 8c 0c 89 c1 48 d3
0x00000001088b8d1f:   e2 c1 e8 10 0f b6 c8 48 01 d1 48 8d 05 d4 97 6d
0x00000001088b8d2f:   00 48 63 00 48 8d 4c 08 ff 48 ff c8 48 f7 d0 48
0x00000001088b8d3f:   21 c8 48 c1 e8 03 48 98 49 8b 8f 10 03 00 00 44
0x00000001088b8d4f:   89 f2 48 8b 14 d1 48 8b 4a 18 48 8b 72 48 4c 2b
0x00000001088b8d5f:   61 10 48 8d 0d b8 60 73 00 8a 09 49 d3 ec 8b 4a
0x00000001088b8d6f:   68 44 21 e1 48 c1 e1 04 8b 3c 0e 44 39 e7 75 0b
0x00000001088b8d7f:   48 ff 42 58 48 8d 4c 0e 08 eb 2c 4c 8d 04 0e 48
0x00000001088b8d8f:   8d 4c 0e 08 48 8b 31 48 85 f6 74 0d 48 8b 5a 38
0x00000001088b8d9f:   48 8d 3c fb f0 48 0f c1 37 48 c7 01 00 00 00 00
0x00000001088b8daf:   45 89 20 48 ff 42 60 48 01 01 b0 01 e9 fd fe ff
0x00000001088b8dbf:   ff 8b 06 48 85 c0 74 44 55 48 89 e5 48 8d 15 36
0x00000001088b8dcf:   7b 6d 00 8a 4a 08 48 d3 e0 48 03 02 4c 8b 47 20
0x00000001088b8ddf:   49 8b 48 08 4c 8b 89 00 01 00 00 41 8a 49 68 48 


Stack slot to memory mapping:
stack at sp + 0 slots: 0x00007fc435f0ef80 points into unknown readable memory: 10 96 f6 08 01 00 00 00
stack at sp + 1 slots: 0x000070000cd7ddf8 points into unknown readable memory: d0 95 f6 08 01 00 00 00
stack at sp + 2 slots: 0x0000000783e22170 is pointing into object: org.hibernate.metamodel.model.domain.internal.SingularAttributeImpl 
{0x0000000783e22160} - klass: 'org/hibernate/metamodel/model/domain/internal/SingularAttributeImpl'
stack at sp + 3 slots: 0x0000000800b95520 is pointing into metadata
stack at sp + 4 slots: 0x000070000cd7dc90 points into unknown readable memory: a0 dc d7 0c 00 70 00 00
stack at sp + 5 slots: 0x00000001088a3498: _ZN8G1CMTask19make_reference_greyEP7oopDesc+0x3c in /usr/local/Cellar/openjdk/14.0.1/libexec/openjdk.jdk/Contents/Home/lib/server/libjvm.dylib at 0x0000000108600000
stack at sp + 6 slots: 0x000070000cd7dca0 points into unknown readable memory: e0 dc d7 0c 00 70 00 00
stack at sp + 7 slots: 0x0000000783e2a150 is an oop: java.util.concurrent.locks.ReentrantLock$NonfairSync 
{0x0000000783e2a150} - klass: 'java/util/concurrent/locks/ReentrantLock$NonfairSync'


---------------  P R O C E S S  ---------------

Threads class SMR info:
_java_thread_list=0x00007fc438cb1420, length=32, elements={
0x00007fc436014800, 0x00007fc436017800, 0x00007fc43708b000, 0x00007fc436015000,
0x00007fc436016000, 0x00007fc4370b6000, 0x00007fc436026000, 0x00007fc43680a000,
0x00007fc43737e800, 0x00007fc436647000, 0x00007fc4361ad000, 0x00007fc4361fc800,
0x00007fc437286800, 0x00007fc436a06800, 0x00007fc438141000, 0x00007fc436998000,
0x00007fc4372f5000, 0x00007fc437451800, 0x00007fc43678e800, 0x00007fc43624f800,
0x00007fc4369a6000, 0x00007fc436250800, 0x00007fc43857a800, 0x00007fc437452800,
0x00007fc436a2f800, 0x00007fc437453800, 0x00007fc436a08000, 0x00007fc436a08800,
0x00007fc436af3800, 0x00007fc436af6000, 0x00007fc436af7000, 0x00007fc437454800
}

Java Threads: ( => current thread )
  0x00007fc436014800 JavaThread "Reference Handler" daemon [_thread_blocked, id=16131, stack(0x000070000d08a000,0x000070000d18a000)]
  0x00007fc436017800 JavaThread "Finalizer" daemon [_thread_blocked, id=16899, stack(0x000070000d18d000,0x000070000d28d000)]
  0x00007fc43708b000 JavaThread "Signal Dispatcher" daemon [_thread_blocked, id=22275, stack(0x000070000d396000,0x000070000d496000)]
  0x00007fc436015000 JavaThread "Service Thread" daemon [_thread_blocked, id=42755, stack(0x000070000d499000,0x000070000d599000)]
  0x00007fc436016000 JavaThread "C1 CompilerThread0" daemon [_thread_blocked, id=42243, stack(0x000070000d59c000,0x000070000d69c000)]
  0x00007fc4370b6000 JavaThread "Sweeper thread" daemon [_thread_blocked, id=23043, stack(0x000070000d69f000,0x000070000d79f000)]
  0x00007fc436026000 JavaThread "Notification Thread" daemon [_thread_blocked, id=23299, stack(0x000070000d7a2000,0x000070000d8a2000)]
  0x00007fc43680a000 JavaThread "Common-Cleaner" daemon [_thread_blocked, id=24579, stack(0x000070000d9a8000,0x000070000daa8000)]
  0x00007fc43737e800 JavaThread "mysql-cj-abandoned-connection-cleanup" daemon [_thread_blocked, id=37635, stack(0x000070000e2c3000,0x000070000e3c3000)]
  0x00007fc436647000 JavaThread "Live Reload Server" daemon [_thread_in_native, id=29447, stack(0x000070000e7d2000,0x000070000e8d2000)]
  0x00007fc4361ad000 JavaThread "DestroyJavaVM" [_thread_blocked, id=10243, stack(0x000070000c975000,0x000070000ca75000)]
  0x00007fc4361fc800 JavaThread "Catalina-utility-1" [_thread_blocked, id=30003, stack(0x000070000dfba000,0x000070000e0ba000)]
  0x00007fc437286800 JavaThread "Catalina-utility-2" [_thread_blocked, id=36659, stack(0x000070000e0bd000,0x000070000e1bd000)]
  0x00007fc436a06800 JavaThread "container-0" [_thread_blocked, id=26419, stack(0x000070000e1c0000,0x000070000e2c0000)]
  0x00007fc438141000 JavaThread "task-1" [_thread_blocked, id=39219, stack(0x000070000e3c6000,0x000070000e4c6000)]
  0x00007fc436998000 JavaThread "HikariPool-3 housekeeper" daemon [_thread_blocked, id=34315, stack(0x000070000e4c9000,0x000070000e5c9000)]
  0x00007fc4372f5000 JavaThread "task-2" [_thread_blocked, id=33291, stack(0x000070000e6cf000,0x000070000e7cf000)]
  0x00007fc437451800 JavaThread "File Watcher" daemon [_thread_blocked, id=86027, stack(0x000070000e8d5000,0x000070000e9d5000)]
  0x00007fc43678e800 JavaThread "http-nio-8000-BlockPoller" daemon [_thread_in_native, id=86283, stack(0x000070000e9d8000,0x000070000ead8000)]
  0x00007fc43624f800 JavaThread "http-nio-8000-exec-1" daemon [_thread_blocked, id=30475, stack(0x000070000eadb000,0x000070000ebdb000)]
  0x00007fc4369a6000 JavaThread "http-nio-8000-exec-2" daemon [_thread_blocked, id=30731, stack(0x000070000ebde000,0x000070000ecde000)]
  0x00007fc436250800 JavaThread "http-nio-8000-exec-3" daemon [_thread_blocked, id=31243, stack(0x000070000ece1000,0x000070000ede1000)]
  0x00007fc43857a800 JavaThread "http-nio-8000-exec-4" daemon [_thread_blocked, id=36363, stack(0x000070000ede4000,0x000070000eee4000)]
  0x00007fc437452800 JavaThread "http-nio-8000-exec-5" daemon [_thread_blocked, id=35595, stack(0x000070000eee7000,0x000070000efe7000)]
  0x00007fc436a2f800 JavaThread "http-nio-8000-exec-6" daemon [_thread_blocked, id=32523, stack(0x000070000efea000,0x000070000f0ea000)]
  0x00007fc437453800 JavaThread "http-nio-8000-exec-7" daemon [_thread_blocked, id=27915, stack(0x000070000f0ed000,0x000070000f1ed000)]
  0x00007fc436a08000 JavaThread "http-nio-8000-exec-8" daemon [_thread_blocked, id=39947, stack(0x000070000f1f0000,0x000070000f2f0000)]
  0x00007fc436a08800 JavaThread "http-nio-8000-exec-9" daemon [_thread_blocked, id=32011, stack(0x000070000f2f3000,0x000070000f3f3000)]
  0x00007fc436af3800 JavaThread "http-nio-8000-exec-10" daemon [_thread_blocked, id=26891, stack(0x000070000f3f6000,0x000070000f4f6000)]
  0x00007fc436af6000 JavaThread "http-nio-8000-ClientPoller" daemon [_thread_in_native, id=87051, stack(0x000070000f4f9000,0x000070000f5f9000)]
  0x00007fc436af7000 JavaThread "http-nio-8000-Acceptor" daemon [_thread_in_native, id=85259, stack(0x000070000f5fc000,0x000070000f6fc000)]
  0x00007fc437454800 JavaThread "scheduling-1" [_thread_blocked, id=45579, stack(0x000070000f6ff000,0x000070000f7ff000)]

Other Threads:
  0x00007fc438052000 VMThread "VM Thread" [stack: 0x000070000cf87000,0x000070000d087000] [id=15107]
  0x00007fc437130800 WatcherThread [stack: 0x000070000d8a5000,0x000070000d9a5000] [id=23811]
  0x00007fc43802e800 GCTaskThread "GC Thread#0" [stack: 0x000070000ca78000,0x000070000cb78000] [id=13059]
  0x00007fc4373da000 GCTaskThread "GC Thread#1" [stack: 0x000070000daab000,0x000070000dbab000] [id=40963]
  0x00007fc4373db000 GCTaskThread "GC Thread#2" [stack: 0x000070000dbae000,0x000070000dcae000] [id=40451]
  0x00007fc436911000 GCTaskThread "GC Thread#3" [stack: 0x000070000deb7000,0x000070000dfb7000] [id=25863]
  0x00007fc437021800 ConcurrentGCThread "G1 Main Marker" [stack: 0x000070000cb7b000,0x000070000cc7b000] [id=13315]
=>0x00007fc437022800 ConcurrentGCThread "G1 Conc#0" [stack: 0x000070000cc7e000,0x000070000cd7e000] [id=19971]
  0x00007fc43706e000 ConcurrentGCThread "G1 Refine#0" [stack: 0x000070000cd81000,0x000070000ce81000] [id=14339]
  0x00007fc438040000 ConcurrentGCThread "G1 Young RemSet Sampling" [stack: 0x000070000ce84000,0x000070000cf84000] [id=14851]

Threads with active compile tasks:

VM state:not at safepoint (normal execution)

VM Mutex/Monitor currently owned by a thread: None

Heap address: 0x0000000780000000, size: 2048 MB, Compressed Oops mode: Zero based, Oop shift amount: 3
Narrow klass base: 0x0000000800000000, Narrow klass shift: 3
Compressed class space size: 1073741824 Address: 0x0000000800b19000

Heap:
 garbage-first heap   total 147456K, used 69459K [0x0000000780000000, 0x0000000800000000)
  region size 1024K, 4 young (4096K), 3 survivors (3072K)
 Metaspace       used 76338K, capacity 78473K, committed 78788K, reserved 1118208K
  class space    used 9933K, capacity 10735K, committed 10752K, reserved 1048576K
Heap Regions: E=young(eden), S=young(survivor), O=old, HS=humongous(starts), HC=humongous(continues), CS=collection set, F=free, OA=open archive, CA=closed archive, TAMS=top-at-mark-start (previous, next)
|   0|0x0000000780000000, 0x0000000780100000, 0x0000000780100000|100%|HS|  |TAMS 0x0000000780000000, 0x0000000780100000| Untracked 
|   1|0x0000000780100000, 0x0000000780200000, 0x0000000780200000|100%|HS|  |TAMS 0x0000000780100000, 0x0000000780200000| Untracked 
|   2|0x0000000780200000, 0x0000000780300000, 0x0000000780300000|100%|HC|  |TAMS 0x0000000780200000, 0x0000000780300000| Untracked 
|   3|0x0000000780300000, 0x00000007803fcb10, 0x0000000780400000| 98%| O|  |TAMS 0x0000000780300000, 0x00000007803fcb10| Untracked 
|   4|0x0000000780400000, 0x00000007804f3120, 0x0000000780500000| 94%| O|  |TAMS 0x0000000780400000, 0x00000007804f3120| Untracked 
|   5|0x0000000780500000, 0x00000007805fffd8, 0x0000000780600000| 99%| O|  |TAMS 0x0000000780500000, 0x00000007805fffd8| Untracked 
|   6|0x0000000780600000, 0x00000007806ffff8, 0x0000000780700000| 99%| O|  |TAMS 0x0000000780600000, 0x00000007806ffff8| Untracked 
|   7|0x0000000780700000, 0x00000007807ffff0, 0x0000000780800000| 99%| O|  |TAMS 0x0000000780700000, 0x00000007807ffff0| Untracked 
|   8|0x0000000780800000, 0x00000007808fffd0, 0x0000000780900000| 99%| O|  |TAMS 0x0000000780800000, 0x00000007808fffd0| Untracked 
|   9|0x0000000780900000, 0x00000007809ffff0, 0x0000000780a00000| 99%| O|  |TAMS 0x0000000780900000, 0x00000007809ffff0| Untracked 
|  10|0x0000000780a00000, 0x0000000780b00000, 0x0000000780b00000|100%| O|  |TAMS 0x0000000780a00000, 0x0000000780b00000| Untracked 
|  11|0x0000000780b00000, 0x0000000780bfffe8, 0x0000000780c00000| 99%| O|  |TAMS 0x0000000780b00000, 0x0000000780bfffe8| Untracked 
|  12|0x0000000780c00000, 0x0000000780cffff0, 0x0000000780d00000| 99%| O|  |TAMS 0x0000000780c00000, 0x0000000780cffff0| Untracked 
|  13|0x0000000780d00000, 0x0000000780dfffd0, 0x0000000780e00000| 99%| O|  |TAMS 0x0000000780d00000, 0x0000000780dfffd0| Untracked 
|  14|0x0000000780e00000, 0x0000000780efffe8, 0x0000000780f00000| 99%| O|  |TAMS 0x0000000780e00000, 0x0000000780efffe8| Untracked 
|  15|0x0000000780f00000, 0x0000000780fffff0, 0x0000000781000000| 99%| O|  |TAMS 0x0000000780f00000, 0x0000000780fffff0| Untracked 
|  16|0x0000000781000000, 0x00000007810fffd8, 0x0000000781100000| 99%| O|  |TAMS 0x0000000781000000, 0x00000007810fffd8| Untracked 
|  17|0x0000000781100000, 0x00000007811ffff8, 0x0000000781200000| 99%| O|  |TAMS 0x0000000781100000, 0x00000007811ffff8| Untracked 
|  18|0x0000000781200000, 0x00000007812fffe8, 0x0000000781300000| 99%| O|  |TAMS 0x0000000781200000, 0x00000007812fffe8| Untracked 
|  19|0x0000000781300000, 0x0000000781400000, 0x0000000781400000|100%| O|  |TAMS 0x0000000781300000, 0x0000000781400000| Untracked 
|  20|0x0000000781400000, 0x00000007814ffff0, 0x0000000781500000| 99%| O|  |TAMS 0x0000000781400000, 0x00000007814ffff0| Untracked 
|  21|0x0000000781500000, 0x00000007815ff848, 0x0000000781600000| 99%| O|  |TAMS 0x0000000781500000, 0x00000007815ff848| Untracked 
|  22|0x0000000781600000, 0x0000000781700000, 0x0000000781700000|100%| O|  |TAMS 0x0000000781600000, 0x0000000781700000| Untracked 
|  23|0x0000000781700000, 0x00000007817f9b70, 0x0000000781800000| 97%| O|  |TAMS 0x0000000781700000, 0x00000007817f9b70| Untracked 
|  24|0x0000000781800000, 0x00000007818ffff0, 0x0000000781900000| 99%| O|  |TAMS 0x0000000781800000, 0x00000007818ffff0| Untracked 
|  25|0x0000000781900000, 0x00000007819ffff8, 0x0000000781a00000| 99%| O|  |TAMS 0x0000000781900000, 0x00000007819ffff8| Untracked 
|  26|0x0000000781a00000, 0x0000000781ae7da8, 0x0000000781b00000| 90%| O|  |TAMS 0x0000000781a00000, 0x0000000781ae7da8| Untracked 
|  27|0x0000000781b00000, 0x0000000781bf85f8, 0x0000000781c00000| 97%| O|  |TAMS 0x0000000781b00000, 0x0000000781bf85f8| Untracked 
|  28|0x0000000781c00000, 0x0000000781cffff0, 0x0000000781d00000| 99%| O|  |TAMS 0x0000000781c00000, 0x0000000781cffff0| Untracked 
|  29|0x0000000781d00000, 0x0000000781dffff8, 0x0000000781e00000| 99%| O|  |TAMS 0x0000000781d00000, 0x0000000781dffff8| Untracked 
|  30|0x0000000781e00000, 0x0000000781f00000, 0x0000000781f00000|100%| O|  |TAMS 0x0000000781e00000, 0x0000000781f00000| Untracked 
|  31|0x0000000781f00000, 0x0000000781ffffe8, 0x0000000782000000| 99%| O|  |TAMS 0x0000000781f00000, 0x0000000781ffffe8| Untracked 
|  32|0x0000000782000000, 0x0000000782100000, 0x0000000782100000|100%| O|  |TAMS 0x0000000782000000, 0x0000000782100000| Untracked 
|  33|0x0000000782100000, 0x00000007821ffff0, 0x0000000782200000| 99%| O|  |TAMS 0x0000000782100000, 0x00000007821ffff0| Untracked 
|  34|0x0000000782200000, 0x00000007822ffff0, 0x0000000782300000| 99%| O|  |TAMS 0x0000000782200000, 0x00000007822ffff0| Untracked 
|  35|0x0000000782300000, 0x00000007823ff278, 0x0000000782400000| 99%| O|  |TAMS 0x0000000782300000, 0x00000007823ff278| Untracked 
|  36|0x0000000782400000, 0x00000007824fff88, 0x0000000782500000| 99%| O|  |TAMS 0x0000000782400000, 0x00000007824fff88| Untracked 
|  37|0x0000000782500000, 0x00000007825fffe0, 0x0000000782600000| 99%| O|  |TAMS 0x0000000782500000, 0x00000007825fffe0| Untracked 
|  38|0x0000000782600000, 0x0000000782700000, 0x0000000782700000|100%| O|  |TAMS 0x0000000782600000, 0x0000000782700000| Untracked 
|  39|0x0000000782700000, 0x00000007827ffff0, 0x0000000782800000| 99%| O|  |TAMS 0x0000000782700000, 0x00000007827ffff0| Untracked 
|  40|0x0000000782800000, 0x00000007828fffd0, 0x0000000782900000| 99%| O|  |TAMS 0x0000000782800000, 0x00000007828fffd0| Untracked 
|  41|0x0000000782900000, 0x0000000782a00000, 0x0000000782a00000|100%| O|  |TAMS 0x0000000782900000, 0x0000000782a00000| Untracked 
|  42|0x0000000782a00000, 0x0000000782af2c60, 0x0000000782b00000| 94%| O|  |TAMS 0x0000000782a00000, 0x0000000782af2c60| Untracked 
|  43|0x0000000782b00000, 0x0000000782be9e08, 0x0000000782c00000| 91%| O|  |TAMS 0x0000000782b00000, 0x0000000782be9e08| Untracked 
|  44|0x0000000782c00000, 0x0000000782cfd2a8, 0x0000000782d00000| 98%| O|  |TAMS 0x0000000782c00000, 0x0000000782cfd2a8| Untracked 
|  45|0x0000000782d00000, 0x0000000782dfff98, 0x0000000782e00000| 99%| O|  |TAMS 0x0000000782d00000, 0x0000000782dfff98| Untracked 
|  46|0x0000000782e00000, 0x0000000782eff808, 0x0000000782f00000| 99%| O|  |TAMS 0x0000000782e00000, 0x0000000782eff808| Untracked 
|  47|0x0000000782f00000, 0x0000000782f78af0, 0x0000000783000000| 47%| O|  |TAMS 0x0000000782f00000, 0x0000000782f78af0| Untracked 
|  48|0x0000000783000000, 0x00000007830ff578, 0x0000000783100000| 99%| O|  |TAMS 0x0000000783000000, 0x00000007830ff578| Untracked 
|  49|0x0000000783100000, 0x000000078318b940, 0x0000000783200000| 54%| O|  |TAMS 0x0000000783100000, 0x000000078318b940| Untracked 
|  50|0x0000000783200000, 0x0000000783300000, 0x0000000783300000|100%| O|  |TAMS 0x0000000783200000, 0x0000000783300000| Untracked 
|  51|0x0000000783300000, 0x0000000783400000, 0x0000000783400000|100%| O|  |TAMS 0x0000000783300000, 0x0000000783400000| Untracked 
|  52|0x0000000783400000, 0x00000007834860f8, 0x0000000783500000| 52%| O|  |TAMS 0x0000000783400000, 0x00000007834860f8| Untracked 
|  53|0x0000000783500000, 0x0000000783600000, 0x0000000783600000|100%| O|  |TAMS 0x0000000783500000, 0x0000000783600000| Untracked 
|  54|0x0000000783600000, 0x0000000783700000, 0x0000000783700000|100%| O|  |TAMS 0x0000000783600000, 0x0000000783700000| Untracked 
|  55|0x0000000783700000, 0x0000000783800000, 0x0000000783800000|100%| O|  |TAMS 0x0000000783700000, 0x0000000783800000| Untracked 
|  56|0x0000000783800000, 0x0000000783900000, 0x0000000783900000|100%| O|  |TAMS 0x0000000783800000, 0x0000000783900000| Untracked 
|  57|0x0000000783900000, 0x0000000783a00000, 0x0000000783a00000|100%| O|  |TAMS 0x0000000783900000, 0x0000000783a00000| Untracked 
|  58|0x0000000783a00000, 0x0000000783b00000, 0x0000000783b00000|100%| O|  |TAMS 0x0000000783a00000, 0x0000000783b00000| Untracked 
|  59|0x0000000783b00000, 0x0000000783c00000, 0x0000000783c00000|100%| O|  |TAMS 0x0000000783b00000, 0x0000000783c00000| Untracked 
|  60|0x0000000783c00000, 0x0000000783d00000, 0x0000000783d00000|100%| O|  |TAMS 0x0000000783c00000, 0x0000000783d00000| Untracked 
|  61|0x0000000783d00000, 0x0000000783e00000, 0x0000000783e00000|100%| O|  |TAMS 0x0000000783d00000, 0x0000000783e00000| Untracked 
|  62|0x0000000783e00000, 0x0000000783f00000, 0x0000000783f00000|100%| O|  |TAMS 0x0000000783e00000, 0x0000000783f00000| Untracked 
|  63|0x0000000783f00000, 0x0000000784000000, 0x0000000784000000|100%| O|  |TAMS 0x0000000783f00000, 0x0000000784000000| Untracked 
|  64|0x0000000784000000, 0x0000000784100000, 0x0000000784100000|100%| O|  |TAMS 0x0000000784000000, 0x0000000784031400| Untracked 
|  65|0x0000000784100000, 0x0000000784200000, 0x0000000784200000|100%| O|  |TAMS 0x0000000784100000, 0x0000000784100000| Untracked 
|  66|0x0000000784200000, 0x0000000784200000, 0x0000000784300000|  0%| F|  |TAMS 0x0000000784200000, 0x0000000784200000| Untracked 
|  67|0x0000000784300000, 0x0000000784300000, 0x0000000784400000|  0%| F|  |TAMS 0x0000000784300000, 0x0000000784300000| Untracked 
|  68|0x0000000784400000, 0x0000000784400000, 0x0000000784500000|  0%| F|  |TAMS 0x0000000784400000, 0x0000000784400000| Untracked 
|  69|0x0000000784500000, 0x0000000784500000, 0x0000000784600000|  0%| F|  |TAMS 0x0000000784500000, 0x0000000784500000| Untracked 
|  70|0x0000000784600000, 0x0000000784600000, 0x0000000784700000|  0%| F|  |TAMS 0x0000000784600000, 0x0000000784600000| Untracked 
|  71|0x0000000784700000, 0x0000000784700000, 0x0000000784800000|  0%| F|  |TAMS 0x0000000784700000, 0x0000000784700000| Untracked 
|  72|0x0000000784800000, 0x0000000784800000, 0x0000000784900000|  0%| F|  |TAMS 0x0000000784800000, 0x0000000784800000| Untracked 
|  73|0x0000000784900000, 0x0000000784900000, 0x0000000784a00000|  0%| F|  |TAMS 0x0000000784900000, 0x0000000784900000| Untracked 
|  74|0x0000000784a00000, 0x0000000784a00000, 0x0000000784b00000|  0%| F|  |TAMS 0x0000000784a00000, 0x0000000784a00000| Untracked 
|  75|0x0000000784b00000, 0x0000000784b00000, 0x0000000784c00000|  0%| F|  |TAMS 0x0000000784b00000, 0x0000000784b00000| Untracked 
|  76|0x0000000784c00000, 0x0000000784c00000, 0x0000000784d00000|  0%| F|  |TAMS 0x0000000784c00000, 0x0000000784c00000| Untracked 
|  77|0x0000000784d00000, 0x0000000784d00000, 0x0000000784e00000|  0%| F|  |TAMS 0x0000000784d00000, 0x0000000784d00000| Untracked 
|  78|0x0000000784e00000, 0x0000000784e00000, 0x0000000784f00000|  0%| F|  |TAMS 0x0000000784e00000, 0x0000000784e00000| Untracked 
|  79|0x0000000784f00000, 0x0000000784f00000, 0x0000000785000000|  0%| F|  |TAMS 0x0000000784f00000, 0x0000000784f00000| Untracked 
|  80|0x0000000785000000, 0x0000000785000000, 0x0000000785100000|  0%| F|  |TAMS 0x0000000785000000, 0x0000000785000000| Untracked 
|  81|0x0000000785100000, 0x0000000785100000, 0x0000000785200000|  0%| F|  |TAMS 0x0000000785100000, 0x0000000785100000| Untracked 
|  82|0x0000000785200000, 0x0000000785200000, 0x0000000785300000|  0%| F|  |TAMS 0x0000000785200000, 0x0000000785200000| Untracked 
|  83|0x0000000785300000, 0x0000000785300000, 0x0000000785400000|  0%| F|  |TAMS 0x0000000785300000, 0x0000000785300000| Untracked 
|  84|0x0000000785400000, 0x0000000785400000, 0x0000000785500000|  0%| F|  |TAMS 0x0000000785400000, 0x0000000785400000| Untracked 
|  85|0x0000000785500000, 0x0000000785500000, 0x0000000785600000|  0%| F|  |TAMS 0x0000000785500000, 0x0000000785500000| Untracked 
|  86|0x0000000785600000, 0x0000000785600000, 0x0000000785700000|  0%| F|  |TAMS 0x0000000785600000, 0x0000000785600000| Untracked 
|  87|0x0000000785700000, 0x0000000785700000, 0x0000000785800000|  0%| F|  |TAMS 0x0000000785700000, 0x0000000785700000| Untracked 
|  88|0x0000000785800000, 0x0000000785800000, 0x0000000785900000|  0%| F|  |TAMS 0x0000000785800000, 0x0000000785800000| Untracked 
|  89|0x0000000785900000, 0x00000007859dbb20, 0x0000000785a00000| 85%| S|CS|TAMS 0x0000000785900000, 0x0000000785900000| Complete 
|  90|0x0000000785a00000, 0x0000000785a00000, 0x0000000785b00000|  0%| F|  |TAMS 0x0000000785a00000, 0x0000000785a00000| Untracked 
|  91|0x0000000785b00000, 0x0000000785c00000, 0x0000000785c00000|100%| S|CS|TAMS 0x0000000785b00000, 0x0000000785b00000| Complete 
|  92|0x0000000785c00000, 0x0000000785d00000, 0x0000000785d00000|100%| S|CS|TAMS 0x0000000785c00000, 0x0000000785c00000| Complete 
|  93|0x0000000785d00000, 0x0000000785d00000, 0x0000000785e00000|  0%| F|  |TAMS 0x0000000785d00000, 0x0000000785d00000| Untracked 
|  94|0x0000000785e00000, 0x0000000785e00000, 0x0000000785f00000|  0%| F|  |TAMS 0x0000000785e00000, 0x0000000785e00000| Untracked 
|  95|0x0000000785f00000, 0x0000000785f00000, 0x0000000786000000|  0%| F|  |TAMS 0x0000000785f00000, 0x0000000785f00000| Untracked 
|  96|0x0000000786000000, 0x0000000786000000, 0x0000000786100000|  0%| F|  |TAMS 0x0000000786000000, 0x0000000786000000| Untracked 
|  97|0x0000000786100000, 0x0000000786100000, 0x0000000786200000|  0%| F|  |TAMS 0x0000000786100000, 0x0000000786100000| Untracked 
|  98|0x0000000786200000, 0x0000000786200000, 0x0000000786300000|  0%| F|  |TAMS 0x0000000786200000, 0x0000000786200000| Untracked 
|  99|0x0000000786300000, 0x0000000786300000, 0x0000000786400000|  0%| F|  |TAMS 0x0000000786300000, 0x0000000786300000| Untracked 
| 100|0x0000000786400000, 0x0000000786400000, 0x0000000786500000|  0%| F|  |TAMS 0x0000000786400000, 0x0000000786400000| Untracked 
| 101|0x0000000786500000, 0x0000000786500000, 0x0000000786600000|  0%| F|  |TAMS 0x0000000786500000, 0x0000000786500000| Untracked 
| 102|0x0000000786600000, 0x0000000786600000, 0x0000000786700000|  0%| F|  |TAMS 0x0000000786600000, 0x0000000786600000| Untracked 
| 103|0x0000000786700000, 0x0000000786700000, 0x0000000786800000|  0%| F|  |TAMS 0x0000000786700000, 0x0000000786700000| Untracked 
| 104|0x0000000786800000, 0x0000000786800000, 0x0000000786900000|  0%| F|  |TAMS 0x0000000786800000, 0x0000000786800000| Untracked 
| 105|0x0000000786900000, 0x0000000786900000, 0x0000000786a00000|  0%| F|  |TAMS 0x0000000786900000, 0x0000000786900000| Untracked 
| 106|0x0000000786a00000, 0x0000000786a00000, 0x0000000786b00000|  0%| F|  |TAMS 0x0000000786a00000, 0x0000000786a00000| Untracked 
| 107|0x0000000786b00000, 0x0000000786b00000, 0x0000000786c00000|  0%| F|  |TAMS 0x0000000786b00000, 0x0000000786b00000| Untracked 
| 108|0x0000000786c00000, 0x0000000786c00000, 0x0000000786d00000|  0%| F|  |TAMS 0x0000000786c00000, 0x0000000786c00000| Untracked 
| 109|0x0000000786d00000, 0x0000000786d00000, 0x0000000786e00000|  0%| F|  |TAMS 0x0000000786d00000, 0x0000000786d00000| Untracked 
| 110|0x0000000786e00000, 0x0000000786e00000, 0x0000000786f00000|  0%| F|  |TAMS 0x0000000786e00000, 0x0000000786e00000| Untracked 
| 111|0x0000000786f00000, 0x0000000786f00000, 0x0000000787000000|  0%| F|  |TAMS 0x0000000786f00000, 0x0000000786f00000| Untracked 
| 112|0x0000000787000000, 0x0000000787000000, 0x0000000787100000|  0%| F|  |TAMS 0x0000000787000000, 0x0000000787000000| Untracked 
| 113|0x0000000787100000, 0x0000000787100000, 0x0000000787200000|  0%| F|  |TAMS 0x0000000787100000, 0x0000000787100000| Untracked 
| 114|0x0000000787200000, 0x0000000787200000, 0x0000000787300000|  0%| F|  |TAMS 0x0000000787200000, 0x0000000787200000| Untracked 
| 115|0x0000000787300000, 0x0000000787300000, 0x0000000787400000|  0%| F|  |TAMS 0x0000000787300000, 0x0000000787300000| Untracked 
| 116|0x0000000787400000, 0x0000000787400000, 0x0000000787500000|  0%| F|  |TAMS 0x0000000787400000, 0x0000000787400000| Untracked 
| 117|0x0000000787500000, 0x0000000787500000, 0x0000000787600000|  0%| F|  |TAMS 0x0000000787500000, 0x0000000787500000| Untracked 
| 118|0x0000000787600000, 0x0000000787600000, 0x0000000787700000|  0%| F|  |TAMS 0x0000000787600000, 0x0000000787600000| Untracked 
| 119|0x0000000787700000, 0x0000000787700000, 0x0000000787800000|  0%| F|  |TAMS 0x0000000787700000, 0x0000000787700000| Untracked 
| 120|0x0000000787800000, 0x0000000787800000, 0x0000000787900000|  0%| F|  |TAMS 0x0000000787800000, 0x0000000787800000| Untracked 
| 121|0x0000000787900000, 0x0000000787900000, 0x0000000787a00000|  0%| F|  |TAMS 0x0000000787900000, 0x0000000787900000| Untracked 
| 122|0x0000000787a00000, 0x0000000787a00000, 0x0000000787b00000|  0%| F|  |TAMS 0x0000000787a00000, 0x0000000787a00000| Untracked 
| 123|0x0000000787b00000, 0x0000000787b00000, 0x0000000787c00000|  0%| F|  |TAMS 0x0000000787b00000, 0x0000000787b00000| Untracked 
| 124|0x0000000787c00000, 0x0000000787c00000, 0x0000000787d00000|  0%| F|  |TAMS 0x0000000787c00000, 0x0000000787c00000| Untracked 
| 125|0x0000000787d00000, 0x0000000787d00000, 0x0000000787e00000|  0%| F|  |TAMS 0x0000000787d00000, 0x0000000787d00000| Untracked 
| 126|0x0000000787e00000, 0x0000000787e00000, 0x0000000787f00000|  0%| F|  |TAMS 0x0000000787e00000, 0x0000000787e00000| Untracked 
| 127|0x0000000787f00000, 0x0000000787f00000, 0x0000000788000000|  0%| F|  |TAMS 0x0000000787f00000, 0x0000000787f00000| Untracked 
| 128|0x0000000788000000, 0x0000000788000000, 0x0000000788100000|  0%| F|  |TAMS 0x0000000788000000, 0x0000000788000000| Untracked 
| 129|0x0000000788100000, 0x0000000788100000, 0x0000000788200000|  0%| F|  |TAMS 0x0000000788100000, 0x0000000788100000| Untracked 
| 130|0x0000000788200000, 0x0000000788200000, 0x0000000788300000|  0%| F|  |TAMS 0x0000000788200000, 0x0000000788200000| Untracked 
| 131|0x0000000788300000, 0x0000000788300000, 0x0000000788400000|  0%| F|  |TAMS 0x0000000788300000, 0x0000000788300000| Untracked 
| 132|0x0000000788400000, 0x0000000788400000, 0x0000000788500000|  0%| F|  |TAMS 0x0000000788400000, 0x0000000788400000| Untracked 
| 133|0x0000000788500000, 0x0000000788500000, 0x0000000788600000|  0%| F|  |TAMS 0x0000000788500000, 0x0000000788500000| Untracked 
| 134|0x0000000788600000, 0x0000000788600000, 0x0000000788700000|  0%| F|  |TAMS 0x0000000788600000, 0x0000000788600000| Untracked 
| 135|0x0000000788700000, 0x0000000788700000, 0x0000000788800000|  0%| F|  |TAMS 0x0000000788700000, 0x0000000788700000| Untracked 
| 136|0x0000000788800000, 0x0000000788800000, 0x0000000788900000|  0%| F|  |TAMS 0x0000000788800000, 0x0000000788800000| Untracked 
| 137|0x0000000788900000, 0x0000000788900000, 0x0000000788a00000|  0%| F|  |TAMS 0x0000000788900000, 0x0000000788900000| Untracked 
| 138|0x0000000788a00000, 0x0000000788a00000, 0x0000000788b00000|  0%| F|  |TAMS 0x0000000788a00000, 0x0000000788a00000| Untracked 
| 139|0x0000000788b00000, 0x0000000788b00000, 0x0000000788c00000|  0%| F|  |TAMS 0x0000000788b00000, 0x0000000788b00000| Untracked 
| 140|0x0000000788c00000, 0x0000000788c00000, 0x0000000788d00000|  0%| F|  |TAMS 0x0000000788c00000, 0x0000000788c00000| Untracked 
| 141|0x0000000788d00000, 0x0000000788d7c390, 0x0000000788e00000| 48%| E|  |TAMS 0x0000000788d00000, 0x0000000788d00000| Complete 
|1022|0x00000007bfe00000, 0x00000007bfe52000, 0x00000007bff00000| 32%|OA|  |TAMS 0x00000007bfe52000, 0x00000007bfe52000| Untracked 
|1023|0x00000007bff00000, 0x00000007bff7c000, 0x00000007c0000000| 48%|CA|  |TAMS 0x00000007bff7c000, 0x00000007bff7c000| Untracked 

Card table byte_map: [0x00000001124a7000,0x00000001128a7000] _byte_map_base: 0x000000010e8a7000

Marking Bits (Prev, Next): (CMBitMap*) 0x00007fc437021018, (CMBitMap*) 0x00007fc437021058
 Prev Bits: [0x0000000112ca7000, 0x0000000114ca7000)
 Next Bits: [0x00000001249d6000, 0x00000001269d6000)

Polling page: 0x0000000107d32000

Metaspace:

Usage:
  Non-class:     66.15 MB capacity,    64.85 MB ( 98%) used,     1.06 MB (  2%) free+waste,   246.25 KB ( <1%) overhead. 
      Class:     10.48 MB capacity,     9.70 MB ( 93%) used,   683.87 KB (  6%) free+waste,   118.00 KB (  1%) overhead. 
       Both:     76.63 MB capacity,    74.55 MB ( 97%) used,     1.73 MB (  2%) free+waste,   364.25 KB ( <1%) overhead. 

Virtual space:
  Non-class space:       68.00 MB reserved,      66.44 MB ( 98%) committed 
      Class space:        1.00 GB reserved,      10.50 MB (  1%) committed 
             Both:        1.07 GB reserved,      76.94 MB (  7%) committed 

Chunk freelists:
   Non-Class:  98.00 KB
       Class:  13.00 KB
        Both:  111.00 KB

MaxMetaspaceSize: unlimited
CompressedClassSpaceSize: 1.00 GB

CodeHeap 'non-profiled nmethods': size=238948Kb used=19486Kb max_used=19486Kb free=219461Kb
 bounds [0x000000011607d000, 0x000000011738d000, 0x00000001249d6000]
CodeHeap 'non-nmethods': size=6812Kb used=2390Kb max_used=2390Kb free=4421Kb
 bounds [0x00000001159d6000, 0x0000000115c46000, 0x000000011607d000]
 total_blobs=12466 nmethods=11560 adapters=815
 compilation: enabled
              stopped_count=0, restarted_count=0
 full_count=0

Compilation events (20 events):
Event: 503.358 Thread 0x00007fc436016000 11620       1       org.thymeleaf.util.FastStringWriter::write (10 bytes)
Event: 503.358 Thread 0x00007fc436016000 nmethod 11620 0x0000000117381190 code [0x0000000117381320, 0x0000000117381420]
Event: 503.359 Thread 0x00007fc436016000 11621       1       com.sun.mail.util.PropUtil::getProp (18 bytes)
Event: 503.359 Thread 0x00007fc436016000 nmethod 11621 0x0000000117381510 code [0x00000001173816c0, 0x00000001173817d0]
Event: 503.373 Thread 0x00007fc436016000 11622       1       java.lang.Enum::compareTo (44 bytes)
Event: 503.373 Thread 0x00007fc436016000 nmethod 11622 0x0000000117381890 code [0x0000000117381a40, 0x0000000117381d00]
Event: 503.382 Thread 0x00007fc436016000 11623       1       java.math.MutableBigInteger::getLowestSetBit (74 bytes)
Event: 503.382 Thread 0x00007fc436016000 nmethod 11623 0x0000000117381e90 code [0x0000000117382040, 0x0000000117382200]
Event: 503.398 Thread 0x00007fc436016000 11624       1       javax.crypto.spec.SecretKeySpec::<init> (54 bytes)
Event: 503.398 Thread 0x00007fc436016000 nmethod 11624 0x0000000117382390 code [0x0000000117382560, 0x0000000117382920]
Event: 508.608 Thread 0x00007fc436016000 11625       1       javax.mail.internet.InternetHeaders::getHeader (111 bytes)
Event: 508.609 Thread 0x00007fc436016000 nmethod 11625 0x0000000117382a90 code [0x0000000117382ca0, 0x00000001173832a0]
Event: 508.778 Thread 0x00007fc436016000 11626       1       sun.security.ssl.Authenticator$SSLAuthenticator::seqNumOverflow (85 bytes)
Event: 508.778 Thread 0x00007fc436016000 nmethod 11626 0x0000000117383610 code [0x00000001173837a0, 0x00000001173839d0]
Event: 508.778 Thread 0x00007fc436016000 11627       1       sun.security.ssl.SSLSocketOutputRecord::needToSplitPayload (39 bytes)
Event: 508.779 Thread 0x00007fc436016000 nmethod 11627 0x0000000117383b10 code [0x0000000117383ca0, 0x0000000117383dd0]
Event: 508.779 Thread 0x00007fc436016000 11628       1       sun.security.ssl.ProtocolVersion::useTLS11PlusSpec (30 bytes)
Event: 508.779 Thread 0x00007fc436016000 nmethod 11628 0x0000000117383e90 code [0x0000000117384020, 0x0000000117384130]
Event: 508.779 Thread 0x00007fc436016000 11629   !   1       sun.security.ssl.OutputRecord::seqNumIsHuge (55 bytes)
Event: 508.779 Thread 0x00007fc436016000 nmethod 11629 0x0000000117384210 code [0x0000000117384420, 0x00000001173847f0]

GC Heap History (20 events):
Event: 475.793 GC heap before
{Heap before GC invocations=49 (full 1):
 garbage-first heap   total 147456K, used 123560K [0x0000000780000000, 0x0000000800000000)
  region size 1024K, 67 young (68608K), 5 survivors (5120K)
 Metaspace       used 73274K, capacity 75394K, committed 75460K, reserved 1114112K
  class space    used 9693K, capacity 10484K, committed 10496K, reserved 1048576K
}
Event: 475.798 GC heap after
{Heap after GC invocations=50 (full 1):
 garbage-first heap   total 147456K, used 60115K [0x0000000780000000, 0x0000000800000000)
  region size 1024K, 5 young (5120K), 5 survivors (5120K)
 Metaspace       used 73274K, capacity 75394K, committed 75460K, reserved 1114112K
  class space    used 9693K, capacity 10484K, committed 10496K, reserved 1048576K
}
Event: 492.986 GC heap before
{Heap before GC invocations=50 (full 1):
 garbage-first heap   total 147456K, used 89811K [0x0000000780000000, 0x0000000800000000)
  region size 1024K, 35 young (35840K), 5 survivors (5120K)
 Metaspace       used 73277K, capacity 75400K, committed 75460K, reserved 1114112K
  class space    used 9693K, capacity 10486K, committed 10496K, reserved 1048576K
}
Event: 493.159 GC heap after
{Heap after GC invocations=51 (full 2):
 garbage-first heap   total 147456K, used 51172K [0x0000000780000000, 0x0000000800000000)
  region size 1024K, 0 young (0K), 0 survivors (0K)
 Metaspace       used 73277K, capacity 75400K, committed 75460K, reserved 1114112K
  class space    used 9693K, capacity 10486K, committed 10496K, reserved 1048576K
}
Event: 499.010 GC heap before
{Heap before GC invocations=51 (full 2):
 garbage-first heap   total 147456K, used 124900K [0x0000000780000000, 0x0000000800000000)
  region size 1024K, 72 young (73728K), 0 survivors (0K)
 Metaspace       used 73732K, capacity 75884K, committed 76100K, reserved 1114112K
  class space    used 9750K, capacity 10561K, committed 10624K, reserved 1048576K
}
Event: 499.016 GC heap after
{Heap after GC invocations=52 (full 2):
 garbage-first heap   total 147456K, used 55693K [0x0000000780000000, 0x0000000800000000)
  region size 1024K, 5 young (5120K), 5 survivors (5120K)
 Metaspace       used 73732K, capacity 75884K, committed 76100K, reserved 1114112K
  class space    used 9750K, capacity 10561K, committed 10624K, reserved 1048576K
}
Event: 499.431 GC heap before
{Heap before GC invocations=52 (full 2):
 garbage-first heap   total 147456K, used 121229K [0x0000000780000000, 0x0000000800000000)
  region size 1024K, 70 young (71680K), 5 survivors (5120K)
 Metaspace       used 74174K, capacity 76376K, committed 76612K, reserved 1116160K
  class space    used 9790K, capacity 10597K, committed 10624K, reserved 1048576K
}
Event: 499.436 GC heap after
{Heap after GC invocations=53 (full 2):
 garbage-first heap   total 147456K, used 54845K [0x0000000780000000, 0x0000000800000000)
  region size 1024K, 4 young (4096K), 4 survivors (4096K)
 Metaspace       used 74174K, capacity 76376K, committed 76612K, reserved 1116160K
  class space    used 9790K, capacity 10597K, committed 10624K, reserved 1048576K
}
Event: 500.114 GC heap before
{Heap before GC invocations=53 (full 2):
 garbage-first heap   total 147456K, used 120381K [0x0000000780000000, 0x0000000800000000)
  region size 1024K, 69 young (70656K), 4 survivors (4096K)
 Metaspace       used 74934K, capacity 77098K, committed 77252K, reserved 1116160K
  class space    used 9842K, capacity 10665K, committed 10752K, reserved 1048576K
}
Event: 500.125 GC heap after
{Heap after GC invocations=54 (full 2):
 garbage-first heap   total 147456K, used 59057K [0x0000000780000000, 0x0000000800000000)
  region size 1024K, 8 young (8192K), 8 survivors (8192K)
 Metaspace       used 74934K, capacity 77098K, committed 77252K, reserved 1116160K
  class space    used 9842K, capacity 10665K, committed 10752K, reserved 1048576K
}
Event: 500.670 GC heap before
{Heap before GC invocations=54 (full 2):
 garbage-first heap   total 147456K, used 120497K [0x0000000780000000, 0x0000000800000000)
  region size 1024K, 68 young (69632K), 8 survivors (8192K)
 Metaspace       used 75368K, capacity 77521K, committed 77764K, reserved 1116160K
  class space    used 9874K, capacity 10698K, committed 10752K, reserved 1048576K
}
Event: 500.683 GC heap after
{Heap after GC invocations=55 (full 2):
 garbage-first heap   total 147456K, used 62428K [0x0000000780000000, 0x0000000800000000)
  region size 1024K, 8 young (8192K), 8 survivors (8192K)
 Metaspace       used 75368K, capacity 77521K, committed 77764K, reserved 1116160K
  class space    used 9874K, capacity 10698K, committed 10752K, reserved 1048576K
}
Event: 501.310 GC heap before
{Heap before GC invocations=55 (full 2):
 garbage-first heap   total 147456K, used 119772K [0x0000000780000000, 0x0000000800000000)
  region size 1024K, 64 young (65536K), 8 survivors (8192K)
 Metaspace       used 75661K, capacity 77789K, committed 78020K, reserved 1116160K
  class space    used 9891K, capacity 10700K, committed 10752K, reserved 1048576K
}
Event: 501.322 GC heap after
{Heap after GC invocations=56 (full 2):
 garbage-first heap   total 147456K, used 65141K [0x0000000780000000, 0x0000000800000000)
  region size 1024K, 7 young (7168K), 7 survivors (7168K)
 Metaspace       used 75661K, capacity 77789K, committed 78020K, reserved 1116160K
  class space    used 9891K, capacity 10700K, committed 10752K, reserved 1048576K
}
Event: 501.743 GC heap before
{Heap before GC invocations=56 (full 2):
 garbage-first heap   total 147456K, used 118389K [0x0000000780000000, 0x0000000800000000)
  region size 1024K, 59 young (60416K), 7 survivors (7168K)
 Metaspace       used 75988K, capacity 78147K, committed 78276K, reserved 1116160K
  class space    used 9910K, capacity 10733K, committed 10752K, reserved 1048576K
}
Event: 501.765 GC heap after
{Heap after GC invocations=57 (full 2):
 garbage-first heap   total 147456K, used 67673K [0x0000000780000000, 0x0000000800000000)
  region size 1024K, 6 young (6144K), 6 survivors (6144K)
 Metaspace       used 75988K, capacity 78147K, committed 78276K, reserved 1116160K
  class space    used 9910K, capacity 10733K, committed 10752K, reserved 1048576K
}
Event: 511.913 GC heap before
{Heap before GC invocations=57 (full 2):
 garbage-first heap   total 147456K, used 119897K [0x0000000780000000, 0x0000000800000000)
  region size 1024K, 57 young (58368K), 6 survivors (6144K)
 Metaspace       used 76338K, capacity 78473K, committed 78788K, reserved 1118208K
  class space    used 9933K, capacity 10735K, committed 10752K, reserved 1048576K
}
Event: 511.935 GC heap after
{Heap after GC invocations=58 (full 2):
 garbage-first heap   total 147456K, used 69318K [0x0000000780000000, 0x0000000800000000)
  region size 1024K, 5 young (5120K), 5 survivors (5120K)
 Metaspace       used 76338K, capacity 78473K, committed 78788K, reserved 1118208K
  class space    used 9933K, capacity 10735K, committed 10752K, reserved 1048576K
}
Event: 540.398 GC heap before
{Heap before GC invocations=58 (full 2):
 garbage-first heap   total 147456K, used 119494K [0x0000000780000000, 0x0000000800000000)
  region size 1024K, 54 young (55296K), 5 survivors (5120K)
 Metaspace       used 76338K, capacity 78473K, committed 78788K, reserved 1118208K
  class space    used 9933K, capacity 10735K, committed 10752K, reserved 1048576K
}
Event: 540.404 GC heap after
{Heap after GC invocations=59 (full 2):
 garbage-first heap   total 147456K, used 69459K [0x0000000780000000, 0x0000000800000000)
  region size 1024K, 3 young (3072K), 3 survivors (3072K)
 Metaspace       used 76338K, capacity 78473K, committed 78788K, reserved 1118208K
  class space    used 9933K, capacity 10735K, committed 10752K, reserved 1048576K
}

Deoptimization events (16 events):
Event: 8.375 Thread 0x00007fc4373df800 DEOPT PACKING pc=0x0000000116395b5c sp=0x000070000deb1e10
Event: 8.375 Thread 0x00007fc4373df800 DEOPT UNPACKING pc=0x0000000115a1f33a sp=0x000070000deb13a8 mode 0
Event: 10.024 Thread 0x00007fc4362f3800 DEOPT PACKING pc=0x000000011629ea90 sp=0x000070000e1bc690
Event: 10.024 Thread 0x00007fc4373df800 DEOPT PACKING pc=0x00000001162afb7e sp=0x000070000deb28e0
Event: 10.024 Thread 0x00007fc4362f3800 DEOPT UNPACKING pc=0x0000000115a1f33a sp=0x000070000e1bbb08 mode 3
Event: 10.024 Thread 0x00007fc4373df800 DEOPT UNPACKING pc=0x0000000115a1f33a sp=0x000070000deb1d90 mode 3
Event: 11.621 Thread 0x00007fc4373df800 DEOPT PACKING pc=0x00000001163c2041 sp=0x000070000deae910
Event: 11.622 Thread 0x00007fc4373df800 DEOPT UNPACKING pc=0x0000000115a1f33a sp=0x000070000deade48 mode 3
Event: 11.622 Thread 0x00007fc4373df800 DEOPT PACKING pc=0x00000001163bd50b sp=0x000070000deae8e0
Event: 11.622 Thread 0x00007fc4373df800 DEOPT UNPACKING pc=0x0000000115a1f33a sp=0x000070000deade48 mode 3
Event: 11.719 Thread 0x00007fc4373df800 DEOPT PACKING pc=0x00000001164c81ac sp=0x000070000deb2c80
Event: 11.719 Thread 0x00007fc4373df800 DEOPT UNPACKING pc=0x0000000115a1f33a sp=0x000070000deb2350 mode 0
Event: 21.753 Thread 0x00007fc436a07800 DEOPT PACKING pc=0x00000001160fc2e4 sp=0x000070000ecd70d0
Event: 21.753 Thread 0x00007fc436649000 DEOPT PACKING pc=0x00000001160fc2e4 sp=0x000070000ebd77c0
Event: 21.753 Thread 0x00007fc436a07800 DEOPT UNPACKING pc=0x0000000115a1f33a sp=0x000070000ecd6618 mode 0
Event: 21.753 Thread 0x00007fc436649000 DEOPT UNPACKING pc=0x0000000115a1f33a sp=0x000070000ebd6d08 mode 0

Classes unloaded (1 events):
Event: 210.851 Thread 0x00007fc438052000 Unloading class 0x00000008014ef040 'org/springframework/web/servlet/mvc/method/RequestMappingInfoHandlerMapping$$Lambda$1036'

Classes redefined (0 events):
No events

Internal exceptions (20 events):
Event: 501.736 Thread 0x00007fc437284000 Exception <a 'java/lang/ClassNotFoundException'{0x0000000785a3cd80}: java/lang/ObjectCustomizer> (0x0000000785a3cd80) 
thrown [./src/hotspot/share/classfile/systemDictionary.cpp, line 226]
Event: 501.737 Thread 0x00007fc437284000 Exception <a 'java/lang/ClassNotFoundException'{0x0000000785a54c68}: com/utudo/hwwd/models/AlarmCustomizer> (0x0000000785a54c68) 
thrown [./src/hotspot/share/classfile/systemDictionary.cpp, line 226]
Event: 501.785 Thread 0x00007fc437284000 Exception <a 'java/lang/ClassNotFoundException'{0x0000000788a11708}: java/lang/ObjectCustomizer> (0x0000000788a11708) 
thrown [./src/hotspot/share/classfile/systemDictionary.cpp, line 226]
Event: 501.785 Thread 0x00007fc437284000 Exception <a 'java/lang/ClassNotFoundException'{0x0000000788a29c50}: com/utudo/hwwd/models/DocumentsCustomizer> (0x0000000788a29c50) 
thrown [./src/hotspot/share/classfile/systemDictionary.cpp, line 226]
Event: 501.807 Thread 0x00007fc437284000 Exception <a 'java/lang/ClassNotFoundException'{0x00000007887fe548}: java/lang/ObjectCustomizer> (0x00000007887fe548) 
thrown [./src/hotspot/share/classfile/systemDictionary.cpp, line 226]
Event: 501.807 Thread 0x00007fc437284000 Exception <a 'java/lang/ClassNotFoundException'{0x0000000788618098}: com/utudo/hwwd/models/AdminLocationCustomizer> (0x0000000788618098) 
thrown [./src/hotspot/share/classfile/systemDictionary.cpp, line 226]
Event: 501.840 Thread 0x00007fc437284000 Exception <a 'java/lang/ClassNotFoundException'{0x00000007883d7f08}: java/lang/ObjectCustomizer> (0x00000007883d7f08) 
thrown [./src/hotspot/share/classfile/systemDictionary.cpp, line 226]
Event: 501.841 Thread 0x00007fc437284000 Exception <a 'java/lang/ClassNotFoundException'{0x00000007883f1cc0}: com/utudo/hwwd/models/LocationRegionCustomizer> (0x00000007883f1cc0) 
thrown [./src/hotspot/share/classfile/systemDictionary.cpp, line 226]
Event: 501.865 Thread 0x00007fc437284000 Exception <a 'java/lang/ClassNotFoundException'{0x0000000787f991e0}: java/lang/ObjectCustomizer> (0x0000000787f991e0) 
thrown [./src/hotspot/share/classfile/systemDictionary.cpp, line 226]
Event: 501.865 Thread 0x00007fc437284000 Exception <a 'java/lang/ClassNotFoundException'{0x0000000787fb31d8}: com/utudo/hwwd/models/cobber/PowerModelCustomizer> (0x0000000787fb31d8) 
thrown [./src/hotspot/share/classfile/systemDictionary.cpp, line 226]
Event: 501.886 Thread 0x00007fc437284000 Exception <a 'java/lang/ClassNotFoundException'{0x0000000787b852d8}: java/lang/ObjectCustomizer> (0x0000000787b852d8) 
thrown [./src/hotspot/share/classfile/systemDictionary.cpp, line 226]
Event: 501.888 Thread 0x00007fc437284000 Exception <a 'java/lang/ClassNotFoundException'{0x0000000787b9de10}: com/utudo/hwwd/models/ApplyModelCustomizer> (0x0000000787b9de10) 
thrown [./src/hotspot/share/classfile/systemDictionary.cpp, line 226]
Event: 501.965 Thread 0x00007fc437454800 Exception <a 'java/lang/ClassNotFoundException'{0x00000007874c8d58}: java/lang/ObjectCustomizer> (0x00000007874c8d58) 
thrown [./src/hotspot/share/classfile/systemDictionary.cpp, line 226]
Event: 501.966 Thread 0x00007fc437454800 Exception <a 'java/lang/ClassNotFoundException'{0x00000007874e1bf8}: com/utudo/hwwd/models/AlarmCustomizer> (0x00000007874e1bf8) 
thrown [./src/hotspot/share/classfile/systemDictionary.cpp, line 226]
Event: 501.984 Thread 0x00007fc437454800 Exception <a 'java/io/FileNotFoundException'{0x0000000787311418}> (0x0000000787311418) 
thrown [./src/hotspot/share/prims/jni.cpp, line 599]
Event: 501.986 Thread 0x00007fc437454800 Exception <a 'java/io/FileNotFoundException'{0x000000078734ff90}> (0x000000078734ff90) 
thrown [./src/hotspot/share/prims/jni.cpp, line 599]
Event: 502.103 Thread 0x00007fc437454800 Exception <a 'java/net/UnknownHostException'{0x0000000786f5c618}> (0x0000000786f5c618) 
thrown [./src/hotspot/share/prims/jni.cpp, line 620]
Event: 502.297 Thread 0x00007fc437454800 Exception <a 'java/io/FileNotFoundException'{0x0000000786f6a198}> (0x0000000786f6a198) 
thrown [./src/hotspot/share/prims/jni.cpp, line 599]
Event: 502.297 Thread 0x00007fc437454800 Exception <a 'java/io/FileNotFoundException'{0x0000000786f6ac20}> (0x0000000786f6ac20) 
thrown [./src/hotspot/share/prims/jni.cpp, line 599]
Event: 508.434 Thread 0x00007fc437454800 Exception <a 'java/net/UnknownHostException'{0x0000000786a4df68}> (0x0000000786a4df68) 
thrown [./src/hotspot/share/prims/jni.cpp, line 620]

Events (20 events):
Event: 509.518 Executing VM operation: HandshakeOneThread
Event: 509.518 Executing VM operation: HandshakeOneThread done
Event: 509.518 Executing VM operation: HandshakeOneThread
Event: 509.518 Executing VM operation: HandshakeOneThread done
Event: 509.518 Executing VM operation: HandshakeOneThread
Event: 509.518 Executing VM operation: HandshakeOneThread done
Event: 509.518 Executing VM operation: HandshakeOneThread
Event: 509.518 Executing VM operation: HandshakeOneThread done
Event: 511.913 Executing VM operation: G1CollectForAllocation
Event: 511.943 Executing VM operation: G1CollectForAllocation done
Event: 511.947 Executing VM operation: HandshakeOneThread
Event: 511.947 Executing VM operation: HandshakeOneThread done
Event: 511.947 Executing VM operation: HandshakeOneThread
Event: 511.947 Executing VM operation: HandshakeOneThread done
Event: 511.947 Executing VM operation: HandshakeOneThread
Event: 511.947 Executing VM operation: HandshakeOneThread done
Event: 511.947 Executing VM operation: HandshakeOneThread
Event: 511.947 Executing VM operation: HandshakeOneThread done
Event: 540.398 Executing VM operation: G1CollectForAllocation
Event: 540.404 Executing VM operation: G1CollectForAllocation done


Dynamic libraries:
0x00007fff6e5a4000 	/usr/lib/libz.1.dylib
0x0000000107d09000 	/usr/local/Cellar/openjdk/14.0.1/libexec/openjdk.jdk/Contents/Home/lib/libjli.dylib
0x00007fff340ee000 	/System/Library/Frameworks/Cocoa.framework/Versions/A/Cocoa
0x00007fff418e7000 	/System/Library/Frameworks/Security.framework/Versions/A/Security
0x00007fff33053000 	/System/Library/Frameworks/ApplicationServices.framework/Versions/A/ApplicationServices
0x00007fff6c068000 	/usr/lib/libSystem.B.dylib
0x00007fff6ee65000 	/usr/lib/system/libcache.dylib
0x00007fff6ee6b000 	/usr/lib/system/libcommonCrypto.dylib
0x00007fff6ee77000 	/usr/lib/system/libcompiler_rt.dylib
0x00007fff6ee7f000 	/usr/lib/system/libcopyfile.dylib
0x00007fff6ee89000 	/usr/lib/system/libcorecrypto.dylib
0x00007fff6f028000 	/usr/lib/system/libdispatch.dylib
0x00007fff6f069000 	/usr/lib/system/libdyld.dylib
0x00007fff6f0a0000 	/usr/lib/system/libkeymgr.dylib
0x00007fff6f0ae000 	/usr/lib/system/liblaunch.dylib
0x00007fff6f0af000 	/usr/lib/system/libmacho.dylib
0x00007fff6f0b5000 	/usr/lib/system/libquarantine.dylib
0x00007fff6f0b8000 	/usr/lib/system/libremovefile.dylib
0x00007fff6f0ba000 	/usr/lib/system/libsystem_asl.dylib
0x00007fff6f0d2000 	/usr/lib/system/libsystem_blocks.dylib
0x00007fff6f0d3000 	/usr/lib/system/libsystem_c.dylib
0x00007fff6f15b000 	/usr/lib/system/libsystem_configuration.dylib
0x00007fff6f15f000 	/usr/lib/system/libsystem_coreservices.dylib
0x00007fff6f163000 	/usr/lib/system/libsystem_darwin.dylib
0x00007fff6f16c000 	/usr/lib/system/libsystem_dnssd.dylib
0x00007fff6f174000 	/usr/lib/system/libsystem_featureflags.dylib
0x00007fff6f176000 	/usr/lib/system/libsystem_info.dylib
0x00007fff6f1f1000 	/usr/lib/system/libsystem_m.dylib
0x00007fff6f239000 	/usr/lib/system/libsystem_malloc.dylib
0x00007fff6f261000 	/usr/lib/system/libsystem_networkextension.dylib
0x00007fff6f26f000 	/usr/lib/system/libsystem_notify.dylib
0x00007fff6f28d000 	/usr/lib/system/libsystem_sandbox.dylib
0x00007fff6f292000 	/usr/lib/system/libsystem_secinit.dylib
0x00007fff6f1c4000 	/usr/lib/system/libsystem_kernel.dylib
0x00007fff6f279000 	/usr/lib/system/libsystem_platform.dylib
0x00007fff6f282000 	/usr/lib/system/libsystem_pthread.dylib
0x00007fff6f295000 	/usr/lib/system/libsystem_symptoms.dylib
0x00007fff6f29d000 	/usr/lib/system/libsystem_trace.dylib
0x00007fff6f2b5000 	/usr/lib/system/libunwind.dylib
0x00007fff6f2bb000 	/usr/lib/system/libxpc.dylib
0x00007fff6dec8000 	/usr/lib/libobjc.A.dylib
0x00007fff6c3a1000 	/usr/lib/libc++abi.dylib
0x00007fff6c34e000 	/usr/lib/libc++.1.dylib
0x00007fff34f90000 	/System/Library/Frameworks/CoreFoundation.framework/Versions/A/CoreFoundation
0x00007fff3764d000 	/System/Library/Frameworks/Foundation.framework/Versions/C/Foundation
0x00007fff32243000 	/System/Library/Frameworks/AppKit.framework/Versions/C/AppKit
0x00007fff34a72000 	/System/Library/Frameworks/CoreData.framework/Versions/A/CoreData
0x00007fff6607d000 	/System/Library/PrivateFrameworks/UIFoundation.framework/Versions/A/UIFoundation
0x00007fff61111000 	/System/Library/PrivateFrameworks/RemoteViewServices.framework/Versions/A/RemoteViewServices
0x00007fff68bd8000 	/System/Library/PrivateFrameworks/XCTTargetBootstrap.framework/Versions/A/XCTTargetBootstrap
0x00007fff34e5d000 	/System/Library/Frameworks/CoreDisplay.framework/Versions/A/CoreDisplay
0x00007fff3a508000 	/System/Library/Frameworks/Metal.framework/Versions/A/Metal
0x00007fff4f0fe000 	/System/Library/PrivateFrameworks/DesktopServicesPriv.framework/Versions/A/DesktopServicesPriv
0x00007fff6d1a3000 	/usr/lib/liblangid.dylib
0x00007fff4e393000 	/System/Library/PrivateFrameworks/CoreSVG.framework/Versions/A/CoreSVG
0x00007fff6426d000 	/System/Library/PrivateFrameworks/SkyLight.framework/Versions/A/SkyLight
0x00007fff35411000 	/System/Library/Frameworks/CoreGraphics.framework/Versions/A/CoreGraphics
0x00007fff30c17000 	/System/Library/Frameworks/Accelerate.framework/Versions/A/Accelerate
0x00007fff6e495000 	/usr/lib/libxml2.2.dylib
0x00007fff5a09c000 	/System/Library/PrivateFrameworks/IconServices.framework/Versions/A/IconServices
0x00007fff37e2c000 	/System/Library/Frameworks/IOSurface.framework/Versions/A/IOSurface
0x00007fff6bb92000 	/usr/lib/libDiagnosticMessagesClient.dylib
0x00007fff4ef58000 	/System/Library/PrivateFrameworks/DFRFoundation.framework/Versions/A/DFRFoundation
0x00007fff6cf32000 	/usr/lib/libicucore.A.dylib
0x00007fff33385000 	/System/Library/Frameworks/AudioToolbox.framework/Versions/A/AudioToolbox
0x00007fff33468000 	/System/Library/Frameworks/AudioUnit.framework/Versions/A/AudioUnit
0x00007fff6c26a000 	/usr/lib/libauto.dylib
0x00007fff4effa000 	/System/Library/PrivateFrameworks/DataDetectorsCore.framework/Versions/A/DataDetectorsCore
0x00007fff33c0f000 	/System/Library/Frameworks/Carbon.framework/Versions/A/Frameworks/HIToolbox.framework/Versions/A/HIToolbox
0x00007fff40ae1000 	/System/Library/Frameworks/QuartzCore.framework/Versions/A/QuartzCore
0x00007fff33f4e000 	/System/Library/Frameworks/Carbon.framework/Versions/A/Frameworks/SpeechRecognition.framework/Versions/A/SpeechRecognition
0x00007fff4ea6c000 	/System/Library/PrivateFrameworks/CoreUI.framework/Versions/A/CoreUI
0x00007fff344dd000 	/System/Library/Frameworks/CoreAudio.framework/Versions/A/CoreAudio
0x00007fff3730c000 	/System/Library/Frameworks/DiskArbitration.framework/Versions/A/DiskArbitration
0x00007fff5c0ec000 	/System/Library/PrivateFrameworks/MultitouchSupport.framework/Versions/A/MultitouchSupport
0x00007fff6cdf9000 	/usr/lib/libenergytrace.dylib
0x00007fff37d86000 	/System/Library/Frameworks/IOKit.framework/Versions/A/IOKit
0x00007fff36378000 	/System/Library/Frameworks/CoreServices.framework/Versions/A/CoreServices
0x00007fff5e2a4000 	/System/Library/PrivateFrameworks/PerformanceAnalysis.framework/Versions/A/PerformanceAnalysis
0x00007fff3fb14000 	/System/Library/Frameworks/OpenGL.framework/Versions/A/OpenGL
0x00007fff340fc000 	/System/Library/Frameworks/ColorSync.framework/Versions/A/ColorSync
0x00007fff35a94000 	/System/Library/Frameworks/CoreImage.framework/Versions/A/CoreImage
0x00007fff36deb000 	/System/Library/Frameworks/CoreText.framework/Versions/A/CoreText
0x00007fff37ebc000 	/System/Library/Frameworks/ImageIO.framework/Versions/A/ImageIO
0x00007fff6c3ca000 	/usr/lib/libcompression.dylib
0x00007fff6bed6000 	/usr/lib/libMobileGestalt.dylib
0x00007fff65de7000 	/System/Library/PrivateFrameworks/TextureIO.framework/Versions/A/TextureIO
0x00007fff6c1cd000 	/usr/lib/libate.dylib
0x00007fff5a2a5000 	/System/Library/PrivateFrameworks/InternationalSupport.framework/Versions/A/InternationalSupport
0x00007fff6d1a5000 	/usr/lib/liblzma.5.dylib
0x00007fff6ce20000 	/usr/lib/libfakelink.dylib
0x00007fff6c15a000 	/usr/lib/libarchive.2.dylib
0x00007fff42998000 	/System/Library/Frameworks/SystemConfiguration.framework/Versions/A/SystemConfiguration
0x00007fff6bac5000 	/usr/lib/libCRFSuite.dylib
0x00007fff337ff000 	/System/Library/Frameworks/CFNetwork.framework/Versions/A/CFNetwork
0x00007fff6c330000 	/usr/lib/libbsm.0.dylib
0x00007fff6f0a1000 	/usr/lib/system/libkxld.dylib
0x00007fff488d5000 	/System/Library/PrivateFrameworks/AppleFSCompression.framework/Versions/A/AppleFSCompression
0x00007fff6c6bb000 	/usr/lib/libcoretls.dylib
0x00007fff6c6d2000 	/usr/lib/libcoretls_cfhelpers.dylib
0x00007fff6df0e000 	/usr/lib/libpam.2.dylib
0x00007fff6e043000 	/usr/lib/libsqlite3.dylib
0x00007fff6e482000 	/usr/lib/libxar.1.dylib
0x00007fff6c341000 	/usr/lib/libbz2.1.0.dylib
0x00007fff6ce41000 	/usr/lib/libiconv.2.dylib
0x00007fff6c3b7000 	/usr/lib/libcharset.1.dylib
0x00007fff6d9ab000 	/usr/lib/libnetwork.dylib
0x00007fff6df15000 	/usr/lib/libpcap.A.dylib
0x00007fff6c10f000 	/usr/lib/libapple_nghttp2.dylib
0x00007fff3672f000 	/System/Library/Frameworks/CoreServices.framework/Versions/A/Frameworks/FSEvents.framework/Versions/A/FSEvents
0x00007fff363ff000 	/System/Library/Frameworks/CoreServices.framework/Versions/A/Frameworks/CarbonCore.framework/Versions/A/CarbonCore
0x00007fff36973000 	/System/Library/Frameworks/CoreServices.framework/Versions/A/Frameworks/Metadata.framework/Versions/A/Metadata
0x00007fff36a0c000 	/System/Library/Frameworks/CoreServices.framework/Versions/A/Frameworks/OSServices.framework/Versions/A/OSServices
0x00007fff36a3a000 	/System/Library/Frameworks/CoreServices.framework/Versions/A/Frameworks/SearchKit.framework/Versions/A/SearchKit
0x00007fff36379000 	/System/Library/Frameworks/CoreServices.framework/Versions/A/Frameworks/AE.framework/Versions/A/AE
0x00007fff36738000 	/System/Library/Frameworks/CoreServices.framework/Versions/A/Frameworks/LaunchServices.framework/Versions/A/LaunchServices
0x00007fff366e1000 	/System/Library/Frameworks/CoreServices.framework/Versions/A/Frameworks/DictionaryServices.framework/Versions/A/DictionaryServices
0x00007fff36aa2000 	/System/Library/Frameworks/CoreServices.framework/Versions/A/Frameworks/SharedFileList.framework/Versions/A/SharedFileList
0x00007fff3b933000 	/System/Library/Frameworks/NetFS.framework/Versions/A/NetFS
0x00007fff5c61c000 	/System/Library/PrivateFrameworks/NetAuth.framework/Versions/A/NetAuth
0x00007fff68fa5000 	/System/Library/PrivateFrameworks/login.framework/Versions/A/Frameworks/loginsupport.framework/Versions/A/loginsupport
0x00007fff658b2000 	/System/Library/PrivateFrameworks/TCC.framework/Versions/A/TCC
0x00007fff4d506000 	/System/Library/PrivateFrameworks/CoreNLP.framework/Versions/A/CoreNLP
0x00007fff5bb19000 	/System/Library/PrivateFrameworks/MetadataUtilities.framework/Versions/A/MetadataUtilities
0x00007fff6d27d000 	/usr/lib/libmecabra.dylib
0x00007fff6d1d5000 	/usr/lib/libmecab.dylib
0x00007fff6ce31000 	/usr/lib/libgermantok.dylib
0x00007fff6c0f6000 	/usr/lib/libThaiTokenizer.dylib
0x00007fff6bafc000 	/usr/lib/libChineseTokenizer.dylib
0x00007fff30c2f000 	/System/Library/Frameworks/Accelerate.framework/Versions/A/Frameworks/vImage.framework/Versions/A/vImage
0x00007fff32099000 	/System/Library/Frameworks/Accelerate.framework/Versions/A/Frameworks/vecLib.framework/Versions/A/vecLib
0x00007fff31fd6000 	/System/Library/Frameworks/Accelerate.framework/Versions/A/Frameworks/vecLib.framework/Versions/A/libvMisc.dylib
0x00007fff31dfe000 	/System/Library/Frameworks/Accelerate.framework/Versions/A/Frameworks/vecLib.framework/Versions/A/libvDSP.dylib
0x00007fff31286000 	/System/Library/Frameworks/Accelerate.framework/Versions/A/Frameworks/vecLib.framework/Versions/A/libBLAS.dylib
0x00007fff319c2000 	/System/Library/Frameworks/Accelerate.framework/Versions/A/Frameworks/vecLib.framework/Versions/A/libLAPACK.dylib
0x00007fff31d5e000 	/System/Library/Frameworks/Accelerate.framework/Versions/A/Frameworks/vecLib.framework/Versions/A/libLinearAlgebra.dylib
0x00007fff31deb000 	/System/Library/Frameworks/Accelerate.framework/Versions/A/Frameworks/vecLib.framework/Versions/A/libSparseBLAS.dylib
0x00007fff31d74000 	/System/Library/Frameworks/Accelerate.framework/Versions/A/Frameworks/vecLib.framework/Versions/A/libQuadrature.dylib
0x00007fff314ee000 	/System/Library/Frameworks/Accelerate.framework/Versions/A/Frameworks/vecLib.framework/Versions/A/libBNNS.dylib
0x00007fff31d7a000 	/System/Library/Frameworks/Accelerate.framework/Versions/A/Frameworks/vecLib.framework/Versions/A/libSparse.dylib
0x00007fff5a68d000 	/System/Library/PrivateFrameworks/LanguageModeling.framework/Versions/A/LanguageModeling
0x00007fff4ceb6000 	/System/Library/PrivateFrameworks/CoreEmoji.framework/Versions/A/CoreEmoji
0x00007fff5a7ab000 	/System/Library/PrivateFrameworks/LinguisticData.framework/Versions/A/LinguisticData
0x00007fff5a75c000 	/System/Library/PrivateFrameworks/Lexicon.framework/Versions/A/Lexicon
0x00007fff6c3b8000 	/usr/lib/libcmph.dylib
0x00007fff3e522000 	/System/Library/Frameworks/OpenDirectory.framework/Versions/A/Frameworks/CFOpenDirectory.framework/Versions/A/CFOpenDirectory
0x00007fff3e53f000 	/System/Library/Frameworks/OpenDirectory.framework/Versions/A/OpenDirectory
0x00007fff46982000 	/System/Library/PrivateFrameworks/APFS.framework/Versions/A/APFS
0x00007fff41c31000 	/System/Library/Frameworks/SecurityFoundation.framework/Versions/A/SecurityFoundation
0x00007fff6e47e000 	/usr/lib/libutil.dylib
0x00007fff4e3eb000 	/System/Library/PrivateFrameworks/CoreServicesStore.framework/Versions/A/CoreServicesStore
0x00007fff41ce8000 	/System/Library/Frameworks/ServiceManagement.framework/Versions/A/ServiceManagement
0x00007fff4a0a5000 	/System/Library/PrivateFrameworks/BackgroundTaskManagement.framework/Versions/A/BackgroundTaskManagement
0x00007fff6e57b000 	/usr/lib/libxslt.1.dylib
0x00007fff48f48000 	/System/Library/PrivateFrameworks/AppleSystemInfo.framework/Versions/A/AppleSystemInfo
0x00007fff380d7000 	/System/Library/Frameworks/ImageIO.framework/Versions/A/Resources/libJPEG.dylib
0x00007fff38396000 	/System/Library/Frameworks/ImageIO.framework/Versions/A/Resources/libTIFF.dylib
0x00007fff38379000 	/System/Library/Frameworks/ImageIO.framework/Versions/A/Resources/libPng.dylib
0x00007fff38019000 	/System/Library/Frameworks/ImageIO.framework/Versions/A/Resources/libGIF.dylib
0x00007fff3801d000 	/System/Library/Frameworks/ImageIO.framework/Versions/A/Resources/libJP2.dylib
0x00007fff38394000 	/System/Library/Frameworks/ImageIO.framework/Versions/A/Resources/libRadiance.dylib
0x00007fff6cdfa000 	/usr/lib/libexpat.1.dylib
0x00007fff48a30000 	/System/Library/PrivateFrameworks/AppleJPEG.framework/Versions/A/AppleJPEG
0x00007fff51701000 	/System/Library/PrivateFrameworks/FontServices.framework/libFontParser.dylib
0x00007fff67fa7000 	/System/Library/PrivateFrameworks/WatchdogClient.framework/Versions/A/WatchdogClient
0x00007fff59ce8000 	/System/Library/PrivateFrameworks/IOAccelerator.framework/Versions/A/IOAccelerator
0x00007fff3a8a3000 	/System/Library/Frameworks/MetalPerformanceShaders.framework/Versions/A/MetalPerformanceShaders
0x00007fff5647e000 	/System/Library/PrivateFrameworks/GPUWrangler.framework/Versions/A/GPUWrangler
0x00007fff59cfd000 	/System/Library/PrivateFrameworks/IOPresentment.framework/Versions/A/IOPresentment
0x00007fff4ef6b000 	/System/Library/PrivateFrameworks/DSExternalDisplay.framework/Versions/A/DSExternalDisplay
0x00007fff3eeb3000 	/System/Library/Frameworks/OpenGL.framework/Versions/A/Libraries/libCoreFSCache.dylib
0x00007fff3a5ef000 	/System/Library/Frameworks/MetalPerformanceShaders.framework/Frameworks/MPSCore.framework/Versions/A/MPSCore
0x00007fff3a62d000 	/System/Library/Frameworks/MetalPerformanceShaders.framework/Frameworks/MPSImage.framework/Versions/A/MPSImage
0x00007fff3a6f4000 	/System/Library/Frameworks/MetalPerformanceShaders.framework/Frameworks/MPSNeuralNetwork.framework/Versions/A/MPSNeuralNetwork
0x00007fff3a6b8000 	/System/Library/Frameworks/MetalPerformanceShaders.framework/Frameworks/MPSMatrix.framework/Versions/A/MPSMatrix
0x00007fff3a853000 	/System/Library/Frameworks/MetalPerformanceShaders.framework/Frameworks/MPSRayIntersector.framework/Versions/A/MPSRayIntersector
0x00007fff3a6de000 	/System/Library/Frameworks/MetalPerformanceShaders.framework/Frameworks/MPSNDArray.framework/Versions/A/MPSNDArray
0x00007fff5bb66000 	/System/Library/PrivateFrameworks/MetalTools.framework/Versions/A/MetalTools
0x00007fff47b5c000 	/System/Library/PrivateFrameworks/AggregateDictionary.framework/Versions/A/AggregateDictionary
0x00007fff4c8fe000 	/System/Library/PrivateFrameworks/CoreAnalytics.framework/Versions/A/CoreAnalytics
0x00007fff48e67000 	/System/Library/PrivateFrameworks/AppleSauce.framework/Versions/A/AppleSauce
0x00007fff6bdb8000 	/usr/lib/libIOReport.dylib
0x00007fff36fa3000 	/System/Library/Frameworks/CoreVideo.framework/Versions/A/CoreVideo
0x00007fff578f7000 	/System/Library/PrivateFrameworks/GraphVisualizer.framework/Versions/A/GraphVisualizer
0x00007fff50c47000 	/System/Library/PrivateFrameworks/FaceCore.framework/Versions/A/FaceCore
0x00007fff3e4c9000 	/System/Library/Frameworks/OpenCL.framework/Versions/A/OpenCL
0x00007fff6bbda000 	/usr/lib/libFosl_dynamic.dylib
0x00007fff5d03c000 	/System/Library/PrivateFrameworks/OTSVG.framework/Versions/A/OTSVG
0x00007fff33158000 	/System/Library/Frameworks/ApplicationServices.framework/Versions/A/Frameworks/ATS.framework/Versions/A/Resources/libFontRegistry.dylib
0x00007fff518d2000 	/System/Library/PrivateFrameworks/FontServices.framework/libhvf.dylib
0x00007fff3eebe000 	/System/Library/Frameworks/OpenGL.framework/Versions/A/Libraries/libGFXShared.dylib
0x00007fff3f09c000 	/System/Library/Frameworks/OpenGL.framework/Versions/A/Libraries/libGLU.dylib
0x00007fff3eec7000 	/System/Library/Frameworks/OpenGL.framework/Versions/A/Libraries/libGL.dylib
0x00007fff3eed2000 	/System/Library/Frameworks/OpenGL.framework/Versions/A/Libraries/libGLImage.dylib
0x00007fff3eeb0000 	/System/Library/Frameworks/OpenGL.framework/Versions/A/Libraries/libCVMSPluginSupport.dylib
0x00007fff3eeb9000 	/System/Library/Frameworks/OpenGL.framework/Versions/A/Libraries/libCoreVMClient.dylib
0x00007fff6d84c000 	/usr/lib/libncurses.5.4.dylib
0x00007fff33054000 	/System/Library/Frameworks/ApplicationServices.framework/Versions/A/Frameworks/ATS.framework/Versions/A/ATS
0x00007fff33221000 	/System/Library/Frameworks/ApplicationServices.framework/Versions/A/Frameworks/ColorSyncLegacy.framework/Versions/A/ColorSyncLegacy
0x00007fff332bf000 	/System/Library/Frameworks/ApplicationServices.framework/Versions/A/Frameworks/HIServices.framework/Versions/A/HIServices
0x00007fff33317000 	/System/Library/Frameworks/ApplicationServices.framework/Versions/A/Frameworks/LangAnalysis.framework/Versions/A/LangAnalysis
0x00007fff33326000 	/System/Library/Frameworks/ApplicationServices.framework/Versions/A/Frameworks/PrintCore.framework/Versions/A/PrintCore
0x00007fff3336c000 	/System/Library/Frameworks/ApplicationServices.framework/Versions/A/Frameworks/QD.framework/Versions/A/QD
0x00007fff33377000 	/System/Library/Frameworks/ApplicationServices.framework/Versions/A/Frameworks/SpeechSynthesis.framework/Versions/A/SpeechSynthesis
0x00007fff331f1000 	/System/Library/Frameworks/ApplicationServices.framework/Versions/A/Frameworks/ATSUI.framework/Versions/A/ATSUI
0x00007fff6cc90000 	/usr/lib/libcups.2.dylib
0x00007fff3993e000 	/System/Library/Frameworks/Kerberos.framework/Versions/A/Kerberos
0x00007fff37a7f000 	/System/Library/Frameworks/GSS.framework/Versions/A/GSS
0x00007fff6dfcf000 	/usr/lib/libresolv.9.dylib
0x00007fff57aa4000 	/System/Library/PrivateFrameworks/Heimdal.framework/Versions/A/Heimdal
0x00007fff39951000 	/System/Library/Frameworks/Kerberos.framework/Versions/A/Libraries/libHeimdalProxy.dylib
0x00007fff6ce37000 	/usr/lib/libheimdal-asn1.dylib
0x00007fff4bd96000 	/System/Library/PrivateFrameworks/CommonAuth.framework/Versions/A/CommonAuth
0x00007fff48fe5000 	/System/Library/PrivateFrameworks/AssertionServices.framework/Versions/A/AssertionServices
0x00007fff49b88000 	/System/Library/PrivateFrameworks/AudioToolboxCore.framework/Versions/A/AudioToolboxCore
0x00007fff68c55000 	/System/Library/PrivateFrameworks/caulk.framework/Versions/A/caulk
0x00007fff4a151000 	/System/Library/PrivateFrameworks/BaseBoard.framework/Versions/A/BaseBoard
0x00007fff6129f000 	/System/Library/PrivateFrameworks/RunningBoardServices.framework/Versions/A/RunningBoardServices
0x00007fff5e2b0000 	/System/Library/PrivateFrameworks/PersistentConnection.framework/Versions/A/PersistentConnection
0x00007fff60c98000 	/System/Library/PrivateFrameworks/ProtocolBuffer.framework/Versions/A/ProtocolBuffer
0x00007fff4bdba000 	/System/Library/PrivateFrameworks/CommonUtilities.framework/Versions/A/CommonUtilities
0x00007fff4a2df000 	/System/Library/PrivateFrameworks/Bom.framework/Versions/A/Bom
0x00007fff6ba8b000 	/usr/lib/libAudioToolboxUtility.dylib
0x00007fff4a0af000 	/System/Library/PrivateFrameworks/Backup.framework/Versions/A/Backup
0x00007fff4ee8c000 	/System/Library/PrivateFrameworks/CrashReporterSupport.framework/Versions/A/CrashReporterSupport
0x00007fff62d31000 	/System/Library/PrivateFrameworks/Sharing.framework/Versions/A/Sharing
0x00007fff485f3000 	/System/Library/PrivateFrameworks/Apple80211.framework/Versions/A/Apple80211
0x00007fff49dcc000 	/System/Library/PrivateFrameworks/AuthKit.framework/Versions/A/AuthKit
0x00007fff4eb99000 	/System/Library/PrivateFrameworks/CoreUtils.framework/Versions/A/CoreUtils
0x00007fff36fe8000 	/System/Library/Frameworks/CoreWLAN.framework/Versions/A/CoreWLAN
0x00007fff37c0c000 	/System/Library/Frameworks/IOBluetooth.framework/Versions/A/IOBluetooth
0x00007fff5be6b000 	/System/Library/PrivateFrameworks/MobileKeyBag.framework/Versions/A/MobileKeyBag
0x00007fff4d99e000 	/System/Library/PrivateFrameworks/CorePhoneNumbers.framework/Versions/A/CorePhoneNumbers
0x00007fff489e3000 	/System/Library/PrivateFrameworks/AppleIDAuthSupport.framework/Versions/A/AppleIDAuthSupport
0x00007fff3b940000 	/System/Library/Frameworks/Network.framework/Versions/A/Network
0x00007fff5a539000 	/System/Library/PrivateFrameworks/KeychainCircle.framework/Versions/A/KeychainCircle
0x00007fff34a39000 	/System/Library/Frameworks/CoreBluetooth.framework/Versions/A/CoreBluetooth
0x00007fff64db0000 	/System/Library/PrivateFrameworks/SpeechRecognitionCore.framework/Versions/A/SpeechRecognitionCore
0x00007fff2805b000 	/System/Library/CoreServices/Encodings/libSimplifiedChineseConverter.dylib
0x0000000108600000 	/usr/local/Cellar/openjdk/14.0.1/libexec/openjdk.jdk/Contents/Home/lib/server/libjvm.dylib
0x0000000107d2a000 	/usr/local/Cellar/openjdk/14.0.1/libexec/openjdk.jdk/Contents/Home/lib/libjimage.dylib
0x0000000107d7c000 	/usr/local/Cellar/openjdk/14.0.1/libexec/openjdk.jdk/Contents/Home/lib/libjava.dylib
0x0000000107da1000 	/usr/local/Cellar/openjdk/14.0.1/libexec/openjdk.jdk/Contents/Home/lib/libzip.dylib
0x00000001154b6000 	/usr/local/Cellar/openjdk/14.0.1/libexec/openjdk.jdk/Contents/Home/lib/libnio.dylib
0x00000001154c6000 	/usr/local/Cellar/openjdk/14.0.1/libexec/openjdk.jdk/Contents/Home/lib/libnet.dylib
0x00000001154db000 	/usr/local/Cellar/openjdk/14.0.1/libexec/openjdk.jdk/Contents/Home/lib/libverify.dylib
0x00000001154e6000 	/usr/local/Cellar/openjdk/14.0.1/libexec/openjdk.jdk/Contents/Home/lib/libmanagement.dylib
0x00000001154ec000 	/usr/local/Cellar/openjdk/14.0.1/libexec/openjdk.jdk/Contents/Home/lib/libmanagement_ext.dylib
0x00000001156f3000 	/usr/local/Cellar/openjdk/14.0.1/libexec/openjdk.jdk/Contents/Home/lib/libextnet.dylib
0x00000001156f7000 	/usr/local/Cellar/openjdk/14.0.1/libexec/openjdk.jdk/Contents/Home/lib/libsunec.dylib


VM Arguments:
jvm_args: -XX:TieredStopAtLevel=1 
java_command: com.utudo.hwwd.HwwdApplication
java_class_path (initial): /Library/WebServer/Documents/hwwd/target/classes:/Users/yeliang/.m2/repository/org/codehaus/groovy/groovy/3.0.6/groovy-3.0.6.pom:/Users/yeliang/.m2/repository/org/springframework/boot/spring-boot-starter/2.3.4.RELEASE/spring-boot-starter-2.3.4.RELEASE.jar:/Users/yeliang/.m2/repository/org/springframework/boot/spring-boot/2.3.4.RELEASE/spring-boot-2.3.4.RELEASE.jar:/Users/yeliang/.m2/repository/org/springframework/spring-context/5.2.9.RELEASE/spring-context-5.2.9.RELEASE.jar:/Users/yeliang/.m2/repository/org/springframework/boot/spring-boot-autoconfigure/2.3.4.RELEASE/spring-boot-autoconfigure-2.3.4.RELEASE.jar:/Users/yeliang/.m2/repository/org/springframework/boot/spring-boot-starter-logging/2.3.4.RELEASE/spring-boot-starter-logging-2.3.4.RELEASE.jar:/Users/yeliang/.m2/repository/ch/qos/logback/logback-classic/1.2.3/logback-classic-1.2.3.jar:/Users/yeliang/.m2/repository/ch/qos/logback/logback-core/1.2.3/logback-core-1.2.3.jar:/Users/yeliang/.m2/repository/org/apache/logging/log4j/log4j-to-slf4j/2.13.3/log4j-to-slf4j-2.13.3.jar:/Users/yeliang/.m2/repository/org/apache/logging/log4j/log4j-api/2.13.3/log4j-api-2.13.3.jar:/Users/yeliang/.m2/repository/org/slf4j/jul-to-slf4j/1.7.30/jul-to-slf4j-1.7.30.jar:/Users/yeliang/.m2/repository/jakarta/annotation/jakarta.annotation-api/1.3.5/jakarta.annotation-api-1.3.5.jar:/Users/yeliang/.m2/repository/org/springframework/spring-core/5.2.9.RELEASE/spring-core-5.2.9.RELEASE.jar:/Users/yeliang/.m2/repository/org/springframework/spring-jcl/5.2.9.RELEASE/spring-jcl-5.2.9.RELEASE.jar:/Users/yeliang/.m2/repository/org/yaml/snakeyaml/1.26/snakeyaml-1.26.jar:/Users/yeliang/.m2/repository/org/springframework/spring-web/5.2.9.RELEASE/spring-web-5.2.9.RELEASE.jar:/Users/yeliang/.m2/repository/org/springframework/spring-beans/5.2.9.RELEASE/spring-beans-5.2.9.RELEASE.jar:/Users/yeliang/.m2/repository/org/springframework/boot/spring-boot-starter-web/2.3.4.RELEASE/spring-boot-starter-web-2.3.4.RELEASE.jar:/Users/ye
Launcher Type: SUN_STANDARD

[Global flags]
     intx CICompilerCount                          = 3                                         {product} {ergonomic}
     uint ConcGCThreads                            = 1                                         {product} {ergonomic}
     uint G1ConcRefinementThreads                  = 4                                         {product} {ergonomic}
   size_t G1HeapRegionSize                         = 1048576                                   {product} {ergonomic}
    uintx GCDrainStackTargetSize                   = 64                                        {product} {ergonomic}
   size_t InitialHeapSize                          = 134217728                                 {product} {ergonomic}
   size_t MarkStackSize                            = 4194304                                   {product} {ergonomic}
   size_t MaxHeapSize                              = 2147483648                                {product} {ergonomic}
   size_t MaxNewSize                               = 1287651328                                {product} {ergonomic}
   size_t MinHeapDeltaBytes                        = 1048576                                   {product} {ergonomic}
   size_t MinHeapSize                              = 8388608                                   {product} {ergonomic}
    uintx NonNMethodCodeHeapSize                   = 6973028                                {pd product} {ergonomic}
    uintx NonProfiledCodeHeapSize                  = 244685212                              {pd product} {ergonomic}
    uintx ProfiledCodeHeapSize                     = 0                                      {pd product} {ergonomic}
    uintx ReservedCodeCacheSize                    = 251658240                              {pd product} {ergonomic}
     bool SegmentedCodeCache                       = true                                      {product} {ergonomic}
   size_t SoftMaxHeapSize                          = 2147483648                             {manageable} {ergonomic}
     intx TieredStopAtLevel                        = 1                                         {product} {command line}
     bool UseCompressedClassPointers               = true                                 {lp64_product} {ergonomic}
     bool UseCompressedOops                        = true                                 {lp64_product} {ergonomic}
     bool UseG1GC                                  = true                                      {product} {ergonomic}

Logging:
Log output configuration:
 #0: stdout all=warning uptime,level,tags
 #1: stderr all=off uptime,level,tags

Environment Variables:
JAVA_HOME=/usr/local/opt/openjdk/libexec/openjdk.jdk/Contents/Home
PATH=/usr/local/bin:/usr/bin:/bin:/usr/sbin:/sbin
SHELL=/bin/bash

Signal Handlers:
SIGSEGV: [libjvm.dylib+0x7c0dee], sa_mask[0]=11111111011111110111111111111111, sa_flags=SA_ONSTACK|SA_RESTART|SA_SIGINFO
SIGBUS: [libjvm.dylib+0x7c0dee], sa_mask[0]=11111111011111110111111111111111, sa_flags=SA_RESTART|SA_SIGINFO
SIGFPE: [libjvm.dylib+0x7c0dee], sa_mask[0]=11111111011111110111111111111111, sa_flags=SA_RESTART|SA_SIGINFO
SIGPIPE: [libjvm.dylib+0x5fd565], sa_mask[0]=11111111011111110111111111111111, sa_flags=SA_RESTART|SA_SIGINFO
SIGXFSZ: [libjvm.dylib+0x5fd565], sa_mask[0]=11111111011111110111111111111111, sa_flags=SA_RESTART|SA_SIGINFO
SIGILL: [libjvm.dylib+0x7c0dee], sa_mask[0]=11111111011111110111111111111111, sa_flags=SA_RESTART|SA_SIGINFO
SIGUSR2: [libjvm.dylib+0x5fdb37], sa_mask[0]=00100000000000000000000000000000, sa_flags=SA_RESTART|SA_SIGINFO
SIGHUP: [libjvm.dylib+0x5fcb99], sa_mask[0]=11111111011111110111111111111111, sa_flags=SA_RESTART|SA_SIGINFO
SIGINT: [libjvm.dylib+0x5fcb99], sa_mask[0]=11111111011111110111111111111111, sa_flags=SA_RESTART|SA_SIGINFO
SIGTERM: [libjvm.dylib+0x5fcb99], sa_mask[0]=11111111011111110111111111111111, sa_flags=SA_RESTART|SA_SIGINFO
SIGQUIT: [libjvm.dylib+0x5fcb99], sa_mask[0]=11111111011111110111111111111111, sa_flags=SA_RESTART|SA_SIGINFO


---------------  S Y S T E M  ---------------

OS:uname:Darwin 19.6.0 Darwin Kernel Version 19.6.0: Mon Aug 31 22:12:52 PDT 2020; root:xnu-6153.141.2~1/RELEASE_X86_64 x86_64
OS uptime: 3 days 23:54 hours
rlimit: STACK 8192k, CORE 0k, NPROC 1392, NOFILE 10240, AS infinity, DATA infinity, FSIZE infinity
load average:5.41 7.15 7.38

CPU:total 4 (initial active 4) (2 cores per cpu, 2 threads per core) family 6 model 61 stepping 4, cmov, cx8, fxsr, mmx, sse, sse2, sse3, ssse3, sse4.1, sse4.2, popcnt, avx, avx2, aes, clmul, erms, 3dnowpref, lzcnt, ht, tsc, tscinvbit, bmi1, bmi2, adx, fma

Memory: 4k page, physical 8388608k(109484k free), swap 3145728k(957952k free)

vm_info: OpenJDK 64-Bit Server VM (14.0.1+14) for bsd-amd64 JRE (14.0.1+14), built on Jun 30 2020 21:32:48 by "brew" with clang 4.2.1 Compatible Apple LLVM 10.0.0 (clang-1000.11.45.5)

END.
