#
# A fatal error has been detected by the Java Runtime Environment:
#
#  SIGSEGV (0xb) at pc=0x0000000107edaae2, pid=30111, tid=25091
#
# JRE version: OpenJDK Runtime Environment (14.0.1+14) (build 14.0.1+14)
# Java VM: OpenJDK 64-Bit Server VM (14.0.1+14, mixed mode, sharing, tiered, compressed oops, g1 gc, bsd-amd64)
# Problematic frame:
# V  [libjvm.dylib+0x2daae2]  G1ParScanThreadState::copy_to_survivor_space(G1HeapRegionAttr, oopDesc*, markWord)+0x5c
#
# No core dump will be written. Core dumps have been disabled. To enable core dumping, try "ulimit -c unlimited" before starting Java again
#
# If you would like to submit a bug report, please visit:
#   https://bugreport.java.com/bugreport/crash.jsp
#

---------------  S U M M A R Y ------------

Command Line: -XX:TieredStopAtLevel=1 com.utudo.hwwd.HwwdApplication

Host: MacBookAir7,2 x86_64 1600 MHz, 4 cores, 8G, Darwin 19.6.0
Time: Tue Feb 23 17:08:06 2021 CET elapsed time: 8 seconds (0d 0h 0m 8s)

---------------  T H R E A D  ---------------

Current thread (0x00007fc9b2af8800):  GCTaskThread "GC Thread#2" [stack: 0x000070000ed35000,0x000070000ee35000] [id=25091]

Stack: [0x000070000ed35000,0x000070000ee35000],  sp=0x000070000ee34a80,  free space=1022k
Native frames: (J=compiled Java code, A=aot compiled Java code, j=interpreted, Vv=VM code, C=native code)
V  [libjvm.dylib+0x2daae2]  G1ParScanThreadState::copy_to_survivor_space(G1HeapRegionAttr, oopDesc*, markWord)+0x5c
V  [libjvm.dylib+0x2af002]  void G1ParScanThreadState::do_oop_evac<unsigned int>(unsigned int*)+0x92
V  [libjvm.dylib+0x2d90e8]  G1ParScanThreadState::trim_queue_to_threshold(unsigned int)+0x1a4
V  [libjvm.dylib+0x2e318b]  G1ScanHRForRegionClosure::scan_memregion(unsigned int, MemRegion)+0xb1
V  [libjvm.dylib+0x2e30cc]  G1ScanHRForRegionClosure::do_claimed_block(unsigned int, unsigned long, unsigned long)+0x5e
V  [libjvm.dylib+0x2e2e09]  G1ScanHRForRegionClosure::scan_heap_roots(HeapRegion*)+0x169
V  [libjvm.dylib+0x2e2c8a]  G1ScanHRForRegionClosure::do_heap_region(HeapRegion*)+0x54
V  [libjvm.dylib+0x2e1bd0]  G1RemSetScanState::iterate_dirty_regions_from(HeapRegionClosure*, unsigned int)+0x70
V  [libjvm.dylib+0x2e1ac6]  G1RemSet::scan_heap_roots(G1ParScanThreadState*, unsigned int, G1GCPhaseTimes::GCParPhases, G1GCPhaseTimes::GCParPhases)+0xa2
V  [libjvm.dylib+0x2afbaf]  G1EvacuateRegionsTask::scan_roots(G1ParScanThreadState*, unsigned int)+0x3d
V  [libjvm.dylib+0x2afaba]  G1EvacuateRegionsBaseTask::work(unsigned int)+0x88
V  [libjvm.dylib+0x7e948d]  GangWorker::loop()+0x43
V  [libjvm.dylib+0x767f93]  Thread::call_run()+0x71
V  [libjvm.dylib+0x5fb972]  thread_native_entry(Thread*)+0x129
C  [libsystem_pthread.dylib+0x6109]  _pthread_start+0x94
C  [libsystem_pthread.dylib+0x1b8b]  thread_start+0xf


siginfo: si_signo: 11 (SIGSEGV), si_code: 1 (SEGV_MAPERR), si_addr: 0x00000000105000fa

Register to memory mapping:

RAX=0x0000000010500002 is an unknown value
RBX=0x00007fc9b0ed0580 points into unknown readable memory: c0 b1 56 08 01 00 00 00
RCX=0x0000000000000003 is an unknown value
RDX=0x000000078306c101 is pointing into object: java.lang.Package$VersionInfo 
{0x000000078306c0f0} - klass: 'java/lang/Package$VersionInfo'
RSP=0x000070000ee34a80 points into unknown readable memory: 48 ef 62 80 07 00 00 00
RBP=0x000070000ee34af0 points into unknown readable memory: 20 4b e3 0e 00 70 00 00
RSI=
[error occurred during error reporting (printing register info), id 0xb, SIGSEGV (0xb) at pc=0x0000000107ee3e3d]

Registers:
RAX=0x0000000010500002, RBX=0x00007fc9b0ed0580, RCX=0x0000000000000003, RDX=0x000000078306c101
RSP=0x000070000ee34a80, RBP=0x000070000ee34af0, RSI=0x000000078306c138, RDI=0x0000000800224f28
R8 =0x0000000000000003, R9 =0x000000078355cd98, R10=0x0000000108590918, R11=0x0000000000483370
R12=0x000000000000000d, R13=0x000000000001ffff, R14=0x0000000000000001, R15=0x000000078306c138
RIP=0x0000000107edaae2, EFLAGS=0x0000000000010202, ERR=0x0000000000000004
  TRAPNO=0x000000000000000e

Top of Stack: (sp=0x000070000ee34a80)
0x000070000ee34a80:   000000078062ef48 00007fc9b0d185b0
0x000070000ee34a90:   0000000000000000 0000000180635999
0x000070000ee34aa0:   00007fc9b0ed0580 000000078306c118
0x000070000ee34ab0:   0000000000000009 0000000000000004
0x000070000ee34ac0:   0001000780635e88 0000000000000003
0x000070000ee34ad0:   0000000108590908 000000000001ffff
0x000070000ee34ae0:   00007fc9b0ed0580 00000007834ac4ac
0x000070000ee34af0:   000070000ee34b20 0000000107eaf002
0x000070000ee34b00:   00007fc9b0ed0580 000000000001ffff
0x000070000ee34b10:   0000000000000040 00007fc9b0ed0580
0x000070000ee34b20:   000070000ee34b70 0000000107ed90e8
0x000070000ee34b30:   000070000ee34b40 00000007834ac4ad
0x000070000ee34b40:   000070000ee34b50 00000001081fbe0d
0x000070000ee34b50:   00007fc9b0ed0580 00000001fc285648
0x000070000ee34b60:   0000000780636420 000000032ab91a1e
0x000070000ee34b70:   000070000ee34bd0 0000000107ee318b
0x000070000ee34b80:   000170000ee34b90 000000010856b488
0x000070000ee34b90:   0000000000000000 00007fc9b100f200
0x000070000ee34ba0:   00007fc9b0ed0580 000070000ee34d78
0x000070000ee34bb0:   00000000000000b2 000070000ee34d78
0x000070000ee34bc0:   0000000000000002 000070000ee34c60
0x000070000ee34bd0:   000070000ee34bf0 0000000107ee30cc
0x000070000ee34be0:   00000000000031b0 0000000000000002
0x000070000ee34bf0:   000070000ee34cc0 0000000107ee2e09
0x000070000ee34c00:   000000010856a9b0 00007fc9b0dcd670
0x000070000ee34c10:   00007fc9b0c2c200 00007fc9b0c2c470
0x000070000ee34c20:   00007fc9b0c2c5e8 00000000000003d8
0x000070000ee34c30:   0000000000000000 0000000000000000
0x000070000ee34c40:   00007fc9b0c0e000 00007fc9b0ed0580
0x000070000ee34c50:   000070000ee34c60 00000001081fbe2b
0x000070000ee34c60:   0000000109034100 00000001090341b3
0x000070000ee34c70:   0000000109034200 0000000000003100 

Instructions: (pc=0x0000000107edaae2)
0x0000000107eda9e2:   00 00 84 c0 48 0f be c0 4d 8b 5c c3 10 4b 8d 04
0x0000000107eda9f2:   d3 49 0f 45 c3 49 89 ca 4c 8b 18 4d 39 4b 28 76
0x0000000107edaa02:   04 31 c0 eb 07 4d 39 4b 40 0f 97 c0 48 8b 4f 08
0x0000000107edaa12:   48 8b b9 d0 02 00 00 48 8d 0d e1 3e 71 00 80 39
0x0000000107edaa22:   00 74 16 8b 52 08 4c 8d 0d e9 5e 6b 00 41 8a 49
0x0000000107edaa32:   08 48 d3 e2 49 03 11 eb 04 48 8b 52 08 49 c1 e2
0x0000000107edaa42:   03 84 c0 74 23 31 c0 40 80 fe 01 0f 94 c0 4d 8b
0x0000000107edaa52:   4b 20 49 c1 e1 03 48 89 d6 4c 89 d2 44 89 c1 41
0x0000000107edaa62:   89 c0 5d e9 9c d1 01 00 31 c0 40 80 fe 01 0f 94
0x0000000107edaa72:   c0 48 89 d6 4c 89 d2 44 89 c1 41 89 c0 5d e9 8b
0x0000000107edaa82:   d1 01 00 90 55 48 89 e5 41 57 41 56 41 55 41 54
0x0000000107edaa92:   53 48 83 ec 48 49 89 cc 49 89 d7 41 89 f6 48 89
0x0000000107edaaa2:   fb 48 8d 05 57 3e 71 00 8a 10 84 d2 74 16 41 8b
0x0000000107edaab2:   7f 08 48 8d 05 5d 5e 6b 00 8a 48 08 48 d3 e7 48
0x0000000107edaac2:   03 38 eb 04 49 8b 7f 08 8b 47 08 85 c0 7e 09 a8
0x0000000107edaad2:   01 75 07 c1 e8 03 eb 46 78 0e 48 8b 07 4c 89 fe
0x0000000107edaae2:   ff 90 f8 00 00 00 eb 36 31 c9 84 d2 0f 94 c1 49
0x0000000107edaaf2:   63 54 8f 0c 89 c1 48 d3 e2 c1 e8 10 0f b6 c8 48
0x0000000107edab02:   01 d1 48 8d 05 f9 79 6b 00 48 63 00 48 8d 4c 08
0x0000000107edab12:   ff 48 ff c8 48 f7 d0 48 21 c8 48 c1 e8 03 41 0f
0x0000000107edab22:   b7 f6 45 31 ed 81 fe ff 00 00 00 77 24 4d 89 e5
0x0000000107edab32:   41 f6 c4 01 75 0a 4c 89 e1 48 83 e1 fd 4c 8b 29
0x0000000107edab42:   41 c1 ed 03 41 83 e5 0f 44 3b ab 9c 01 00 00 72
0x0000000107edab52:   11 41 c1 ee 08 49 0f be ce 44 0f b7 b4 4b 98 01
0x0000000107edab62:   00 00 66 44 89 75 d6 44 89 f2 c1 ea 08 80 bb 08
0x0000000107edab72:   02 00 00 00 74 1b 80 fa 01 75 16 48 89 df 4c 89
0x0000000107edab82:   fe 4c 89 e2 e8 e3 03 00 00 49 89 c4 e9 b8 03 00
0x0000000107edab92:   00 89 75 ac 4c 89 65 c0 4c 63 c0 48 8b 43 08 48
0x0000000107edaba2:   89 5d b0 48 8b b3 90 00 00 00 48 8b 80 00 01 00
0x0000000107edabb2:   00 8a 48 68 4c 89 7d b8 49 d3 ef 48 8b 40 58 4a
0x0000000107edabc2:   8b 3c f8 8b 8f 10 01 00 00 84 d2 48 0f be c2 48
0x0000000107edabd2:   8b 44 c6 10 48 89 4d a0 48 8d 0c c8 48 0f 45 c8 


Stack slot to memory mapping:
stack at sp + 0 slots: 0x000000078062ef48 is an oop: java.lang.ref.SoftReference 
{0x000000078062ef48} - klass: 'java/lang/ref/SoftReference'
stack at sp + 1 slots: 0x00007fc9b0d185b0 points into unknown readable memory: 00 00 00 83 07 00 00 00
stack at sp + 2 slots: 0x0 is NULL
stack at sp + 3 slots: 0x0000000180635999 is an unknown value
stack at sp + 4 slots: 0x00007fc9b0ed0580 points into unknown readable memory: c0 b1 56 08 01 00 00 00
stack at sp + 5 slots: 0x000000078306c118 is an oop: java.util.concurrent.ConcurrentHashMap$Node 
{0x000000078306c118} - klass: 'java/util/concurrent/ConcurrentHashMap$Node'
stack at sp + 6 slots: 0x0000000000000009 is an unknown value
stack at sp + 7 slots: 0x0000000000000004 is an unknown value


---------------  P R O C E S S  ---------------

Threads class SMR info:
_java_thread_list=0x00007fc9b0ecff10, length=12, elements={
0x00007fc9b2809000, 0x00007fc9b1058000, 0x00007fc9b105b000, 0x00007fc9b1060000,
0x00007fc9b287f800, 0x00007fc9b287e000, 0x00007fc9b2881800, 0x00007fc9b2884800,
0x00007fc9b1811800, 0x00007fc9b2b24000, 0x00007fc9b13a5000, 0x00007fc9b11d9800
}

Java Threads: ( => current thread )
  0x00007fc9b2809000 JavaThread "main" [_thread_blocked, id=5891, stack(0x000070000dafc000,0x000070000dbfc000)]
  0x00007fc9b1058000 JavaThread "Reference Handler" daemon [_thread_blocked, id=14851, stack(0x000070000e211000,0x000070000e311000)]
  0x00007fc9b105b000 JavaThread "Finalizer" daemon [_thread_blocked, id=17667, stack(0x000070000e314000,0x000070000e414000)]
  0x00007fc9b1060000 JavaThread "Signal Dispatcher" daemon [_thread_blocked, id=22019, stack(0x000070000e51d000,0x000070000e61d000)]
  0x00007fc9b287f800 JavaThread "Service Thread" daemon [_thread_blocked, id=22531, stack(0x000070000e620000,0x000070000e720000)]
  0x00007fc9b287e000 JavaThread "C1 CompilerThread0" daemon [_thread_blocked, id=23043, stack(0x000070000e723000,0x000070000e823000)]
  0x00007fc9b2881800 JavaThread "Sweeper thread" daemon [_thread_blocked, id=42243, stack(0x000070000e826000,0x000070000e926000)]
  0x00007fc9b2884800 JavaThread "Notification Thread" daemon [_thread_blocked, id=41731, stack(0x000070000e929000,0x000070000ea29000)]
  0x00007fc9b1811800 JavaThread "Common-Cleaner" daemon [_thread_blocked, id=41219, stack(0x000070000eb2f000,0x000070000ec2f000)]
  0x00007fc9b2b24000 JavaThread "Thread-0" [_thread_blocked, id=25603, stack(0x000070000ee38000,0x000070000ef38000)]
  0x00007fc9b13a5000 JavaThread "restartedMain" [_thread_blocked, id=25859, stack(0x000070000ef3b000,0x000070000f03b000)]
  0x00007fc9b11d9800 JavaThread "Thread-7" [_thread_blocked, id=27155, stack(0x000070000f141000,0x000070000f241000)]

Other Threads:
  0x00007fc9b1057000 VMThread "VM Thread" [stack: 0x000070000e10e000,0x000070000e20e000] [id=14339]
  0x00007fc9b1808800 WatcherThread [stack: 0x000070000ea2c000,0x000070000eb2c000] [id=24067]
  0x00007fc9b1033800 GCTaskThread "GC Thread#0" [stack: 0x000070000dbff000,0x000070000dcff000] [id=12291]
  0x00007fc9b2afc000 GCTaskThread "GC Thread#1" [stack: 0x000070000ec32000,0x000070000ed32000] [id=24835]
=>0x00007fc9b2af8800 GCTaskThread "GC Thread#2" [stack: 0x000070000ed35000,0x000070000ee35000] [id=25091]
  0x00007fc9b386b000 GCTaskThread "GC Thread#3" [stack: 0x000070000f03e000,0x000070000f13e000] [id=26375]
  0x00007fc9b1044800 ConcurrentGCThread "G1 Main Marker" [stack: 0x000070000dd02000,0x000070000de02000] [id=12803]
  0x00007fc9b2809800 ConcurrentGCThread "G1 Conc#0" [stack: 0x000070000de05000,0x000070000df05000] [id=13315]
  0x00007fc9b2862800 ConcurrentGCThread "G1 Refine#0" [stack: 0x000070000df08000,0x000070000e008000] [id=13571]
  0x00007fc9b2863000 ConcurrentGCThread "G1 Young RemSet Sampling" [stack: 0x000070000e00b000,0x000070000e10b000] [id=14083]

Threads with active compile tasks:

VM state:at safepoint (normal execution)

VM Mutex/Monitor currently owned by a thread:  ([mutex/lock_event])
[0x00007fc9b0e12430] Threads_lock - owner thread: 0x00007fc9b1057000
[0x00007fc9b0e130f0] Heap_lock - owner thread: 0x00007fc9b11d9800

Heap address: 0x0000000780000000, size: 2048 MB, Compressed Oops mode: Zero based, Oop shift amount: 3
Narrow klass base: 0x0000000800000000, Narrow klass shift: 3
Compressed class space size: 1073741824 Address: 0x0000000800b19000

Heap:
 garbage-first heap   total 133120K, used 86231K [0x0000000780000000, 0x0000000800000000)
  region size 1024K, 78 young (79872K), 7 survivors (7168K)
 Metaspace       used 17608K, capacity 18902K, committed 19200K, reserved 1067008K
  class space    used 2303K, capacity 2472K, committed 2560K, reserved 1048576K
Heap Regions: E=young(eden), S=young(survivor), O=old, HS=humongous(starts), HC=humongous(continues), CS=collection set, F=free, OA=open archive, CA=closed archive, TAMS=top-at-mark-start (previous, next)
|   0|0x0000000780000000, 0x0000000780100000, 0x0000000780100000|100%|HS|  |TAMS 0x0000000780000000, 0x0000000780000000| Complete 
|   1|0x0000000780100000, 0x0000000780200000, 0x0000000780200000|100%|HS|  |TAMS 0x0000000780100000, 0x0000000780100000| Complete 
|   2|0x0000000780200000, 0x0000000780300000, 0x0000000780300000|100%|HC|  |TAMS 0x0000000780200000, 0x0000000780200000| Complete 
|   3|0x0000000780300000, 0x0000000780400000, 0x0000000780400000|100%| O|  |TAMS 0x0000000780300000, 0x0000000780300000| Untracked 
|   4|0x0000000780400000, 0x0000000780500000, 0x0000000780500000|100%| O|  |TAMS 0x0000000780400000, 0x0000000780400000| Untracked 
|   5|0x0000000780500000, 0x0000000780600000, 0x0000000780600000|100%| O|  |TAMS 0x0000000780500000, 0x0000000780500000| Untracked 
|   6|0x0000000780600000, 0x0000000780700000, 0x0000000780700000|100%| O|  |TAMS 0x0000000780600000, 0x0000000780600000| Untracked 
|   7|0x0000000780700000, 0x0000000780800000, 0x0000000780800000|100%| O|  |TAMS 0x0000000780700000, 0x0000000780700000| Untracked 
|   8|0x0000000780800000, 0x000000078084b800, 0x0000000780900000| 29%| O|  |TAMS 0x0000000780800000, 0x0000000780800000| Untracked 
|   9|0x0000000780900000, 0x0000000780900000, 0x0000000780a00000|  0%| F|  |TAMS 0x0000000780900000, 0x0000000780900000| Untracked 
|  10|0x0000000780a00000, 0x0000000780a00000, 0x0000000780b00000|  0%| F|  |TAMS 0x0000000780a00000, 0x0000000780a00000| Untracked 
|  11|0x0000000780b00000, 0x0000000780b00000, 0x0000000780c00000|  0%| F|  |TAMS 0x0000000780b00000, 0x0000000780b00000| Untracked 
|  12|0x0000000780c00000, 0x0000000780c00000, 0x0000000780d00000|  0%| F|  |TAMS 0x0000000780c00000, 0x0000000780c00000| Untracked 
|  13|0x0000000780d00000, 0x0000000780d00000, 0x0000000780e00000|  0%| F|  |TAMS 0x0000000780d00000, 0x0000000780d00000| Untracked 
|  14|0x0000000780e00000, 0x0000000780e00000, 0x0000000780f00000|  0%| F|  |TAMS 0x0000000780e00000, 0x0000000780e00000| Untracked 
|  15|0x0000000780f00000, 0x0000000780f00000, 0x0000000781000000|  0%| F|  |TAMS 0x0000000780f00000, 0x0000000780f00000| Untracked 
|  16|0x0000000781000000, 0x0000000781000000, 0x0000000781100000|  0%| F|  |TAMS 0x0000000781000000, 0x0000000781000000| Untracked 
|  17|0x0000000781100000, 0x0000000781100000, 0x0000000781200000|  0%| F|  |TAMS 0x0000000781100000, 0x0000000781100000| Untracked 
|  18|0x0000000781200000, 0x0000000781200000, 0x0000000781300000|  0%| F|  |TAMS 0x0000000781200000, 0x0000000781200000| Untracked 
|  19|0x0000000781300000, 0x0000000781300000, 0x0000000781400000|  0%| F|  |TAMS 0x0000000781300000, 0x0000000781300000| Untracked 
|  20|0x0000000781400000, 0x0000000781400000, 0x0000000781500000|  0%| F|  |TAMS 0x0000000781400000, 0x0000000781400000| Untracked 
|  21|0x0000000781500000, 0x0000000781500000, 0x0000000781600000|  0%| F|  |TAMS 0x0000000781500000, 0x0000000781500000| Untracked 
|  22|0x0000000781600000, 0x0000000781600000, 0x0000000781700000|  0%| F|  |TAMS 0x0000000781600000, 0x0000000781600000| Untracked 
|  23|0x0000000781700000, 0x0000000781700000, 0x0000000781800000|  0%| F|  |TAMS 0x0000000781700000, 0x0000000781700000| Untracked 
|  24|0x0000000781800000, 0x0000000781800000, 0x0000000781900000|  0%| F|  |TAMS 0x0000000781800000, 0x0000000781800000| Untracked 
|  25|0x0000000781900000, 0x0000000781900000, 0x0000000781a00000|  0%| F|  |TAMS 0x0000000781900000, 0x0000000781900000| Untracked 
|  26|0x0000000781a00000, 0x0000000781a00000, 0x0000000781b00000|  0%| F|  |TAMS 0x0000000781a00000, 0x0000000781a00000| Untracked 
|  27|0x0000000781b00000, 0x0000000781b00000, 0x0000000781c00000|  0%| F|  |TAMS 0x0000000781b00000, 0x0000000781b00000| Untracked 
|  28|0x0000000781c00000, 0x0000000781c00000, 0x0000000781d00000|  0%| F|  |TAMS 0x0000000781c00000, 0x0000000781c00000| Untracked 
|  29|0x0000000781d00000, 0x0000000781d00000, 0x0000000781e00000|  0%| F|  |TAMS 0x0000000781d00000, 0x0000000781d00000| Untracked 
|  30|0x0000000781e00000, 0x0000000781e00000, 0x0000000781f00000|  0%| F|  |TAMS 0x0000000781e00000, 0x0000000781e00000| Untracked 
|  31|0x0000000781f00000, 0x0000000781f00000, 0x0000000782000000|  0%| F|  |TAMS 0x0000000781f00000, 0x0000000781f00000| Untracked 
|  32|0x0000000782000000, 0x0000000782000000, 0x0000000782100000|  0%| F|  |TAMS 0x0000000782000000, 0x0000000782000000| Untracked 
|  33|0x0000000782100000, 0x0000000782100000, 0x0000000782200000|  0%| F|  |TAMS 0x0000000782100000, 0x0000000782100000| Untracked 
|  34|0x0000000782200000, 0x0000000782200000, 0x0000000782300000|  0%| F|  |TAMS 0x0000000782200000, 0x0000000782200000| Untracked 
|  35|0x0000000782300000, 0x0000000782300000, 0x0000000782400000|  0%| F|  |TAMS 0x0000000782300000, 0x0000000782300000| Untracked 
|  36|0x0000000782400000, 0x0000000782400000, 0x0000000782500000|  0%| F|  |TAMS 0x0000000782400000, 0x0000000782400000| Untracked 
|  37|0x0000000782500000, 0x0000000782500000, 0x0000000782600000|  0%| F|  |TAMS 0x0000000782500000, 0x0000000782500000| Untracked 
|  38|0x0000000782600000, 0x0000000782600000, 0x0000000782700000|  0%| F|  |TAMS 0x0000000782600000, 0x0000000782600000| Untracked 
|  39|0x0000000782700000, 0x0000000782700000, 0x0000000782800000|  0%| F|  |TAMS 0x0000000782700000, 0x0000000782700000| Untracked 
|  40|0x0000000782800000, 0x0000000782800000, 0x0000000782900000|  0%| F|  |TAMS 0x0000000782800000, 0x0000000782800000| Untracked 
|  41|0x0000000782900000, 0x0000000782900000, 0x0000000782a00000|  0%| F|  |TAMS 0x0000000782900000, 0x0000000782900000| Untracked 
|  42|0x0000000782a00000, 0x0000000782a00000, 0x0000000782b00000|  0%| F|  |TAMS 0x0000000782a00000, 0x0000000782a00000| Untracked 
|  43|0x0000000782b00000, 0x0000000782b00000, 0x0000000782c00000|  0%| F|  |TAMS 0x0000000782b00000, 0x0000000782b00000| Untracked 
|  44|0x0000000782c00000, 0x0000000782c00000, 0x0000000782d00000|  0%| F|  |TAMS 0x0000000782c00000, 0x0000000782c00000| Untracked 
|  45|0x0000000782d00000, 0x0000000782d9e710, 0x0000000782e00000| 61%| S|  |TAMS 0x0000000782d00000, 0x0000000782d00000| Complete 
|  46|0x0000000782e00000, 0x0000000782f00000, 0x0000000782f00000|100%| S|  |TAMS 0x0000000782e00000, 0x0000000782e00000| Complete 
|  47|0x0000000782f00000, 0x0000000782f1c4d0, 0x0000000783000000| 11%| E|CS|TAMS 0x0000000782f00000, 0x0000000782f00000| Complete 
|  48|0x0000000783000000, 0x0000000783100000, 0x0000000783100000|100%| E|CS|TAMS 0x0000000783000000, 0x0000000783000000| Complete 
|  49|0x0000000783100000, 0x0000000783200000, 0x0000000783200000|100%| E|CS|TAMS 0x0000000783100000, 0x0000000783100000| Complete 
|  50|0x0000000783200000, 0x0000000783300000, 0x0000000783300000|100%| E|CS|TAMS 0x0000000783200000, 0x0000000783200000| Complete 
|  51|0x0000000783300000, 0x0000000783400000, 0x0000000783400000|100%| E|CS|TAMS 0x0000000783300000, 0x0000000783300000| Complete 
|  52|0x0000000783400000, 0x0000000783500000, 0x0000000783500000|100%| S|  |TAMS 0x0000000783400000, 0x0000000783400000| Complete 
|  53|0x0000000783500000, 0x0000000783600000, 0x0000000783600000|100%| S|  |TAMS 0x0000000783500000, 0x0000000783500000| Complete 
|  54|0x0000000783600000, 0x0000000783700000, 0x0000000783700000|100%| S|  |TAMS 0x0000000783600000, 0x0000000783600000| Complete 
|  55|0x0000000783700000, 0x0000000783800000, 0x0000000783800000|100%| S|  |TAMS 0x0000000783700000, 0x0000000783700000| Complete 
|  56|0x0000000783800000, 0x0000000783900000, 0x0000000783900000|100%| S|  |TAMS 0x0000000783800000, 0x0000000783800000| Complete 
|  57|0x0000000783900000, 0x0000000783a00000, 0x0000000783a00000|100%| E|CS|TAMS 0x0000000783900000, 0x0000000783900000| Complete 
|  58|0x0000000783a00000, 0x0000000783b00000, 0x0000000783b00000|100%| E|CS|TAMS 0x0000000783a00000, 0x0000000783a00000| Complete 
|  59|0x0000000783b00000, 0x0000000783c00000, 0x0000000783c00000|100%| E|CS|TAMS 0x0000000783b00000, 0x0000000783b00000| Complete 
|  60|0x0000000783c00000, 0x0000000783d00000, 0x0000000783d00000|100%| E|CS|TAMS 0x0000000783c00000, 0x0000000783c00000| Complete 
|  61|0x0000000783d00000, 0x0000000783e00000, 0x0000000783e00000|100%| E|CS|TAMS 0x0000000783d00000, 0x0000000783d00000| Complete 
|  62|0x0000000783e00000, 0x0000000783f00000, 0x0000000783f00000|100%| E|CS|TAMS 0x0000000783e00000, 0x0000000783e00000| Complete 
|  63|0x0000000783f00000, 0x0000000784000000, 0x0000000784000000|100%| E|CS|TAMS 0x0000000783f00000, 0x0000000783f00000| Complete 
|  64|0x0000000784000000, 0x0000000784100000, 0x0000000784100000|100%| E|CS|TAMS 0x0000000784000000, 0x0000000784000000| Complete 
|  65|0x0000000784100000, 0x0000000784200000, 0x0000000784200000|100%| E|CS|TAMS 0x0000000784100000, 0x0000000784100000| Complete 
|  66|0x0000000784200000, 0x0000000784300000, 0x0000000784300000|100%| E|CS|TAMS 0x0000000784200000, 0x0000000784200000| Complete 
|  67|0x0000000784300000, 0x0000000784400000, 0x0000000784400000|100%| E|CS|TAMS 0x0000000784300000, 0x0000000784300000| Complete 
|  68|0x0000000784400000, 0x0000000784500000, 0x0000000784500000|100%| E|CS|TAMS 0x0000000784400000, 0x0000000784400000| Complete 
|  69|0x0000000784500000, 0x0000000784600000, 0x0000000784600000|100%| E|CS|TAMS 0x0000000784500000, 0x0000000784500000| Complete 
|  70|0x0000000784600000, 0x0000000784700000, 0x0000000784700000|100%| E|CS|TAMS 0x0000000784600000, 0x0000000784600000| Complete 
|  71|0x0000000784700000, 0x0000000784800000, 0x0000000784800000|100%| E|CS|TAMS 0x0000000784700000, 0x0000000784700000| Complete 
|  72|0x0000000784800000, 0x0000000784900000, 0x0000000784900000|100%| E|CS|TAMS 0x0000000784800000, 0x0000000784800000| Complete 
|  73|0x0000000784900000, 0x0000000784a00000, 0x0000000784a00000|100%| E|CS|TAMS 0x0000000784900000, 0x0000000784900000| Complete 
|  74|0x0000000784a00000, 0x0000000784b00000, 0x0000000784b00000|100%| E|CS|TAMS 0x0000000784a00000, 0x0000000784a00000| Complete 
|  75|0x0000000784b00000, 0x0000000784c00000, 0x0000000784c00000|100%| E|CS|TAMS 0x0000000784b00000, 0x0000000784b00000| Complete 
|  76|0x0000000784c00000, 0x0000000784d00000, 0x0000000784d00000|100%| E|CS|TAMS 0x0000000784c00000, 0x0000000784c00000| Complete 
|  77|0x0000000784d00000, 0x0000000784e00000, 0x0000000784e00000|100%| E|CS|TAMS 0x0000000784d00000, 0x0000000784d00000| Complete 
|  78|0x0000000784e00000, 0x0000000784f00000, 0x0000000784f00000|100%| E|CS|TAMS 0x0000000784e00000, 0x0000000784e00000| Complete 
|  79|0x0000000784f00000, 0x0000000785000000, 0x0000000785000000|100%| E|CS|TAMS 0x0000000784f00000, 0x0000000784f00000| Complete 
|  80|0x0000000785000000, 0x0000000785100000, 0x0000000785100000|100%| E|CS|TAMS 0x0000000785000000, 0x0000000785000000| Complete 
|  81|0x0000000785100000, 0x0000000785200000, 0x0000000785200000|100%| E|CS|TAMS 0x0000000785100000, 0x0000000785100000| Complete 
|  82|0x0000000785200000, 0x0000000785300000, 0x0000000785300000|100%| E|CS|TAMS 0x0000000785200000, 0x0000000785200000| Complete 
|  83|0x0000000785300000, 0x0000000785400000, 0x0000000785400000|100%| E|CS|TAMS 0x0000000785300000, 0x0000000785300000| Complete 
|  84|0x0000000785400000, 0x0000000785500000, 0x0000000785500000|100%| E|CS|TAMS 0x0000000785400000, 0x0000000785400000| Complete 
|  85|0x0000000785500000, 0x0000000785600000, 0x0000000785600000|100%| E|CS|TAMS 0x0000000785500000, 0x0000000785500000| Complete 
|  86|0x0000000785600000, 0x0000000785700000, 0x0000000785700000|100%| E|CS|TAMS 0x0000000785600000, 0x0000000785600000| Complete 
|  87|0x0000000785700000, 0x0000000785800000, 0x0000000785800000|100%| E|CS|TAMS 0x0000000785700000, 0x0000000785700000| Complete 
|  88|0x0000000785800000, 0x0000000785900000, 0x0000000785900000|100%| E|CS|TAMS 0x0000000785800000, 0x0000000785800000| Complete 
|  89|0x0000000785900000, 0x0000000785a00000, 0x0000000785a00000|100%| E|CS|TAMS 0x0000000785900000, 0x0000000785900000| Complete 
|  90|0x0000000785a00000, 0x0000000785b00000, 0x0000000785b00000|100%| E|CS|TAMS 0x0000000785a00000, 0x0000000785a00000| Complete 
|  91|0x0000000785b00000, 0x0000000785c00000, 0x0000000785c00000|100%| E|CS|TAMS 0x0000000785b00000, 0x0000000785b00000| Complete 
|  92|0x0000000785c00000, 0x0000000785d00000, 0x0000000785d00000|100%| E|CS|TAMS 0x0000000785c00000, 0x0000000785c00000| Complete 
|  93|0x0000000785d00000, 0x0000000785e00000, 0x0000000785e00000|100%| E|CS|TAMS 0x0000000785d00000, 0x0000000785d00000| Complete 
|  94|0x0000000785e00000, 0x0000000785f00000, 0x0000000785f00000|100%| E|CS|TAMS 0x0000000785e00000, 0x0000000785e00000| Complete 
|  95|0x0000000785f00000, 0x0000000786000000, 0x0000000786000000|100%| E|CS|TAMS 0x0000000785f00000, 0x0000000785f00000| Complete 
|  96|0x0000000786000000, 0x0000000786100000, 0x0000000786100000|100%| E|CS|TAMS 0x0000000786000000, 0x0000000786000000| Complete 
|  97|0x0000000786100000, 0x0000000786200000, 0x0000000786200000|100%| E|CS|TAMS 0x0000000786100000, 0x0000000786100000| Complete 
|  98|0x0000000786200000, 0x0000000786300000, 0x0000000786300000|100%| E|CS|TAMS 0x0000000786200000, 0x0000000786200000| Complete 
|  99|0x0000000786300000, 0x0000000786400000, 0x0000000786400000|100%| E|CS|TAMS 0x0000000786300000, 0x0000000786300000| Complete 
| 100|0x0000000786400000, 0x0000000786500000, 0x0000000786500000|100%| E|CS|TAMS 0x0000000786400000, 0x0000000786400000| Complete 
| 101|0x0000000786500000, 0x0000000786600000, 0x0000000786600000|100%| E|CS|TAMS 0x0000000786500000, 0x0000000786500000| Complete 
| 102|0x0000000786600000, 0x0000000786700000, 0x0000000786700000|100%| E|CS|TAMS 0x0000000786600000, 0x0000000786600000| Complete 
| 103|0x0000000786700000, 0x0000000786800000, 0x0000000786800000|100%| E|CS|TAMS 0x0000000786700000, 0x0000000786700000| Complete 
| 104|0x0000000786800000, 0x0000000786900000, 0x0000000786900000|100%| E|CS|TAMS 0x0000000786800000, 0x0000000786800000| Complete 
| 105|0x0000000786900000, 0x0000000786a00000, 0x0000000786a00000|100%| E|CS|TAMS 0x0000000786900000, 0x0000000786900000| Complete 
| 106|0x0000000786a00000, 0x0000000786b00000, 0x0000000786b00000|100%| E|CS|TAMS 0x0000000786a00000, 0x0000000786a00000| Complete 
| 107|0x0000000786b00000, 0x0000000786c00000, 0x0000000786c00000|100%| E|CS|TAMS 0x0000000786b00000, 0x0000000786b00000| Complete 
| 108|0x0000000786c00000, 0x0000000786d00000, 0x0000000786d00000|100%| E|CS|TAMS 0x0000000786c00000, 0x0000000786c00000| Complete 
| 109|0x0000000786d00000, 0x0000000786e00000, 0x0000000786e00000|100%| E|CS|TAMS 0x0000000786d00000, 0x0000000786d00000| Complete 
| 110|0x0000000786e00000, 0x0000000786f00000, 0x0000000786f00000|100%| E|CS|TAMS 0x0000000786e00000, 0x0000000786e00000| Complete 
| 111|0x0000000786f00000, 0x0000000787000000, 0x0000000787000000|100%| E|CS|TAMS 0x0000000786f00000, 0x0000000786f00000| Complete 
| 112|0x0000000787000000, 0x0000000787100000, 0x0000000787100000|100%| E|CS|TAMS 0x0000000787000000, 0x0000000787000000| Complete 
| 113|0x0000000787100000, 0x0000000787200000, 0x0000000787200000|100%| E|CS|TAMS 0x0000000787100000, 0x0000000787100000| Complete 
| 114|0x0000000787200000, 0x0000000787300000, 0x0000000787300000|100%| E|CS|TAMS 0x0000000787200000, 0x0000000787200000| Complete 
| 115|0x0000000787300000, 0x0000000787400000, 0x0000000787400000|100%| E|CS|TAMS 0x0000000787300000, 0x0000000787300000| Complete 
| 116|0x0000000787400000, 0x0000000787500000, 0x0000000787500000|100%| E|CS|TAMS 0x0000000787400000, 0x0000000787400000| Complete 
| 117|0x0000000787500000, 0x0000000787600000, 0x0000000787600000|100%| E|CS|TAMS 0x0000000787500000, 0x0000000787500000| Complete 
| 118|0x0000000787600000, 0x0000000787700000, 0x0000000787700000|100%| E|CS|TAMS 0x0000000787600000, 0x0000000787600000| Complete 
| 119|0x0000000787700000, 0x0000000787800000, 0x0000000787800000|100%| E|CS|TAMS 0x0000000787700000, 0x0000000787700000| Complete 
| 120|0x0000000787800000, 0x0000000787900000, 0x0000000787900000|100%| E|CS|TAMS 0x0000000787800000, 0x0000000787800000| Complete 
| 121|0x0000000787900000, 0x0000000787a00000, 0x0000000787a00000|100%| E|CS|TAMS 0x0000000787900000, 0x0000000787900000| Complete 
| 122|0x0000000787a00000, 0x0000000787b00000, 0x0000000787b00000|100%| E|CS|TAMS 0x0000000787a00000, 0x0000000787a00000| Complete 
| 123|0x0000000787b00000, 0x0000000787c00000, 0x0000000787c00000|100%| E|CS|TAMS 0x0000000787b00000, 0x0000000787b00000| Complete 
| 124|0x0000000787c00000, 0x0000000787d00000, 0x0000000787d00000|100%| E|CS|TAMS 0x0000000787c00000, 0x0000000787c00000| Complete 
| 125|0x0000000787d00000, 0x0000000787e00000, 0x0000000787e00000|100%| E|CS|TAMS 0x0000000787d00000, 0x0000000787d00000| Complete 
| 126|0x0000000787e00000, 0x0000000787f00000, 0x0000000787f00000|100%| E|CS|TAMS 0x0000000787e00000, 0x0000000787e00000| Complete 
| 127|0x0000000787f00000, 0x0000000788000000, 0x0000000788000000|100%| E|CS|TAMS 0x0000000787f00000, 0x0000000787f00000| Complete 
|1022|0x00000007bfe00000, 0x00000007bfe52000, 0x00000007bff00000| 32%|OA|  |TAMS 0x00000007bfe00000, 0x00000007bfe00000| Untracked 
|1023|0x00000007bff00000, 0x00000007bff7c000, 0x00000007c0000000| 48%|CA|  |TAMS 0x00000007bff00000, 0x00000007bff00000| Untracked 

Card table byte_map: [0x0000000109031000,0x0000000109431000] _byte_map_base: 0x0000000105431000

Marking Bits (Prev, Next): (CMBitMap*) 0x00007fc9b1033e18, (CMBitMap*) 0x00007fc9b1033e58
 Prev Bits: [0x0000000109831000, 0x000000010b831000)
 Next Bits: [0x000000010b831000, 0x000000010d831000)

Polling page: 0x000000010720e000

Metaspace:

Usage:
  Non-class:     16.04 MB capacity,    14.95 MB ( 93%) used,     1.05 MB (  7%) free+waste,    52.06 KB ( <1%) overhead. 
      Class:      2.41 MB capacity,     2.25 MB ( 93%) used,   141.27 KB (  6%) free+waste,    27.06 KB (  1%) overhead. 
       Both:     18.46 MB capacity,    17.20 MB ( 93%) used,     1.19 MB (  6%) free+waste,    79.12 KB ( <1%) overhead. 

Virtual space:
  Non-class space:       18.00 MB reserved,      16.25 MB ( 90%) committed 
      Class space:        1.00 GB reserved,       2.50 MB ( <1%) committed 
             Both:        1.02 GB reserved,      18.75 MB (  2%) committed 

Chunk freelists:
   Non-Class:  118.00 KB
       Class:  20.00 KB
        Both:  138.00 KB

MaxMetaspaceSize: unlimited
CompressedClassSpaceSize: 1.00 GB

CodeHeap 'non-profiled nmethods': size=238948Kb used=3597Kb max_used=3597Kb free=235350Kb
 bounds [0x0000000119662000, 0x00000001199f2000, 0x0000000127fbb000]
CodeHeap 'non-nmethods': size=6812Kb used=1184Kb max_used=1184Kb free=5627Kb
 bounds [0x0000000118fbb000, 0x000000011922b000, 0x0000000119662000]
 total_blobs=2839 nmethods=2375 adapters=375
 compilation: enabled
              stopped_count=0, restarted_count=0
 full_count=0

Compilation events (20 events):
Event: 8.463 Thread 0x00007fc9b287e000 2366       1       java.util.jar.JarFile::getManEntry (93 bytes)
Event: 8.464 Thread 0x00007fc9b287e000 nmethod 2366 0x00000001199e1a90 code [0x00000001199e1c80, 0x00000001199e2250]
Event: 8.495 Thread 0x00007fc9b287e000 2367       1       java.util.HashMap::remove (26 bytes)
Event: 8.496 Thread 0x00007fc9b287e000 nmethod 2367 0x00000001199e2510 code [0x00000001199e26c0, 0x00000001199e2850]
Event: 8.496 Thread 0x00007fc9b287e000 2368       1       java.util.HashMap::removeNode (291 bytes)
Event: 8.497 Thread 0x00007fc9b287e000 nmethod 2368 0x00000001199e2910 code [0x00000001199e2b20, 0x00000001199e3230]
Event: 8.497 Thread 0x00007fc9b287e000 2372       1       org.springframework.boot.autoconfigure.AutoConfigurationMetadataLoader$PropertiesAutoConfigurationMetadata::getSet (8 bytes)
Event: 8.498 Thread 0x00007fc9b287e000 nmethod 2372 0x00000001199e3610 code [0x00000001199e3820, 0x00000001199e3ce0]
Event: 8.498 Thread 0x00007fc9b287e000 2369       1       java.util.TreeMap::get (19 bytes)
Event: 8.498 Thread 0x00007fc9b287e000 nmethod 2369 0x00000001199e3f90 code [0x00000001199e4120, 0x00000001199e4240]
Event: 8.498 Thread 0x00007fc9b287e000 2370       1       org.springframework.boot.autoconfigure.condition.ConditionEvaluationReport$ConditionAndOutcome::equals (69 bytes)
Event: 8.500 Thread 0x00007fc9b287e000 nmethod 2370 0x00000001199e4310 code [0x00000001199e44c0, 0x00000001199e4730]
Event: 8.500 Thread 0x00007fc9b287e000 2371       1       org.springframework.boot.autoconfigure.condition.ConditionOutcome::equals (66 bytes)
Event: 8.500 Thread 0x00007fc9b287e000 nmethod 2371 0x00000001199e4890 code [0x00000001199e4a20, 0x00000001199e4c40]
Event: 8.500 Thread 0x00007fc9b287e000 2375       1       java.util.WeakHashMap::newTable (5 bytes)
Event: 8.500 Thread 0x00007fc9b287e000 nmethod 2375 0x00000001199e4d10 code [0x00000001199e4ea0, 0x00000001199e5010]
Event: 8.501 Thread 0x00007fc9b287e000 2373       1       java.lang.reflect.Constructor::getModifiers (5 bytes)
Event: 8.501 Thread 0x00007fc9b287e000 nmethod 2373 0x00000001199e5090 code [0x00000001199e5220, 0x00000001199e52f0]
Event: 8.501 Thread 0x00007fc9b287e000 2374       1       java.net.URLConnection::getUseCaches (5 bytes)
Event: 8.501 Thread 0x00007fc9b287e000 nmethod 2374 0x00000001199e5390 code [0x00000001199e5520, 0x00000001199e55f0]

GC Heap History (9 events):
Event: 0.489 GC heap before
{Heap before GC invocations=0 (full 0):
 garbage-first heap   total 133120K, used 16184K [0x0000000780000000, 0x0000000800000000)
  region size 1024K, 13 young (13312K), 0 survivors (0K)
 Metaspace       used 2342K, capacity 5745K, committed 6016K, reserved 1056768K
  class space    used 275K, capacity 553K, committed 640K, reserved 1048576K
}
Event: 0.494 GC heap after
{Heap after GC invocations=1 (full 0):
 garbage-first heap   total 133120K, used 9368K [0x0000000780000000, 0x0000000800000000)
  region size 1024K, 2 young (2048K), 2 survivors (2048K)
 Metaspace       used 2342K, capacity 5745K, committed 6016K, reserved 1056768K
  class space    used 275K, capacity 553K, committed 640K, reserved 1048576K
}
Event: 0.670 GC heap before
{Heap before GC invocations=1 (full 0):
 garbage-first heap   total 133120K, used 20632K [0x0000000780000000, 0x0000000800000000)
  region size 1024K, 14 young (14336K), 2 survivors (2048K)
 Metaspace       used 3789K, capacity 6606K, committed 6912K, reserved 1056768K
  class space    used 476K, capacity 694K, committed 768K, reserved 1048576K
}
Event: 0.674 GC heap after
{Heap after GC invocations=2 (full 0):
 garbage-first heap   total 133120K, used 9798K [0x0000000780000000, 0x0000000800000000)
  region size 1024K, 1 young (1024K), 1 survivors (1024K)
 Metaspace       used 3789K, capacity 6606K, committed 6912K, reserved 1056768K
  class space    used 476K, capacity 694K, committed 768K, reserved 1048576K
}
Event: 0.684 GC heap before
{Heap before GC invocations=2 (full 0):
 garbage-first heap   total 133120K, used 33350K [0x0000000780000000, 0x0000000800000000)
  region size 1024K, 25 young (25600K), 1 survivors (1024K)
 Metaspace       used 3789K, capacity 6606K, committed 6912K, reserved 1056768K
  class space    used 476K, capacity 694K, committed 768K, reserved 1048576K
}
Event: 0.685 GC heap after
{Heap after GC invocations=3 (full 0):
 garbage-first heap   total 133120K, used 9819K [0x0000000780000000, 0x0000000800000000)
  region size 1024K, 1 young (1024K), 1 survivors (1024K)
 Metaspace       used 3789K, capacity 6606K, committed 6912K, reserved 1056768K
  class space    used 476K, capacity 694K, committed 768K, reserved 1048576K
}
Event: 7.725 GC heap before
{Heap before GC invocations=3 (full 0):
 garbage-first heap   total 133120K, used 85595K [0x0000000780000000, 0x0000000800000000)
  region size 1024K, 76 young (77824K), 1 survivors (1024K)
 Metaspace       used 16530K, capacity 17876K, committed 18048K, reserved 1064960K
  class space    used 2180K, capacity 2363K, committed 2432K, reserved 1048576K
}
Event: 7.740 GC heap after
{Heap after GC invocations=4 (full 0):
 garbage-first heap   total 133120K, used 13527K [0x0000000780000000, 0x0000000800000000)
  region size 1024K, 5 young (5120K), 5 survivors (5120K)
 Metaspace       used 16530K, capacity 17876K, committed 18048K, reserved 1064960K
  class space    used 2180K, capacity 2363K, committed 2432K, reserved 1048576K
}
Event: 8.522 GC heap before
{Heap before GC invocations=4 (full 0):
 garbage-first heap   total 133120K, used 85207K [0x0000000780000000, 0x0000000800000000)
  region size 1024K, 76 young (77824K), 5 survivors (5120K)
 Metaspace       used 17608K, capacity 18902K, committed 19200K, reserved 1067008K
  class space    used 2303K, capacity 2472K, committed 2560K, reserved 1048576K
}

Deoptimization events (0 events):
No events

Classes unloaded (0 events):
No events

Classes redefined (0 events):
No events

Internal exceptions (20 events):
Event: 7.087 Thread 0x00007fc9b13a5000 Exception <a 'java/lang/IncompatibleClassChangeError'{0x0000000784043908}: Found class java.lang.Object, but interface was expected> (0x0000000784043908) 
thrown [./src/hotspot/share/interpreter/linkResolver.cpp, line 832]
Event: 7.102 Thread 0x00007fc9b13a5000 Exception <a 'java/lang/ClassNotFoundException'{0x000000078407c148}: groovy/lang/MetaClassImplCustomizer> (0x000000078407c148) 
thrown [./src/hotspot/share/classfile/systemDictionary.cpp, line 226]
Event: 7.110 Thread 0x00007fc9b13a5000 Exception <a 'java/lang/ClassNotFoundException'{0x00000007840b7578}: groovy/lang/ExpandoMetaClassCustomizer> (0x00000007840b7578) 
thrown [./src/hotspot/share/classfile/systemDictionary.cpp, line 226]
Event: 7.162 Thread 0x00007fc9b13a5000 Exception <a 'java/lang/ClassNotFoundException'{0x0000000783e2a5d8}: org/springframework/beans/factory/groovy/GroovyBeanDefinitionReaderBeanInfo> (0x0000000783e2a5d8) 
thrown [./src/hotspot/share/classfile/systemDictionary.cpp, line 226]
Event: 7.162 Thread 0x00007fc9b13a5000 Exception <a 'java/lang/ClassNotFoundException'{0x0000000783e45600}: org/springframework/beans/factory/support/AbstractBeanDefinitionReaderBeanInfo> (0x0000000783e45600) 
thrown [./src/hotspot/share/classfile/systemDictionary.cpp, line 226]
Event: 7.165 Thread 0x00007fc9b13a5000 Exception <a 'java/lang/ClassNotFoundException'{0x0000000783e609f0}: org/springframework/beans/factory/support/AbstractBeanDefinitionReaderCustomizer> (0x0000000783e609f0) 
thrown [./src/hotspot/share/classfile/systemDictionary.cpp, line 226]
Event: 7.171 Thread 0x00007fc9b13a5000 Exception <a 'java/lang/ClassNotFoundException'{0x0000000783e890a8}: org/springframework/beans/factory/groovy/GroovyBeanDefinitionReaderCustomizer> (0x0000000783e890a8) 
thrown [./src/hotspot/share/classfile/systemDictionary.cpp, line 226]
Event: 7.545 Thread 0x00007fc9b13a5000 Exception <a 'java/lang/ClassNotFoundException'{0x0000000783908ff0}: java/lang/ObjectCustomizer> (0x0000000783908ff0) 
thrown [./src/hotspot/share/classfile/systemDictionary.cpp, line 226]
Event: 7.546 Thread 0x00007fc9b13a5000 Exception <a 'java/lang/ClassNotFoundException'{0x0000000783927be0}: org/springframework/context/annotation/ConfigurationClassPostProcessorCustomizer> (0x0000000783927be0) 
thrown [./src/hotspot/share/classfile/systemDictionary.cpp, line 226]
Event: 7.552 Thread 0x00007fc9b13a5000 Exception <a 'java/lang/ClassNotFoundException'{0x000000078395da90}: org/springframework/beans/factory/support/BeanDefinitionRegistryPostProcessorCustomizer> (0x000000078395da90) 
thrown [./src/hotspot/share/classfile/systemDictionary.cpp, line 226]
Event: 7.554 Thread 0x00007fc9b13a5000 Exception <a 'java/lang/ClassNotFoundException'{0x00000007839796e8}: org/springframework/beans/factory/config/BeanFactoryPostProcessorCustomizer> (0x00000007839796e8) 
thrown [./src/hotspot/share/classfile/systemDictionary.cpp, line 226]
Event: 7.555 Thread 0x00007fc9b13a5000 Exception <a 'java/lang/ClassNotFoundException'{0x0000000783990de8}: org/springframework/core/PriorityOrderedCustomizer> (0x0000000783990de8) 
thrown [./src/hotspot/share/classfile/systemDictionary.cpp, line 226]
Event: 7.556 Thread 0x00007fc9b13a5000 Exception <a 'java/lang/ClassNotFoundException'{0x00000007839a56f8}: org/springframework/core/OrderedCustomizer> (0x00000007839a56f8) 
thrown [./src/hotspot/share/classfile/systemDictionary.cpp, line 226]
Event: 7.557 Thread 0x00007fc9b13a5000 Exception <a 'java/lang/ClassNotFoundException'{0x00000007839bd940}: org/springframework/context/ResourceLoaderAwareCustomizer> (0x00000007839bd940) 
thrown [./src/hotspot/share/classfile/systemDictionary.cpp, line 226]
Event: 7.559 Thread 0x00007fc9b13a5000 Exception <a 'java/lang/ClassNotFoundException'{0x00000007839d47b8}: org/springframework/beans/factory/AwareCustomizer> (0x00000007839d47b8) 
thrown [./src/hotspot/share/classfile/systemDictionary.cpp, line 226]
Event: 7.561 Thread 0x00007fc9b13a5000 Exception <a 'java/lang/ClassNotFoundException'{0x00000007839ed238}: org/springframework/beans/factory/BeanClassLoaderAwareCustomizer> (0x00000007839ed238) 
thrown [./src/hotspot/share/classfile/systemDictionary.cpp, line 226]
Event: 7.563 Thread 0x00007fc9b13a5000 Exception <a 'java/lang/ClassNotFoundException'{0x00000007838045e0}: org/springframework/beans/factory/AwareCustomizer> (0x00000007838045e0) 
thrown [./src/hotspot/share/classfile/systemDictionary.cpp, line 226]
Event: 7.563 Thread 0x00007fc9b13a5000 Exception <a 'java/lang/ClassNotFoundException'{0x000000078381b690}: org/springframework/context/EnvironmentAwareCustomizer> (0x000000078381b690) 
thrown [./src/hotspot/share/classfile/systemDictionary.cpp, line 226]
Event: 7.564 Thread 0x00007fc9b13a5000 Exception <a 'java/lang/ClassNotFoundException'{0x0000000783832470}: org/springframework/beans/factory/AwareCustomizer> (0x0000000783832470) 
thrown [./src/hotspot/share/classfile/systemDictionary.cpp, line 226]
Event: 8.069 Thread 0x00007fc9b13a5000 Exception <a 'java/lang/NoSuchMethodError'{0x000000078797c580}: 'int java.lang.invoke.DirectMethodHandle$Holder.invokeSpecialIFC(java.lang.Object, java.lang.Object, java.lang.Object, java.lang.Object)'> (0x000000078797c580) 
thrown [./src/hotspot/share/interpreter/linkResolver.cpp, line 766]

Events (20 events):
Event: 8.397 Executing VM operation: BulkRevokeBias done
Event: 8.398 Thread 0x00007fc9b2a0f000 Thread added: 0x00007fc9b2a0f000
Event: 8.398 Protecting memory [0x000070000f141000,0x000070000f145000] with protection modes 0
Event: 8.423 Protecting memory [0x000070000f141000,0x000070000f145000] with protection modes 3
Event: 8.423 Thread 0x00007fc9b2a0f000 Thread exited: 0x00007fc9b2a0f000
Event: 8.428 Loaded shared library /usr/local/Cellar/openjdk/14.0.1/libexec/openjdk.jdk/Contents/Home/lib/server/libjvm.dylib
Event: 8.433 Loaded shared library /usr/local/Cellar/openjdk/14.0.1/libexec/openjdk.jdk/Contents/Home/lib/libzip.dylib
Event: 8.435 Thread 0x00007fc9b3886800 Thread added: 0x00007fc9b3886800
Event: 8.435 Protecting memory [0x000070000f141000,0x000070000f145000] with protection modes 0
Event: 8.457 Executing VM operation: HandshakeOneThread
Event: 8.457 Executing VM operation: HandshakeOneThread done
Event: 8.457 Protecting memory [0x000070000f141000,0x000070000f145000] with protection modes 3
Event: 8.457 Thread 0x00007fc9b3886800 Thread exited: 0x00007fc9b3886800
Event: 8.465 Thread 0x00007fc9b1945000 Thread added: 0x00007fc9b1945000
Event: 8.465 Protecting memory [0x000070000f141000,0x000070000f145000] with protection modes 0
Event: 8.491 Protecting memory [0x000070000f141000,0x000070000f145000] with protection modes 3
Event: 8.491 Thread 0x00007fc9b1945000 Thread exited: 0x00007fc9b1945000
Event: 8.505 Thread 0x00007fc9b11d9800 Thread added: 0x00007fc9b11d9800
Event: 8.505 Protecting memory [0x000070000f141000,0x000070000f145000] with protection modes 0
Event: 8.520 Executing VM operation: G1CollectForAllocation


Dynamic libraries:
0x00007fff6745a000 	/usr/lib/libz.1.dylib
0x00000001071e9000 	/usr/local/Cellar/openjdk/14.0.1/libexec/openjdk.jdk/Contents/Home/lib/libjli.dylib
0x00007fff2cf74000 	/System/Library/Frameworks/Cocoa.framework/Versions/A/Cocoa
0x00007fff3a77d000 	/System/Library/Frameworks/Security.framework/Versions/A/Security
0x00007fff2bed9000 	/System/Library/Frameworks/ApplicationServices.framework/Versions/A/ApplicationServices
0x00007fff64f1e000 	/usr/lib/libSystem.B.dylib
0x00007fff67d1b000 	/usr/lib/system/libcache.dylib
0x00007fff67d21000 	/usr/lib/system/libcommonCrypto.dylib
0x00007fff67d2d000 	/usr/lib/system/libcompiler_rt.dylib
0x00007fff67d35000 	/usr/lib/system/libcopyfile.dylib
0x00007fff67d3f000 	/usr/lib/system/libcorecrypto.dylib
0x00007fff67ede000 	/usr/lib/system/libdispatch.dylib
0x00007fff67f1f000 	/usr/lib/system/libdyld.dylib
0x00007fff67f56000 	/usr/lib/system/libkeymgr.dylib
0x00007fff67f64000 	/usr/lib/system/liblaunch.dylib
0x00007fff67f65000 	/usr/lib/system/libmacho.dylib
0x00007fff67f6b000 	/usr/lib/system/libquarantine.dylib
0x00007fff67f6e000 	/usr/lib/system/libremovefile.dylib
0x00007fff67f70000 	/usr/lib/system/libsystem_asl.dylib
0x00007fff67f88000 	/usr/lib/system/libsystem_blocks.dylib
0x00007fff67f89000 	/usr/lib/system/libsystem_c.dylib
0x00007fff68011000 	/usr/lib/system/libsystem_configuration.dylib
0x00007fff68015000 	/usr/lib/system/libsystem_coreservices.dylib
0x00007fff68019000 	/usr/lib/system/libsystem_darwin.dylib
0x00007fff68022000 	/usr/lib/system/libsystem_dnssd.dylib
0x00007fff6802a000 	/usr/lib/system/libsystem_featureflags.dylib
0x00007fff6802c000 	/usr/lib/system/libsystem_info.dylib
0x00007fff680a7000 	/usr/lib/system/libsystem_m.dylib
0x00007fff680ef000 	/usr/lib/system/libsystem_malloc.dylib
0x00007fff68117000 	/usr/lib/system/libsystem_networkextension.dylib
0x00007fff68125000 	/usr/lib/system/libsystem_notify.dylib
0x00007fff68143000 	/usr/lib/system/libsystem_sandbox.dylib
0x00007fff68148000 	/usr/lib/system/libsystem_secinit.dylib
0x00007fff6807a000 	/usr/lib/system/libsystem_kernel.dylib
0x00007fff6812f000 	/usr/lib/system/libsystem_platform.dylib
0x00007fff68138000 	/usr/lib/system/libsystem_pthread.dylib
0x00007fff6814b000 	/usr/lib/system/libsystem_symptoms.dylib
0x00007fff68153000 	/usr/lib/system/libsystem_trace.dylib
0x00007fff6816b000 	/usr/lib/system/libunwind.dylib
0x00007fff68171000 	/usr/lib/system/libxpc.dylib
0x00007fff66d7e000 	/usr/lib/libobjc.A.dylib
0x00007fff65257000 	/usr/lib/libc++abi.dylib
0x00007fff65204000 	/usr/lib/libc++.1.dylib
0x00007fff2de16000 	/System/Library/Frameworks/CoreFoundation.framework/Versions/A/CoreFoundation
0x00007fff304d3000 	/System/Library/Frameworks/Foundation.framework/Versions/C/Foundation
0x00007fff2b0c9000 	/System/Library/Frameworks/AppKit.framework/Versions/C/AppKit
0x00007fff2d8f8000 	/System/Library/Frameworks/CoreData.framework/Versions/A/CoreData
0x00007fff5ef19000 	/System/Library/PrivateFrameworks/UIFoundation.framework/Versions/A/UIFoundation
0x00007fff59fad000 	/System/Library/PrivateFrameworks/RemoteViewServices.framework/Versions/A/RemoteViewServices
0x00007fff61a8e000 	/System/Library/PrivateFrameworks/XCTTargetBootstrap.framework/Versions/A/XCTTargetBootstrap
0x00007fff2dce3000 	/System/Library/Frameworks/CoreDisplay.framework/Versions/A/CoreDisplay
0x00007fff3338d000 	/System/Library/Frameworks/Metal.framework/Versions/A/Metal
0x00007fff47f95000 	/System/Library/PrivateFrameworks/DesktopServicesPriv.framework/Versions/A/DesktopServicesPriv
0x00007fff66059000 	/usr/lib/liblangid.dylib
0x00007fff4722a000 	/System/Library/PrivateFrameworks/CoreSVG.framework/Versions/A/CoreSVG
0x00007fff5d109000 	/System/Library/PrivateFrameworks/SkyLight.framework/Versions/A/SkyLight
0x00007fff2e297000 	/System/Library/Frameworks/CoreGraphics.framework/Versions/A/CoreGraphics
0x00007fff29a9d000 	/System/Library/Frameworks/Accelerate.framework/Versions/A/Accelerate
0x00007fff6734b000 	/usr/lib/libxml2.2.dylib
0x00007fff52f37000 	/System/Library/PrivateFrameworks/IconServices.framework/Versions/A/IconServices
0x00007fff30cb2000 	/System/Library/Frameworks/IOSurface.framework/Versions/A/IOSurface
0x00007fff64a48000 	/usr/lib/libDiagnosticMessagesClient.dylib
0x00007fff47def000 	/System/Library/PrivateFrameworks/DFRFoundation.framework/Versions/A/DFRFoundation
0x00007fff65de8000 	/usr/lib/libicucore.A.dylib
0x00007fff2c20b000 	/System/Library/Frameworks/AudioToolbox.framework/Versions/A/AudioToolbox
0x00007fff2c2ee000 	/System/Library/Frameworks/AudioUnit.framework/Versions/A/AudioUnit
0x00007fff65120000 	/usr/lib/libauto.dylib
0x00007fff47e91000 	/System/Library/PrivateFrameworks/DataDetectorsCore.framework/Versions/A/DataDetectorsCore
0x00007fff2ca95000 	/System/Library/Frameworks/Carbon.framework/Versions/A/Frameworks/HIToolbox.framework/Versions/A/HIToolbox
0x00007fff39977000 	/System/Library/Frameworks/QuartzCore.framework/Versions/A/QuartzCore
0x00007fff2cdd4000 	/System/Library/Frameworks/Carbon.framework/Versions/A/Frameworks/SpeechRecognition.framework/Versions/A/SpeechRecognition
0x00007fff47903000 	/System/Library/PrivateFrameworks/CoreUI.framework/Versions/A/CoreUI
0x00007fff2d363000 	/System/Library/Frameworks/CoreAudio.framework/Versions/A/CoreAudio
0x00007fff30192000 	/System/Library/Frameworks/DiskArbitration.framework/Versions/A/DiskArbitration
0x00007fff54f87000 	/System/Library/PrivateFrameworks/MultitouchSupport.framework/Versions/A/MultitouchSupport
0x00007fff65caf000 	/usr/lib/libenergytrace.dylib
0x00007fff30c0c000 	/System/Library/Frameworks/IOKit.framework/Versions/A/IOKit
0x00007fff2f1fe000 	/System/Library/Frameworks/CoreServices.framework/Versions/A/CoreServices
0x00007fff57140000 	/System/Library/PrivateFrameworks/PerformanceAnalysis.framework/Versions/A/PerformanceAnalysis
0x00007fff389aa000 	/System/Library/Frameworks/OpenGL.framework/Versions/A/OpenGL
0x00007fff2cf82000 	/System/Library/Frameworks/ColorSync.framework/Versions/A/ColorSync
0x00007fff2e91a000 	/System/Library/Frameworks/CoreImage.framework/Versions/A/CoreImage
0x00007fff2fc71000 	/System/Library/Frameworks/CoreText.framework/Versions/A/CoreText
0x00007fff30d42000 	/System/Library/Frameworks/ImageIO.framework/Versions/A/ImageIO
0x00007fff65280000 	/usr/lib/libcompression.dylib
0x00007fff64d8c000 	/usr/lib/libMobileGestalt.dylib
0x00007fff5ec83000 	/System/Library/PrivateFrameworks/TextureIO.framework/Versions/A/TextureIO
0x00007fff65083000 	/usr/lib/libate.dylib
0x00007fff53140000 	/System/Library/PrivateFrameworks/InternationalSupport.framework/Versions/A/InternationalSupport
0x00007fff6605b000 	/usr/lib/liblzma.5.dylib
0x00007fff65cd6000 	/usr/lib/libfakelink.dylib
0x00007fff65010000 	/usr/lib/libarchive.2.dylib
0x00007fff3b82e000 	/System/Library/Frameworks/SystemConfiguration.framework/Versions/A/SystemConfiguration
0x00007fff6497b000 	/usr/lib/libCRFSuite.dylib
0x00007fff2c685000 	/System/Library/Frameworks/CFNetwork.framework/Versions/A/CFNetwork
0x00007fff651e6000 	/usr/lib/libbsm.0.dylib
0x00007fff67f57000 	/usr/lib/system/libkxld.dylib
0x00007fff4176b000 	/System/Library/PrivateFrameworks/AppleFSCompression.framework/Versions/A/AppleFSCompression
0x00007fff65571000 	/usr/lib/libcoretls.dylib
0x00007fff65588000 	/usr/lib/libcoretls_cfhelpers.dylib
0x00007fff66dc4000 	/usr/lib/libpam.2.dylib
0x00007fff66ef9000 	/usr/lib/libsqlite3.dylib
0x00007fff67338000 	/usr/lib/libxar.1.dylib
0x00007fff651f7000 	/usr/lib/libbz2.1.0.dylib
0x00007fff65cf7000 	/usr/lib/libiconv.2.dylib
0x00007fff6526d000 	/usr/lib/libcharset.1.dylib
0x00007fff66861000 	/usr/lib/libnetwork.dylib
0x00007fff66dcb000 	/usr/lib/libpcap.A.dylib
0x00007fff64fc5000 	/usr/lib/libapple_nghttp2.dylib
0x00007fff2f5b5000 	/System/Library/Frameworks/CoreServices.framework/Versions/A/Frameworks/FSEvents.framework/Versions/A/FSEvents
0x00007fff2f285000 	/System/Library/Frameworks/CoreServices.framework/Versions/A/Frameworks/CarbonCore.framework/Versions/A/CarbonCore
0x00007fff2f7f9000 	/System/Library/Frameworks/CoreServices.framework/Versions/A/Frameworks/Metadata.framework/Versions/A/Metadata
0x00007fff2f892000 	/System/Library/Frameworks/CoreServices.framework/Versions/A/Frameworks/OSServices.framework/Versions/A/OSServices
0x00007fff2f8c0000 	/System/Library/Frameworks/CoreServices.framework/Versions/A/Frameworks/SearchKit.framework/Versions/A/SearchKit
0x00007fff2f1ff000 	/System/Library/Frameworks/CoreServices.framework/Versions/A/Frameworks/AE.framework/Versions/A/AE
0x00007fff2f5be000 	/System/Library/Frameworks/CoreServices.framework/Versions/A/Frameworks/LaunchServices.framework/Versions/A/LaunchServices
0x00007fff2f567000 	/System/Library/Frameworks/CoreServices.framework/Versions/A/Frameworks/DictionaryServices.framework/Versions/A/DictionaryServices
0x00007fff2f928000 	/System/Library/Frameworks/CoreServices.framework/Versions/A/Frameworks/SharedFileList.framework/Versions/A/SharedFileList
0x00007fff347c9000 	/System/Library/Frameworks/NetFS.framework/Versions/A/NetFS
0x00007fff554b7000 	/System/Library/PrivateFrameworks/NetAuth.framework/Versions/A/NetAuth
0x00007fff61e5b000 	/System/Library/PrivateFrameworks/login.framework/Versions/A/Frameworks/loginsupport.framework/Versions/A/loginsupport
0x00007fff5e74e000 	/System/Library/PrivateFrameworks/TCC.framework/Versions/A/TCC
0x00007fff4639d000 	/System/Library/PrivateFrameworks/CoreNLP.framework/Versions/A/CoreNLP
0x00007fff549b4000 	/System/Library/PrivateFrameworks/MetadataUtilities.framework/Versions/A/MetadataUtilities
0x00007fff66133000 	/usr/lib/libmecabra.dylib
0x00007fff6608b000 	/usr/lib/libmecab.dylib
0x00007fff65ce7000 	/usr/lib/libgermantok.dylib
0x00007fff64fac000 	/usr/lib/libThaiTokenizer.dylib
0x00007fff649b2000 	/usr/lib/libChineseTokenizer.dylib
0x00007fff29ab5000 	/System/Library/Frameworks/Accelerate.framework/Versions/A/Frameworks/vImage.framework/Versions/A/vImage
0x00007fff2af1f000 	/System/Library/Frameworks/Accelerate.framework/Versions/A/Frameworks/vecLib.framework/Versions/A/vecLib
0x00007fff2ae5c000 	/System/Library/Frameworks/Accelerate.framework/Versions/A/Frameworks/vecLib.framework/Versions/A/libvMisc.dylib
0x00007fff2ac84000 	/System/Library/Frameworks/Accelerate.framework/Versions/A/Frameworks/vecLib.framework/Versions/A/libvDSP.dylib
0x00007fff2a10c000 	/System/Library/Frameworks/Accelerate.framework/Versions/A/Frameworks/vecLib.framework/Versions/A/libBLAS.dylib
0x00007fff2a848000 	/System/Library/Frameworks/Accelerate.framework/Versions/A/Frameworks/vecLib.framework/Versions/A/libLAPACK.dylib
0x00007fff2abe4000 	/System/Library/Frameworks/Accelerate.framework/Versions/A/Frameworks/vecLib.framework/Versions/A/libLinearAlgebra.dylib
0x00007fff2ac71000 	/System/Library/Frameworks/Accelerate.framework/Versions/A/Frameworks/vecLib.framework/Versions/A/libSparseBLAS.dylib
0x00007fff2abfa000 	/System/Library/Frameworks/Accelerate.framework/Versions/A/Frameworks/vecLib.framework/Versions/A/libQuadrature.dylib
0x00007fff2a374000 	/System/Library/Frameworks/Accelerate.framework/Versions/A/Frameworks/vecLib.framework/Versions/A/libBNNS.dylib
0x00007fff2ac00000 	/System/Library/Frameworks/Accelerate.framework/Versions/A/Frameworks/vecLib.framework/Versions/A/libSparse.dylib
0x00007fff53528000 	/System/Library/PrivateFrameworks/LanguageModeling.framework/Versions/A/LanguageModeling
0x00007fff45d4d000 	/System/Library/PrivateFrameworks/CoreEmoji.framework/Versions/A/CoreEmoji
0x00007fff53646000 	/System/Library/PrivateFrameworks/LinguisticData.framework/Versions/A/LinguisticData
0x00007fff535f7000 	/System/Library/PrivateFrameworks/Lexicon.framework/Versions/A/Lexicon
0x00007fff6526e000 	/usr/lib/libcmph.dylib
0x00007fff373b8000 	/System/Library/Frameworks/OpenDirectory.framework/Versions/A/Frameworks/CFOpenDirectory.framework/Versions/A/CFOpenDirectory
0x00007fff373d5000 	/System/Library/Frameworks/OpenDirectory.framework/Versions/A/OpenDirectory
0x00007fff3f818000 	/System/Library/PrivateFrameworks/APFS.framework/Versions/A/APFS
0x00007fff3aac7000 	/System/Library/Frameworks/SecurityFoundation.framework/Versions/A/SecurityFoundation
0x00007fff67334000 	/usr/lib/libutil.dylib
0x00007fff47282000 	/System/Library/PrivateFrameworks/CoreServicesStore.framework/Versions/A/CoreServicesStore
0x00007fff3ab7e000 	/System/Library/Frameworks/ServiceManagement.framework/Versions/A/ServiceManagement
0x00007fff42f3b000 	/System/Library/PrivateFrameworks/BackgroundTaskManagement.framework/Versions/A/BackgroundTaskManagement
0x00007fff67431000 	/usr/lib/libxslt.1.dylib
0x00007fff41dde000 	/System/Library/PrivateFrameworks/AppleSystemInfo.framework/Versions/A/AppleSystemInfo
0x00007fff30f5e000 	/System/Library/Frameworks/ImageIO.framework/Versions/A/Resources/libJPEG.dylib
0x00007fff3121b000 	/System/Library/Frameworks/ImageIO.framework/Versions/A/Resources/libTIFF.dylib
0x00007fff311fe000 	/System/Library/Frameworks/ImageIO.framework/Versions/A/Resources/libPng.dylib
0x00007fff30ea0000 	/System/Library/Frameworks/ImageIO.framework/Versions/A/Resources/libGIF.dylib
0x00007fff30ea4000 	/System/Library/Frameworks/ImageIO.framework/Versions/A/Resources/libJP2.dylib
0x00007fff31219000 	/System/Library/Frameworks/ImageIO.framework/Versions/A/Resources/libRadiance.dylib
0x00007fff65cb0000 	/usr/lib/libexpat.1.dylib
0x00007fff418c6000 	/System/Library/PrivateFrameworks/AppleJPEG.framework/Versions/A/AppleJPEG
0x00007fff4a598000 	/System/Library/PrivateFrameworks/FontServices.framework/libFontParser.dylib
0x00007fff60e5d000 	/System/Library/PrivateFrameworks/WatchdogClient.framework/Versions/A/WatchdogClient
0x00007fff52b83000 	/System/Library/PrivateFrameworks/IOAccelerator.framework/Versions/A/IOAccelerator
0x00007fff33728000 	/System/Library/Frameworks/MetalPerformanceShaders.framework/Versions/A/MetalPerformanceShaders
0x00007fff4f313000 	/System/Library/PrivateFrameworks/GPUWrangler.framework/Versions/A/GPUWrangler
0x00007fff52b98000 	/System/Library/PrivateFrameworks/IOPresentment.framework/Versions/A/IOPresentment
0x00007fff47e02000 	/System/Library/PrivateFrameworks/DSExternalDisplay.framework/Versions/A/DSExternalDisplay
0x00007fff37d49000 	/System/Library/Frameworks/OpenGL.framework/Versions/A/Libraries/libCoreFSCache.dylib
0x00007fff33474000 	/System/Library/Frameworks/MetalPerformanceShaders.framework/Frameworks/MPSCore.framework/Versions/A/MPSCore
0x00007fff334b2000 	/System/Library/Frameworks/MetalPerformanceShaders.framework/Frameworks/MPSImage.framework/Versions/A/MPSImage
0x00007fff33579000 	/System/Library/Frameworks/MetalPerformanceShaders.framework/Frameworks/MPSNeuralNetwork.framework/Versions/A/MPSNeuralNetwork
0x00007fff3353d000 	/System/Library/Frameworks/MetalPerformanceShaders.framework/Frameworks/MPSMatrix.framework/Versions/A/MPSMatrix
0x00007fff336d8000 	/System/Library/Frameworks/MetalPerformanceShaders.framework/Frameworks/MPSRayIntersector.framework/Versions/A/MPSRayIntersector
0x00007fff33563000 	/System/Library/Frameworks/MetalPerformanceShaders.framework/Frameworks/MPSNDArray.framework/Versions/A/MPSNDArray
0x00007fff54a01000 	/System/Library/PrivateFrameworks/MetalTools.framework/Versions/A/MetalTools
0x00007fff409f2000 	/System/Library/PrivateFrameworks/AggregateDictionary.framework/Versions/A/AggregateDictionary
0x00007fff45795000 	/System/Library/PrivateFrameworks/CoreAnalytics.framework/Versions/A/CoreAnalytics
0x00007fff41cfd000 	/System/Library/PrivateFrameworks/AppleSauce.framework/Versions/A/AppleSauce
0x00007fff64c6e000 	/usr/lib/libIOReport.dylib
0x00007fff2fe29000 	/System/Library/Frameworks/CoreVideo.framework/Versions/A/CoreVideo
0x00007fff5078c000 	/System/Library/PrivateFrameworks/GraphVisualizer.framework/Versions/A/GraphVisualizer
0x00007fff49ade000 	/System/Library/PrivateFrameworks/FaceCore.framework/Versions/A/FaceCore
0x00007fff3735f000 	/System/Library/Frameworks/OpenCL.framework/Versions/A/OpenCL
0x00007fff64a90000 	/usr/lib/libFosl_dynamic.dylib
0x00007fff55ed8000 	/System/Library/PrivateFrameworks/OTSVG.framework/Versions/A/OTSVG
0x00007fff2bfde000 	/System/Library/Frameworks/ApplicationServices.framework/Versions/A/Frameworks/ATS.framework/Versions/A/Resources/libFontRegistry.dylib
0x00007fff4a767000 	/System/Library/PrivateFrameworks/FontServices.framework/libhvf.dylib
0x00007fff37d54000 	/System/Library/Frameworks/OpenGL.framework/Versions/A/Libraries/libGFXShared.dylib
0x00007fff37f32000 	/System/Library/Frameworks/OpenGL.framework/Versions/A/Libraries/libGLU.dylib
0x00007fff37d5d000 	/System/Library/Frameworks/OpenGL.framework/Versions/A/Libraries/libGL.dylib
0x00007fff37d68000 	/System/Library/Frameworks/OpenGL.framework/Versions/A/Libraries/libGLImage.dylib
0x00007fff37d46000 	/System/Library/Frameworks/OpenGL.framework/Versions/A/Libraries/libCVMSPluginSupport.dylib
0x00007fff37d4f000 	/System/Library/Frameworks/OpenGL.framework/Versions/A/Libraries/libCoreVMClient.dylib
0x00007fff66702000 	/usr/lib/libncurses.5.4.dylib
0x00007fff2beda000 	/System/Library/Frameworks/ApplicationServices.framework/Versions/A/Frameworks/ATS.framework/Versions/A/ATS
0x00007fff2c0a7000 	/System/Library/Frameworks/ApplicationServices.framework/Versions/A/Frameworks/ColorSyncLegacy.framework/Versions/A/ColorSyncLegacy
0x00007fff2c145000 	/System/Library/Frameworks/ApplicationServices.framework/Versions/A/Frameworks/HIServices.framework/Versions/A/HIServices
0x00007fff2c19d000 	/System/Library/Frameworks/ApplicationServices.framework/Versions/A/Frameworks/LangAnalysis.framework/Versions/A/LangAnalysis
0x00007fff2c1ac000 	/System/Library/Frameworks/ApplicationServices.framework/Versions/A/Frameworks/PrintCore.framework/Versions/A/PrintCore
0x00007fff2c1f2000 	/System/Library/Frameworks/ApplicationServices.framework/Versions/A/Frameworks/QD.framework/Versions/A/QD
0x00007fff2c1fd000 	/System/Library/Frameworks/ApplicationServices.framework/Versions/A/Frameworks/SpeechSynthesis.framework/Versions/A/SpeechSynthesis
0x00007fff2c077000 	/System/Library/Frameworks/ApplicationServices.framework/Versions/A/Frameworks/ATSUI.framework/Versions/A/ATSUI
0x00007fff65b46000 	/usr/lib/libcups.2.dylib
0x00007fff327c3000 	/System/Library/Frameworks/Kerberos.framework/Versions/A/Kerberos
0x00007fff30905000 	/System/Library/Frameworks/GSS.framework/Versions/A/GSS
0x00007fff66e85000 	/usr/lib/libresolv.9.dylib
0x00007fff50939000 	/System/Library/PrivateFrameworks/Heimdal.framework/Versions/A/Heimdal
0x00007fff327d6000 	/System/Library/Frameworks/Kerberos.framework/Versions/A/Libraries/libHeimdalProxy.dylib
0x00007fff65ced000 	/usr/lib/libheimdal-asn1.dylib
0x00007fff44c2d000 	/System/Library/PrivateFrameworks/CommonAuth.framework/Versions/A/CommonAuth
0x00007fff41e7b000 	/System/Library/PrivateFrameworks/AssertionServices.framework/Versions/A/AssertionServices
0x00007fff42a1e000 	/System/Library/PrivateFrameworks/AudioToolboxCore.framework/Versions/A/AudioToolboxCore
0x00007fff61b0b000 	/System/Library/PrivateFrameworks/caulk.framework/Versions/A/caulk
0x00007fff42fe7000 	/System/Library/PrivateFrameworks/BaseBoard.framework/Versions/A/BaseBoard
0x00007fff5a13b000 	/System/Library/PrivateFrameworks/RunningBoardServices.framework/Versions/A/RunningBoardServices
0x00007fff5714c000 	/System/Library/PrivateFrameworks/PersistentConnection.framework/Versions/A/PersistentConnection
0x00007fff59b34000 	/System/Library/PrivateFrameworks/ProtocolBuffer.framework/Versions/A/ProtocolBuffer
0x00007fff44c51000 	/System/Library/PrivateFrameworks/CommonUtilities.framework/Versions/A/CommonUtilities
0x00007fff43175000 	/System/Library/PrivateFrameworks/Bom.framework/Versions/A/Bom
0x00007fff64941000 	/usr/lib/libAudioToolboxUtility.dylib
0x00007fff42f45000 	/System/Library/PrivateFrameworks/Backup.framework/Versions/A/Backup
0x00007fff47d23000 	/System/Library/PrivateFrameworks/CrashReporterSupport.framework/Versions/A/CrashReporterSupport
0x00007fff5bbcd000 	/System/Library/PrivateFrameworks/Sharing.framework/Versions/A/Sharing
0x00007fff41489000 	/System/Library/PrivateFrameworks/Apple80211.framework/Versions/A/Apple80211
0x00007fff42c62000 	/System/Library/PrivateFrameworks/AuthKit.framework/Versions/A/AuthKit
0x00007fff47a30000 	/System/Library/PrivateFrameworks/CoreUtils.framework/Versions/A/CoreUtils
0x00007fff2fe6e000 	/System/Library/Frameworks/CoreWLAN.framework/Versions/A/CoreWLAN
0x00007fff30a92000 	/System/Library/Frameworks/IOBluetooth.framework/Versions/A/IOBluetooth
0x00007fff54d06000 	/System/Library/PrivateFrameworks/MobileKeyBag.framework/Versions/A/MobileKeyBag
0x00007fff46835000 	/System/Library/PrivateFrameworks/CorePhoneNumbers.framework/Versions/A/CorePhoneNumbers
0x00007fff41879000 	/System/Library/PrivateFrameworks/AppleIDAuthSupport.framework/Versions/A/AppleIDAuthSupport
0x00007fff347d6000 	/System/Library/Frameworks/Network.framework/Versions/A/Network
0x00007fff533d4000 	/System/Library/PrivateFrameworks/KeychainCircle.framework/Versions/A/KeychainCircle
0x00007fff2d8bf000 	/System/Library/Frameworks/CoreBluetooth.framework/Versions/A/CoreBluetooth
0x00007fff5dc4c000 	/System/Library/PrivateFrameworks/SpeechRecognitionCore.framework/Versions/A/SpeechRecognitionCore
0x00007fff20ee1000 	/System/Library/CoreServices/Encodings/libSimplifiedChineseConverter.dylib
0x0000000107c00000 	/usr/local/Cellar/openjdk/14.0.1/libexec/openjdk.jdk/Contents/Home/lib/server/libjvm.dylib
0x0000000107206000 	/usr/local/Cellar/openjdk/14.0.1/libexec/openjdk.jdk/Contents/Home/lib/libjimage.dylib
0x0000000107258000 	/usr/local/Cellar/openjdk/14.0.1/libexec/openjdk.jdk/Contents/Home/lib/libjava.dylib
0x000000010727d000 	/usr/local/Cellar/openjdk/14.0.1/libexec/openjdk.jdk/Contents/Home/lib/libzip.dylib
0x00000001072e8000 	/usr/local/Cellar/openjdk/14.0.1/libexec/openjdk.jdk/Contents/Home/lib/libnio.dylib
0x00000001072f8000 	/usr/local/Cellar/openjdk/14.0.1/libexec/openjdk.jdk/Contents/Home/lib/libnet.dylib
0x000000010730d000 	/usr/local/Cellar/openjdk/14.0.1/libexec/openjdk.jdk/Contents/Home/lib/libverify.dylib
0x0000000107318000 	/usr/local/Cellar/openjdk/14.0.1/libexec/openjdk.jdk/Contents/Home/lib/libmanagement.dylib
0x000000010731e000 	/usr/local/Cellar/openjdk/14.0.1/libexec/openjdk.jdk/Contents/Home/lib/libmanagement_ext.dylib


VM Arguments:
jvm_args: -XX:TieredStopAtLevel=1 
java_command: com.utudo.hwwd.HwwdApplication
java_class_path (initial): /Library/WebServer/Documents/hwwd/target/classes:/Users/yeliang/.m2/repository/org/codehaus/groovy/groovy/3.0.6/groovy-3.0.6.pom:/Users/yeliang/.m2/repository/org/springframework/boot/spring-boot-starter/2.3.4.RELEASE/spring-boot-starter-2.3.4.RELEASE.jar:/Users/yeliang/.m2/repository/org/springframework/boot/spring-boot/2.3.4.RELEASE/spring-boot-2.3.4.RELEASE.jar:/Users/yeliang/.m2/repository/org/springframework/spring-context/5.2.9.RELEASE/spring-context-5.2.9.RELEASE.jar:/Users/yeliang/.m2/repository/org/springframework/boot/spring-boot-autoconfigure/2.3.4.RELEASE/spring-boot-autoconfigure-2.3.4.RELEASE.jar:/Users/yeliang/.m2/repository/org/springframework/boot/spring-boot-starter-logging/2.3.4.RELEASE/spring-boot-starter-logging-2.3.4.RELEASE.jar:/Users/yeliang/.m2/repository/ch/qos/logback/logback-classic/1.2.3/logback-classic-1.2.3.jar:/Users/yeliang/.m2/repository/ch/qos/logback/logback-core/1.2.3/logback-core-1.2.3.jar:/Users/yeliang/.m2/repository/org/apache/logging/log4j/log4j-to-slf4j/2.13.3/log4j-to-slf4j-2.13.3.jar:/Users/yeliang/.m2/repository/org/apache/logging/log4j/log4j-api/2.13.3/log4j-api-2.13.3.jar:/Users/yeliang/.m2/repository/org/slf4j/jul-to-slf4j/1.7.30/jul-to-slf4j-1.7.30.jar:/Users/yeliang/.m2/repository/jakarta/annotation/jakarta.annotation-api/1.3.5/jakarta.annotation-api-1.3.5.jar:/Users/yeliang/.m2/repository/org/springframework/spring-core/5.2.9.RELEASE/spring-core-5.2.9.RELEASE.jar:/Users/yeliang/.m2/repository/org/springframework/spring-jcl/5.2.9.RELEASE/spring-jcl-5.2.9.RELEASE.jar:/Users/yeliang/.m2/repository/org/yaml/snakeyaml/1.26/snakeyaml-1.26.jar:/Users/yeliang/.m2/repository/org/springframework/spring-web/5.2.9.RELEASE/spring-web-5.2.9.RELEASE.jar:/Users/yeliang/.m2/repository/org/springframework/spring-beans/5.2.9.RELEASE/spring-beans-5.2.9.RELEASE.jar:/Users/yeliang/.m2/repository/org/springframework/boot/spring-boot-starter-web/2.3.4.RELEASE/spring-boot-starter-web-2.3.4.RELEASE.jar:/Users/ye
Launcher Type: SUN_STANDARD

[Global flags]
     intx CICompilerCount                          = 3                                         {product} {ergonomic}
     uint ConcGCThreads                            = 1                                         {product} {ergonomic}
     uint G1ConcRefinementThreads                  = 4                                         {product} {ergonomic}
   size_t G1HeapRegionSize                         = 1048576                                   {product} {ergonomic}
    uintx GCDrainStackTargetSize                   = 64                                        {product} {ergonomic}
   size_t InitialHeapSize                          = 134217728                                 {product} {ergonomic}
   size_t MarkStackSize                            = 4194304                                   {product} {ergonomic}
   size_t MaxHeapSize                              = 2147483648                                {product} {ergonomic}
   size_t MaxNewSize                               = 1287651328                                {product} {ergonomic}
   size_t MinHeapDeltaBytes                        = 1048576                                   {product} {ergonomic}
   size_t MinHeapSize                              = 8388608                                   {product} {ergonomic}
    uintx NonNMethodCodeHeapSize                   = 6973028                                {pd product} {ergonomic}
    uintx NonProfiledCodeHeapSize                  = 244685212                              {pd product} {ergonomic}
    uintx ProfiledCodeHeapSize                     = 0                                      {pd product} {ergonomic}
    uintx ReservedCodeCacheSize                    = 251658240                              {pd product} {ergonomic}
     bool SegmentedCodeCache                       = true                                      {product} {ergonomic}
   size_t SoftMaxHeapSize                          = 2147483648                             {manageable} {ergonomic}
     intx TieredStopAtLevel                        = 1                                         {product} {command line}
     bool UseCompressedClassPointers               = true                                 {lp64_product} {ergonomic}
     bool UseCompressedOops                        = true                                 {lp64_product} {ergonomic}
     bool UseG1GC                                  = true                                      {product} {ergonomic}

Logging:
Log output configuration:
 #0: stdout all=warning uptime,level,tags
 #1: stderr all=off uptime,level,tags

Environment Variables:
JAVA_HOME=/usr/local/opt/openjdk/libexec/openjdk.jdk/Contents/Home
PATH=/usr/local/bin:/usr/bin:/bin:/usr/sbin:/sbin
SHELL=/bin/bash

Signal Handlers:
SIGSEGV: [libjvm.dylib+0x7c0dee], sa_mask[0]=11111111011111110111111111111111, sa_flags=SA_ONSTACK|SA_RESTART|SA_SIGINFO
SIGBUS: [libjvm.dylib+0x7c0dee], sa_mask[0]=11111111011111110111111111111111, sa_flags=SA_RESTART|SA_SIGINFO
SIGFPE: [libjvm.dylib+0x7c0dee], sa_mask[0]=11111111011111110111111111111111, sa_flags=SA_RESTART|SA_SIGINFO
SIGPIPE: [libjvm.dylib+0x5fd565], sa_mask[0]=11111111011111110111111111111111, sa_flags=SA_RESTART|SA_SIGINFO
SIGXFSZ: [libjvm.dylib+0x5fd565], sa_mask[0]=11111111011111110111111111111111, sa_flags=SA_RESTART|SA_SIGINFO
SIGILL: [libjvm.dylib+0x7c0dee], sa_mask[0]=11111111011111110111111111111111, sa_flags=SA_RESTART|SA_SIGINFO
SIGUSR2: [libjvm.dylib+0x5fdb37], sa_mask[0]=00100000000000000000000000000000, sa_flags=SA_RESTART|SA_SIGINFO
SIGHUP: [libjvm.dylib+0x5fcb99], sa_mask[0]=11111111011111110111111111111111, sa_flags=SA_RESTART|SA_SIGINFO
SIGINT: [libjvm.dylib+0x5fcb99], sa_mask[0]=11111111011111110111111111111111, sa_flags=SA_RESTART|SA_SIGINFO
SIGTERM: [libjvm.dylib+0x5fcb99], sa_mask[0]=11111111011111110111111111111111, sa_flags=SA_RESTART|SA_SIGINFO
SIGQUIT: [libjvm.dylib+0x5fcb99], sa_mask[0]=11111111011111110111111111111111, sa_flags=SA_RESTART|SA_SIGINFO


---------------  S Y S T E M  ---------------

OS:uname:Darwin 19.6.0 Darwin Kernel Version 19.6.0: Tue Jan 12 22:13:05 PST 2021; root:xnu-6153.141.16~1/RELEASE_X86_64 x86_64
OS uptime: 7 days 4:42 hours
rlimit: STACK 8192k, CORE 0k, NPROC 1392, NOFILE 10240, AS infinity, DATA infinity, FSIZE infinity
load average:3.83 4.08 4.05

CPU:total 4 (initial active 4) (2 cores per cpu, 2 threads per core) family 6 model 61 stepping 4, cmov, cx8, fxsr, mmx, sse, sse2, sse3, ssse3, sse4.1, sse4.2, popcnt, avx, avx2, aes, clmul, erms, 3dnowpref, lzcnt, ht, tsc, tscinvbit, bmi1, bmi2, adx, fma

Memory: 4k page, physical 8388608k(23668k free), swap 4194304k(753920k free)

vm_info: OpenJDK 64-Bit Server VM (14.0.1+14) for bsd-amd64 JRE (14.0.1+14), built on Jun 30 2020 21:32:48 by "brew" with clang 4.2.1 Compatible Apple LLVM 10.0.0 (clang-1000.11.45.5)

END.
