#
# A fatal error has been detected by the Java Runtime Environment:
#
#  SIGSEGV (0xb) at pc=0x000000010b42bd52, pid=8058, tid=41475
#
# JRE version: OpenJDK Runtime Environment (14.0.1+14) (build 14.0.1+14)
# Java VM: OpenJDK 64-Bit Server VM (14.0.1+14, mixed mode, sharing, tiered, compressed oops, g1 gc, bsd-amd64)
# Problematic frame:
# V  [libjvm.dylib+0x22bd52]  _ZN12Dependencies9DepStream8argumentEi+0xc2
#
# No core dump will be written. Core dumps have been disabled. To enable core dumping, try "ulimit -c unlimited" before starting Java again
#
# If you would like to submit a bug report, please visit:
#   https://bugreport.java.com/bugreport/crash.jsp
#

---------------  S U M M A R Y ------------

Command Line: -Dclassworlds.conf=/usr/local/Cellar/maven/3.6.3_1/libexec/bin/m2.conf -Dmaven.home=/usr/local/Cellar/maven/3.6.3_1/libexec -Dlibrary.jansi.path=/usr/local/Cellar/maven/3.6.3_1/libexec/lib/jansi-native -Dmaven.multiModuleProjectDirectory=/Library/WebServer/Documents/hwwd org.codehaus.plexus.classworlds.launcher.Launcher spring-boot:run

Host: MacBookAir7,2 x86_64 1600 MHz, 4 cores, 8G, Darwin 19.6.0
Time: Mon Mar  1 14:56:01 2021 CET elapsed time: 9 seconds (0d 0h 0m 9s)

---------------  T H R E A D  ---------------

Current thread (0x00007fb785032000):  JavaThread "C2 CompilerThread0" daemon [_thread_in_vm, id=41475, stack(0x000070000cf16000,0x000070000d016000)]


Current CompileTask:
C2:   9696 7241       4       com.sun.tools.javac.code.Types$MembersClosureCache::visitClassType (10 bytes)

Stack: [0x000070000cf16000,0x000070000d016000],  sp=0x000070000d0140d0,  free space=1016k
Native frames: (J=compiled Java code, A=aot compiled Java code, j=interpreted, Vv=VM code, C=native code)
V  [libjvm.dylib+0x22bd52]  _ZN12Dependencies9DepStream8argumentEi+0xc2
V  [libjvm.dylib+0x22c9ff]  _ZN12Dependencies9DepStream22check_klass_dependencyEP14KlassDepChange+0x10f
V  [libjvm.dylib+0x22ae70]  _ZN12Dependencies9DepStream16check_dependencyEv+0x10
V  [libjvm.dylib+0x22ad01]  _ZN12Dependencies21validate_dependenciesEP11CompileTaskPPc+0x5d
V  [libjvm.dylib+0x1a76cc]  _ZN5ciEnv34validate_compile_task_dependenciesEP8ciMethod+0x26
V  [libjvm.dylib+0x1a7c99]  _ZN5ciEnv15register_methodEP8ciMethodiP11CodeOffsetsiP10CodeBufferiP9OopMapSetP21ExceptionHandlerTableP22ImplicitExceptionTableP16AbstractCompilerbb8RTMState+0x56d
V  [libjvm.dylib+0x1f4461]  _ZN7CompileC2EP5ciEnvP10C2CompilerP8ciMethodibbbP12DirectiveSet+0x9fb
V  [libjvm.dylib+0x18cad8]  _ZN10C2Compiler14compile_methodEP5ciEnvP8ciMethodiP12DirectiveSet+0xb6
V  [libjvm.dylib+0x200dd0]  _ZN13CompileBroker25invoke_compiler_on_methodEP11CompileTask+0x5ac
V  [libjvm.dylib+0x200688]  _ZN13CompileBroker20compiler_thread_loopEv+0x1b4
V  [libjvm.dylib+0x76a30e]  _ZN10JavaThread17thread_main_innerEv+0x86
V  [libjvm.dylib+0x76a14c]  _ZN10JavaThread3runEv+0x118
V  [libjvm.dylib+0x767f93]  _ZN6Thread8call_runEv+0x71
V  [libjvm.dylib+0x5fb972]  _ZL19thread_native_entryP6Thread+0x129
C  [libsystem_pthread.dylib+0x6109]  _pthread_start+0x94
C  [libsystem_pthread.dylib+0x1b8b]  thread_start+0xf


siginfo: si_signo: 11 (SIGSEGV), si_code: 1 (SEGV_MAPERR), si_addr: 0x0000000000000038

Register to memory mapping:

RAX=0x0000000000000030 is an unknown value
RBX=0x000070000d014218 is pointing into the stack for thread: 0x00007fb785032000
RCX=0x0000000000000003 is an unknown value
RDX=0x0000000000000040 is an unknown value
RSP=0x000070000d0140d0 is pointing into the stack for thread: 0x00007fb785032000
RBP=0x000070000d0140f0 is pointing into the stack for thread: 0x00007fb785032000
RSI=0x0000000000000003 is an unknown value
RDI=0x00007fb78451eab0 points into unknown readable memory: 30 a7 e2 88 b7 7f 00 00
R8 =0x0000000000000006 is an unknown value
R9 =0x0 is NULL
R10=0x00007fb78a0499f0 points into unknown readable memory: 50 bc 7e 85 b7 7f 00 00
R11=0x0000000000000030 is an unknown value
R12=0x0 is NULL
R13=0x000070000d014218 is pointing into the stack for thread: 0x00007fb785032000
R14=0x0000000000000001 is an unknown value
R15=0x0000000000000006 is an unknown value


Registers:
RAX=0x0000000000000030, RBX=0x000070000d014218, RCX=0x0000000000000003, RDX=0x0000000000000040
RSP=0x000070000d0140d0, RBP=0x000070000d0140f0, RSI=0x0000000000000003, RDI=0x00007fb78451eab0
R8 =0x0000000000000006, R9 =0x0000000000000000, R10=0x00007fb78a0499f0, R11=0x0000000000000030
R12=0x0000000000000000, R13=0x000070000d014218, R14=0x0000000000000001, R15=0x0000000000000006
RIP=0x000000010b42bd52, EFLAGS=0x0000000000010246, ERR=0x0000000000000004
  TRAPNO=0x000000000000000e

Top of Stack: (sp=0x000070000d0140d0)
0x000070000d0140d0:   000000010b42c9f5 000070000d014218
0x000070000d0140e0:   0000000000000000 000070000d014218
0x000070000d0140f0:   000070000d014190 000000010b42c9ff
0x000070000d014100:   0000000000000000 0000000000000000
0x000070000d014110:   0000000100000001 0000000000000004
0x000070000d014120:   0000000000000002 0000000000000003
0x000070000d014130:   00007fb78451e970 0000000000000000
0x000070000d014140:   000000010ba18790 00000000000000a0
0x000070000d014150:   00007fb78451e970 0100000000000010
0x000070000d014160:   000070000d0141b0 000070000d014218
0x000070000d014170:   0000000000000000 000070000d014218
0x000070000d014180:   0000000000000000 0000000000000000
0x000070000d014190:   000070000d0141b0 000000010b42ae70
0x000070000d0141a0:   0000000000000001 0000000000000000
0x000070000d0141b0:   000070000d014280 000000010b42ad01
0x000070000d0141c0:   000070000d0141e0 000000010b203006
0x000070000d0141d0:   00007fb78a0f4fe0 00000000000000b8
0x000070000d0141e0:   000070000d0142a0 000000010b42ab4b
0x000070000d0141f0:   0000000000000000 0000000000000000
0x000070000d014200:   0000000000000016 0000000000000006
0x000070000d014210:   0000000000000001 0000000000000000
0x000070000d014220:   00007fb7855513f0 00007fb789915510
0x000070000d014230:   0000000000000013 0000000000000006
0x000070000d014240:   00007fb700000003 0000000000000002
0x000070000d014250:   00007fb784e50730 000070000d015c80
0x000070000d014260:   00007fb785032000 000070000d015c80
0x000070000d014270:   00007fb784511360 00007fb784e4f6c0
0x000070000d014280:   000070000d0142a0 000000010b3a76cc
0x000070000d014290:   0000000000000020 00007fb784511030
0x000070000d0142a0:   000070000d014350 000000010b3a7c99
0x000070000d0142b0:   0000000000000000 000000010ba2cef2
0x000070000d0142c0:   0000000000000000 0000000100000007 

Instructions: (pc=0x000000010b42bd52)
0x000000010b42bc52:   89 c7 ff e1 55 48 89 e5 48 8b 47 08 48 8b b8 c0
0x000000010b42bc62:   00 00 00 48 83 c7 08 e8 66 87 3c 00 48 85 c0 5d
0x000000010b42bc72:   74 0d a8 01 75 0c 48 89 c7 ff 25 bf 51 76 00 31
0x000000010b42bc82:   c0 c3 48 ff c8 48 89 c7 ff 25 70 52 76 00 55 48
0x000000010b42bc92:   89 e5 41 57 41 56 53 50 41 89 f6 48 89 fb 49 63
0x000000010b42bca2:   c6 8b 74 83 24 48 8b 3b 48 85 ff 74 0b 48 8b 07
0x000000010b42bcb2:   ff 90 38 01 00 00 eb 14 48 8b 43 08 48 8b b8 c0
0x000000010b42bcc2:   00 00 00 48 83 c7 30 e8 aa 82 3c 00 48 85 c0 75
0x000000010b42bcd2:   70 44 8b 7b 20 49 83 ff 0a 77 64 ba 01 00 00 00
0x000000010b42bce2:   44 89 f9 d3 e2 31 f6 89 d1 81 e1 fc 03 00 00 40
0x000000010b42bcf2:   0f 94 c6 f7 de 31 c0 44 39 f6 75 45 85 c9 74 41
0x000000010b42bd02:   41 ff c6 f7 c2 fe 07 00 00 74 0d 48 8d 05 bc 51
0x000000010b42bd12:   76 00 42 8b 04 b8 eb 05 b8 ff ff ff ff 41 39 c6
0x000000010b42bd22:   7d 1d 48 89 df 44 89 f6 e8 61 ff ff ff 41 83 ff
0x000000010b42bd32:   06 74 19 41 83 ff 08 74 13 41 83 ff 07 74 02 31
0x000000010b42bd42:   c0 48 83 c4 08 5b 41 5e 41 5f 5d c3 48 8b 40 08
0x000000010b42bd52:   48 8b 40 08 48 8b 40 18 eb e7 55 48 89 e5 48 8b
0x000000010b42bd62:   0f 48 63 57 08 8d 42 01 89 47 08 0f b6 04 11 3d
0x000000010b42bd72:   c0 00 00 00 72 3c 44 8d 4a 01 4c 8d 44 11 01 b9
0x000000010b42bd82:   06 00 00 00 48 c7 c6 fd ff ff ff 41 89 c2 41 0f
0x000000010b42bd92:   b6 54 30 03 89 d0 d3 e0 44 01 d0 41 ff c1 48 85
0x000000010b42bda2:   f6 74 0b 83 c1 06 48 ff c6 80 fa bf 77 dd 44 89
0x000000010b42bdb2:   4f 08 5d c3 55 48 89 e5 83 7f 20 0a 75 07 e8 73
0x000000010b42bdc2:   fe ff ff eb 05 e8 c4 fe ff ff 5d c3 55 48 89 e5
0x000000010b42bdd2:   8b 47 20 83 f8 0a 77 12 b9 fc 03 00 00 0f a3 c1
0x000000010b42bde2:   73 08 31 f6 5d e9 a4 fe ff ff 31 c0 5d c3 55 48
0x000000010b42bdf2:   89 e5 8b 47 20 3b 46 20 75 27 4c 63 07 44 3b 06
0x000000010b42be02:   75 1f b0 01 45 85 c0 7e 1a 31 d2 48 8b 4c d7 08
0x000000010b42be12:   48 3b 4c d6 08 75 0a 48 ff c2 4c 39 c2 7c ec eb
0x000000010b42be22:   02 31 c0 5d c3 90 55 48 89 e5 41 57 41 56 41 54
0x000000010b42be32:   53 41 89 cc 48 89 d3 49 89 ff 4c 8b 76 08 48 89
0x000000010b42be42:   df e8 7a 37 11 00 83 f8 01 0f 8f 8c 00 00 00 45 


Stack slot to memory mapping:
stack at sp + 0 slots: 0x000000010b42c9f5: _ZN12Dependencies9DepStream22check_klass_dependencyEP14KlassDepChange+0x105 in /usr/local/Cellar/openjdk/14.0.1/libexec/openjdk.jdk/Contents/Home/lib/server/libjvm.dylib at 0x000000010b200000
stack at sp + 1 slots: 0x000070000d014218 is pointing into the stack for thread: 0x00007fb785032000
stack at sp + 2 slots: 0x0 is NULL
stack at sp + 3 slots: 0x000070000d014218 is pointing into the stack for thread: 0x00007fb785032000
stack at sp + 4 slots: 0x000070000d014190 is pointing into the stack for thread: 0x00007fb785032000
stack at sp + 5 slots: 0x000000010b42c9ff: _ZN12Dependencies9DepStream22check_klass_dependencyEP14KlassDepChange+0x10f in /usr/local/Cellar/openjdk/14.0.1/libexec/openjdk.jdk/Contents/Home/lib/server/libjvm.dylib at 0x000000010b200000
stack at sp + 6 slots: 0x0 is NULL
stack at sp + 7 slots: 0x0 is NULL


---------------  P R O C E S S  ---------------

Threads class SMR info:
_java_thread_list=0x00007fb7844d0f90, length=11, elements={
0x00007fb786809000, 0x00007fb785014800, 0x00007fb785808800, 0x00007fb78502e000,
0x00007fb785031000, 0x00007fb785032000, 0x00007fb785032800, 0x00007fb785033800,
0x00007fb785094800, 0x00007fb785095800, 0x00007fb7849c2800
}

Java Threads: ( => current thread )
  0x00007fb786809000 JavaThread "main" [_thread_blocked, id=7683, stack(0x000070000c2ef000,0x000070000c3ef000)]
  0x00007fb785014800 JavaThread "Reference Handler" daemon [_thread_blocked, id=17667, stack(0x000070000ca04000,0x000070000cb04000)]
  0x00007fb785808800 JavaThread "Finalizer" daemon [_thread_blocked, id=16899, stack(0x000070000cb07000,0x000070000cc07000)]
  0x00007fb78502e000 JavaThread "Signal Dispatcher" daemon [_thread_blocked, id=43011, stack(0x000070000cd10000,0x000070000ce10000)]
  0x00007fb785031000 JavaThread "Service Thread" daemon [_thread_blocked, id=42243, stack(0x000070000ce13000,0x000070000cf13000)]
=>0x00007fb785032000 JavaThread "C2 CompilerThread0" daemon [_thread_in_vm, id=41475, stack(0x000070000cf16000,0x000070000d016000)]
  0x00007fb785032800 JavaThread "C1 CompilerThread0" daemon [_thread_blocked, id=40963, stack(0x000070000d019000,0x000070000d119000)]
  0x00007fb785033800 JavaThread "Sweeper thread" daemon [_thread_blocked, id=22531, stack(0x000070000d11c000,0x000070000d21c000)]
  0x00007fb785094800 JavaThread "Notification Thread" daemon [_thread_blocked, id=23299, stack(0x000070000d21f000,0x000070000d31f000)]
  0x00007fb785095800 JavaThread "Common-Cleaner" daemon [_thread_blocked, id=24323, stack(0x000070000d425000,0x000070000d525000)]
  0x00007fb7849c2800 JavaThread "C2 CompilerThread1" daemon [_thread_blocked, id=39939, stack(0x000070000d528000,0x000070000d628000)]

Other Threads:
  0x00007fb7848a5800 VMThread "VM Thread" [stack: 0x000070000c901000,0x000070000ca01000] [id=14083]
  0x00007fb78583a000 WatcherThread [stack: 0x000070000d322000,0x000070000d422000] [id=23811]
  0x00007fb784828800 GCTaskThread "GC Thread#0" [stack: 0x000070000c3f2000,0x000070000c4f2000] [id=12291]
  0x00007fb785838800 GCTaskThread "GC Thread#1" [stack: 0x000070000d62b000,0x000070000d72b000] [id=25347]
  0x00007fb784c5e800 GCTaskThread "GC Thread#2" [stack: 0x000070000d72e000,0x000070000d82e000] [id=39427]
  0x00007fb784839800 ConcurrentGCThread "G1 Main Marker" [stack: 0x000070000c4f5000,0x000070000c5f5000] [id=12547]
  0x00007fb78483a800 ConcurrentGCThread "G1 Conc#0" [stack: 0x000070000c5f8000,0x000070000c6f8000] [id=13315]
  0x00007fb78488b000 ConcurrentGCThread "G1 Refine#0" [stack: 0x000070000c6fb000,0x000070000c7fb000] [id=18947]
  0x00007fb785b65000 ConcurrentGCThread "G1 Refine#1" [stack: 0x000070000d831000,0x000070000d931000] [id=15375]
  0x00007fb786920800 ConcurrentGCThread "G1 Refine#2" [stack: 0x000070000d934000,0x000070000da34000] [id=38915]
  0x00007fb785ab5800 ConcurrentGCThread "G1 Refine#3" [stack: 0x000070000da37000,0x000070000db37000] [id=38403]
  0x00007fb78488c000 ConcurrentGCThread "G1 Young RemSet Sampling" [stack: 0x000070000c7fe000,0x000070000c8fe000] [id=18435]

Threads with active compile tasks:
C2 CompilerThread0     9708 7241       4       com.sun.tools.javac.code.Types$MembersClosureCache::visitClassType (10 bytes)
C1 CompilerThread0     9708 7372       2       com.sun.tools.javac.jvm.ClassWriter$StackMapTableFrame::isInt (29 bytes)
C2 CompilerThread1     9708 7239   !   4       com.sun.tools.javac.code.Types$MembersClosureCache::visitClassType (216 bytes)

VM state:not at safepoint (normal execution)

VM Mutex/Monitor currently owned by a thread:  ([mutex/lock_event])
[0x00007fb784511030] Compile_lock - owner thread: 0x00007fb785032000
[0x00007fb784511360] MethodCompileQueue_lock - owner thread: 0x00007fb785032000

Heap address: 0x0000000780000000, size: 2048 MB, Compressed Oops mode: Zero based, Oop shift amount: 3
Narrow klass base: 0x0000000800000000, Narrow klass shift: 3
Compressed class space size: 1073741824 Address: 0x0000000800b19000

Heap:
 garbage-first heap   total 116736K, used 64847K [0x0000000780000000, 0x0000000800000000)
  region size 1024K, 10 young (10240K), 3 survivors (3072K)
 Metaspace       used 27337K, capacity 28090K, committed 28156K, reserved 1075200K
  class space    used 2987K, capacity 3295K, committed 3324K, reserved 1048576K
Heap Regions: E=young(eden), S=young(survivor), O=old, HS=humongous(starts), HC=humongous(continues), CS=collection set, F=free, OA=open archive, CA=closed archive, TAMS=top-at-mark-start (previous, next)
|   0|0x0000000780000000, 0x0000000780100000, 0x0000000780100000|100%| O|  |TAMS 0x0000000780100000, 0x0000000780000000| Untracked 
|   1|0x0000000780100000, 0x0000000780200000, 0x0000000780200000|100%| O|  |TAMS 0x0000000780200000, 0x0000000780100000| Untracked 
|   2|0x0000000780200000, 0x0000000780300000, 0x0000000780300000|100%| O|  |TAMS 0x0000000780300000, 0x0000000780200000| Untracked 
|   3|0x0000000780300000, 0x0000000780400000, 0x0000000780400000|100%| O|  |TAMS 0x0000000780400000, 0x0000000780300000| Untracked 
|   4|0x0000000780400000, 0x0000000780500000, 0x0000000780500000|100%| O|  |TAMS 0x0000000780500000, 0x0000000780400000| Untracked 
|   5|0x0000000780500000, 0x0000000780600000, 0x0000000780600000|100%| O|  |TAMS 0x0000000780600000, 0x0000000780500000| Untracked 
|   6|0x0000000780600000, 0x0000000780700000, 0x0000000780700000|100%| O|  |TAMS 0x0000000780700000, 0x0000000780600000| Untracked 
|   7|0x0000000780700000, 0x0000000780800000, 0x0000000780800000|100%| O|  |TAMS 0x0000000780800000, 0x0000000780700000| Untracked 
|   8|0x0000000780800000, 0x00000007808bc800, 0x0000000780900000| 73%| O|  |TAMS 0x00000007808bc800, 0x0000000780800000| Untracked 
|   9|0x0000000780900000, 0x0000000780a00000, 0x0000000780a00000|100%|HS|  |TAMS 0x0000000780a00000, 0x0000000780900000| Complete 
|  10|0x0000000780a00000, 0x0000000780b00000, 0x0000000780b00000|100%|HS|  |TAMS 0x0000000780b00000, 0x0000000780a00000| Complete 
|  11|0x0000000780b00000, 0x0000000780c00000, 0x0000000780c00000|100%|HC|  |TAMS 0x0000000780c00000, 0x0000000780b00000| Complete 
|  12|0x0000000780c00000, 0x0000000780d00000, 0x0000000780d00000|100%| O|  |TAMS 0x0000000780d00000, 0x0000000780c00000| Untracked 
|  13|0x0000000780d00000, 0x0000000780e00000, 0x0000000780e00000|100%| O|  |TAMS 0x0000000780e00000, 0x0000000780d00000| Untracked 
|  14|0x0000000780e00000, 0x0000000780f00000, 0x0000000780f00000|100%| O|  |TAMS 0x0000000780f00000, 0x0000000780e00000| Untracked 
|  15|0x0000000780f00000, 0x0000000781000000, 0x0000000781000000|100%| O|  |TAMS 0x0000000781000000, 0x0000000780f00000| Untracked 
|  16|0x0000000781000000, 0x0000000781100000, 0x0000000781100000|100%| O|  |TAMS 0x0000000781100000, 0x0000000781000000| Untracked 
|  17|0x0000000781100000, 0x0000000781200000, 0x0000000781200000|100%| O|  |TAMS 0x0000000781200000, 0x0000000781100000| Untracked 
|  18|0x0000000781200000, 0x0000000781300000, 0x0000000781300000|100%| O|  |TAMS 0x0000000781300000, 0x0000000781200000| Untracked 
|  19|0x0000000781300000, 0x0000000781400000, 0x0000000781400000|100%|HS|  |TAMS 0x0000000781400000, 0x0000000781300000| Complete 
|  20|0x0000000781400000, 0x0000000781500000, 0x0000000781500000|100%|HC|  |TAMS 0x0000000781500000, 0x0000000781400000| Complete 
|  21|0x0000000781500000, 0x0000000781600000, 0x0000000781600000|100%|HS|  |TAMS 0x0000000781600000, 0x0000000781500000| Complete 
|  22|0x0000000781600000, 0x0000000781700000, 0x0000000781700000|100%| O|  |TAMS 0x0000000781700000, 0x0000000781600000| Untracked 
|  23|0x0000000781700000, 0x0000000781800000, 0x0000000781800000|100%| O|  |TAMS 0x0000000781800000, 0x0000000781700000| Untracked 
|  24|0x0000000781800000, 0x0000000781900000, 0x0000000781900000|100%| O|  |TAMS 0x0000000781900000, 0x0000000781800000| Untracked 
|  25|0x0000000781900000, 0x0000000781a00000, 0x0000000781a00000|100%| O|  |TAMS 0x0000000781a00000, 0x0000000781900000| Untracked 
|  26|0x0000000781a00000, 0x0000000781b00000, 0x0000000781b00000|100%| O|  |TAMS 0x0000000781b00000, 0x0000000781a00000| Untracked 
|  27|0x0000000781b00000, 0x0000000781c00000, 0x0000000781c00000|100%| O|  |TAMS 0x0000000781c00000, 0x0000000781b00000| Untracked 
|  28|0x0000000781c00000, 0x0000000781d00000, 0x0000000781d00000|100%| O|  |TAMS 0x0000000781d00000, 0x0000000781c00000| Untracked 
|  29|0x0000000781d00000, 0x0000000781e00000, 0x0000000781e00000|100%| O|  |TAMS 0x0000000781e00000, 0x0000000781d00000| Untracked 
|  30|0x0000000781e00000, 0x0000000781f00000, 0x0000000781f00000|100%| O|  |TAMS 0x0000000781f00000, 0x0000000781e00000| Untracked 
|  31|0x0000000781f00000, 0x0000000782000000, 0x0000000782000000|100%| O|  |TAMS 0x0000000782000000, 0x0000000781f00000| Untracked 
|  32|0x0000000782000000, 0x0000000782100000, 0x0000000782100000|100%| O|  |TAMS 0x0000000782100000, 0x0000000782000000| Untracked 
|  33|0x0000000782100000, 0x0000000782200000, 0x0000000782200000|100%| O|  |TAMS 0x0000000782200000, 0x0000000782100000| Untracked 
|  34|0x0000000782200000, 0x0000000782300000, 0x0000000782300000|100%| O|  |TAMS 0x0000000782300000, 0x0000000782200000| Untracked 
|  35|0x0000000782300000, 0x0000000782300000, 0x0000000782400000|  0%| F|  |TAMS 0x0000000782300000, 0x0000000782300000| Untracked 
|  36|0x0000000782400000, 0x0000000782500000, 0x0000000782500000|100%| O|  |TAMS 0x0000000782500000, 0x0000000782400000| Untracked 
|  37|0x0000000782500000, 0x0000000782600000, 0x0000000782600000|100%| O|  |TAMS 0x0000000782600000, 0x0000000782500000| Untracked 
|  38|0x0000000782600000, 0x0000000782700000, 0x0000000782700000|100%| O|  |TAMS 0x0000000782700000, 0x0000000782600000| Untracked 
|  39|0x0000000782700000, 0x0000000782800000, 0x0000000782800000|100%| O|  |TAMS 0x0000000782771a00, 0x0000000782700000| Untracked 
|  40|0x0000000782800000, 0x0000000782900000, 0x0000000782900000|100%| O|  |TAMS 0x0000000782800000, 0x0000000782800000| Untracked 
|  41|0x0000000782900000, 0x0000000782a00000, 0x0000000782a00000|100%| O|  |TAMS 0x0000000782900000, 0x0000000782900000| Untracked 
|  42|0x0000000782a00000, 0x0000000782b00000, 0x0000000782b00000|100%| O|  |TAMS 0x0000000782a00000, 0x0000000782a00000| Untracked 
|  43|0x0000000782b00000, 0x0000000782c00000, 0x0000000782c00000|100%| O|  |TAMS 0x0000000782b00000, 0x0000000782b00000| Untracked 
|  44|0x0000000782c00000, 0x0000000782c70e00, 0x0000000782d00000| 44%| O|  |TAMS 0x0000000782c00000, 0x0000000782c00000| Untracked 
|  45|0x0000000782d00000, 0x0000000782e00000, 0x0000000782e00000|100%|HS|  |TAMS 0x0000000782d00000, 0x0000000782d00000| Complete 
|  46|0x0000000782e00000, 0x0000000782f00000, 0x0000000782f00000|100%|HC|  |TAMS 0x0000000782e00000, 0x0000000782e00000| Complete 
|  47|0x0000000782f00000, 0x0000000782f00000, 0x0000000783000000|  0%| F|  |TAMS 0x0000000782f00000, 0x0000000782f00000| Untracked 
|  48|0x0000000783000000, 0x0000000783000000, 0x0000000783100000|  0%| F|  |TAMS 0x0000000783000000, 0x0000000783000000| Untracked 
|  49|0x0000000783100000, 0x0000000783100000, 0x0000000783200000|  0%| F|  |TAMS 0x0000000783100000, 0x0000000783100000| Untracked 
|  50|0x0000000783200000, 0x0000000783200000, 0x0000000783300000|  0%| F|  |TAMS 0x0000000783200000, 0x0000000783200000| Untracked 
|  51|0x0000000783300000, 0x0000000783300000, 0x0000000783400000|  0%| F|  |TAMS 0x0000000783300000, 0x0000000783300000| Untracked 
|  52|0x0000000783400000, 0x0000000783400000, 0x0000000783500000|  0%| F|  |TAMS 0x0000000783400000, 0x0000000783400000| Untracked 
|  53|0x0000000783500000, 0x0000000783500000, 0x0000000783600000|  0%| F|  |TAMS 0x0000000783500000, 0x0000000783500000| Untracked 
|  54|0x0000000783600000, 0x0000000783600000, 0x0000000783700000|  0%| F|  |TAMS 0x0000000783600000, 0x0000000783600000| Untracked 
|  55|0x0000000783700000, 0x0000000783700000, 0x0000000783800000|  0%| F|  |TAMS 0x0000000783700000, 0x0000000783700000| Untracked 
|  56|0x0000000783800000, 0x0000000783800000, 0x0000000783900000|  0%| F|  |TAMS 0x0000000783800000, 0x0000000783800000| Untracked 
|  57|0x0000000783900000, 0x0000000783900000, 0x0000000783a00000|  0%| F|  |TAMS 0x0000000783900000, 0x0000000783900000| Untracked 
|  58|0x0000000783a00000, 0x0000000783a00000, 0x0000000783b00000|  0%| F|  |TAMS 0x0000000783a00000, 0x0000000783a00000| Untracked 
|  59|0x0000000783b00000, 0x0000000783b00000, 0x0000000783c00000|  0%| F|  |TAMS 0x0000000783b00000, 0x0000000783b00000| Untracked 
|  60|0x0000000783c00000, 0x0000000783c00000, 0x0000000783d00000|  0%| F|  |TAMS 0x0000000783c00000, 0x0000000783c00000| Untracked 
|  61|0x0000000783d00000, 0x0000000783d00000, 0x0000000783e00000|  0%| F|  |TAMS 0x0000000783d00000, 0x0000000783d00000| Untracked 
|  62|0x0000000783e00000, 0x0000000783e00000, 0x0000000783f00000|  0%| F|  |TAMS 0x0000000783e00000, 0x0000000783e00000| Untracked 
|  63|0x0000000783f00000, 0x0000000783f00000, 0x0000000784000000|  0%| F|  |TAMS 0x0000000783f00000, 0x0000000783f00000| Untracked 
|  64|0x0000000784000000, 0x0000000784000000, 0x0000000784100000|  0%| F|  |TAMS 0x0000000784000000, 0x0000000784000000| Untracked 
|  65|0x0000000784100000, 0x0000000784100000, 0x0000000784200000|  0%| F|  |TAMS 0x0000000784100000, 0x0000000784100000| Untracked 
|  66|0x0000000784200000, 0x0000000784200000, 0x0000000784300000|  0%| F|  |TAMS 0x0000000784200000, 0x0000000784200000| Untracked 
|  67|0x0000000784300000, 0x0000000784300000, 0x0000000784400000|  0%| F|  |TAMS 0x0000000784300000, 0x0000000784300000| Untracked 
|  68|0x0000000784400000, 0x0000000784400000, 0x0000000784500000|  0%| F|  |TAMS 0x0000000784400000, 0x0000000784400000| Untracked 
|  69|0x0000000784500000, 0x0000000784558700, 0x0000000784600000| 34%| S|CS|TAMS 0x0000000784500000, 0x0000000784500000| Complete 
|  70|0x0000000784600000, 0x0000000784700000, 0x0000000784700000|100%| S|CS|TAMS 0x0000000784600000, 0x0000000784600000| Complete 
|  71|0x0000000784700000, 0x0000000784800000, 0x0000000784800000|100%| S|CS|TAMS 0x0000000784700000, 0x0000000784700000| Complete 
|  72|0x0000000784800000, 0x0000000784800000, 0x0000000784900000|  0%| F|  |TAMS 0x0000000784800000, 0x0000000784800000| Untracked 
|  73|0x0000000784900000, 0x0000000784900000, 0x0000000784a00000|  0%| F|  |TAMS 0x0000000784900000, 0x0000000784900000| Untracked 
|  74|0x0000000784a00000, 0x0000000784a00000, 0x0000000784b00000|  0%| F|  |TAMS 0x0000000784a00000, 0x0000000784a00000| Untracked 
|  75|0x0000000784b00000, 0x0000000784b00000, 0x0000000784c00000|  0%| F|  |TAMS 0x0000000784b00000, 0x0000000784b00000| Untracked 
|  76|0x0000000784c00000, 0x0000000784c00000, 0x0000000784d00000|  0%| F|  |TAMS 0x0000000784c00000, 0x0000000784c00000| Untracked 
|  77|0x0000000784d00000, 0x0000000784d00000, 0x0000000784e00000|  0%| F|  |TAMS 0x0000000784d00000, 0x0000000784d00000| Untracked 
|  78|0x0000000784e00000, 0x0000000784e00000, 0x0000000784f00000|  0%| F|  |TAMS 0x0000000784e00000, 0x0000000784e00000| Untracked 
|  79|0x0000000784f00000, 0x0000000784f00000, 0x0000000785000000|  0%| F|  |TAMS 0x0000000784f00000, 0x0000000784f00000| Untracked 
|  80|0x0000000785000000, 0x0000000785000000, 0x0000000785100000|  0%| F|  |TAMS 0x0000000785000000, 0x0000000785000000| Untracked 
|  81|0x0000000785100000, 0x0000000785100000, 0x0000000785200000|  0%| F|  |TAMS 0x0000000785100000, 0x0000000785100000| Untracked 
|  82|0x0000000785200000, 0x0000000785200000, 0x0000000785300000|  0%| F|  |TAMS 0x0000000785200000, 0x0000000785200000| Untracked 
|  83|0x0000000785300000, 0x0000000785300000, 0x0000000785400000|  0%| F|  |TAMS 0x0000000785300000, 0x0000000785300000| Untracked 
|  84|0x0000000785400000, 0x0000000785400000, 0x0000000785500000|  0%| F|  |TAMS 0x0000000785400000, 0x0000000785400000| Untracked 
|  85|0x0000000785500000, 0x0000000785500000, 0x0000000785600000|  0%| F|  |TAMS 0x0000000785500000, 0x0000000785500000| Untracked 
|  86|0x0000000785600000, 0x0000000785600000, 0x0000000785700000|  0%| F|  |TAMS 0x0000000785600000, 0x0000000785600000| Untracked 
|  87|0x0000000785700000, 0x0000000785700000, 0x0000000785800000|  0%| F|  |TAMS 0x0000000785700000, 0x0000000785700000| Untracked 
|  88|0x0000000785800000, 0x0000000785800000, 0x0000000785900000|  0%| F|  |TAMS 0x0000000785800000, 0x0000000785800000| Untracked 
|  89|0x0000000785900000, 0x0000000785900000, 0x0000000785a00000|  0%| F|  |TAMS 0x0000000785900000, 0x0000000785900000| Untracked 
|  90|0x0000000785a00000, 0x0000000785a00000, 0x0000000785b00000|  0%| F|  |TAMS 0x0000000785a00000, 0x0000000785a00000| Untracked 
|  91|0x0000000785b00000, 0x0000000785b00000, 0x0000000785c00000|  0%| F|  |TAMS 0x0000000785b00000, 0x0000000785b00000| Untracked 
|  92|0x0000000785c00000, 0x0000000785c00000, 0x0000000785d00000|  0%| F|  |TAMS 0x0000000785c00000, 0x0000000785c00000| Untracked 
|  93|0x0000000785d00000, 0x0000000785d00000, 0x0000000785e00000|  0%| F|  |TAMS 0x0000000785d00000, 0x0000000785d00000| Untracked 
|  94|0x0000000785e00000, 0x0000000785e00000, 0x0000000785f00000|  0%| F|  |TAMS 0x0000000785e00000, 0x0000000785e00000| Untracked 
|  95|0x0000000785f00000, 0x0000000785f00000, 0x0000000786000000|  0%| F|  |TAMS 0x0000000785f00000, 0x0000000785f00000| Untracked 
|  96|0x0000000786000000, 0x0000000786100000, 0x0000000786100000|100%| E|  |TAMS 0x0000000786000000, 0x0000000786000000| Complete 
|  97|0x0000000786100000, 0x0000000786200000, 0x0000000786200000|100%| E|CS|TAMS 0x0000000786100000, 0x0000000786100000| Complete 
|  98|0x0000000786200000, 0x0000000786300000, 0x0000000786300000|100%| E|CS|TAMS 0x0000000786200000, 0x0000000786200000| Complete 
|  99|0x0000000786300000, 0x0000000786400000, 0x0000000786400000|100%| E|CS|TAMS 0x0000000786300000, 0x0000000786300000| Complete 
| 100|0x0000000786400000, 0x0000000786500000, 0x0000000786500000|100%| E|CS|TAMS 0x0000000786400000, 0x0000000786400000| Complete 
| 101|0x0000000786500000, 0x0000000786600000, 0x0000000786600000|100%| E|CS|TAMS 0x0000000786500000, 0x0000000786500000| Complete 
| 153|0x0000000789900000, 0x0000000789a00000, 0x0000000789a00000|100%| E|CS|TAMS 0x0000000789900000, 0x0000000789900000| Complete 
|1022|0x00000007bfe00000, 0x00000007bfe52000, 0x00000007bff00000| 32%|OA|  |TAMS 0x00000007bfe52000, 0x00000007bfe00000| Untracked 
|1023|0x00000007bff00000, 0x00000007bff7c000, 0x00000007c0000000| 48%|CA|  |TAMS 0x00000007bff7c000, 0x00000007bff00000| Untracked 
|2039|0x00000007ff700000, 0x00000007ff800000, 0x00000007ff800000|100%| O|  |TAMS 0x00000007ff800000, 0x00000007ff700000| Untracked 
|2040|0x00000007ff800000, 0x00000007ff900000, 0x00000007ff900000|100%| O|  |TAMS 0x00000007ff900000, 0x00000007ff800000| Untracked 
|2041|0x00000007ff900000, 0x00000007ffa00000, 0x00000007ffa00000|100%| O|  |TAMS 0x00000007ffa00000, 0x00000007ff900000| Untracked 
|2042|0x00000007ffa00000, 0x00000007ffb00000, 0x00000007ffb00000|100%| O|  |TAMS 0x00000007ffb00000, 0x00000007ffa00000| Untracked 
|2043|0x00000007ffb00000, 0x00000007ffc00000, 0x00000007ffc00000|100%| O|  |TAMS 0x00000007ffc00000, 0x00000007ffb00000| Untracked 
|2044|0x00000007ffc00000, 0x00000007ffd00000, 0x00000007ffd00000|100%| O|  |TAMS 0x00000007ffd00000, 0x00000007ffc00000| Untracked 
|2045|0x00000007ffd00000, 0x00000007ffe00000, 0x00000007ffe00000|100%| O|  |TAMS 0x00000007ffe00000, 0x00000007ffd00000| Untracked 
|2046|0x00000007ffe00000, 0x00000007fff00000, 0x00000007fff00000|100%| O|  |TAMS 0x00000007fff00000, 0x00000007ffe00000| Untracked 
|2047|0x00000007fff00000, 0x0000000800000000, 0x0000000800000000|100%| O|  |TAMS 0x0000000800000000, 0x00000007fff00000| Untracked 

Card table byte_map: [0x00000001150aa000,0x00000001154aa000] _byte_map_base: 0x00000001114aa000

Marking Bits (Prev, Next): (CMBitMap*) 0x00007fb784829058, (CMBitMap*) 0x00007fb784829018
 Prev Bits: [0x00000001178aa000, 0x00000001198aa000)
 Next Bits: [0x00000001158aa000, 0x00000001178aa000)

Polling page: 0x000000010a9a5000

Metaspace:

Usage:
  Non-class:     24.21 MB capacity,    23.78 MB ( 98%) used,   378.52 KB (  2%) free+waste,    66.56 KB ( <1%) overhead. 
      Class:      3.22 MB capacity,     2.92 MB ( 91%) used,   278.30 KB (  8%) free+waste,    29.12 KB ( <1%) overhead. 
       Both:     27.43 MB capacity,    26.70 MB ( 97%) used,   656.82 KB (  2%) free+waste,    95.69 KB ( <1%) overhead. 

Virtual space:
  Non-class space:       26.00 MB reserved,      24.25 MB ( 93%) committed 
      Class space:        1.00 GB reserved,       3.25 MB ( <1%) committed 
             Both:        1.03 GB reserved,      27.50 MB (  3%) committed 

Chunk freelists:
   Non-Class:  37.00 KB
       Class:  0 bytes
        Both:  37.00 KB

MaxMetaspaceSize: unlimited
CompressedClassSpaceSize: 1.00 GB

CodeHeap 'non-profiled nmethods': size=120032Kb used=2909Kb max_used=2909Kb free=117122Kb
 bounds [0x000000012190c000, 0x0000000121bec000, 0x0000000128e44000]
CodeHeap 'profiled nmethods': size=120028Kb used=14399Kb max_used=14399Kb free=105628Kb
 bounds [0x000000011a3d5000, 0x000000011b1e5000, 0x000000012190c000]
CodeHeap 'non-nmethods': size=5700Kb used=1279Kb max_used=1295Kb free=4420Kb
 bounds [0x0000000119e44000, 0x000000011a0b4000, 0x000000011a3d5000]
 total_blobs=9515 nmethods=6566 adapters=413
 compilation: enabled
              stopped_count=0, restarted_count=0
 full_count=0

Compilation events (20 events):
Event: 9.685 Thread 0x00007fb785032800 nmethod 7361 0x000000011b1df010 code [0x000000011b1df220, 0x000000011b1df7e0]
Event: 9.685 Thread 0x00007fb785032800 7362   !   2       com.sun.tools.javac.comp.LambdaToMethod$LambdaAnalyzerPreprocessor::visitApply (80 bytes)
Event: 9.686 Thread 0x00007fb785032800 nmethod 7362 0x000000011b1dfb10 code [0x000000011b1dfd00, 0x000000011b1e03b0]
Event: 9.686 Thread 0x00007fb785032800 7363   !   2       com.sun.tools.javac.comp.LambdaToMethod::visitSelect (104 bytes)
Event: 9.687 Thread 0x00007fb785032800 nmethod 7363 0x000000011b1e0710 code [0x000000011b1e0900, 0x000000011b1e0f00]
Event: 9.687 Thread 0x00007fb785032800 7359       2       com.sun.tools.javac.tree.TreeTranslator::visitParens (21 bytes)
Event: 9.687 Thread 0x00007fb785032800 nmethod 7359 0x000000011b1e1310 code [0x000000011b1e14c0, 0x000000011b1e1720]
Event: 9.687 Thread 0x00007fb785032800 7360       2       com.sun.tools.javac.tree.TreeTranslator::visitIf (51 bytes)
Event: 9.688 Thread 0x00007fb785032800 nmethod 7360 0x000000011b1e1810 code [0x000000011b1e19e0, 0x000000011b1e1e00]
Event: 9.689 Thread 0x00007fb785032800 7364       2       com.sun.tools.javac.tree.TreeScanner::visitNewClass (41 bytes)
Event: 9.690 Thread 0x00007fb785032800 nmethod 7364 0x000000011b1e1f90 code [0x000000011b1e2160, 0x000000011b1e2380]
Event: 9.690 Thread 0x00007fb785032800 7367       2       com.sun.tools.javac.jvm.Code$State::markInitialized (143 bytes)
Event: 9.690 Thread 0x00007fb785032800 nmethod 7367 0x000000011b1e2490 code [0x000000011b1e2680, 0x000000011b1e2ec0]
Event: 9.691 Thread 0x00007fb785032800 7370       2       com.sun.tools.javac.jvm.Gen::hasFinally (49 bytes)
Event: 9.691 Thread 0x00007fb785032800 nmethod 7370 0x000000011b1e3290 code [0x000000011b1e3440, 0x000000011b1e36d0]
Event: 9.691 Thread 0x00007fb785032800 7369       2       com.sun.tools.javac.jvm.Gen::checkStringConstant (54 bytes)
Event: 9.692 Thread 0x00007fb785032800 nmethod 7369 0x000000011b1e3890 code [0x000000011b1e3a60, 0x000000011b1e3e10]
Event: 9.692 Thread 0x00007fb785032800 7371       2       com.sun.tools.javac.jvm.ClassWriter$StackMapTableFrame::isSameType (128 bytes)
Event: 9.693 Thread 0x00007fb785032800 nmethod 7371 0x000000011b1e4090 code [0x000000011b1e4300, 0x000000011b1e49e0]
Event: 9.694 Thread 0x00007fb785032800 7372       2       com.sun.tools.javac.jvm.ClassWriter$StackMapTableFrame::isInt (29 bytes)

GC Heap History (20 events):
Event: 6.821 GC heap before
{Heap before GC invocations=8 (full 0):
 garbage-first heap   total 67584K, used 48938K [0x0000000780000000, 0x0000000800000000)
  region size 1024K, 22 young (22528K), 5 survivors (5120K)
 Metaspace       used 23809K, capacity 24411K, committed 24444K, reserved 1071104K
  class space    used 2699K, capacity 2939K, committed 2940K, reserved 1048576K
}
Event: 6.840 GC heap after
{Heap after GC invocations=9 (full 0):
 garbage-first heap   total 67584K, used 36906K [0x0000000780000000, 0x0000000800000000)
  region size 1024K, 3 young (3072K), 3 survivors (3072K)
 Metaspace       used 23809K, capacity 24411K, committed 24444K, reserved 1071104K
  class space    used 2699K, capacity 2939K, committed 2940K, reserved 1048576K
}
Event: 6.843 GC heap before
{Heap before GC invocations=9 (full 0):
 garbage-first heap   total 67584K, used 48170K [0x0000000780000000, 0x0000000800000000)
  region size 1024K, 15 young (15360K), 3 survivors (3072K)
 Metaspace       used 23809K, capacity 24411K, committed 24444K, reserved 1071104K
  class space    used 2699K, capacity 2939K, committed 2940K, reserved 1048576K
}
Event: 6.848 GC heap after
{Heap after GC invocations=10 (full 0):
 garbage-first heap   total 67584K, used 37458K [0x0000000780000000, 0x0000000800000000)
  region size 1024K, 1 young (1024K), 1 survivors (1024K)
 Metaspace       used 23809K, capacity 24411K, committed 24444K, reserved 1071104K
  class space    used 2699K, capacity 2939K, committed 2940K, reserved 1048576K
}
Event: 6.851 GC heap before
{Heap before GC invocations=10 (full 0):
 garbage-first heap   total 67584K, used 49746K [0x0000000780000000, 0x0000000800000000)
  region size 1024K, 14 young (14336K), 1 survivors (1024K)
 Metaspace       used 23809K, capacity 24411K, committed 24444K, reserved 1071104K
  class space    used 2699K, capacity 2939K, committed 2940K, reserved 1048576K
}
Event: 6.852 GC heap after
{Heap after GC invocations=11 (full 0):
 garbage-first heap   total 67584K, used 37476K [0x0000000780000000, 0x0000000800000000)
  region size 1024K, 1 young (1024K), 1 survivors (1024K)
 Metaspace       used 23809K, capacity 24411K, committed 24444K, reserved 1071104K
  class space    used 2699K, capacity 2939K, committed 2940K, reserved 1048576K
}
Event: 6.885 GC heap before
{Heap before GC invocations=11 (full 0):
 garbage-first heap   total 67584K, used 50788K [0x0000000780000000, 0x0000000800000000)
  region size 1024K, 15 young (15360K), 1 survivors (1024K)
 Metaspace       used 23812K, capacity 24411K, committed 24444K, reserved 1071104K
  class space    used 2699K, capacity 2939K, committed 2940K, reserved 1048576K
}
Event: 6.887 GC heap after
{Heap after GC invocations=12 (full 0):
 garbage-first heap   total 67584K, used 37699K [0x0000000780000000, 0x0000000800000000)
  region size 1024K, 1 young (1024K), 1 survivors (1024K)
 Metaspace       used 23812K, capacity 24411K, committed 24444K, reserved 1071104K
  class space    used 2699K, capacity 2939K, committed 2940K, reserved 1048576K
}
Event: 7.039 GC heap before
{Heap before GC invocations=13 (full 0):
 garbage-first heap   total 81920K, used 54083K [0x0000000780000000, 0x0000000800000000)
  region size 1024K, 16 young (16384K), 1 survivors (1024K)
 Metaspace       used 23819K, capacity 24412K, committed 24444K, reserved 1071104K
  class space    used 2699K, capacity 2939K, committed 2940K, reserved 1048576K
}
Event: 7.046 GC heap after
{Heap after GC invocations=14 (full 0):
 garbage-first heap   total 81920K, used 44676K [0x0000000780000000, 0x0000000800000000)
  region size 1024K, 2 young (2048K), 2 survivors (2048K)
 Metaspace       used 23819K, capacity 24412K, committed 24444K, reserved 1071104K
  class space    used 2699K, capacity 2939K, committed 2940K, reserved 1048576K
}
Event: 7.319 GC heap before
{Heap before GC invocations=14 (full 0):
 garbage-first heap   total 81920K, used 61060K [0x0000000780000000, 0x0000000800000000)
  region size 1024K, 18 young (18432K), 2 survivors (2048K)
 Metaspace       used 24277K, capacity 24941K, committed 25084K, reserved 1071104K
  class space    used 2744K, capacity 3009K, committed 3068K, reserved 1048576K
}
Event: 7.328 GC heap after
{Heap after GC invocations=15 (full 0):
 garbage-first heap   total 81920K, used 47333K [0x0000000780000000, 0x0000000800000000)
  region size 1024K, 3 young (3072K), 3 survivors (3072K)
 Metaspace       used 24277K, capacity 24941K, committed 25084K, reserved 1071104K
  class space    used 2744K, capacity 3009K, committed 3068K, reserved 1048576K
}
Event: 7.622 GC heap before
{Heap before GC invocations=16 (full 0):
 garbage-first heap   total 97280K, used 61669K [0x0000000780000000, 0x0000000800000000)
  region size 1024K, 16 young (16384K), 3 survivors (3072K)
 Metaspace       used 24601K, capacity 25270K, committed 25340K, reserved 1071104K
  class space    used 2758K, capacity 3050K, committed 3068K, reserved 1048576K
}
Event: 7.635 GC heap after
{Heap after GC invocations=17 (full 0):
 garbage-first heap   total 116736K, used 50629K [0x0000000780000000, 0x0000000800000000)
  region size 1024K, 2 young (2048K), 2 survivors (2048K)
 Metaspace       used 24601K, capacity 25270K, committed 25340K, reserved 1071104K
  class space    used 2758K, capacity 3050K, committed 3068K, reserved 1048576K
}
Event: 8.105 GC heap before
{Heap before GC invocations=17 (full 0):
 garbage-first heap   total 116736K, used 82373K [0x0000000780000000, 0x0000000800000000)
  region size 1024K, 33 young (33792K), 2 survivors (2048K)
 Metaspace       used 24873K, capacity 25554K, committed 25596K, reserved 1071104K
  class space    used 2773K, capacity 3054K, committed 3068K, reserved 1048576K
}
Event: 8.126 GC heap after
{Heap after GC invocations=18 (full 0):
 garbage-first heap   total 116736K, used 55280K [0x0000000780000000, 0x0000000800000000)
  region size 1024K, 5 young (5120K), 5 survivors (5120K)
 Metaspace       used 24873K, capacity 25554K, committed 25596K, reserved 1071104K
  class space    used 2773K, capacity 3054K, committed 3068K, reserved 1048576K
}
Event: 8.445 GC heap before
{Heap before GC invocations=18 (full 0):
 garbage-first heap   total 116736K, used 66544K [0x0000000780000000, 0x0000000800000000)
  region size 1024K, 17 young (17408K), 5 survivors (5120K)
 Metaspace       used 25884K, capacity 26558K, committed 26748K, reserved 1073152K
  class space    used 2877K, capacity 3151K, committed 3196K, reserved 1048576K
}
Event: 8.468 GC heap after
{Heap after GC invocations=19 (full 0):
 garbage-first heap   total 116736K, used 56301K [0x0000000780000000, 0x0000000800000000)
  region size 1024K, 1 young (1024K), 1 survivors (1024K)
 Metaspace       used 25884K, capacity 26558K, committed 26748K, reserved 1073152K
  class space    used 2877K, capacity 3151K, committed 3196K, reserved 1048576K
}
Event: 9.499 GC heap before
{Heap before GC invocations=20 (full 0):
 garbage-first heap   total 116736K, used 89069K [0x0000000780000000, 0x0000000800000000)
  region size 1024K, 31 young (31744K), 1 survivors (1024K)
 Metaspace       used 27272K, capacity 28025K, committed 28156K, reserved 1075200K
  class space    used 2987K, capacity 3295K, committed 3324K, reserved 1048576K
}
Event: 9.512 GC heap after
{Heap after GC invocations=21 (full 0):
 garbage-first heap   total 116736K, used 58703K [0x0000000780000000, 0x0000000800000000)
  region size 1024K, 3 young (3072K), 3 survivors (3072K)
 Metaspace       used 27272K, capacity 28025K, committed 28156K, reserved 1075200K
  class space    used 2987K, capacity 3295K, committed 3324K, reserved 1048576K
}

Deoptimization events (20 events):
Event: 9.266 Thread 0x00007fb786809000 DEOPT PACKING pc=0x000000011b0075b8 sp=0x000070000c3ec710
Event: 9.266 Thread 0x00007fb786809000 DEOPT UNPACKING pc=0x0000000119e8d33a sp=0x000070000c3ebba8 mode 0
Event: 9.294 Thread 0x00007fb786809000 DEOPT PACKING pc=0x000000011b0075b8 sp=0x000070000c3ec7b0
Event: 9.294 Thread 0x00007fb786809000 DEOPT UNPACKING pc=0x0000000119e8d33a sp=0x000070000c3ebc48 mode 0
Event: 9.321 Thread 0x00007fb786809000 Uncommon trap: trap_request=0xffffff45 fr.pc=0x0000000121bc790c relative=0x000000000000014c
Event: 9.321 Thread 0x00007fb786809000 Uncommon trap: reason=unstable_if action=reinterpret pc=0x0000000121bc790c method=com.sun.tools.javac.tree.TreeScanner.scan(Lcom/sun/tools/javac/util/List;)V @ 1 c2
Event: 9.321 Thread 0x00007fb786809000 DEOPT PACKING pc=0x0000000121bc790c sp=0x000070000c3ec150
Event: 9.321 Thread 0x00007fb786809000 DEOPT UNPACKING pc=0x0000000119e8ce25 sp=0x000070000c3ec108 mode 2
Event: 9.353 Thread 0x00007fb786809000 DEOPT PACKING pc=0x000000011af8aca0 sp=0x000070000c3ec690
Event: 9.353 Thread 0x00007fb786809000 DEOPT UNPACKING pc=0x0000000119e8d33a sp=0x000070000c3ebaf8 mode 0
Event: 9.454 Thread 0x00007fb786809000 DEOPT PACKING pc=0x000000011b0ca683 sp=0x000070000c3ec640
Event: 9.454 Thread 0x00007fb786809000 DEOPT UNPACKING pc=0x0000000119e8d33a sp=0x000070000c3ebb40 mode 0
Event: 9.496 Thread 0x00007fb786809000 DEOPT PACKING pc=0x000000011b117cb8 sp=0x000070000c3ebc10
Event: 9.496 Thread 0x00007fb786809000 DEOPT UNPACKING pc=0x0000000119e8d33a sp=0x000070000c3eb0f8 mode 0
Event: 9.519 Thread 0x00007fb786809000 Uncommon trap: trap_request=0xffffff45 fr.pc=0x0000000121bd9438 relative=0x0000000000000258
Event: 9.519 Thread 0x00007fb786809000 Uncommon trap: reason=unstable_if action=reinterpret pc=0x0000000121bd9438 method=com.sun.tools.javac.tree.TreeInfo.getStartPos(Lcom/sun/tools/javac/tree/JCTree;)I @ 436 c2
Event: 9.519 Thread 0x00007fb786809000 DEOPT PACKING pc=0x0000000121bd9438 sp=0x000070000c3ecc90
Event: 9.519 Thread 0x00007fb786809000 DEOPT UNPACKING pc=0x0000000119e8ce25 sp=0x000070000c3ecc38 mode 2
Event: 9.563 Thread 0x00007fb786809000 DEOPT PACKING pc=0x000000011b08fd25 sp=0x000070000c3ec490
Event: 9.563 Thread 0x00007fb786809000 DEOPT UNPACKING pc=0x0000000119e8d33a sp=0x000070000c3eb918 mode 0

Classes unloaded (0 events):
No events

Classes redefined (0 events):
No events

Internal exceptions (20 events):
Event: 5.258 Thread 0x00007fb786809000 Exception <a 'java/lang/NoSuchMethodError'{0x000000078405abb8}: 'void java.lang.invoke.DirectMethodHandle$Holder.invokeSpecial(java.lang.Object, java.lang.Object, java.lang.Object, java.lang.Object)'> (0x000000078405abb8) 
thrown [./src/hotspot/share/interpreter/linkResolver.cpp, line 766]
Event: 5.259 Thread 0x00007fb786809000 Exception <a 'java/lang/NoSuchMethodError'{0x0000000784060f40}: 'int java.lang.invoke.DirectMethodHandle$Holder.invokeVirtual(java.lang.Object, java.lang.Object, java.lang.Object)'> (0x0000000784060f40) 
thrown [./src/hotspot/share/interpreter/linkResolver.cpp, line 766]
Event: 5.339 Thread 0x00007fb786809000 Exception <a 'java/lang/NoSuchMethodError'{0x0000000783fda470}: 'int java.lang.invoke.DirectMethodHandle$Holder.invokeStaticInit(java.lang.Object, java.lang.Object)'> (0x0000000783fda470) 
thrown [./src/hotspot/share/interpreter/linkResolver.cpp, line 766]
Event: 5.423 Thread 0x00007fb786809000 Exception <a 'java/lang/NoSuchMethodError'{0x000000078995aca0}: 'int java.lang.invoke.DirectMethodHandle$Holder.invokeVirtual(java.lang.Object, java.lang.Object)'> (0x000000078995aca0) 
thrown [./src/hotspot/share/interpreter/linkResolver.cpp, line 766]
Event: 5.430 Thread 0x00007fb786809000 Exception <a 'java/lang/NoSuchMethodError'{0x0000000789987c30}: 'java.lang.Object java.lang.invoke.Invokers$Holder.linkToTargetMethod(java.lang.Object, java.lang.Object, java.lang.Object, java.lang.Object, java.lang.Object, java.lang.Object)'> (0x0000000789987c30) 
thrown [./src/hotspot/share/interpreter/linkResolver.cpp, line 766]
Event: 6.402 Thread 0x00007fb786809000 Exception <a 'java/lang/NoSuchMethodError'{0x0000000781bf9490}: 'int java.lang.invoke.DirectMethodHandle$Holder.invokeSpecial(java.lang.Object, java.lang.Object, java.lang.Object, java.lang.Object)'> (0x0000000781bf9490) 
thrown [./src/hotspot/share/interpreter/linkResolver.cpp, line 766]
Event: 6.407 Thread 0x00007fb786809000 Exception <a 'java/lang/NoSuchMethodError'{0x0000000781a0a7f8}: 'java.lang.Object java.lang.invoke.DirectMethodHandle$Holder.invokeVirtual(java.lang.Object, java.lang.Object, java.lang.Object, int, int)'> (0x0000000781a0a7f8) 
thrown [./src/hotspot/share/interpreter/linkResolver.cpp, line 766]
Event: 6.408 Thread 0x00007fb786809000 Exception <a 'java/lang/NoSuchMethodError'{0x0000000781a10be8}: 'java.lang.Object java.lang.invoke.DirectMethodHandle$Holder.invokeVirtual(java.lang.Object, java.lang.Object, int)'> (0x0000000781a10be8) 
thrown [./src/hotspot/share/interpreter/linkResolver.cpp, line 766]
Event: 6.409 Thread 0x00007fb786809000 Exception <a 'java/lang/NoSuchMethodError'{0x0000000781a16d58}: 'java.lang.Object java.lang.invoke.DirectMethodHandle$Holder.invokeSpecial(java.lang.Object, java.lang.Object, java.lang.Object, int, int)'> (0x0000000781a16d58) 
thrown [./src/hotspot/share/interpreter/linkResolver.cpp, line 766]
Event: 6.634 Thread 0x00007fb786809000 Exception <a 'java/lang/NoSuchMethodError'{0x0000000789931458}: 'void java.lang.invoke.DirectMethodHandle$Holder.invokeSpecial(java.lang.Object, java.lang.Object, java.lang.Object, java.lang.Object, java.lang.Object)'> (0x0000000789931458) 
thrown [./src/hotspot/share/interpreter/linkResolver.cpp, line 766]
Event: 6.945 Thread 0x00007fb786809000 Exception <a 'sun/nio/fs/UnixException'{0x00000007830ed550}> (0x00000007830ed550) 
thrown [./src/hotspot/share/prims/jni.cpp, line 599]
Event: 6.945 Thread 0x00007fb786809000 Exception <a 'sun/nio/fs/UnixException'{0x00000007830edc58}> (0x00000007830edc58) 
thrown [./src/hotspot/share/prims/jni.cpp, line 599]
Event: 7.085 Thread 0x00007fb786809000 Implicit null exception at 0x0000000121aaed94 to 0x0000000121aaf7d0
Event: 7.130 Thread 0x00007fb786809000 Exception <a 'java/lang/NoSuchMethodError'{0x0000000783e86398}: 'int java.lang.invoke.DirectMethodHandle$Holder.invokeSpecial(java.lang.Object, java.lang.Object, java.lang.Object, java.lang.Object, java.lang.Object)'> (0x0000000783e86398) 
thrown [./src/hotspot/share/interpreter/linkResolver.cpp, line 766]
Event: 7.249 Thread 0x00007fb786809000 Exception <a 'java/lang/NoSuchMethodError'{0x000000078372acd0}: 'java.lang.Object java.lang.invoke.DirectMethodHandle$Holder.invokeStatic(java.lang.Object, java.lang.Object, int, int)'> (0x000000078372acd0) 
thrown [./src/hotspot/share/interpreter/linkResolver.cpp, line 766]
Event: 8.372 Thread 0x00007fb786809000 Exception <a 'java/lang/NoSuchMethodError'{0x0000000785c1f800}: 'void java.lang.invoke.DirectMethodHandle$Holder.invokeVirtual(java.lang.Object, java.lang.Object)'> (0x0000000785c1f800) 
thrown [./src/hotspot/share/interpreter/linkResolver.cpp, line 766]
Event: 8.593 Thread 0x00007fb786809000 Exception <a 'java/lang/NoSuchMethodError'{0x000000078642b5e0}: 'int java.lang.invoke.DirectMethodHandle$Holder.invokeVirtual(java.lang.Object, java.lang.Object, java.lang.Object, java.lang.Object)'> (0x000000078642b5e0) 
thrown [./src/hotspot/share/interpreter/linkResolver.cpp, line 766]
Event: 8.595 Thread 0x00007fb786809000 Exception <a 'java/lang/NoSuchMethodError'{0x0000000786435b30}: 'java.lang.Object java.lang.invoke.DirectMethodHandle$Holder.invokeStatic(java.lang.Object, java.lang.Object, int, java.lang.Object)'> (0x0000000786435b30) 
thrown [./src/hotspot/share/interpreter/linkResolver.cpp, line 766]
Event: 8.597 Thread 0x00007fb786809000 Exception <a 'java/lang/NoSuchMethodError'{0x000000078643c318}: 'java.lang.Object java.lang.invoke.Invokers$Holder.linkToTargetMethod(java.lang.Object, int, java.lang.Object, java.lang.Object)'> (0x000000078643c318) 
thrown [./src/hotspot/share/interpreter/linkResolver.cpp, line 766]
Event: 9.321 Thread 0x00007fb786809000 Implicit null exception at 0x0000000121bc7800 to 0x0000000121bc78f8

Events (20 events):
Event: 8.739 Executing VM operation: G1Concurrent done
Event: 8.817 Executing VM operation: HandshakeAllThreads
Event: 8.817 Executing VM operation: HandshakeAllThreads done
Event: 8.930 Executing VM operation: ICBufferFull
Event: 8.930 Executing VM operation: ICBufferFull done
Event: 9.069 Loaded shared library /usr/local/Cellar/openjdk/14.0.1/libexec/openjdk.jdk/Contents/Home/lib/libnio.dylib
Event: 9.104 Executing VM operation: ICBufferFull
Event: 9.104 Executing VM operation: ICBufferFull done
Event: 9.256 Executing VM operation: ICBufferFull
Event: 9.257 Executing VM operation: ICBufferFull done
Event: 9.326 loading class java/util/stream/ReduceOps$2
Event: 9.326 loading class java/util/stream/ReduceOps$2 done
Event: 9.326 loading class java/util/stream/ReduceOps$2ReducingSink
Event: 9.327 loading class java/util/stream/ReduceOps$2ReducingSink done
Event: 9.481 Executing VM operation: ICBufferFull
Event: 9.481 Executing VM operation: ICBufferFull done
Event: 9.498 Executing VM operation: G1CollectForAllocation
Event: 9.515 Executing VM operation: G1CollectForAllocation done
Event: 9.577 Executing VM operation: ICBufferFull
Event: 9.577 Executing VM operation: ICBufferFull done


Dynamic libraries:
0x00007fff6745a000 	/usr/lib/libz.1.dylib
0x000000010a93e000 	/usr/local/Cellar/openjdk/14.0.1/libexec/openjdk.jdk/Contents/Home/lib/libjli.dylib
0x00007fff2cf74000 	/System/Library/Frameworks/Cocoa.framework/Versions/A/Cocoa
0x00007fff3a77d000 	/System/Library/Frameworks/Security.framework/Versions/A/Security
0x00007fff2bed9000 	/System/Library/Frameworks/ApplicationServices.framework/Versions/A/ApplicationServices
0x00007fff64f1e000 	/usr/lib/libSystem.B.dylib
0x00007fff67d1b000 	/usr/lib/system/libcache.dylib
0x00007fff67d21000 	/usr/lib/system/libcommonCrypto.dylib
0x00007fff67d2d000 	/usr/lib/system/libcompiler_rt.dylib
0x00007fff67d35000 	/usr/lib/system/libcopyfile.dylib
0x00007fff67d3f000 	/usr/lib/system/libcorecrypto.dylib
0x00007fff67ede000 	/usr/lib/system/libdispatch.dylib
0x00007fff67f1f000 	/usr/lib/system/libdyld.dylib
0x00007fff67f56000 	/usr/lib/system/libkeymgr.dylib
0x00007fff67f64000 	/usr/lib/system/liblaunch.dylib
0x00007fff67f65000 	/usr/lib/system/libmacho.dylib
0x00007fff67f6b000 	/usr/lib/system/libquarantine.dylib
0x00007fff67f6e000 	/usr/lib/system/libremovefile.dylib
0x00007fff67f70000 	/usr/lib/system/libsystem_asl.dylib
0x00007fff67f88000 	/usr/lib/system/libsystem_blocks.dylib
0x00007fff67f89000 	/usr/lib/system/libsystem_c.dylib
0x00007fff68011000 	/usr/lib/system/libsystem_configuration.dylib
0x00007fff68015000 	/usr/lib/system/libsystem_coreservices.dylib
0x00007fff68019000 	/usr/lib/system/libsystem_darwin.dylib
0x00007fff68022000 	/usr/lib/system/libsystem_dnssd.dylib
0x00007fff6802a000 	/usr/lib/system/libsystem_featureflags.dylib
0x00007fff6802c000 	/usr/lib/system/libsystem_info.dylib
0x00007fff680a7000 	/usr/lib/system/libsystem_m.dylib
0x00007fff680ef000 	/usr/lib/system/libsystem_malloc.dylib
0x00007fff68117000 	/usr/lib/system/libsystem_networkextension.dylib
0x00007fff68125000 	/usr/lib/system/libsystem_notify.dylib
0x00007fff68143000 	/usr/lib/system/libsystem_sandbox.dylib
0x00007fff68148000 	/usr/lib/system/libsystem_secinit.dylib
0x00007fff6807a000 	/usr/lib/system/libsystem_kernel.dylib
0x00007fff6812f000 	/usr/lib/system/libsystem_platform.dylib
0x00007fff68138000 	/usr/lib/system/libsystem_pthread.dylib
0x00007fff6814b000 	/usr/lib/system/libsystem_symptoms.dylib
0x00007fff68153000 	/usr/lib/system/libsystem_trace.dylib
0x00007fff6816b000 	/usr/lib/system/libunwind.dylib
0x00007fff68171000 	/usr/lib/system/libxpc.dylib
0x00007fff66d7e000 	/usr/lib/libobjc.A.dylib
0x00007fff65257000 	/usr/lib/libc++abi.dylib
0x00007fff65204000 	/usr/lib/libc++.1.dylib
0x00007fff2de16000 	/System/Library/Frameworks/CoreFoundation.framework/Versions/A/CoreFoundation
0x00007fff304d3000 	/System/Library/Frameworks/Foundation.framework/Versions/C/Foundation
0x00007fff2b0c9000 	/System/Library/Frameworks/AppKit.framework/Versions/C/AppKit
0x00007fff2d8f8000 	/System/Library/Frameworks/CoreData.framework/Versions/A/CoreData
0x00007fff5ef19000 	/System/Library/PrivateFrameworks/UIFoundation.framework/Versions/A/UIFoundation
0x00007fff59fad000 	/System/Library/PrivateFrameworks/RemoteViewServices.framework/Versions/A/RemoteViewServices
0x00007fff61a8e000 	/System/Library/PrivateFrameworks/XCTTargetBootstrap.framework/Versions/A/XCTTargetBootstrap
0x00007fff2dce3000 	/System/Library/Frameworks/CoreDisplay.framework/Versions/A/CoreDisplay
0x00007fff3338d000 	/System/Library/Frameworks/Metal.framework/Versions/A/Metal
0x00007fff47f95000 	/System/Library/PrivateFrameworks/DesktopServicesPriv.framework/Versions/A/DesktopServicesPriv
0x00007fff66059000 	/usr/lib/liblangid.dylib
0x00007fff4722a000 	/System/Library/PrivateFrameworks/CoreSVG.framework/Versions/A/CoreSVG
0x00007fff5d109000 	/System/Library/PrivateFrameworks/SkyLight.framework/Versions/A/SkyLight
0x00007fff2e297000 	/System/Library/Frameworks/CoreGraphics.framework/Versions/A/CoreGraphics
0x00007fff29a9d000 	/System/Library/Frameworks/Accelerate.framework/Versions/A/Accelerate
0x00007fff6734b000 	/usr/lib/libxml2.2.dylib
0x00007fff52f37000 	/System/Library/PrivateFrameworks/IconServices.framework/Versions/A/IconServices
0x00007fff30cb2000 	/System/Library/Frameworks/IOSurface.framework/Versions/A/IOSurface
0x00007fff64a48000 	/usr/lib/libDiagnosticMessagesClient.dylib
0x00007fff47def000 	/System/Library/PrivateFrameworks/DFRFoundation.framework/Versions/A/DFRFoundation
0x00007fff65de8000 	/usr/lib/libicucore.A.dylib
0x00007fff2c20b000 	/System/Library/Frameworks/AudioToolbox.framework/Versions/A/AudioToolbox
0x00007fff2c2ee000 	/System/Library/Frameworks/AudioUnit.framework/Versions/A/AudioUnit
0x00007fff65120000 	/usr/lib/libauto.dylib
0x00007fff47e91000 	/System/Library/PrivateFrameworks/DataDetectorsCore.framework/Versions/A/DataDetectorsCore
0x00007fff2ca95000 	/System/Library/Frameworks/Carbon.framework/Versions/A/Frameworks/HIToolbox.framework/Versions/A/HIToolbox
0x00007fff39977000 	/System/Library/Frameworks/QuartzCore.framework/Versions/A/QuartzCore
0x00007fff2cdd4000 	/System/Library/Frameworks/Carbon.framework/Versions/A/Frameworks/SpeechRecognition.framework/Versions/A/SpeechRecognition
0x00007fff47903000 	/System/Library/PrivateFrameworks/CoreUI.framework/Versions/A/CoreUI
0x00007fff2d363000 	/System/Library/Frameworks/CoreAudio.framework/Versions/A/CoreAudio
0x00007fff30192000 	/System/Library/Frameworks/DiskArbitration.framework/Versions/A/DiskArbitration
0x00007fff54f87000 	/System/Library/PrivateFrameworks/MultitouchSupport.framework/Versions/A/MultitouchSupport
0x00007fff65caf000 	/usr/lib/libenergytrace.dylib
0x00007fff30c0c000 	/System/Library/Frameworks/IOKit.framework/Versions/A/IOKit
0x00007fff2f1fe000 	/System/Library/Frameworks/CoreServices.framework/Versions/A/CoreServices
0x00007fff57140000 	/System/Library/PrivateFrameworks/PerformanceAnalysis.framework/Versions/A/PerformanceAnalysis
0x00007fff389aa000 	/System/Library/Frameworks/OpenGL.framework/Versions/A/OpenGL
0x00007fff2cf82000 	/System/Library/Frameworks/ColorSync.framework/Versions/A/ColorSync
0x00007fff2e91a000 	/System/Library/Frameworks/CoreImage.framework/Versions/A/CoreImage
0x00007fff2fc71000 	/System/Library/Frameworks/CoreText.framework/Versions/A/CoreText
0x00007fff30d42000 	/System/Library/Frameworks/ImageIO.framework/Versions/A/ImageIO
0x00007fff65280000 	/usr/lib/libcompression.dylib
0x00007fff64d8c000 	/usr/lib/libMobileGestalt.dylib
0x00007fff5ec83000 	/System/Library/PrivateFrameworks/TextureIO.framework/Versions/A/TextureIO
0x00007fff65083000 	/usr/lib/libate.dylib
0x00007fff53140000 	/System/Library/PrivateFrameworks/InternationalSupport.framework/Versions/A/InternationalSupport
0x00007fff6605b000 	/usr/lib/liblzma.5.dylib
0x00007fff65cd6000 	/usr/lib/libfakelink.dylib
0x00007fff65010000 	/usr/lib/libarchive.2.dylib
0x00007fff3b82e000 	/System/Library/Frameworks/SystemConfiguration.framework/Versions/A/SystemConfiguration
0x00007fff6497b000 	/usr/lib/libCRFSuite.dylib
0x00007fff2c685000 	/System/Library/Frameworks/CFNetwork.framework/Versions/A/CFNetwork
0x00007fff651e6000 	/usr/lib/libbsm.0.dylib
0x00007fff67f57000 	/usr/lib/system/libkxld.dylib
0x00007fff4176b000 	/System/Library/PrivateFrameworks/AppleFSCompression.framework/Versions/A/AppleFSCompression
0x00007fff65571000 	/usr/lib/libcoretls.dylib
0x00007fff65588000 	/usr/lib/libcoretls_cfhelpers.dylib
0x00007fff66dc4000 	/usr/lib/libpam.2.dylib
0x00007fff66ef9000 	/usr/lib/libsqlite3.dylib
0x00007fff67338000 	/usr/lib/libxar.1.dylib
0x00007fff651f7000 	/usr/lib/libbz2.1.0.dylib
0x00007fff65cf7000 	/usr/lib/libiconv.2.dylib
0x00007fff6526d000 	/usr/lib/libcharset.1.dylib
0x00007fff66861000 	/usr/lib/libnetwork.dylib
0x00007fff66dcb000 	/usr/lib/libpcap.A.dylib
0x00007fff64fc5000 	/usr/lib/libapple_nghttp2.dylib
0x00007fff2f5b5000 	/System/Library/Frameworks/CoreServices.framework/Versions/A/Frameworks/FSEvents.framework/Versions/A/FSEvents
0x00007fff2f285000 	/System/Library/Frameworks/CoreServices.framework/Versions/A/Frameworks/CarbonCore.framework/Versions/A/CarbonCore
0x00007fff2f7f9000 	/System/Library/Frameworks/CoreServices.framework/Versions/A/Frameworks/Metadata.framework/Versions/A/Metadata
0x00007fff2f892000 	/System/Library/Frameworks/CoreServices.framework/Versions/A/Frameworks/OSServices.framework/Versions/A/OSServices
0x00007fff2f8c0000 	/System/Library/Frameworks/CoreServices.framework/Versions/A/Frameworks/SearchKit.framework/Versions/A/SearchKit
0x00007fff2f1ff000 	/System/Library/Frameworks/CoreServices.framework/Versions/A/Frameworks/AE.framework/Versions/A/AE
0x00007fff2f5be000 	/System/Library/Frameworks/CoreServices.framework/Versions/A/Frameworks/LaunchServices.framework/Versions/A/LaunchServices
0x00007fff2f567000 	/System/Library/Frameworks/CoreServices.framework/Versions/A/Frameworks/DictionaryServices.framework/Versions/A/DictionaryServices
0x00007fff2f928000 	/System/Library/Frameworks/CoreServices.framework/Versions/A/Frameworks/SharedFileList.framework/Versions/A/SharedFileList
0x00007fff347c9000 	/System/Library/Frameworks/NetFS.framework/Versions/A/NetFS
0x00007fff554b7000 	/System/Library/PrivateFrameworks/NetAuth.framework/Versions/A/NetAuth
0x00007fff61e5b000 	/System/Library/PrivateFrameworks/login.framework/Versions/A/Frameworks/loginsupport.framework/Versions/A/loginsupport
0x00007fff5e74e000 	/System/Library/PrivateFrameworks/TCC.framework/Versions/A/TCC
0x00007fff4639d000 	/System/Library/PrivateFrameworks/CoreNLP.framework/Versions/A/CoreNLP
0x00007fff549b4000 	/System/Library/PrivateFrameworks/MetadataUtilities.framework/Versions/A/MetadataUtilities
0x00007fff66133000 	/usr/lib/libmecabra.dylib
0x00007fff6608b000 	/usr/lib/libmecab.dylib
0x00007fff65ce7000 	/usr/lib/libgermantok.dylib
0x00007fff64fac000 	/usr/lib/libThaiTokenizer.dylib
0x00007fff649b2000 	/usr/lib/libChineseTokenizer.dylib
0x00007fff29ab5000 	/System/Library/Frameworks/Accelerate.framework/Versions/A/Frameworks/vImage.framework/Versions/A/vImage
0x00007fff2af1f000 	/System/Library/Frameworks/Accelerate.framework/Versions/A/Frameworks/vecLib.framework/Versions/A/vecLib
0x00007fff2ae5c000 	/System/Library/Frameworks/Accelerate.framework/Versions/A/Frameworks/vecLib.framework/Versions/A/libvMisc.dylib
0x00007fff2ac84000 	/System/Library/Frameworks/Accelerate.framework/Versions/A/Frameworks/vecLib.framework/Versions/A/libvDSP.dylib
0x00007fff2a10c000 	/System/Library/Frameworks/Accelerate.framework/Versions/A/Frameworks/vecLib.framework/Versions/A/libBLAS.dylib
0x00007fff2a848000 	/System/Library/Frameworks/Accelerate.framework/Versions/A/Frameworks/vecLib.framework/Versions/A/libLAPACK.dylib
0x00007fff2abe4000 	/System/Library/Frameworks/Accelerate.framework/Versions/A/Frameworks/vecLib.framework/Versions/A/libLinearAlgebra.dylib
0x00007fff2ac71000 	/System/Library/Frameworks/Accelerate.framework/Versions/A/Frameworks/vecLib.framework/Versions/A/libSparseBLAS.dylib
0x00007fff2abfa000 	/System/Library/Frameworks/Accelerate.framework/Versions/A/Frameworks/vecLib.framework/Versions/A/libQuadrature.dylib
0x00007fff2a374000 	/System/Library/Frameworks/Accelerate.framework/Versions/A/Frameworks/vecLib.framework/Versions/A/libBNNS.dylib
0x00007fff2ac00000 	/System/Library/Frameworks/Accelerate.framework/Versions/A/Frameworks/vecLib.framework/Versions/A/libSparse.dylib
0x00007fff53528000 	/System/Library/PrivateFrameworks/LanguageModeling.framework/Versions/A/LanguageModeling
0x00007fff45d4d000 	/System/Library/PrivateFrameworks/CoreEmoji.framework/Versions/A/CoreEmoji
0x00007fff53646000 	/System/Library/PrivateFrameworks/LinguisticData.framework/Versions/A/LinguisticData
0x00007fff535f7000 	/System/Library/PrivateFrameworks/Lexicon.framework/Versions/A/Lexicon
0x00007fff6526e000 	/usr/lib/libcmph.dylib
0x00007fff373b8000 	/System/Library/Frameworks/OpenDirectory.framework/Versions/A/Frameworks/CFOpenDirectory.framework/Versions/A/CFOpenDirectory
0x00007fff373d5000 	/System/Library/Frameworks/OpenDirectory.framework/Versions/A/OpenDirectory
0x00007fff3f818000 	/System/Library/PrivateFrameworks/APFS.framework/Versions/A/APFS
0x00007fff3aac7000 	/System/Library/Frameworks/SecurityFoundation.framework/Versions/A/SecurityFoundation
0x00007fff67334000 	/usr/lib/libutil.dylib
0x00007fff47282000 	/System/Library/PrivateFrameworks/CoreServicesStore.framework/Versions/A/CoreServicesStore
0x00007fff3ab7e000 	/System/Library/Frameworks/ServiceManagement.framework/Versions/A/ServiceManagement
0x00007fff42f3b000 	/System/Library/PrivateFrameworks/BackgroundTaskManagement.framework/Versions/A/BackgroundTaskManagement
0x00007fff67431000 	/usr/lib/libxslt.1.dylib
0x00007fff41dde000 	/System/Library/PrivateFrameworks/AppleSystemInfo.framework/Versions/A/AppleSystemInfo
0x00007fff30f5e000 	/System/Library/Frameworks/ImageIO.framework/Versions/A/Resources/libJPEG.dylib
0x00007fff3121b000 	/System/Library/Frameworks/ImageIO.framework/Versions/A/Resources/libTIFF.dylib
0x00007fff311fe000 	/System/Library/Frameworks/ImageIO.framework/Versions/A/Resources/libPng.dylib
0x00007fff30ea0000 	/System/Library/Frameworks/ImageIO.framework/Versions/A/Resources/libGIF.dylib
0x00007fff30ea4000 	/System/Library/Frameworks/ImageIO.framework/Versions/A/Resources/libJP2.dylib
0x00007fff31219000 	/System/Library/Frameworks/ImageIO.framework/Versions/A/Resources/libRadiance.dylib
0x00007fff65cb0000 	/usr/lib/libexpat.1.dylib
0x00007fff418c6000 	/System/Library/PrivateFrameworks/AppleJPEG.framework/Versions/A/AppleJPEG
0x00007fff4a598000 	/System/Library/PrivateFrameworks/FontServices.framework/libFontParser.dylib
0x00007fff60e5d000 	/System/Library/PrivateFrameworks/WatchdogClient.framework/Versions/A/WatchdogClient
0x00007fff52b83000 	/System/Library/PrivateFrameworks/IOAccelerator.framework/Versions/A/IOAccelerator
0x00007fff33728000 	/System/Library/Frameworks/MetalPerformanceShaders.framework/Versions/A/MetalPerformanceShaders
0x00007fff4f313000 	/System/Library/PrivateFrameworks/GPUWrangler.framework/Versions/A/GPUWrangler
0x00007fff52b98000 	/System/Library/PrivateFrameworks/IOPresentment.framework/Versions/A/IOPresentment
0x00007fff47e02000 	/System/Library/PrivateFrameworks/DSExternalDisplay.framework/Versions/A/DSExternalDisplay
0x00007fff37d49000 	/System/Library/Frameworks/OpenGL.framework/Versions/A/Libraries/libCoreFSCache.dylib
0x00007fff33474000 	/System/Library/Frameworks/MetalPerformanceShaders.framework/Frameworks/MPSCore.framework/Versions/A/MPSCore
0x00007fff334b2000 	/System/Library/Frameworks/MetalPerformanceShaders.framework/Frameworks/MPSImage.framework/Versions/A/MPSImage
0x00007fff33579000 	/System/Library/Frameworks/MetalPerformanceShaders.framework/Frameworks/MPSNeuralNetwork.framework/Versions/A/MPSNeuralNetwork
0x00007fff3353d000 	/System/Library/Frameworks/MetalPerformanceShaders.framework/Frameworks/MPSMatrix.framework/Versions/A/MPSMatrix
0x00007fff336d8000 	/System/Library/Frameworks/MetalPerformanceShaders.framework/Frameworks/MPSRayIntersector.framework/Versions/A/MPSRayIntersector
0x00007fff33563000 	/System/Library/Frameworks/MetalPerformanceShaders.framework/Frameworks/MPSNDArray.framework/Versions/A/MPSNDArray
0x00007fff54a01000 	/System/Library/PrivateFrameworks/MetalTools.framework/Versions/A/MetalTools
0x00007fff409f2000 	/System/Library/PrivateFrameworks/AggregateDictionary.framework/Versions/A/AggregateDictionary
0x00007fff45795000 	/System/Library/PrivateFrameworks/CoreAnalytics.framework/Versions/A/CoreAnalytics
0x00007fff41cfd000 	/System/Library/PrivateFrameworks/AppleSauce.framework/Versions/A/AppleSauce
0x00007fff64c6e000 	/usr/lib/libIOReport.dylib
0x00007fff2fe29000 	/System/Library/Frameworks/CoreVideo.framework/Versions/A/CoreVideo
0x00007fff5078c000 	/System/Library/PrivateFrameworks/GraphVisualizer.framework/Versions/A/GraphVisualizer
0x00007fff49ade000 	/System/Library/PrivateFrameworks/FaceCore.framework/Versions/A/FaceCore
0x00007fff3735f000 	/System/Library/Frameworks/OpenCL.framework/Versions/A/OpenCL
0x00007fff64a90000 	/usr/lib/libFosl_dynamic.dylib
0x00007fff55ed8000 	/System/Library/PrivateFrameworks/OTSVG.framework/Versions/A/OTSVG
0x00007fff2bfde000 	/System/Library/Frameworks/ApplicationServices.framework/Versions/A/Frameworks/ATS.framework/Versions/A/Resources/libFontRegistry.dylib
0x00007fff4a767000 	/System/Library/PrivateFrameworks/FontServices.framework/libhvf.dylib
0x00007fff37d54000 	/System/Library/Frameworks/OpenGL.framework/Versions/A/Libraries/libGFXShared.dylib
0x00007fff37f32000 	/System/Library/Frameworks/OpenGL.framework/Versions/A/Libraries/libGLU.dylib
0x00007fff37d5d000 	/System/Library/Frameworks/OpenGL.framework/Versions/A/Libraries/libGL.dylib
0x00007fff37d68000 	/System/Library/Frameworks/OpenGL.framework/Versions/A/Libraries/libGLImage.dylib
0x00007fff37d46000 	/System/Library/Frameworks/OpenGL.framework/Versions/A/Libraries/libCVMSPluginSupport.dylib
0x00007fff37d4f000 	/System/Library/Frameworks/OpenGL.framework/Versions/A/Libraries/libCoreVMClient.dylib
0x00007fff66702000 	/usr/lib/libncurses.5.4.dylib
0x00007fff2beda000 	/System/Library/Frameworks/ApplicationServices.framework/Versions/A/Frameworks/ATS.framework/Versions/A/ATS
0x00007fff2c0a7000 	/System/Library/Frameworks/ApplicationServices.framework/Versions/A/Frameworks/ColorSyncLegacy.framework/Versions/A/ColorSyncLegacy
0x00007fff2c145000 	/System/Library/Frameworks/ApplicationServices.framework/Versions/A/Frameworks/HIServices.framework/Versions/A/HIServices
0x00007fff2c19d000 	/System/Library/Frameworks/ApplicationServices.framework/Versions/A/Frameworks/LangAnalysis.framework/Versions/A/LangAnalysis
0x00007fff2c1ac000 	/System/Library/Frameworks/ApplicationServices.framework/Versions/A/Frameworks/PrintCore.framework/Versions/A/PrintCore
0x00007fff2c1f2000 	/System/Library/Frameworks/ApplicationServices.framework/Versions/A/Frameworks/QD.framework/Versions/A/QD
0x00007fff2c1fd000 	/System/Library/Frameworks/ApplicationServices.framework/Versions/A/Frameworks/SpeechSynthesis.framework/Versions/A/SpeechSynthesis
0x00007fff2c077000 	/System/Library/Frameworks/ApplicationServices.framework/Versions/A/Frameworks/ATSUI.framework/Versions/A/ATSUI
0x00007fff65b46000 	/usr/lib/libcups.2.dylib
0x00007fff327c3000 	/System/Library/Frameworks/Kerberos.framework/Versions/A/Kerberos
0x00007fff30905000 	/System/Library/Frameworks/GSS.framework/Versions/A/GSS
0x00007fff66e85000 	/usr/lib/libresolv.9.dylib
0x00007fff50939000 	/System/Library/PrivateFrameworks/Heimdal.framework/Versions/A/Heimdal
0x00007fff327d6000 	/System/Library/Frameworks/Kerberos.framework/Versions/A/Libraries/libHeimdalProxy.dylib
0x00007fff65ced000 	/usr/lib/libheimdal-asn1.dylib
0x00007fff44c2d000 	/System/Library/PrivateFrameworks/CommonAuth.framework/Versions/A/CommonAuth
0x00007fff41e7b000 	/System/Library/PrivateFrameworks/AssertionServices.framework/Versions/A/AssertionServices
0x00007fff42a1e000 	/System/Library/PrivateFrameworks/AudioToolboxCore.framework/Versions/A/AudioToolboxCore
0x00007fff61b0b000 	/System/Library/PrivateFrameworks/caulk.framework/Versions/A/caulk
0x00007fff42fe7000 	/System/Library/PrivateFrameworks/BaseBoard.framework/Versions/A/BaseBoard
0x00007fff5a13b000 	/System/Library/PrivateFrameworks/RunningBoardServices.framework/Versions/A/RunningBoardServices
0x00007fff5714c000 	/System/Library/PrivateFrameworks/PersistentConnection.framework/Versions/A/PersistentConnection
0x00007fff59b34000 	/System/Library/PrivateFrameworks/ProtocolBuffer.framework/Versions/A/ProtocolBuffer
0x00007fff44c51000 	/System/Library/PrivateFrameworks/CommonUtilities.framework/Versions/A/CommonUtilities
0x00007fff43175000 	/System/Library/PrivateFrameworks/Bom.framework/Versions/A/Bom
0x00007fff64941000 	/usr/lib/libAudioToolboxUtility.dylib
0x00007fff42f45000 	/System/Library/PrivateFrameworks/Backup.framework/Versions/A/Backup
0x00007fff47d23000 	/System/Library/PrivateFrameworks/CrashReporterSupport.framework/Versions/A/CrashReporterSupport
0x00007fff5bbcd000 	/System/Library/PrivateFrameworks/Sharing.framework/Versions/A/Sharing
0x00007fff41489000 	/System/Library/PrivateFrameworks/Apple80211.framework/Versions/A/Apple80211
0x00007fff42c62000 	/System/Library/PrivateFrameworks/AuthKit.framework/Versions/A/AuthKit
0x00007fff47a30000 	/System/Library/PrivateFrameworks/CoreUtils.framework/Versions/A/CoreUtils
0x00007fff2fe6e000 	/System/Library/Frameworks/CoreWLAN.framework/Versions/A/CoreWLAN
0x00007fff30a92000 	/System/Library/Frameworks/IOBluetooth.framework/Versions/A/IOBluetooth
0x00007fff54d06000 	/System/Library/PrivateFrameworks/MobileKeyBag.framework/Versions/A/MobileKeyBag
0x00007fff46835000 	/System/Library/PrivateFrameworks/CorePhoneNumbers.framework/Versions/A/CorePhoneNumbers
0x00007fff41879000 	/System/Library/PrivateFrameworks/AppleIDAuthSupport.framework/Versions/A/AppleIDAuthSupport
0x00007fff347d6000 	/System/Library/Frameworks/Network.framework/Versions/A/Network
0x00007fff533d4000 	/System/Library/PrivateFrameworks/KeychainCircle.framework/Versions/A/KeychainCircle
0x00007fff2d8bf000 	/System/Library/Frameworks/CoreBluetooth.framework/Versions/A/CoreBluetooth
0x00007fff5dc4c000 	/System/Library/PrivateFrameworks/SpeechRecognitionCore.framework/Versions/A/SpeechRecognitionCore
0x00007fff20ee1000 	/System/Library/CoreServices/Encodings/libSimplifiedChineseConverter.dylib
0x000000010b200000 	/usr/local/Cellar/openjdk/14.0.1/libexec/openjdk.jdk/Contents/Home/lib/server/libjvm.dylib
0x000000010a99d000 	/usr/local/Cellar/openjdk/14.0.1/libexec/openjdk.jdk/Contents/Home/lib/libjimage.dylib
0x000000010a9af000 	/usr/local/Cellar/openjdk/14.0.1/libexec/openjdk.jdk/Contents/Home/lib/libjava.dylib
0x000000010a9d4000 	/usr/local/Cellar/openjdk/14.0.1/libexec/openjdk.jdk/Contents/Home/lib/libzip.dylib
0x00000001198ef000 	/usr/local/Cellar/openjdk/14.0.1/libexec/openjdk.jdk/Contents/Home/lib/libnio.dylib
0x00000001198ff000 	/usr/local/Cellar/openjdk/14.0.1/libexec/openjdk.jdk/Contents/Home/lib/libnet.dylib
0x0000000119914000 	/usr/local/Cellar/openjdk/14.0.1/libexec/openjdk.jdk/Contents/Home/lib/libverify.dylib
0x000000010a9f8000 	/usr/local/Cellar/maven/3.6.3_1/libexec/lib/jansi-native/osx/libjansi.jnilib


VM Arguments:
jvm_args: -Dclassworlds.conf=/usr/local/Cellar/maven/3.6.3_1/libexec/bin/m2.conf -Dmaven.home=/usr/local/Cellar/maven/3.6.3_1/libexec -Dlibrary.jansi.path=/usr/local/Cellar/maven/3.6.3_1/libexec/lib/jansi-native -Dmaven.multiModuleProjectDirectory=/Library/WebServer/Documents/hwwd 
java_command: org.codehaus.plexus.classworlds.launcher.Launcher spring-boot:run
java_class_path (initial): /usr/local/Cellar/maven/3.6.3_1/libexec/boot/plexus-classworlds-2.6.0.jar
Launcher Type: SUN_STANDARD

[Global flags]
     intx CICompilerCount                          = 3                                         {product} {ergonomic}
     uint ConcGCThreads                            = 1                                         {product} {ergonomic}
     uint G1ConcRefinementThreads                  = 4                                         {product} {ergonomic}
   size_t G1HeapRegionSize                         = 1048576                                   {product} {ergonomic}
    uintx GCDrainStackTargetSize                   = 64                                        {product} {ergonomic}
   size_t InitialHeapSize                          = 134217728                                 {product} {ergonomic}
   size_t MarkStackSize                            = 4194304                                   {product} {ergonomic}
   size_t MaxHeapSize                              = 2147483648                                {product} {ergonomic}
   size_t MaxNewSize                               = 1287651328                                {product} {ergonomic}
   size_t MinHeapDeltaBytes                        = 1048576                                   {product} {ergonomic}
   size_t MinHeapSize                              = 8388608                                   {product} {ergonomic}
    uintx NonNMethodCodeHeapSize                   = 5832780                                {pd product} {ergonomic}
    uintx NonProfiledCodeHeapSize                  = 122912730                              {pd product} {ergonomic}
    uintx ProfiledCodeHeapSize                     = 122912730                              {pd product} {ergonomic}
    uintx ReservedCodeCacheSize                    = 251658240                              {pd product} {ergonomic}
     bool SegmentedCodeCache                       = true                                      {product} {ergonomic}
   size_t SoftMaxHeapSize                          = 2147483648                             {manageable} {ergonomic}
     bool UseCompressedClassPointers               = true                                 {lp64_product} {ergonomic}
     bool UseCompressedOops                        = true                                 {lp64_product} {ergonomic}
     bool UseG1GC                                  = true                                      {product} {ergonomic}

Logging:
Log output configuration:
 #0: stdout all=warning uptime,level,tags
 #1: stderr all=off uptime,level,tags

Environment Variables:
JAVA_HOME=/usr/local/opt/openjdk/libexec/openjdk.jdk/Contents/Home
PATH=/usr/local/bin:/usr/bin:/bin:/usr/sbin:/sbin
SHELL=/bin/bash

Signal Handlers:
SIGSEGV: [libjvm.dylib+0x7c0dee], sa_mask[0]=11111111011111110111111111111111, sa_flags=SA_ONSTACK|SA_RESTART|SA_SIGINFO
SIGBUS: [libjvm.dylib+0x7c0dee], sa_mask[0]=11111111011111110111111111111111, sa_flags=SA_RESTART|SA_SIGINFO
SIGFPE: [libjvm.dylib+0x7c0dee], sa_mask[0]=11111111011111110111111111111111, sa_flags=SA_RESTART|SA_SIGINFO
SIGPIPE: [libjvm.dylib+0x5fd565], sa_mask[0]=11111111011111110111111111111111, sa_flags=SA_RESTART|SA_SIGINFO
SIGXFSZ: [libjvm.dylib+0x5fd565], sa_mask[0]=11111111011111110111111111111111, sa_flags=SA_RESTART|SA_SIGINFO
SIGILL: [libjvm.dylib+0x7c0dee], sa_mask[0]=11111111011111110111111111111111, sa_flags=SA_RESTART|SA_SIGINFO
SIGUSR2: [libjvm.dylib+0x5fdb37], sa_mask[0]=00000000000000000000000000000000, sa_flags=SA_RESTART|SA_SIGINFO
SIGHUP: [libjvm.dylib+0x5fcb99], sa_mask[0]=11111111011111110111111111111111, sa_flags=SA_RESTART|SA_SIGINFO
SIGINT: [libjvm.dylib+0x5fcb99], sa_mask[0]=11111111011111110111111111111111, sa_flags=SA_RESTART|SA_SIGINFO
SIGTERM: [libjvm.dylib+0x5fcb99], sa_mask[0]=11111111011111110111111111111111, sa_flags=SA_RESTART|SA_SIGINFO
SIGQUIT: [libjvm.dylib+0x5fcb99], sa_mask[0]=11111111011111110111111111111111, sa_flags=SA_RESTART|SA_SIGINFO


---------------  S Y S T E M  ---------------

OS:uname:Darwin 19.6.0 Darwin Kernel Version 19.6.0: Tue Jan 12 22:13:05 PST 2021; root:xnu-6153.141.16~1/RELEASE_X86_64 x86_64
OS uptime: 13 days 2:30 hours
rlimit: STACK 8192k, CORE 0k, NPROC 1392, NOFILE 10240, AS infinity, DATA infinity, FSIZE infinity
load average:3.49 4.81 5.21

CPU:total 4 (initial active 4) (2 cores per cpu, 2 threads per core) family 6 model 61 stepping 4, cmov, cx8, fxsr, mmx, sse, sse2, sse3, ssse3, sse4.1, sse4.2, popcnt, avx, avx2, aes, clmul, erms, 3dnowpref, lzcnt, ht, tsc, tscinvbit, bmi1, bmi2, adx, fma

Memory: 4k page, physical 8388608k(272200k free), swap 4194304k(1417216k free)

vm_info: OpenJDK 64-Bit Server VM (14.0.1+14) for bsd-amd64 JRE (14.0.1+14), built on Jun 30 2020 21:32:48 by "brew" with clang 4.2.1 Compatible Apple LLVM 10.0.0 (clang-1000.11.45.5)

END.
