#
# A fatal error has been detected by the Java Runtime Environment:
#
#  SIGSEGV (0xb) at pc=0x0000000103cf64a0, pid=80843, tid=29699
#
# JRE version: OpenJDK Runtime Environment (14.0.1+14) (build 14.0.1+14)
# Java VM: OpenJDK 64-Bit Server VM (14.0.1+14, mixed mode, sharing, tiered, compressed oops, g1 gc, bsd-amd64)
# Problematic frame:
# V  [libjvm.dylib+0x4f64a0]  LinkResolver::runtime_resolve_virtual_method(CallInfo&, methodHandle const&, Klass*, Handle, Klass*, bool, Thread*)+0xf6
#
# No core dump will be written. Core dumps have been disabled. To enable core dumping, try "ulimit -c unlimited" before starting Java again
#
# If you would like to submit a bug report, please visit:
#   https://bugreport.java.com/bugreport/crash.jsp
#

---------------  S U M M A R Y ------------

Command Line: -XX:TieredStopAtLevel=1 com.utudo.hwwd.HwwdApplication

Host: MacBookAir7,2 x86_64 1600 MHz, 4 cores, 8G, Darwin 19.6.0
Time: Sat Mar 27 17:58:02 2021 CET elapsed time: 19 seconds (0d 0h 0m 19s)

---------------  T H R E A D  ---------------

Current thread (0x00007fa7b3a4d800):  JavaThread "File Watcher" daemon [_thread_in_vm, id=29699, stack(0x000070000fdd8000,0x000070000fed8000)]

Stack: [0x000070000fdd8000,0x000070000fed8000],  sp=0x000070000fed0ad0,  free space=994k
Native frames: (J=compiled Java code, A=aot compiled Java code, j=interpreted, Vv=VM code, C=native code)
V  [libjvm.dylib+0x4f64a0]  LinkResolver::runtime_resolve_virtual_method(CallInfo&, methodHandle const&, Klass*, Handle, Klass*, bool, Thread*)+0xf6
V  [libjvm.dylib+0x4f61b2]  LinkResolver::resolve_virtual_call(CallInfo&, Handle, Klass*, LinkInfo const&, bool, Thread*)+0x8a
V  [libjvm.dylib+0x4f71db]  LinkResolver::resolve_invokevirtual(CallInfo&, Handle, constantPoolHandle const&, int, Thread*)+0x77
V  [libjvm.dylib+0x66b339]  SharedRuntime::find_callee_info_helper(JavaThread*, vframeStream&, Bytecodes::Code&, CallInfo&, Thread*)+0x22b
V  [libjvm.dylib+0x66b7dd]  SharedRuntime::find_callee_method(JavaThread*, Thread*)+0x2d5
V  [libjvm.dylib+0x66c355]  SharedRuntime::reresolve_call_site(JavaThread*, Thread*)+0x235
V  [libjvm.dylib+0x669173]  SharedRuntime::handle_wrong_method(JavaThread*)+0xa3
v  ~RuntimeStub::wrong_method_stub
J 212 c1 java.util.HashMap.containsKey(Ljava/lang/Object;)Z java.base@14.0.1 (18 bytes) @ 0x000000010da87124 [0x000000010da870a0+0x0000000000000084]
J 1601 c1 java.util.HashSet.contains(Ljava/lang/Object;)Z java.base@14.0.1 (9 bytes) @ 0x000000010dc89d84 [0x000000010dc89d20+0x0000000000000064]
j  java.util.AbstractCollection.containsAll(Ljava/util/Collection;)Z+25 java.base@14.0.1
j  java.util.AbstractSet.equals(Ljava/lang/Object;)Z+38 java.base@14.0.1
j  java.util.Collections$UnmodifiableSet.equals(Ljava/lang/Object;)Z+10 java.base@14.0.1
j  org.springframework.boot.devtools.filewatch.DirectorySnapshot.equals(Lorg/springframework/boot/devtools/filewatch/DirectorySnapshot;Ljava/io/FileFilter;)Z+38
j  org.springframework.boot.devtools.filewatch.FileSystemWatcher$Watcher.isDifferent(Ljava/util/Map;Ljava/util/Map;)Z+92
j  org.springframework.boot.devtools.filewatch.FileSystemWatcher$Watcher.scan()V+34
j  org.springframework.boot.devtools.filewatch.FileSystemWatcher$Watcher.run()V+30
j  java.lang.Thread.run()V+11 java.base@14.0.1
v  ~StubRoutines::call_stub
V  [libjvm.dylib+0x356778]  JavaCalls::call_helper(JavaValue*, methodHandle const&, JavaCallArguments*, Thread*)+0x256
V  [libjvm.dylib+0x355b92]  JavaCalls::call_virtual(JavaValue*, Klass*, Symbol*, Symbol*, JavaCallArguments*, Thread*)+0xfe
V  [libjvm.dylib+0x355c4e]  JavaCalls::call_virtual(JavaValue*, Handle, Klass*, Symbol*, Symbol*, Thread*)+0x62
V  [libjvm.dylib+0x3ddaa8]  thread_entry(JavaThread*, Thread*)+0x78
V  [libjvm.dylib+0x76a30e]  JavaThread::thread_main_inner()+0x86
V  [libjvm.dylib+0x76a14c]  JavaThread::run()+0x118
V  [libjvm.dylib+0x767f93]  Thread::call_run()+0x71
V  [libjvm.dylib+0x5fb972]  thread_native_entry(Thread*)+0x129
C  [libsystem_pthread.dylib+0x6109]  _pthread_start+0x94
C  [libsystem_pthread.dylib+0x1b8b]  thread_start+0xf

Java frames: (J=compiled Java code, j=interpreted, Vv=VM code)
v  ~RuntimeStub::wrong_method_stub
J 212 c1 java.util.HashMap.containsKey(Ljava/lang/Object;)Z java.base@14.0.1 (18 bytes) @ 0x000000010da87124 [0x000000010da870a0+0x0000000000000084]
J 1601 c1 java.util.HashSet.contains(Ljava/lang/Object;)Z java.base@14.0.1 (9 bytes) @ 0x000000010dc89d84 [0x000000010dc89d20+0x0000000000000064]
j  java.util.AbstractCollection.containsAll(Ljava/util/Collection;)Z+25 java.base@14.0.1
j  java.util.AbstractSet.equals(Ljava/lang/Object;)Z+38 java.base@14.0.1
j  java.util.Collections$UnmodifiableSet.equals(Ljava/lang/Object;)Z+10 java.base@14.0.1
j  org.springframework.boot.devtools.filewatch.DirectorySnapshot.equals(Lorg/springframework/boot/devtools/filewatch/DirectorySnapshot;Ljava/io/FileFilter;)Z+38
j  org.springframework.boot.devtools.filewatch.FileSystemWatcher$Watcher.isDifferent(Ljava/util/Map;Ljava/util/Map;)Z+92
j  org.springframework.boot.devtools.filewatch.FileSystemWatcher$Watcher.scan()V+34
j  org.springframework.boot.devtools.filewatch.FileSystemWatcher$Watcher.run()V+30
j  java.lang.Thread.run()V+11 java.base@14.0.1
v  ~StubRoutines::call_stub

siginfo: si_signo: 11 (SIGSEGV), si_code: 0 (unknown), si_addr: 0x0000000000000000

Register to memory mapping:

RAX=0x00010d3b0300ba49 is an unknown value
RBX=0x00007fa7b3a4d800 is a thread
RCX=0x0000000000000007 is an unknown value
RDX=0x0000000000000008 is an unknown value
RSP=0x000070000fed0ad0 is pointing into the stack for thread: 0x00007fa7b3a4d800
RBP=0x000070000fed0b40 is pointing into the stack for thread: 0x00007fa7b3a4d800
RSI=0x0000000000000007 is an unknown value
RDI=0x0000000000000007 is an unknown value
R8 =0x00010d3b0300ba49 is an unknown value
R9 =0x00007fa7b6f505f0 points into unknown readable memory: 38 1f 12 00 08 00 00 00
R10=0x0000000800aa6598 is pointing into metadata
R11=0x00000001041c6428: _ZN9VMRegImpl6stack0E+0 in /usr/local/Cellar/openjdk/14.0.1/libexec/openjdk.jdk/Contents/Home/lib/server/libjvm.dylib at 0x0000000103800000
R12=0x000070000fed0af0 is pointing into the stack for thread: 0x00007fa7b3a4d800
R13=0x0000000000000001 is an unknown value
R14=0x000070000fed0b68 is pointing into the stack for thread: 0x00007fa7b3a4d800
R15=0x0000000800000008 is pointing into metadata


Registers:
RAX=0x00010d3b0300ba49, RBX=0x00007fa7b3a4d800, RCX=0x0000000000000007, RDX=0x0000000000000008
RSP=0x000070000fed0ad0, RBP=0x000070000fed0b40, RSI=0x0000000000000007, RDI=0x0000000000000007
R8 =0x00010d3b0300ba49, R9 =0x00007fa7b6f505f0, R10=0x0000000800aa6598, R11=0x00000001041c6428
R12=0x000070000fed0af0, R13=0x0000000000000001, R14=0x000070000fed0b68, R15=0x0000000800000008
RIP=0x0000000103cf64a0, EFLAGS=0x0000000000010202, ERR=0x0000000000000000
  TRAPNO=0x000000000000000d

Top of Stack: (sp=0x000070000fed0ad0)
0x000070000fed0ad0:   0000000000000002 00010d3b0300ba49
0x000070000fed0ae0:   0000000800003430 000070000fed31f8
0x000070000fed0af0:   00010d3b0300ba49 00007fa7b3a4d800
0x000070000fed0b00:   00010d3b0300ba49 00007fa7b3a4d800
0x000070000fed0b10:   00000003b3a4d800 000070000fed0b68
0x000070000fed0b20:   00007fa7b6f504d8 0000000000000001
0x000070000fed0b30:   000070000fed0bd0 0000000800000008
0x000070000fed0b40:   000070000fed0bc0 0000000103cf61b2
0x000070000fed0b50:   00007fa7b3a4d800 0000000103a114ea
0x000070000fed0b60:   0000000800003758 0000000800003758
0x000070000fed0b70:   00007fa7b3a4d800 0000000800000008
0x000070000fed0b80:   00007fa7b6f504d8 000070000fed31f8
0x000070000fed0b90:   000000010fed0bf4 00007fa7b3a4d800
0x000070000fed0ba0:   000070000fed0c30 00007fa7b3a4d800
0x000070000fed0bb0:   00007fa7b6f504d8 000070000fed31f8
0x000070000fed0bc0:   000070000fed0c20 0000000103cf71db
0x000070000fed0bd0:   00000008003ee360 00000008003efc48
0x000070000fed0be0:   0000000800003430 0000000800230c28
0x000070000fed0bf0:   0000000000000000 0000000000000000
0x000070000fed0c00:   0000000787610a01 0000000787611098
0x000070000fed0c10:   00007fa7b3a4d800 000070000fed0c30
0x000070000fed0c20:   000070000fed1f30 0000000103e6b339
0x000070000fed0c30:   00000008008772d8 00007fa7b3a4d800
0x000070000fed0c40:   000070000fed76b0 000070000fed76b4
0x000070000fed0c50:   000070000fed76a8 000070000fed76ac
0x000070000fed0c60:   000070000fed76a0 000070000fed76a4
0x000070000fed0c70:   0000000000000000 0000000000000000
0x000070000fed0c80:   000070000fed76d0 000070000fed76d0
0x000070000fed0c90:   000070000fed7688 000070000fed768c
0x000070000fed0ca0:   000070000fed7680 000070000fed7684
0x000070000fed0cb0:   000070000fed7678 000070000fed767c
0x000070000fed0cc0:   000070000fed7670 000070000fed7674 

Instructions: (pc=0x0000000103cf64a0)
0x0000000103cf63a0:   41 5c 41 5d 41 5e 41 5f 5d c3 55 48 89 e5 41 57
0x0000000103cf63b0:   41 56 41 55 41 54 53 48 83 ec 48 45 89 cd 4d 89
0x0000000103cf63c0:   c7 49 89 f6 48 8b 5d 10 0f 57 c0 0f 29 45 c0 48
0x0000000103cf63d0:   85 c9 75 2f 45 84 ed 74 2a 48 8d 05 e0 7b 52 00
0x0000000103cf63e0:   48 8b 88 40 04 00 00 48 8d 35 00 a7 36 00 ba 44
0x0000000103cf63f0:   05 00 00 45 31 c0 48 89 df e8 48 a9 d9 ff e9 09
0x0000000103cf6400:   01 00 00 49 8b 06 48 8b 48 08 48 8b 49 08 48 8b
0x0000000103cf6410:   49 18 f6 81 a5 00 00 00 02 48 89 55 a0 48 89 7d
0x0000000103cf6420:   a8 75 1d 8b 40 24 83 f8 fe 75 20 48 8d 7d c0 4c
0x0000000103cf6430:   89 f6 e8 e7 12 e2 ff c7 45 d4 fe ff ff ff eb 50
0x0000000103cf6440:   48 89 d7 4c 89 f6 e8 01 d2 ff ff 4c 89 ff 89 45
0x0000000103cf6450:   d4 89 c6 e8 8a 20 fe ff 48 89 45 b0 48 89 5d b8
0x0000000103cf6460:   48 85 c0 74 13 48 8b bb 88 02 00 00 48 8d 75 98
0x0000000103cf6470:   48 89 06 e8 38 34 2a 00 48 8d 7d c0 4c 8d 65 b0
0x0000000103cf6480:   4c 89 e6 e8 96 12 e2 ff 4c 89 e7 e8 ca 13 e2 ff
0x0000000103cf6490:   48 83 7d c0 00 74 49 45 84 ed 74 23 48 8b 45 c0
0x0000000103cf64a0:   f6 40 21 04 74 19 48 8d 75 c0 4c 89 f7 4c 89 fa
0x0000000103cf64b0:   48 89 d9 e8 6c 00 00 00 48 83 7b 08 00 75 4d 48
0x0000000103cf64c0:   89 1c 24 4c 8d 45 c0 48 8b 7d a8 48 8b 75 a0 4c
0x0000000103cf64d0:   89 fa 4c 89 f1 44 8b 4d d4 e8 fc ce ff ff eb 2c
0x0000000103cf64e0:   0f 57 c0 4c 8d 65 b0 41 0f 29 04 24 4c 89 f7 4c
0x0000000103cf64f0:   89 e6 4c 89 fa 48 89 d9 e8 27 00 00 00 4c 89 e7
0x0000000103cf6500:   e8 55 13 e2 ff 48 83 7b 08 00 74 8b 48 8d 7d c0
0x0000000103cf6510:   e8 45 13 e2 ff 48 83 c4 48 5b 41 5c 41 5d 41 5e
0x0000000103cf6520:   41 5f 5d c3 55 48 89 e5 41 57 41 56 41 55 41 54
0x0000000103cf6530:   53 48 81 ec 98 00 00 00 49 89 fc 49 8b 04 24 48
0x0000000103cf6540:   8b 40 08 48 8b 40 08 4c 8b 68 18 48 89 4d c8 48
0x0000000103cf6550:   8b 81 78 02 00 00 48 89 45 a0 0f 10 40 10 0f 11
0x0000000103cf6560:   45 a8 48 89 d3 49 89 f6 0f 10 40 20 0f 11 45 b8
0x0000000103cf6570:   48 8d bd 48 ff ff ff be 00 01 00 00 e8 a3 e5 10
0x0000000103cf6580:   00 48 85 db 4c 89 75 d0 74 25 48 89 df e8 9a 09
0x0000000103cf6590:   fe ff 48 89 c1 48 8d 35 3d ab 36 00 48 8d bd 48 


Stack slot to memory mapping:
stack at sp + 0 slots: 0x0000000000000002 is an unknown value
stack at sp + 1 slots: 0x00010d3b0300ba49 is an unknown value
stack at sp + 2 slots: 0x0000000800003430 is a pointer to class: 
java.lang.Object {0x0000000800003430}
stack at sp + 3 slots: 0x000070000fed31f8 is pointing into the stack for thread: 0x00007fa7b3a4d800
stack at sp + 4 slots: 0x00010d3b0300ba49 is an unknown value
stack at sp + 5 slots: 0x00007fa7b3a4d800 is a thread
stack at sp + 6 slots: 0x00010d3b0300ba49 is an unknown value
stack at sp + 7 slots: 0x00007fa7b3a4d800 is a thread


---------------  P R O C E S S  ---------------

Threads class SMR info:
_java_thread_list=0x00007fa7b370e1f0, length=33, elements={
0x00007fa7b4812000, 0x00007fa7b481f000, 0x00007fa7b4832800, 0x00007fa7b4833800,
0x00007fa7b4834000, 0x00007fa7b4835000, 0x00007fa7b3810800, 0x00007fa7b3813800,
0x00007fa7b3951800, 0x00007fa7b4acd800, 0x00007fa7b4869800, 0x00007fa7b5855800,
0x00007fa7b3894000, 0x00007fa7b5be3800, 0x00007fa7b4d07000, 0x00007fa7b3a4d800,
0x00007fa7b4d10000, 0x00007fa7b4d19000, 0x00007fa7b5c19000, 0x00007fa7b5c1a800,
0x00007fa7b5c1e800, 0x00007fa7b5c1f800, 0x00007fa7b43f8000, 0x00007fa7b43fc800,
0x00007fa7b3a56000, 0x00007fa7b43fd800, 0x00007fa7b452e800, 0x00007fa7b452f800,
0x00007fa7b5c29800, 0x00007fa7b4530800, 0x00007fa7b4d1b000, 0x00007fa7b4e30000,
0x00007fa7b4011800
}

Java Threads: ( => current thread )
  0x00007fa7b4812000 JavaThread "Reference Handler" daemon [_thread_blocked, id=15875, stack(0x000070000e690000,0x000070000e790000)]
  0x00007fa7b481f000 JavaThread "Finalizer" daemon [_thread_blocked, id=16131, stack(0x000070000e793000,0x000070000e893000)]
  0x00007fa7b4832800 JavaThread "Signal Dispatcher" daemon [_thread_blocked, id=22019, stack(0x000070000e99c000,0x000070000ea9c000)]
  0x00007fa7b4833800 JavaThread "Service Thread" daemon [_thread_blocked, id=42499, stack(0x000070000ea9f000,0x000070000eb9f000)]
  0x00007fa7b4834000 JavaThread "C1 CompilerThread0" daemon [_thread_blocked, id=41987, stack(0x000070000eba2000,0x000070000eca2000)]
  0x00007fa7b4835000 JavaThread "Sweeper thread" daemon [_thread_blocked, id=22787, stack(0x000070000eca5000,0x000070000eda5000)]
  0x00007fa7b3810800 JavaThread "Notification Thread" daemon [_thread_blocked, id=23299, stack(0x000070000eda8000,0x000070000eea8000)]
  0x00007fa7b3813800 JavaThread "Common-Cleaner" daemon [_thread_blocked, id=40707, stack(0x000070000efae000,0x000070000f0ae000)]
  0x00007fa7b3951800 JavaThread "Catalina-utility-1" [_thread_blocked, id=38659, stack(0x000070000f6c3000,0x000070000f7c3000)]
  0x00007fa7b4acd800 JavaThread "Catalina-utility-2" [_thread_blocked, id=38147, stack(0x000070000f7c6000,0x000070000f8c6000)]
  0x00007fa7b4869800 JavaThread "container-0" [_thread_blocked, id=37891, stack(0x000070000f8c9000,0x000070000f9c9000)]
  0x00007fa7b5855800 JavaThread "mysql-cj-abandoned-connection-cleanup" daemon [_thread_blocked, id=37635, stack(0x000070000f9cc000,0x000070000facc000)]
  0x00007fa7b3894000 JavaThread "task-1" [_thread_blocked, id=37379, stack(0x000070000facf000,0x000070000fbcf000)]
  0x00007fa7b5be3800 JavaThread "HikariPool-1 housekeeper" daemon [_thread_blocked, id=28419, stack(0x000070000fbd2000,0x000070000fcd2000)]
  0x00007fa7b4d07000 JavaThread "HikariPool-1 connection adder" daemon [_thread_blocked, id=36867, stack(0x000070000fcd5000,0x000070000fdd5000)]
=>0x00007fa7b3a4d800 JavaThread "File Watcher" daemon [_thread_in_vm, id=29699, stack(0x000070000fdd8000,0x000070000fed8000)]
  0x00007fa7b4d10000 JavaThread "Live Reload Server" daemon [_thread_in_native, id=29959, stack(0x000070000fedb000,0x000070000ffdb000)]
  0x00007fa7b4d19000 JavaThread "http-nio-8000-BlockPoller" daemon [_thread_in_native, id=35843, stack(0x000070000ffde000,0x00007000100de000)]
  0x00007fa7b5c19000 JavaThread "http-nio-8000-exec-1" daemon [_thread_blocked, id=30467, stack(0x00007000100e1000,0x00007000101e1000)]
  0x00007fa7b5c1a800 JavaThread "http-nio-8000-exec-2" daemon [_thread_blocked, id=34819, stack(0x00007000101e4000,0x00007000102e4000)]
  0x00007fa7b5c1e800 JavaThread "http-nio-8000-exec-3" daemon [_thread_blocked, id=30979, stack(0x00007000102e7000,0x00007000103e7000)]
  0x00007fa7b5c1f800 JavaThread "http-nio-8000-exec-4" daemon [_thread_blocked, id=34051, stack(0x00007000103ea000,0x00007000104ea000)]
  0x00007fa7b43f8000 JavaThread "http-nio-8000-exec-5" daemon [_thread_blocked, id=32259, stack(0x00007000104ed000,0x00007000105ed000)]
  0x00007fa7b43fc800 JavaThread "http-nio-8000-exec-6" daemon [_thread_blocked, id=33539, stack(0x00007000105f0000,0x00007000106f0000)]
  0x00007fa7b3a56000 JavaThread "http-nio-8000-exec-7" daemon [_thread_blocked, id=32771, stack(0x00007000106f3000,0x00007000107f3000)]
  0x00007fa7b43fd800 JavaThread "http-nio-8000-exec-8" daemon [_thread_blocked, id=44035, stack(0x00007000107f6000,0x00007000108f6000)]
  0x00007fa7b452e800 JavaThread "http-nio-8000-exec-9" daemon [_thread_blocked, id=44547, stack(0x00007000108f9000,0x00007000109f9000)]
  0x00007fa7b452f800 JavaThread "http-nio-8000-exec-10" daemon [_thread_blocked, id=86531, stack(0x00007000109fc000,0x0000700010afc000)]
  0x00007fa7b5c29800 JavaThread "http-nio-8000-ClientPoller" daemon [_thread_in_native, id=45315, stack(0x0000700010aff000,0x0000700010bff000)]
  0x00007fa7b4530800 JavaThread "http-nio-8000-Acceptor" daemon [_thread_in_native, id=86019, stack(0x0000700010c02000,0x0000700010d02000)]
  0x00007fa7b4d1b000 JavaThread "task-2" [_thread_blocked, id=46595, stack(0x0000700010d05000,0x0000700010e05000)]
  0x00007fa7b4e30000 JavaThread "scheduling-1" [_thread_in_native, id=46851, stack(0x0000700010e08000,0x0000700010f08000)]
  0x00007fa7b4011800 JavaThread "DestroyJavaVM" [_thread_blocked, id=5891, stack(0x000070000df7b000,0x000070000e07b000)]

Other Threads:
  0x00007fa7b4811800 VMThread "VM Thread" [stack: 0x000070000e58d000,0x000070000e68d000] [id=14851]
  0x00007fa7b4836000 WatcherThread [stack: 0x000070000eeab000,0x000070000efab000] [id=23555]
  0x00007fa7b403a000 GCTaskThread "GC Thread#0" [stack: 0x000070000e07e000,0x000070000e17e000] [id=19971]
  0x00007fa7b3862800 GCTaskThread "GC Thread#1" [stack: 0x000070000f0b1000,0x000070000f1b1000] [id=40195]
  0x00007fa7b3899000 GCTaskThread "GC Thread#2" [stack: 0x000070000f1b4000,0x000070000f2b4000] [id=39683]
  0x00007fa7b4874000 GCTaskThread "GC Thread#3" [stack: 0x000070000f4bd000,0x000070000f5bd000] [id=38919]
  0x00007fa7b581b800 ConcurrentGCThread "G1 Main Marker" [stack: 0x000070000e181000,0x000070000e281000] [id=12803]
  0x00007fa7b403a800 ConcurrentGCThread "G1 Conc#0" [stack: 0x000070000e284000,0x000070000e384000] [id=13827]
  0x00007fa7b408b800 ConcurrentGCThread "G1 Refine#0" [stack: 0x000070000e387000,0x000070000e487000] [id=14083]
  0x00007fa7b42f6800 ConcurrentGCThread "G1 Refine#1" [stack: 0x000070000f5c0000,0x000070000f6c0000] [id=25899]
  0x00007fa7b408c000 ConcurrentGCThread "G1 Young RemSet Sampling" [stack: 0x000070000e48a000,0x000070000e58a000] [id=14595]

Threads with active compile tasks:

VM state:not at safepoint (normal execution)

VM Mutex/Monitor currently owned by a thread: None

Heap address: 0x0000000780000000, size: 2048 MB, Compressed Oops mode: Zero based, Oop shift amount: 3
Narrow klass base: 0x0000000800000000, Narrow klass shift: 3
Compressed class space size: 1073741824 Address: 0x0000000800b19000

Heap:
 garbage-first heap   total 141312K, used 66596K [0x0000000780000000, 0x0000000800000000)
  region size 1024K, 21 young (21504K), 3 survivors (3072K)
 Metaspace       used 65930K, capacity 67665K, committed 67980K, reserved 1107968K
  class space    used 8833K, capacity 9475K, committed 9548K, reserved 1048576K
Heap Regions: E=young(eden), S=young(survivor), O=old, HS=humongous(starts), HC=humongous(continues), CS=collection set, F=free, OA=open archive, CA=closed archive, TAMS=top-at-mark-start (previous, next)
|   0|0x0000000780000000, 0x0000000780100000, 0x0000000780100000|100%|HS|  |TAMS 0x0000000780100000, 0x0000000780000000| Complete 
|   1|0x0000000780100000, 0x0000000780200000, 0x0000000780200000|100%|HS|  |TAMS 0x0000000780200000, 0x0000000780100000| Complete 
|   2|0x0000000780200000, 0x0000000780300000, 0x0000000780300000|100%|HC|  |TAMS 0x0000000780300000, 0x0000000780200000| Complete 
|   3|0x0000000780300000, 0x0000000780400000, 0x0000000780400000|100%| O|  |TAMS 0x0000000780400000, 0x0000000780300000| Untracked 
|   4|0x0000000780400000, 0x0000000780500000, 0x0000000780500000|100%| O|  |TAMS 0x0000000780500000, 0x0000000780400000| Untracked 
|   5|0x0000000780500000, 0x0000000780600000, 0x0000000780600000|100%| O|  |TAMS 0x0000000780600000, 0x0000000780500000| Untracked 
|   6|0x0000000780600000, 0x0000000780700000, 0x0000000780700000|100%| O|  |TAMS 0x0000000780700000, 0x0000000780600000| Untracked 
|   7|0x0000000780700000, 0x0000000780800000, 0x0000000780800000|100%| O|  |TAMS 0x0000000780800000, 0x0000000780700000| Untracked 
|   8|0x0000000780800000, 0x0000000780900000, 0x0000000780900000|100%| O|  |TAMS 0x0000000780900000, 0x0000000780800000| Untracked 
|   9|0x0000000780900000, 0x0000000780a00000, 0x0000000780a00000|100%| O|  |TAMS 0x0000000780a00000, 0x0000000780900000| Untracked 
|  10|0x0000000780a00000, 0x0000000780b00000, 0x0000000780b00000|100%| O|  |TAMS 0x0000000780b00000, 0x0000000780a00000| Untracked 
|  11|0x0000000780b00000, 0x0000000780c00000, 0x0000000780c00000|100%| O|  |TAMS 0x0000000780c00000, 0x0000000780b00000| Untracked 
|  12|0x0000000780c00000, 0x0000000780c9ae08, 0x0000000780d00000| 60%| O|  |TAMS 0x0000000780c9ae08, 0x0000000780c00000| Untracked 
|  13|0x0000000780d00000, 0x0000000780e00000, 0x0000000780e00000|100%| O|  |TAMS 0x0000000780e00000, 0x0000000780d00000| Untracked 
|  14|0x0000000780e00000, 0x0000000780f00000, 0x0000000780f00000|100%| O|  |TAMS 0x0000000780f00000, 0x0000000780e00000| Untracked 
|  15|0x0000000780f00000, 0x0000000781000000, 0x0000000781000000|100%| O|  |TAMS 0x0000000781000000, 0x0000000780f00000| Untracked 
|  16|0x0000000781000000, 0x0000000781100000, 0x0000000781100000|100%| O|  |TAMS 0x0000000781100000, 0x0000000781000000| Untracked 
|  17|0x0000000781100000, 0x0000000781200000, 0x0000000781200000|100%| O|  |TAMS 0x0000000781200000, 0x0000000781100000| Untracked 
|  18|0x0000000781200000, 0x0000000781300000, 0x0000000781300000|100%| O|  |TAMS 0x0000000781300000, 0x0000000781200000| Untracked 
|  19|0x0000000781300000, 0x0000000781400000, 0x0000000781400000|100%| O|  |TAMS 0x0000000781400000, 0x0000000781300000| Untracked 
|  20|0x0000000781400000, 0x0000000781500000, 0x0000000781500000|100%| O|  |TAMS 0x0000000781500000, 0x0000000781400000| Untracked 
|  21|0x0000000781500000, 0x0000000781600000, 0x0000000781600000|100%| O|  |TAMS 0x0000000781600000, 0x0000000781500000| Untracked 
|  22|0x0000000781600000, 0x0000000781700000, 0x0000000781700000|100%| O|  |TAMS 0x0000000781700000, 0x0000000781600000| Untracked 
|  23|0x0000000781700000, 0x0000000781800000, 0x0000000781800000|100%| O|  |TAMS 0x0000000781800000, 0x0000000781700000| Untracked 
|  24|0x0000000781800000, 0x0000000781900000, 0x0000000781900000|100%| O|  |TAMS 0x0000000781900000, 0x0000000781800000| Untracked 
|  25|0x0000000781900000, 0x0000000781a00000, 0x0000000781a00000|100%| O|  |TAMS 0x0000000781a00000, 0x0000000781900000| Untracked 
|  26|0x0000000781a00000, 0x0000000781b00000, 0x0000000781b00000|100%| O|  |TAMS 0x0000000781b00000, 0x0000000781a00000| Untracked 
|  27|0x0000000781b00000, 0x0000000781c00000, 0x0000000781c00000|100%| O|  |TAMS 0x0000000781c00000, 0x0000000781b00000| Untracked 
|  28|0x0000000781c00000, 0x0000000781d00000, 0x0000000781d00000|100%| O|  |TAMS 0x0000000781d00000, 0x0000000781c00000| Untracked 
|  29|0x0000000781d00000, 0x0000000781e00000, 0x0000000781e00000|100%| O|  |TAMS 0x0000000781e00000, 0x0000000781d00000| Untracked 
|  30|0x0000000781e00000, 0x0000000781f00000, 0x0000000781f00000|100%| O|  |TAMS 0x0000000781f00000, 0x0000000781e00000| Untracked 
|  31|0x0000000781f00000, 0x0000000782000000, 0x0000000782000000|100%| O|  |TAMS 0x0000000782000000, 0x0000000781f00000| Untracked 
|  32|0x0000000782000000, 0x0000000782100000, 0x0000000782100000|100%| O|  |TAMS 0x0000000782100000, 0x0000000782000000| Untracked 
|  33|0x0000000782100000, 0x0000000782200000, 0x0000000782200000|100%| O|  |TAMS 0x0000000782200000, 0x0000000782100000| Untracked 
|  34|0x0000000782200000, 0x0000000782300000, 0x0000000782300000|100%| O|  |TAMS 0x0000000782300000, 0x0000000782200000| Untracked 
|  35|0x0000000782300000, 0x0000000782400000, 0x0000000782400000|100%| O|  |TAMS 0x0000000782400000, 0x0000000782300000| Untracked 
|  36|0x0000000782400000, 0x0000000782500000, 0x0000000782500000|100%| O|  |TAMS 0x0000000782500000, 0x0000000782400000| Untracked 
|  37|0x0000000782500000, 0x0000000782600000, 0x0000000782600000|100%| O|  |TAMS 0x0000000782600000, 0x0000000782500000| Untracked 
|  38|0x0000000782600000, 0x0000000782700000, 0x0000000782700000|100%| O|  |TAMS 0x0000000782700000, 0x0000000782600000| Untracked 
|  39|0x0000000782700000, 0x0000000782800000, 0x0000000782800000|100%| O|  |TAMS 0x0000000782800000, 0x0000000782700000| Untracked 
|  40|0x0000000782800000, 0x0000000782900000, 0x0000000782900000|100%| O|  |TAMS 0x0000000782900000, 0x0000000782800000| Untracked 
|  41|0x0000000782900000, 0x0000000782a00000, 0x0000000782a00000|100%| O|  |TAMS 0x0000000782a00000, 0x0000000782900000| Untracked 
|  42|0x0000000782a00000, 0x0000000782b00000, 0x0000000782b00000|100%| O|  |TAMS 0x0000000782b00000, 0x0000000782a00000| Untracked 
|  43|0x0000000782b00000, 0x0000000782c00000, 0x0000000782c00000|100%| O|  |TAMS 0x0000000782b10e00, 0x0000000782b00000| Untracked 
|  44|0x0000000782c00000, 0x0000000782cd8c00, 0x0000000782d00000| 84%| O|  |TAMS 0x0000000782c00000, 0x0000000782c00000| Untracked 
|  45|0x0000000782d00000, 0x0000000782d00000, 0x0000000782e00000|  0%| F|  |TAMS 0x0000000782d00000, 0x0000000782d00000| Untracked 
|  46|0x0000000782e00000, 0x0000000782e00000, 0x0000000782f00000|  0%| F|  |TAMS 0x0000000782e00000, 0x0000000782e00000| Untracked 
|  47|0x0000000782f00000, 0x0000000782f00000, 0x0000000783000000|  0%| F|  |TAMS 0x0000000782f00000, 0x0000000782f00000| Untracked 
|  48|0x0000000783000000, 0x0000000783000000, 0x0000000783100000|  0%| F|  |TAMS 0x0000000783000000, 0x0000000783000000| Untracked 
|  49|0x0000000783100000, 0x0000000783100000, 0x0000000783200000|  0%| F|  |TAMS 0x0000000783100000, 0x0000000783100000| Untracked 
|  50|0x0000000783200000, 0x0000000783200000, 0x0000000783300000|  0%| F|  |TAMS 0x0000000783200000, 0x0000000783200000| Untracked 
|  51|0x0000000783300000, 0x0000000783300000, 0x0000000783400000|  0%| F|  |TAMS 0x0000000783300000, 0x0000000783300000| Untracked 
|  52|0x0000000783400000, 0x0000000783400000, 0x0000000783500000|  0%| F|  |TAMS 0x0000000783400000, 0x0000000783400000| Untracked 
|  53|0x0000000783500000, 0x0000000783500000, 0x0000000783600000|  0%| F|  |TAMS 0x0000000783500000, 0x0000000783500000| Untracked 
|  54|0x0000000783600000, 0x0000000783600000, 0x0000000783700000|  0%| F|  |TAMS 0x0000000783600000, 0x0000000783600000| Untracked 
|  55|0x0000000783700000, 0x0000000783700000, 0x0000000783800000|  0%| F|  |TAMS 0x0000000783700000, 0x0000000783700000| Untracked 
|  56|0x0000000783800000, 0x0000000783800000, 0x0000000783900000|  0%| F|  |TAMS 0x0000000783800000, 0x0000000783800000| Untracked 
|  57|0x0000000783900000, 0x0000000783900000, 0x0000000783a00000|  0%| F|  |TAMS 0x0000000783900000, 0x0000000783900000| Untracked 
|  58|0x0000000783a00000, 0x0000000783a00000, 0x0000000783b00000|  0%| F|  |TAMS 0x0000000783a00000, 0x0000000783a00000| Untracked 
|  59|0x0000000783b00000, 0x0000000783b00000, 0x0000000783c00000|  0%| F|  |TAMS 0x0000000783b00000, 0x0000000783b00000| Untracked 
|  60|0x0000000783c00000, 0x0000000783c00000, 0x0000000783d00000|  0%| F|  |TAMS 0x0000000783c00000, 0x0000000783c00000| Untracked 
|  61|0x0000000783d00000, 0x0000000783d00000, 0x0000000783e00000|  0%| F|  |TAMS 0x0000000783d00000, 0x0000000783d00000| Untracked 
|  62|0x0000000783e00000, 0x0000000783e00000, 0x0000000783f00000|  0%| F|  |TAMS 0x0000000783e00000, 0x0000000783e00000| Untracked 
|  63|0x0000000783f00000, 0x0000000783f00000, 0x0000000784000000|  0%| F|  |TAMS 0x0000000783f00000, 0x0000000783f00000| Untracked 
|  64|0x0000000784000000, 0x0000000784000000, 0x0000000784100000|  0%| F|  |TAMS 0x0000000784000000, 0x0000000784000000| Untracked 
|  65|0x0000000784100000, 0x0000000784100000, 0x0000000784200000|  0%| F|  |TAMS 0x0000000784100000, 0x0000000784100000| Untracked 
|  66|0x0000000784200000, 0x0000000784200000, 0x0000000784300000|  0%| F|  |TAMS 0x0000000784200000, 0x0000000784200000| Untracked 
|  67|0x0000000784300000, 0x0000000784300000, 0x0000000784400000|  0%| F|  |TAMS 0x0000000784300000, 0x0000000784300000| Untracked 
|  68|0x0000000784400000, 0x0000000784400000, 0x0000000784500000|  0%| F|  |TAMS 0x0000000784400000, 0x0000000784400000| Untracked 
|  69|0x0000000784500000, 0x0000000784500000, 0x0000000784600000|  0%| F|  |TAMS 0x0000000784500000, 0x0000000784500000| Untracked 
|  70|0x0000000784600000, 0x0000000784600000, 0x0000000784700000|  0%| F|  |TAMS 0x0000000784600000, 0x0000000784600000| Untracked 
|  71|0x0000000784700000, 0x0000000784700000, 0x0000000784800000|  0%| F|  |TAMS 0x0000000784700000, 0x0000000784700000| Untracked 
|  72|0x0000000784800000, 0x0000000784800000, 0x0000000784900000|  0%| F|  |TAMS 0x0000000784800000, 0x0000000784800000| Untracked 
|  73|0x0000000784900000, 0x0000000784900000, 0x0000000784a00000|  0%| F|  |TAMS 0x0000000784900000, 0x0000000784900000| Untracked 
|  74|0x0000000784a00000, 0x0000000784a00000, 0x0000000784b00000|  0%| F|  |TAMS 0x0000000784a00000, 0x0000000784a00000| Untracked 
|  75|0x0000000784b00000, 0x0000000784b00000, 0x0000000784c00000|  0%| F|  |TAMS 0x0000000784b00000, 0x0000000784b00000| Untracked 
|  76|0x0000000784c00000, 0x0000000784c00000, 0x0000000784d00000|  0%| F|  |TAMS 0x0000000784c00000, 0x0000000784c00000| Untracked 
|  77|0x0000000784d00000, 0x0000000784d00000, 0x0000000784e00000|  0%| F|  |TAMS 0x0000000784d00000, 0x0000000784d00000| Untracked 
|  78|0x0000000784e00000, 0x0000000784e00000, 0x0000000784f00000|  0%| F|  |TAMS 0x0000000784e00000, 0x0000000784e00000| Untracked 
|  79|0x0000000784f00000, 0x0000000784f00000, 0x0000000785000000|  0%| F|  |TAMS 0x0000000784f00000, 0x0000000784f00000| Untracked 
|  80|0x0000000785000000, 0x0000000785000000, 0x0000000785100000|  0%| F|  |TAMS 0x0000000785000000, 0x0000000785000000| Untracked 
|  81|0x0000000785100000, 0x0000000785100000, 0x0000000785200000|  0%| F|  |TAMS 0x0000000785100000, 0x0000000785100000| Untracked 
|  82|0x0000000785200000, 0x0000000785200000, 0x0000000785300000|  0%| F|  |TAMS 0x0000000785200000, 0x0000000785200000| Untracked 
|  83|0x0000000785300000, 0x0000000785300000, 0x0000000785400000|  0%| F|  |TAMS 0x0000000785300000, 0x0000000785300000| Untracked 
|  84|0x0000000785400000, 0x0000000785400000, 0x0000000785500000|  0%| F|  |TAMS 0x0000000785400000, 0x0000000785400000| Untracked 
|  85|0x0000000785500000, 0x0000000785500000, 0x0000000785600000|  0%| F|  |TAMS 0x0000000785500000, 0x0000000785500000| Untracked 
|  86|0x0000000785600000, 0x0000000785600000, 0x0000000785700000|  0%| F|  |TAMS 0x0000000785600000, 0x0000000785600000| Untracked 
|  87|0x0000000785700000, 0x0000000785700000, 0x0000000785800000|  0%| F|  |TAMS 0x0000000785700000, 0x0000000785700000| Untracked 
|  88|0x0000000785800000, 0x0000000785800000, 0x0000000785900000|  0%| F|  |TAMS 0x0000000785800000, 0x0000000785800000| Untracked 
|  89|0x0000000785900000, 0x0000000785900000, 0x0000000785a00000|  0%| F|  |TAMS 0x0000000785900000, 0x0000000785900000| Untracked 
|  90|0x0000000785a00000, 0x0000000785a00000, 0x0000000785b00000|  0%| F|  |TAMS 0x0000000785a00000, 0x0000000785a00000| Untracked 
|  91|0x0000000785b00000, 0x0000000785b00000, 0x0000000785c00000|  0%| F|  |TAMS 0x0000000785b00000, 0x0000000785b00000| Untracked 
|  92|0x0000000785c00000, 0x0000000785c00000, 0x0000000785d00000|  0%| F|  |TAMS 0x0000000785c00000, 0x0000000785c00000| Untracked 
|  93|0x0000000785d00000, 0x0000000785d00000, 0x0000000785e00000|  0%| F|  |TAMS 0x0000000785d00000, 0x0000000785d00000| Untracked 
|  94|0x0000000785e00000, 0x0000000785ec7980, 0x0000000785f00000| 77%| S|CS|TAMS 0x0000000785e00000, 0x0000000785e00000| Complete 
|  95|0x0000000785f00000, 0x0000000786000000, 0x0000000786000000|100%| S|CS|TAMS 0x0000000785f00000, 0x0000000785f00000| Complete 
|  96|0x0000000786000000, 0x0000000786100000, 0x0000000786100000|100%| S|CS|TAMS 0x0000000786000000, 0x0000000786000000| Complete 
|  97|0x0000000786100000, 0x0000000786100000, 0x0000000786200000|  0%| F|  |TAMS 0x0000000786100000, 0x0000000786100000| Untracked 
|  98|0x0000000786200000, 0x0000000786200000, 0x0000000786300000|  0%| F|  |TAMS 0x0000000786200000, 0x0000000786200000| Untracked 
|  99|0x0000000786300000, 0x0000000786300000, 0x0000000786400000|  0%| F|  |TAMS 0x0000000786300000, 0x0000000786300000| Untracked 
| 100|0x0000000786400000, 0x0000000786400000, 0x0000000786500000|  0%| F|  |TAMS 0x0000000786400000, 0x0000000786400000| Untracked 
| 101|0x0000000786500000, 0x0000000786500000, 0x0000000786600000|  0%| F|  |TAMS 0x0000000786500000, 0x0000000786500000| Untracked 
| 102|0x0000000786600000, 0x0000000786600000, 0x0000000786700000|  0%| F|  |TAMS 0x0000000786600000, 0x0000000786600000| Untracked 
| 103|0x0000000786700000, 0x0000000786700000, 0x0000000786800000|  0%| F|  |TAMS 0x0000000786700000, 0x0000000786700000| Untracked 
| 104|0x0000000786800000, 0x0000000786800000, 0x0000000786900000|  0%| F|  |TAMS 0x0000000786800000, 0x0000000786800000| Untracked 
| 105|0x0000000786900000, 0x0000000786900000, 0x0000000786a00000|  0%| F|  |TAMS 0x0000000786900000, 0x0000000786900000| Untracked 
| 106|0x0000000786a00000, 0x0000000786a00000, 0x0000000786b00000|  0%| F|  |TAMS 0x0000000786a00000, 0x0000000786a00000| Untracked 
| 107|0x0000000786b00000, 0x0000000786b00000, 0x0000000786c00000|  0%| F|  |TAMS 0x0000000786b00000, 0x0000000786b00000| Untracked 
| 108|0x0000000786c00000, 0x0000000786c00000, 0x0000000786d00000|  0%| F|  |TAMS 0x0000000786c00000, 0x0000000786c00000| Untracked 
| 109|0x0000000786d00000, 0x0000000786d00000, 0x0000000786e00000|  0%| F|  |TAMS 0x0000000786d00000, 0x0000000786d00000| Untracked 
| 110|0x0000000786e00000, 0x0000000786e00000, 0x0000000786f00000|  0%| F|  |TAMS 0x0000000786e00000, 0x0000000786e00000| Untracked 
| 111|0x0000000786f00000, 0x0000000786f00000, 0x0000000787000000|  0%| F|  |TAMS 0x0000000786f00000, 0x0000000786f00000| Untracked 
| 112|0x0000000787000000, 0x0000000787000000, 0x0000000787100000|  0%| F|  |TAMS 0x0000000787000000, 0x0000000787000000| Untracked 
| 113|0x0000000787100000, 0x0000000787100000, 0x0000000787200000|  0%| F|  |TAMS 0x0000000787100000, 0x0000000787100000| Untracked 
| 114|0x0000000787200000, 0x0000000787200000, 0x0000000787300000|  0%| F|  |TAMS 0x0000000787200000, 0x0000000787200000| Untracked 
| 115|0x0000000787300000, 0x0000000787300000, 0x0000000787400000|  0%| F|  |TAMS 0x0000000787300000, 0x0000000787300000| Untracked 
| 116|0x0000000787400000, 0x0000000787400000, 0x0000000787500000|  0%| F|  |TAMS 0x0000000787400000, 0x0000000787400000| Untracked 
| 117|0x0000000787500000, 0x0000000787500000, 0x0000000787600000|  0%| F|  |TAMS 0x0000000787500000, 0x0000000787500000| Untracked 
| 118|0x0000000787600000, 0x000000078768a148, 0x0000000787700000| 53%| E|  |TAMS 0x0000000787600000, 0x0000000787600000| Complete 
| 119|0x0000000787700000, 0x0000000787800000, 0x0000000787800000|100%| E|CS|TAMS 0x0000000787700000, 0x0000000787700000| Complete 
| 120|0x0000000787800000, 0x0000000787900000, 0x0000000787900000|100%| E|CS|TAMS 0x0000000787800000, 0x0000000787800000| Complete 
| 121|0x0000000787900000, 0x0000000787a00000, 0x0000000787a00000|100%| E|CS|TAMS 0x0000000787900000, 0x0000000787900000| Complete 
| 122|0x0000000787a00000, 0x0000000787b00000, 0x0000000787b00000|100%| E|CS|TAMS 0x0000000787a00000, 0x0000000787a00000| Complete 
| 123|0x0000000787b00000, 0x0000000787c00000, 0x0000000787c00000|100%| E|CS|TAMS 0x0000000787b00000, 0x0000000787b00000| Complete 
| 124|0x0000000787c00000, 0x0000000787d00000, 0x0000000787d00000|100%| E|CS|TAMS 0x0000000787c00000, 0x0000000787c00000| Complete 
| 125|0x0000000787d00000, 0x0000000787e00000, 0x0000000787e00000|100%| E|CS|TAMS 0x0000000787d00000, 0x0000000787d00000| Complete 
| 126|0x0000000787e00000, 0x0000000787f00000, 0x0000000787f00000|100%| E|CS|TAMS 0x0000000787e00000, 0x0000000787e00000| Complete 
| 127|0x0000000787f00000, 0x0000000788000000, 0x0000000788000000|100%| E|CS|TAMS 0x0000000787f00000, 0x0000000787f00000| Complete 
| 128|0x0000000788000000, 0x0000000788100000, 0x0000000788100000|100%| E|CS|TAMS 0x0000000788000000, 0x0000000788000000| Complete 
| 129|0x0000000788100000, 0x0000000788200000, 0x0000000788200000|100%| E|CS|TAMS 0x0000000788100000, 0x0000000788100000| Complete 
| 130|0x0000000788200000, 0x0000000788300000, 0x0000000788300000|100%| E|CS|TAMS 0x0000000788200000, 0x0000000788200000| Complete 
| 131|0x0000000788300000, 0x0000000788400000, 0x0000000788400000|100%| E|CS|TAMS 0x0000000788300000, 0x0000000788300000| Complete 
| 132|0x0000000788400000, 0x0000000788500000, 0x0000000788500000|100%| E|CS|TAMS 0x0000000788400000, 0x0000000788400000| Complete 
| 133|0x0000000788500000, 0x0000000788600000, 0x0000000788600000|100%| E|CS|TAMS 0x0000000788500000, 0x0000000788500000| Complete 
| 134|0x0000000788600000, 0x0000000788700000, 0x0000000788700000|100%| E|CS|TAMS 0x0000000788600000, 0x0000000788600000| Complete 
| 135|0x0000000788700000, 0x0000000788800000, 0x0000000788800000|100%| E|CS|TAMS 0x0000000788700000, 0x0000000788700000| Complete 
|1022|0x00000007bfe00000, 0x00000007bfe52000, 0x00000007bff00000| 32%|OA|  |TAMS 0x00000007bfe52000, 0x00000007bfe00000| Untracked 
|1023|0x00000007bff00000, 0x00000007bff7c000, 0x00000007c0000000| 48%|CA|  |TAMS 0x00000007bff7c000, 0x00000007bff00000| Untracked 

Card table byte_map: [0x000000011c974000,0x000000011cd74000] _byte_map_base: 0x0000000118d74000

Marking Bits (Prev, Next): (CMBitMap*) 0x00007fa7b5808e18, (CMBitMap*) 0x00007fa7b5808e58
 Prev Bits: [0x000000011d174000, 0x000000011f174000)
 Next Bits: [0x000000011f174000, 0x0000000121174000)

Polling page: 0x0000000102e14000

Metaspace:

Usage:
  Non-class:     56.83 MB capacity,    55.76 MB ( 98%) used,   891.55 KB (  2%) free+waste,   202.06 KB ( <1%) overhead. 
      Class:      9.25 MB capacity,     8.63 MB ( 93%) used,   544.88 KB (  6%) free+waste,    96.38 KB (  1%) overhead. 
       Both:     66.08 MB capacity,    64.38 MB ( 97%) used,     1.40 MB (  2%) free+waste,   298.44 KB ( <1%) overhead. 

Virtual space:
  Non-class space:       58.00 MB reserved,      57.06 MB ( 98%) committed 
      Class space:        1.00 GB reserved,       9.32 MB ( <1%) committed 
             Both:        1.06 GB reserved,      66.39 MB (  6%) committed 

Chunk freelists:
   Non-Class:  50.00 KB
       Class:  25.00 KB
        Both:  75.00 KB

MaxMetaspaceSize: unlimited
CompressedClassSpaceSize: 1.00 GB

CodeHeap 'non-profiled nmethods': size=238948Kb used=12972Kb max_used=12972Kb free=225976Kb
 bounds [0x000000010da48000, 0x000000010e6f8000, 0x000000011c3a1000]
CodeHeap 'non-nmethods': size=6812Kb used=2372Kb max_used=2372Kb free=4439Kb
 bounds [0x000000010d3a1000, 0x000000010d611000, 0x000000010da48000]
 total_blobs=8815 nmethods=7931 adapters=794
 compilation: enabled
              stopped_count=0, restarted_count=0
 full_count=0

Compilation events (20 events):
Event: 19.341 Thread 0x00007fa7b4834000 7925       1       sun.security.provider.JavaKeyStore$JKS::convertAlias (8 bytes)
Event: 19.341 Thread 0x00007fa7b4834000 nmethod 7925 0x000000010e6efd90 code [0x000000010e6eff40, 0x000000010e6f00b0]
Event: 19.350 Thread 0x00007fa7b4834000 7926       1       sun.security.rsa.RSAPublicKeyImpl::getModulus (5 bytes)
Event: 19.350 Thread 0x00007fa7b4834000 nmethod 7926 0x000000010e6f0190 code [0x000000010e6f0320, 0x000000010e6f03f0]
Event: 19.356 Thread 0x00007fa7b4834000 7927   !   1       javax.crypto.Mac::init (98 bytes)
Event: 19.357 Thread 0x00007fa7b4834000 nmethod 7927 0x000000010e6f0490 code [0x000000010e6f0640, 0x000000010e6f0880]
Event: 19.357 Thread 0x00007fa7b4834000 7928       1       javax.crypto.Mac::update (37 bytes)
Event: 19.357 Thread 0x00007fa7b4834000 nmethod 7928 0x000000010e6f0a10 code [0x000000010e6f0bc0, 0x000000010e6f0dc0]
Event: 19.357 Thread 0x00007fa7b4834000 7929       1       javax.crypto.Mac::doFinal (38 bytes)
Event: 19.358 Thread 0x00007fa7b4834000 nmethod 7929 0x000000010e6f0f10 code [0x000000010e6f10e0, 0x000000010e6f1310]
Event: 19.358 Thread 0x00007fa7b4834000 7930   !   1       com.sun.crypto.provider.HmacCore::engineDoFinal (78 bytes)
Event: 19.359 Thread 0x00007fa7b4834000 nmethod 7930 0x000000010e6f1410 code [0x000000010e6f1600, 0x000000010e6f1990]
Event: 19.393 Thread 0x00007fa7b4834000 7931       1       sun.security.jca.ProviderList::getProvider (19 bytes)
Event: 19.393 Thread 0x00007fa7b4834000 nmethod 7931 0x000000010e6f1d10 code [0x000000010e6f1ec0, 0x000000010e6f2050]
Event: 19.393 Thread 0x00007fa7b4834000 7933       1       sun.security.jca.ProviderList::getIndex (38 bytes)
Event: 19.394 Thread 0x00007fa7b4834000 nmethod 7933 0x000000010e6f2190 code [0x000000010e6f2340, 0x000000010e6f24f0]
Event: 19.394 Thread 0x00007fa7b4834000 7932       1       sun.security.jca.ProviderList::getProviderConfig (22 bytes)
Event: 19.394 Thread 0x00007fa7b4834000 nmethod 7932 0x000000010e6f2690 code [0x000000010e6f2820, 0x000000010e6f2960]
Event: 19.394 Thread 0x00007fa7b4834000 7934       1       java.security.Security::getProvider (8 bytes)
Event: 19.394 Thread 0x00007fa7b4834000 nmethod 7934 0x000000010e6f2a90 code [0x000000010e6f2c60, 0x000000010e6f2e60]

GC Heap History (20 events):
Event: 15.070 GC heap before
{Heap before GC invocations=20 (full 0):
 garbage-first heap   total 78848K, used 60074K [0x0000000780000000, 0x0000000800000000)
  region size 1024K, 30 young (30720K), 4 survivors (4096K)
 Metaspace       used 49798K, capacity 51056K, committed 51192K, reserved 1093632K
  class space    used 6611K, capacity 7112K, committed 7244K, reserved 1048576K
}
Event: 15.078 GC heap after
{Heap after GC invocations=21 (full 0):
 garbage-first heap   total 95232K, used 36345K [0x0000000780000000, 0x0000000800000000)
  region size 1024K, 4 young (4096K), 4 survivors (4096K)
 Metaspace       used 49798K, capacity 51056K, committed 51192K, reserved 1093632K
  class space    used 6611K, capacity 7112K, committed 7244K, reserved 1048576K
}
Event: 15.659 GC heap before
{Heap before GC invocations=21 (full 0):
 garbage-first heap   total 95232K, used 73209K [0x0000000780000000, 0x0000000800000000)
  region size 1024K, 41 young (41984K), 4 survivors (4096K)
 Metaspace       used 52979K, capacity 54250K, committed 54392K, reserved 1095680K
  class space    used 7035K, capacity 7532K, committed 7628K, reserved 1048576K
}
Event: 15.674 GC heap after
{Heap after GC invocations=22 (full 0):
 garbage-first heap   total 95232K, used 39213K [0x0000000780000000, 0x0000000800000000)
  region size 1024K, 5 young (5120K), 5 survivors (5120K)
 Metaspace       used 52979K, capacity 54250K, committed 54392K, reserved 1095680K
  class space    used 7035K, capacity 7532K, committed 7628K, reserved 1048576K
}
Event: 16.271 GC heap before
{Heap before GC invocations=22 (full 0):
 garbage-first heap   total 95232K, used 74029K [0x0000000780000000, 0x0000000800000000)
  region size 1024K, 39 young (39936K), 5 survivors (5120K)
 Metaspace       used 55128K, capacity 56483K, committed 56568K, reserved 1097728K
  class space    used 7455K, capacity 7992K, committed 8012K, reserved 1048576K
}
Event: 16.283 GC heap after
{Heap after GC invocations=23 (full 0):
 garbage-first heap   total 95232K, used 40671K [0x0000000780000000, 0x0000000800000000)
  region size 1024K, 2 young (2048K), 2 survivors (2048K)
 Metaspace       used 55128K, capacity 56483K, committed 56568K, reserved 1097728K
  class space    used 7455K, capacity 7992K, committed 8012K, reserved 1048576K
}
Event: 16.503 GC heap before
{Heap before GC invocations=23 (full 0):
 garbage-first heap   total 95232K, used 75487K [0x0000000780000000, 0x0000000800000000)
  region size 1024K, 36 young (36864K), 2 survivors (2048K)
 Metaspace       used 55390K, capacity 56795K, committed 56952K, reserved 1097728K
  class space    used 7472K, capacity 8029K, committed 8140K, reserved 1048576K
}
Event: 16.506 GC heap after
{Heap after GC invocations=24 (full 0):
 garbage-first heap   total 95232K, used 40562K [0x0000000780000000, 0x0000000800000000)
  region size 1024K, 2 young (2048K), 2 survivors (2048K)
 Metaspace       used 55390K, capacity 56795K, committed 56952K, reserved 1097728K
  class space    used 7472K, capacity 8029K, committed 8140K, reserved 1048576K
}
Event: 17.017 GC heap before
{Heap before GC invocations=24 (full 0):
 garbage-first heap   total 95232K, used 76402K [0x0000000780000000, 0x0000000800000000)
  region size 1024K, 37 young (37888K), 2 survivors (2048K)
 Metaspace       used 57515K, capacity 58957K, committed 59256K, reserved 1099776K
  class space    used 7770K, capacity 8304K, committed 8396K, reserved 1048576K
}
Event: 17.023 GC heap after
{Heap after GC invocations=25 (full 0):
 garbage-first heap   total 95232K, used 41733K [0x0000000780000000, 0x0000000800000000)
  region size 1024K, 3 young (3072K), 3 survivors (3072K)
 Metaspace       used 57515K, capacity 58957K, committed 59256K, reserved 1099776K
  class space    used 7770K, capacity 8304K, committed 8396K, reserved 1048576K
}
Event: 17.472 GC heap before
{Heap before GC invocations=25 (full 0):
 garbage-first heap   total 95232K, used 77573K [0x0000000780000000, 0x0000000800000000)
  region size 1024K, 38 young (38912K), 3 survivors (3072K)
 Metaspace       used 59757K, capacity 61380K, committed 61688K, reserved 1101824K
  class space    used 8077K, capacity 8685K, committed 8780K, reserved 1048576K
}
Event: 17.481 GC heap after
{Heap after GC invocations=26 (full 0):
 garbage-first heap   total 114688K, used 43518K [0x0000000780000000, 0x0000000800000000)
  region size 1024K, 5 young (5120K), 5 survivors (5120K)
 Metaspace       used 59757K, capacity 61380K, committed 61688K, reserved 1101824K
  class space    used 8077K, capacity 8685K, committed 8780K, reserved 1048576K
}
Event: 17.875 GC heap before
{Heap before GC invocations=26 (full 0):
 garbage-first heap   total 114688K, used 91646K [0x0000000780000000, 0x0000000800000000)
  region size 1024K, 52 young (53248K), 5 survivors (5120K)
 Metaspace       used 60170K, capacity 61839K, committed 61944K, reserved 1101824K
  class space    used 8114K, capacity 8751K, committed 8780K, reserved 1048576K
}
Event: 17.885 GC heap after
{Heap after GC invocations=27 (full 0):
 garbage-first heap   total 114688K, used 44757K [0x0000000780000000, 0x0000000800000000)
  region size 1024K, 5 young (5120K), 5 survivors (5120K)
 Metaspace       used 60170K, capacity 61839K, committed 61944K, reserved 1101824K
  class space    used 8114K, capacity 8751K, committed 8780K, reserved 1048576K
}
Event: 18.165 GC heap before
{Heap before GC invocations=27 (full 0):
 garbage-first heap   total 114688K, used 92885K [0x0000000780000000, 0x0000000800000000)
  region size 1024K, 52 young (53248K), 5 survivors (5120K)
 Metaspace       used 60497K, capacity 62174K, committed 62200K, reserved 1103872K
  class space    used 8133K, capacity 8754K, committed 8780K, reserved 1048576K
}
Event: 18.176 GC heap after
{Heap after GC invocations=28 (full 0):
 garbage-first heap   total 114688K, used 47087K [0x0000000780000000, 0x0000000800000000)
  region size 1024K, 6 young (6144K), 6 survivors (6144K)
 Metaspace       used 60497K, capacity 62174K, committed 62200K, reserved 1103872K
  class space    used 8133K, capacity 8754K, committed 8780K, reserved 1048576K
}
Event: 18.676 GC heap before
{Heap before GC invocations=28 (full 0):
 garbage-first heap   total 114688K, used 92143K [0x0000000780000000, 0x0000000800000000)
  region size 1024K, 50 young (51200K), 6 survivors (6144K)
 Metaspace       used 62748K, capacity 64473K, committed 64632K, reserved 1105920K
  class space    used 8420K, capacity 9053K, committed 9164K, reserved 1048576K
}
Event: 18.692 GC heap after
{Heap after GC invocations=29 (full 0):
 garbage-first heap   total 114688K, used 48615K [0x0000000780000000, 0x0000000800000000)
  region size 1024K, 4 young (4096K), 4 survivors (4096K)
 Metaspace       used 62748K, capacity 64473K, committed 64632K, reserved 1105920K
  class space    used 8420K, capacity 9053K, committed 9164K, reserved 1048576K
}
Event: 18.934 GC heap before
{Heap before GC invocations=29 (full 0):
 garbage-first heap   total 114688K, used 60903K [0x0000000780000000, 0x0000000800000000)
  region size 1024K, 17 young (17408K), 4 survivors (4096K)
 Metaspace       used 64010K, capacity 65666K, committed 65784K, reserved 1105920K
  class space    used 8593K, capacity 9216K, committed 9292K, reserved 1048576K
}
Event: 18.942 GC heap after
{Heap after GC invocations=30 (full 0):
 garbage-first heap   total 141312K, used 49188K [0x0000000780000000, 0x0000000800000000)
  region size 1024K, 3 young (3072K), 3 survivors (3072K)
 Metaspace       used 64010K, capacity 65666K, committed 65784K, reserved 1105920K
  class space    used 8593K, capacity 9216K, committed 9292K, reserved 1048576K
}

Deoptimization events (8 events):
Event: 9.432 Thread 0x00007fa7b59ac800 DEOPT PACKING pc=0x000000010dd8585c sp=0x000070000f4b7e10
Event: 9.432 Thread 0x00007fa7b59ac800 DEOPT UNPACKING pc=0x000000010d3ea33a sp=0x000070000f4b73a8 mode 0
Event: 11.493 Thread 0x00007fa7b3951800 DEOPT PACKING pc=0x000000010dc68a10 sp=0x000070000f7c2660
Event: 11.493 Thread 0x00007fa7b4acd800 DEOPT PACKING pc=0x000000010dc7f1fe sp=0x000070000f8c5650
Event: 11.493 Thread 0x00007fa7b3951800 DEOPT UNPACKING pc=0x000000010d3ea33a sp=0x000070000f7c1ad8 mode 3
Event: 11.493 Thread 0x00007fa7b4acd800 DEOPT UNPACKING pc=0x000000010d3ea33a sp=0x000070000f8c4b08 mode 3
Event: 14.235 Thread 0x00007fa7b59ac800 DEOPT PACKING pc=0x000000010dea84ac sp=0x000070000f4b8c80
Event: 14.235 Thread 0x00007fa7b59ac800 DEOPT UNPACKING pc=0x000000010d3ea33a sp=0x000070000f4b8350 mode 0

Classes unloaded (0 events):
No events

Classes redefined (0 events):
No events

Internal exceptions (20 events):
Event: 18.811 Thread 0x00007fa7b4e30000 Exception <a 'java/lang/ClassNotFoundException'{0x00000007867c43a0}: org/thymeleaf/processor/element/AbstractElementModelProcessorCustomizer> (0x00000007867c43a0) 
thrown [./src/hotspot/share/classfile/systemDictionary.cpp, line 226]
Event: 18.811 Thread 0x00007fa7b4e30000 Exception <a 'java/lang/ClassNotFoundException'{0x00000007867e27d8}: org/thymeleaf/processor/element/AbstractAttributeModelProcessorCustomizer> (0x00000007867e27d8) 
thrown [./src/hotspot/share/classfile/systemDictionary.cpp, line 226]
Event: 18.811 Thread 0x00007fa7b4e30000 Exception <a 'java/lang/ClassNotFoundException'{0x00000007867fcb98}: nz/net/ultraq/thymeleaf/decorators/DecorateProcessorCustomizer> (0x00000007867fcb98) 
thrown [./src/hotspot/share/classfile/systemDictionary.cpp, line 226]
Event: 18.816 Thread 0x00007fa7b4e30000 Exception <a 'java/lang/ClassNotFoundException'{0x00000007866486d0}: nz/net/ultraq/thymeleaf/decorators/DecoratorProcessorBeanInfo> (0x00000007866486d0) 
thrown [./src/hotspot/share/classfile/systemDictionary.cpp, line 226]
Event: 18.817 Thread 0x00007fa7b4e30000 Exception <a 'java/lang/ClassNotFoundException'{0x0000000786660cd0}: nz/net/ultraq/thymeleaf/decorators/DecoratorProcessorCustomizer> (0x0000000786660cd0) 
thrown [./src/hotspot/share/classfile/systemDictionary.cpp, line 226]
Event: 18.820 Thread 0x00007fa7b4e30000 Exception <a 'java/lang/ClassNotFoundException'{0x0000000786690dc8}: org/slf4j/LoggerFactoryBeanInfo> (0x0000000786690dc8) 
thrown [./src/hotspot/share/classfile/systemDictionary.cpp, line 226]
Event: 18.821 Thread 0x00007fa7b4e30000 Exception <a 'java/lang/ClassNotFoundException'{0x00000007866a3858}: org/slf4j/LoggerFactoryCustomizer> (0x00000007866a3858) 
thrown [./src/hotspot/share/classfile/systemDictionary.cpp, line 226]
Event: 18.859 Thread 0x00007fa7b4e30000 Exception <a 'java/lang/ClassNotFoundException'{0x00000007865d3c90}: nz/net/ultraq/thymeleaf/includes/IncludeProcessorBeanInfo> (0x00000007865d3c90) 
thrown [./src/hotspot/share/classfile/systemDictionary.cpp, line 226]
Event: 18.859 Thread 0x00007fa7b4e30000 Exception <a 'java/lang/ClassNotFoundException'{0x00000007865eb790}: nz/net/ultraq/thymeleaf/includes/IncludeProcessorCustomizer> (0x00000007865eb790) 
thrown [./src/hotspot/share/classfile/systemDictionary.cpp, line 226]
Event: 18.861 Thread 0x00007fa7b4e30000 Exception <a 'java/lang/ClassNotFoundException'{0x000000078642eb68}: nz/net/ultraq/thymeleaf/includes/InsertProcessorBeanInfo> (0x000000078642eb68) 
thrown [./src/hotspot/share/classfile/systemDictionary.cpp, line 226]
Event: 18.861 Thread 0x00007fa7b4e30000 Exception <a 'java/lang/ClassNotFoundException'{0x0000000786446330}: nz/net/ultraq/thymeleaf/includes/InsertProcessorCustomizer> (0x0000000786446330) 
thrown [./src/hotspot/share/classfile/systemDictionary.cpp, line 226]
Event: 18.864 Thread 0x00007fa7b4e30000 Exception <a 'java/lang/ClassNotFoundException'{0x00000007864887b0}: nz/net/ultraq/thymeleaf/includes/ReplaceProcessorBeanInfo> (0x00000007864887b0) 
thrown [./src/hotspot/share/classfile/systemDictionary.cpp, line 226]
Event: 18.864 Thread 0x00007fa7b4e30000 Exception <a 'java/lang/ClassNotFoundException'{0x00000007864a0508}: nz/net/ultraq/thymeleaf/includes/ReplaceProcessorCustomizer> (0x00000007864a0508) 
thrown [./src/hotspot/share/classfile/systemDictionary.cpp, line 226]
Event: 18.867 Thread 0x00007fa7b4e30000 Exception <a 'java/lang/ClassNotFoundException'{0x00000007864e4768}: nz/net/ultraq/thymeleaf/fragments/FragmentProcessorBeanInfo> (0x00000007864e4768) 
thrown [./src/hotspot/share/classfile/systemDictionary.cpp, line 226]
Event: 18.867 Thread 0x00007fa7b4e30000 Exception <a 'java/lang/ClassNotFoundException'{0x00000007864fc518}: nz/net/ultraq/thymeleaf/fragments/FragmentProcessorCustomizer> (0x00000007864fc518) 
thrown [./src/hotspot/share/classfile/systemDictionary.cpp, line 226]
Event: 18.870 Thread 0x00007fa7b4e30000 Exception <a 'java/lang/ClassNotFoundException'{0x0000000786345778}: nz/net/ultraq/thymeleaf/fragments/CollectFragmentProcessorBeanInfo> (0x0000000786345778) 
thrown [./src/hotspot/share/classfile/systemDictionary.cpp, line 226]
Event: 18.870 Thread 0x00007fa7b4e30000 Exception <a 'java/lang/ClassNotFoundException'{0x000000078635e9b0}: nz/net/ultraq/thymeleaf/fragments/CollectFragmentProcessorCustomizer> (0x000000078635e9b0) 
thrown [./src/hotspot/share/classfile/systemDictionary.cpp, line 226]
Event: 18.873 Thread 0x00007fa7b4e30000 Exception <a 'java/lang/ClassNotFoundException'{0x00000007863a8448}: nz/net/ultraq/thymeleaf/decorators/TitlePatternProcessorBeanInfo> (0x00000007863a8448) 
thrown [./src/hotspot/share/classfile/systemDictionary.cpp, line 226]
Event: 18.874 Thread 0x00007fa7b4e30000 Exception <a 'java/lang/ClassNotFoundException'{0x00000007863c10a8}: nz/net/ultraq/thymeleaf/decorators/TitlePatternProcessorCustomizer> (0x00000007863c10a8) 
thrown [./src/hotspot/share/classfile/systemDictionary.cpp, line 226]
Event: 19.842 Thread 0x00007fa7b3a4d800 AbstractMethodError at 0x000000010d49f62e

Events (20 events):
Event: 19.345 loading class sun/security/rsa/RSAPadding
Event: 19.345 loading class sun/security/rsa/RSAPadding done
Event: 19.351 loading class jdk/internal/event/X509ValidationEvent
Event: 19.351 loading class jdk/internal/event/X509ValidationEvent done
Event: 19.351 loading class java/security/cert/PKIXCertPathValidatorResult
Event: 19.352 loading class java/security/cert/CertPathValidatorResult
Event: 19.352 loading class java/security/cert/CertPathValidatorResult done
Event: 19.352 loading class java/security/cert/PKIXCertPathValidatorResult done
Event: 19.352 loading class sun/security/validator/SimpleValidator
Event: 19.352 loading class sun/security/validator/SimpleValidator done
Event: 19.352 loading class sun/security/validator/CADistrustPolicy
Event: 19.352 loading class sun/security/validator/CADistrustPolicy done
Event: 19.352 loading class sun/security/validator/CADistrustPolicy$1
Event: 19.352 loading class sun/security/validator/CADistrustPolicy$1 done
Event: 19.352 loading class sun/security/validator/CADistrustPolicy$2
Event: 19.352 loading class sun/security/validator/CADistrustPolicy$2 done
Event: 19.352 loading class sun/security/validator/SymantecTLSPolicy
Event: 19.352 loading class sun/security/validator/SymantecTLSPolicy done
Event: 19.353 loading class java/security/interfaces/ECPrivateKey
Event: 19.353 loading class java/security/interfaces/ECPrivateKey done


Dynamic libraries:
0x00007fff70f7e000 	/usr/lib/libz.1.dylib
0x0000000102dea000 	/usr/local/Cellar/openjdk/14.0.1/libexec/openjdk.jdk/Contents/Home/lib/libjli.dylib
0x00007fff36a98000 	/System/Library/Frameworks/Cocoa.framework/Versions/A/Cocoa
0x00007fff442a1000 	/System/Library/Frameworks/Security.framework/Versions/A/Security
0x00007fff359fd000 	/System/Library/Frameworks/ApplicationServices.framework/Versions/A/ApplicationServices
0x00007fff6ea42000 	/usr/lib/libSystem.B.dylib
0x00007fff7183f000 	/usr/lib/system/libcache.dylib
0x00007fff71845000 	/usr/lib/system/libcommonCrypto.dylib
0x00007fff71851000 	/usr/lib/system/libcompiler_rt.dylib
0x00007fff71859000 	/usr/lib/system/libcopyfile.dylib
0x00007fff71863000 	/usr/lib/system/libcorecrypto.dylib
0x00007fff71a02000 	/usr/lib/system/libdispatch.dylib
0x00007fff71a43000 	/usr/lib/system/libdyld.dylib
0x00007fff71a7a000 	/usr/lib/system/libkeymgr.dylib
0x00007fff71a88000 	/usr/lib/system/liblaunch.dylib
0x00007fff71a89000 	/usr/lib/system/libmacho.dylib
0x00007fff71a8f000 	/usr/lib/system/libquarantine.dylib
0x00007fff71a92000 	/usr/lib/system/libremovefile.dylib
0x00007fff71a94000 	/usr/lib/system/libsystem_asl.dylib
0x00007fff71aac000 	/usr/lib/system/libsystem_blocks.dylib
0x00007fff71aad000 	/usr/lib/system/libsystem_c.dylib
0x00007fff71b35000 	/usr/lib/system/libsystem_configuration.dylib
0x00007fff71b39000 	/usr/lib/system/libsystem_coreservices.dylib
0x00007fff71b3d000 	/usr/lib/system/libsystem_darwin.dylib
0x00007fff71b46000 	/usr/lib/system/libsystem_dnssd.dylib
0x00007fff71b4e000 	/usr/lib/system/libsystem_featureflags.dylib
0x00007fff71b50000 	/usr/lib/system/libsystem_info.dylib
0x00007fff71bcb000 	/usr/lib/system/libsystem_m.dylib
0x00007fff71c13000 	/usr/lib/system/libsystem_malloc.dylib
0x00007fff71c3b000 	/usr/lib/system/libsystem_networkextension.dylib
0x00007fff71c49000 	/usr/lib/system/libsystem_notify.dylib
0x00007fff71c67000 	/usr/lib/system/libsystem_sandbox.dylib
0x00007fff71c6c000 	/usr/lib/system/libsystem_secinit.dylib
0x00007fff71b9e000 	/usr/lib/system/libsystem_kernel.dylib
0x00007fff71c53000 	/usr/lib/system/libsystem_platform.dylib
0x00007fff71c5c000 	/usr/lib/system/libsystem_pthread.dylib
0x00007fff71c6f000 	/usr/lib/system/libsystem_symptoms.dylib
0x00007fff71c77000 	/usr/lib/system/libsystem_trace.dylib
0x00007fff71c8f000 	/usr/lib/system/libunwind.dylib
0x00007fff71c95000 	/usr/lib/system/libxpc.dylib
0x00007fff708a2000 	/usr/lib/libobjc.A.dylib
0x00007fff6ed7b000 	/usr/lib/libc++abi.dylib
0x00007fff6ed28000 	/usr/lib/libc++.1.dylib
0x00007fff3793a000 	/System/Library/Frameworks/CoreFoundation.framework/Versions/A/CoreFoundation
0x00007fff39ff7000 	/System/Library/Frameworks/Foundation.framework/Versions/C/Foundation
0x00007fff34bed000 	/System/Library/Frameworks/AppKit.framework/Versions/C/AppKit
0x00007fff3741c000 	/System/Library/Frameworks/CoreData.framework/Versions/A/CoreData
0x00007fff68a3d000 	/System/Library/PrivateFrameworks/UIFoundation.framework/Versions/A/UIFoundation
0x00007fff63ad1000 	/System/Library/PrivateFrameworks/RemoteViewServices.framework/Versions/A/RemoteViewServices
0x00007fff6b5b2000 	/System/Library/PrivateFrameworks/XCTTargetBootstrap.framework/Versions/A/XCTTargetBootstrap
0x00007fff37807000 	/System/Library/Frameworks/CoreDisplay.framework/Versions/A/CoreDisplay
0x00007fff3ceb1000 	/System/Library/Frameworks/Metal.framework/Versions/A/Metal
0x00007fff51ab9000 	/System/Library/PrivateFrameworks/DesktopServicesPriv.framework/Versions/A/DesktopServicesPriv
0x00007fff6fb7d000 	/usr/lib/liblangid.dylib
0x00007fff50d4e000 	/System/Library/PrivateFrameworks/CoreSVG.framework/Versions/A/CoreSVG
0x00007fff66c2d000 	/System/Library/PrivateFrameworks/SkyLight.framework/Versions/A/SkyLight
0x00007fff37dbb000 	/System/Library/Frameworks/CoreGraphics.framework/Versions/A/CoreGraphics
0x00007fff335c1000 	/System/Library/Frameworks/Accelerate.framework/Versions/A/Accelerate
0x00007fff70e6f000 	/usr/lib/libxml2.2.dylib
0x00007fff5ca5b000 	/System/Library/PrivateFrameworks/IconServices.framework/Versions/A/IconServices
0x00007fff3a7d6000 	/System/Library/Frameworks/IOSurface.framework/Versions/A/IOSurface
0x00007fff6e56c000 	/usr/lib/libDiagnosticMessagesClient.dylib
0x00007fff51913000 	/System/Library/PrivateFrameworks/DFRFoundation.framework/Versions/A/DFRFoundation
0x00007fff6f90c000 	/usr/lib/libicucore.A.dylib
0x00007fff35d2f000 	/System/Library/Frameworks/AudioToolbox.framework/Versions/A/AudioToolbox
0x00007fff35e12000 	/System/Library/Frameworks/AudioUnit.framework/Versions/A/AudioUnit
0x00007fff6ec44000 	/usr/lib/libauto.dylib
0x00007fff519b5000 	/System/Library/PrivateFrameworks/DataDetectorsCore.framework/Versions/A/DataDetectorsCore
0x00007fff365b9000 	/System/Library/Frameworks/Carbon.framework/Versions/A/Frameworks/HIToolbox.framework/Versions/A/HIToolbox
0x00007fff4349b000 	/System/Library/Frameworks/QuartzCore.framework/Versions/A/QuartzCore
0x00007fff368f8000 	/System/Library/Frameworks/Carbon.framework/Versions/A/Frameworks/SpeechRecognition.framework/Versions/A/SpeechRecognition
0x00007fff51427000 	/System/Library/PrivateFrameworks/CoreUI.framework/Versions/A/CoreUI
0x00007fff36e87000 	/System/Library/Frameworks/CoreAudio.framework/Versions/A/CoreAudio
0x00007fff39cb6000 	/System/Library/Frameworks/DiskArbitration.framework/Versions/A/DiskArbitration
0x00007fff5eaab000 	/System/Library/PrivateFrameworks/MultitouchSupport.framework/Versions/A/MultitouchSupport
0x00007fff6f7d3000 	/usr/lib/libenergytrace.dylib
0x00007fff3a730000 	/System/Library/Frameworks/IOKit.framework/Versions/A/IOKit
0x00007fff38d22000 	/System/Library/Frameworks/CoreServices.framework/Versions/A/CoreServices
0x00007fff60c64000 	/System/Library/PrivateFrameworks/PerformanceAnalysis.framework/Versions/A/PerformanceAnalysis
0x00007fff424ce000 	/System/Library/Frameworks/OpenGL.framework/Versions/A/OpenGL
0x00007fff36aa6000 	/System/Library/Frameworks/ColorSync.framework/Versions/A/ColorSync
0x00007fff3843e000 	/System/Library/Frameworks/CoreImage.framework/Versions/A/CoreImage
0x00007fff39795000 	/System/Library/Frameworks/CoreText.framework/Versions/A/CoreText
0x00007fff3a866000 	/System/Library/Frameworks/ImageIO.framework/Versions/A/ImageIO
0x00007fff6eda4000 	/usr/lib/libcompression.dylib
0x00007fff6e8b0000 	/usr/lib/libMobileGestalt.dylib
0x00007fff687a7000 	/System/Library/PrivateFrameworks/TextureIO.framework/Versions/A/TextureIO
0x00007fff6eba7000 	/usr/lib/libate.dylib
0x00007fff5cc64000 	/System/Library/PrivateFrameworks/InternationalSupport.framework/Versions/A/InternationalSupport
0x00007fff6fb7f000 	/usr/lib/liblzma.5.dylib
0x00007fff6f7fa000 	/usr/lib/libfakelink.dylib
0x00007fff6eb34000 	/usr/lib/libarchive.2.dylib
0x00007fff45352000 	/System/Library/Frameworks/SystemConfiguration.framework/Versions/A/SystemConfiguration
0x00007fff6e49f000 	/usr/lib/libCRFSuite.dylib
0x00007fff361a9000 	/System/Library/Frameworks/CFNetwork.framework/Versions/A/CFNetwork
0x00007fff6ed0a000 	/usr/lib/libbsm.0.dylib
0x00007fff71a7b000 	/usr/lib/system/libkxld.dylib
0x00007fff4b28f000 	/System/Library/PrivateFrameworks/AppleFSCompression.framework/Versions/A/AppleFSCompression
0x00007fff6f095000 	/usr/lib/libcoretls.dylib
0x00007fff6f0ac000 	/usr/lib/libcoretls_cfhelpers.dylib
0x00007fff708e8000 	/usr/lib/libpam.2.dylib
0x00007fff70a1d000 	/usr/lib/libsqlite3.dylib
0x00007fff70e5c000 	/usr/lib/libxar.1.dylib
0x00007fff6ed1b000 	/usr/lib/libbz2.1.0.dylib
0x00007fff6f81b000 	/usr/lib/libiconv.2.dylib
0x00007fff6ed91000 	/usr/lib/libcharset.1.dylib
0x00007fff70385000 	/usr/lib/libnetwork.dylib
0x00007fff708ef000 	/usr/lib/libpcap.A.dylib
0x00007fff6eae9000 	/usr/lib/libapple_nghttp2.dylib
0x00007fff390d9000 	/System/Library/Frameworks/CoreServices.framework/Versions/A/Frameworks/FSEvents.framework/Versions/A/FSEvents
0x00007fff38da9000 	/System/Library/Frameworks/CoreServices.framework/Versions/A/Frameworks/CarbonCore.framework/Versions/A/CarbonCore
0x00007fff3931d000 	/System/Library/Frameworks/CoreServices.framework/Versions/A/Frameworks/Metadata.framework/Versions/A/Metadata
0x00007fff393b6000 	/System/Library/Frameworks/CoreServices.framework/Versions/A/Frameworks/OSServices.framework/Versions/A/OSServices
0x00007fff393e4000 	/System/Library/Frameworks/CoreServices.framework/Versions/A/Frameworks/SearchKit.framework/Versions/A/SearchKit
0x00007fff38d23000 	/System/Library/Frameworks/CoreServices.framework/Versions/A/Frameworks/AE.framework/Versions/A/AE
0x00007fff390e2000 	/System/Library/Frameworks/CoreServices.framework/Versions/A/Frameworks/LaunchServices.framework/Versions/A/LaunchServices
0x00007fff3908b000 	/System/Library/Frameworks/CoreServices.framework/Versions/A/Frameworks/DictionaryServices.framework/Versions/A/DictionaryServices
0x00007fff3944c000 	/System/Library/Frameworks/CoreServices.framework/Versions/A/Frameworks/SharedFileList.framework/Versions/A/SharedFileList
0x00007fff3e2ed000 	/System/Library/Frameworks/NetFS.framework/Versions/A/NetFS
0x00007fff5efdb000 	/System/Library/PrivateFrameworks/NetAuth.framework/Versions/A/NetAuth
0x00007fff6b97f000 	/System/Library/PrivateFrameworks/login.framework/Versions/A/Frameworks/loginsupport.framework/Versions/A/loginsupport
0x00007fff68272000 	/System/Library/PrivateFrameworks/TCC.framework/Versions/A/TCC
0x00007fff4fec1000 	/System/Library/PrivateFrameworks/CoreNLP.framework/Versions/A/CoreNLP
0x00007fff5e4d8000 	/System/Library/PrivateFrameworks/MetadataUtilities.framework/Versions/A/MetadataUtilities
0x00007fff6fc57000 	/usr/lib/libmecabra.dylib
0x00007fff6fbaf000 	/usr/lib/libmecab.dylib
0x00007fff6f80b000 	/usr/lib/libgermantok.dylib
0x00007fff6ead0000 	/usr/lib/libThaiTokenizer.dylib
0x00007fff6e4d6000 	/usr/lib/libChineseTokenizer.dylib
0x00007fff335d9000 	/System/Library/Frameworks/Accelerate.framework/Versions/A/Frameworks/vImage.framework/Versions/A/vImage
0x00007fff34a43000 	/System/Library/Frameworks/Accelerate.framework/Versions/A/Frameworks/vecLib.framework/Versions/A/vecLib
0x00007fff34980000 	/System/Library/Frameworks/Accelerate.framework/Versions/A/Frameworks/vecLib.framework/Versions/A/libvMisc.dylib
0x00007fff347a8000 	/System/Library/Frameworks/Accelerate.framework/Versions/A/Frameworks/vecLib.framework/Versions/A/libvDSP.dylib
0x00007fff33c30000 	/System/Library/Frameworks/Accelerate.framework/Versions/A/Frameworks/vecLib.framework/Versions/A/libBLAS.dylib
0x00007fff3436c000 	/System/Library/Frameworks/Accelerate.framework/Versions/A/Frameworks/vecLib.framework/Versions/A/libLAPACK.dylib
0x00007fff34708000 	/System/Library/Frameworks/Accelerate.framework/Versions/A/Frameworks/vecLib.framework/Versions/A/libLinearAlgebra.dylib
0x00007fff34795000 	/System/Library/Frameworks/Accelerate.framework/Versions/A/Frameworks/vecLib.framework/Versions/A/libSparseBLAS.dylib
0x00007fff3471e000 	/System/Library/Frameworks/Accelerate.framework/Versions/A/Frameworks/vecLib.framework/Versions/A/libQuadrature.dylib
0x00007fff33e98000 	/System/Library/Frameworks/Accelerate.framework/Versions/A/Frameworks/vecLib.framework/Versions/A/libBNNS.dylib
0x00007fff34724000 	/System/Library/Frameworks/Accelerate.framework/Versions/A/Frameworks/vecLib.framework/Versions/A/libSparse.dylib
0x00007fff5d04c000 	/System/Library/PrivateFrameworks/LanguageModeling.framework/Versions/A/LanguageModeling
0x00007fff4f871000 	/System/Library/PrivateFrameworks/CoreEmoji.framework/Versions/A/CoreEmoji
0x00007fff5d16a000 	/System/Library/PrivateFrameworks/LinguisticData.framework/Versions/A/LinguisticData
0x00007fff5d11b000 	/System/Library/PrivateFrameworks/Lexicon.framework/Versions/A/Lexicon
0x00007fff6ed92000 	/usr/lib/libcmph.dylib
0x00007fff40edc000 	/System/Library/Frameworks/OpenDirectory.framework/Versions/A/Frameworks/CFOpenDirectory.framework/Versions/A/CFOpenDirectory
0x00007fff40ef9000 	/System/Library/Frameworks/OpenDirectory.framework/Versions/A/OpenDirectory
0x00007fff4933c000 	/System/Library/PrivateFrameworks/APFS.framework/Versions/A/APFS
0x00007fff445eb000 	/System/Library/Frameworks/SecurityFoundation.framework/Versions/A/SecurityFoundation
0x00007fff70e58000 	/usr/lib/libutil.dylib
0x00007fff50da6000 	/System/Library/PrivateFrameworks/CoreServicesStore.framework/Versions/A/CoreServicesStore
0x00007fff446a2000 	/System/Library/Frameworks/ServiceManagement.framework/Versions/A/ServiceManagement
0x00007fff4ca5f000 	/System/Library/PrivateFrameworks/BackgroundTaskManagement.framework/Versions/A/BackgroundTaskManagement
0x00007fff70f55000 	/usr/lib/libxslt.1.dylib
0x00007fff4b902000 	/System/Library/PrivateFrameworks/AppleSystemInfo.framework/Versions/A/AppleSystemInfo
0x00007fff3aa82000 	/System/Library/Frameworks/ImageIO.framework/Versions/A/Resources/libJPEG.dylib
0x00007fff3ad3f000 	/System/Library/Frameworks/ImageIO.framework/Versions/A/Resources/libTIFF.dylib
0x00007fff3ad22000 	/System/Library/Frameworks/ImageIO.framework/Versions/A/Resources/libPng.dylib
0x00007fff3a9c4000 	/System/Library/Frameworks/ImageIO.framework/Versions/A/Resources/libGIF.dylib
0x00007fff3a9c8000 	/System/Library/Frameworks/ImageIO.framework/Versions/A/Resources/libJP2.dylib
0x00007fff3ad3d000 	/System/Library/Frameworks/ImageIO.framework/Versions/A/Resources/libRadiance.dylib
0x00007fff6f7d4000 	/usr/lib/libexpat.1.dylib
0x00007fff4b3ea000 	/System/Library/PrivateFrameworks/AppleJPEG.framework/Versions/A/AppleJPEG
0x00007fff540bc000 	/System/Library/PrivateFrameworks/FontServices.framework/libFontParser.dylib
0x00007fff6a981000 	/System/Library/PrivateFrameworks/WatchdogClient.framework/Versions/A/WatchdogClient
0x00007fff5c6a7000 	/System/Library/PrivateFrameworks/IOAccelerator.framework/Versions/A/IOAccelerator
0x00007fff3d24c000 	/System/Library/Frameworks/MetalPerformanceShaders.framework/Versions/A/MetalPerformanceShaders
0x00007fff58e37000 	/System/Library/PrivateFrameworks/GPUWrangler.framework/Versions/A/GPUWrangler
0x00007fff5c6bc000 	/System/Library/PrivateFrameworks/IOPresentment.framework/Versions/A/IOPresentment
0x00007fff51926000 	/System/Library/PrivateFrameworks/DSExternalDisplay.framework/Versions/A/DSExternalDisplay
0x00007fff4186d000 	/System/Library/Frameworks/OpenGL.framework/Versions/A/Libraries/libCoreFSCache.dylib
0x00007fff3cf98000 	/System/Library/Frameworks/MetalPerformanceShaders.framework/Frameworks/MPSCore.framework/Versions/A/MPSCore
0x00007fff3cfd6000 	/System/Library/Frameworks/MetalPerformanceShaders.framework/Frameworks/MPSImage.framework/Versions/A/MPSImage
0x00007fff3d09d000 	/System/Library/Frameworks/MetalPerformanceShaders.framework/Frameworks/MPSNeuralNetwork.framework/Versions/A/MPSNeuralNetwork
0x00007fff3d061000 	/System/Library/Frameworks/MetalPerformanceShaders.framework/Frameworks/MPSMatrix.framework/Versions/A/MPSMatrix
0x00007fff3d1fc000 	/System/Library/Frameworks/MetalPerformanceShaders.framework/Frameworks/MPSRayIntersector.framework/Versions/A/MPSRayIntersector
0x00007fff3d087000 	/System/Library/Frameworks/MetalPerformanceShaders.framework/Frameworks/MPSNDArray.framework/Versions/A/MPSNDArray
0x00007fff5e525000 	/System/Library/PrivateFrameworks/MetalTools.framework/Versions/A/MetalTools
0x00007fff4a516000 	/System/Library/PrivateFrameworks/AggregateDictionary.framework/Versions/A/AggregateDictionary
0x00007fff4f2b9000 	/System/Library/PrivateFrameworks/CoreAnalytics.framework/Versions/A/CoreAnalytics
0x00007fff4b821000 	/System/Library/PrivateFrameworks/AppleSauce.framework/Versions/A/AppleSauce
0x00007fff6e792000 	/usr/lib/libIOReport.dylib
0x00007fff3994d000 	/System/Library/Frameworks/CoreVideo.framework/Versions/A/CoreVideo
0x00007fff5a2b0000 	/System/Library/PrivateFrameworks/GraphVisualizer.framework/Versions/A/GraphVisualizer
0x00007fff53602000 	/System/Library/PrivateFrameworks/FaceCore.framework/Versions/A/FaceCore
0x00007fff40e83000 	/System/Library/Frameworks/OpenCL.framework/Versions/A/OpenCL
0x00007fff6e5b4000 	/usr/lib/libFosl_dynamic.dylib
0x00007fff5f9fc000 	/System/Library/PrivateFrameworks/OTSVG.framework/Versions/A/OTSVG
0x00007fff35b02000 	/System/Library/Frameworks/ApplicationServices.framework/Versions/A/Frameworks/ATS.framework/Versions/A/Resources/libFontRegistry.dylib
0x00007fff5428b000 	/System/Library/PrivateFrameworks/FontServices.framework/libhvf.dylib
0x00007fff41878000 	/System/Library/Frameworks/OpenGL.framework/Versions/A/Libraries/libGFXShared.dylib
0x00007fff41a56000 	/System/Library/Frameworks/OpenGL.framework/Versions/A/Libraries/libGLU.dylib
0x00007fff41881000 	/System/Library/Frameworks/OpenGL.framework/Versions/A/Libraries/libGL.dylib
0x00007fff4188c000 	/System/Library/Frameworks/OpenGL.framework/Versions/A/Libraries/libGLImage.dylib
0x00007fff4186a000 	/System/Library/Frameworks/OpenGL.framework/Versions/A/Libraries/libCVMSPluginSupport.dylib
0x00007fff41873000 	/System/Library/Frameworks/OpenGL.framework/Versions/A/Libraries/libCoreVMClient.dylib
0x00007fff70226000 	/usr/lib/libncurses.5.4.dylib
0x00007fff359fe000 	/System/Library/Frameworks/ApplicationServices.framework/Versions/A/Frameworks/ATS.framework/Versions/A/ATS
0x00007fff35bcb000 	/System/Library/Frameworks/ApplicationServices.framework/Versions/A/Frameworks/ColorSyncLegacy.framework/Versions/A/ColorSyncLegacy
0x00007fff35c69000 	/System/Library/Frameworks/ApplicationServices.framework/Versions/A/Frameworks/HIServices.framework/Versions/A/HIServices
0x00007fff35cc1000 	/System/Library/Frameworks/ApplicationServices.framework/Versions/A/Frameworks/LangAnalysis.framework/Versions/A/LangAnalysis
0x00007fff35cd0000 	/System/Library/Frameworks/ApplicationServices.framework/Versions/A/Frameworks/PrintCore.framework/Versions/A/PrintCore
0x00007fff35d16000 	/System/Library/Frameworks/ApplicationServices.framework/Versions/A/Frameworks/QD.framework/Versions/A/QD
0x00007fff35d21000 	/System/Library/Frameworks/ApplicationServices.framework/Versions/A/Frameworks/SpeechSynthesis.framework/Versions/A/SpeechSynthesis
0x00007fff35b9b000 	/System/Library/Frameworks/ApplicationServices.framework/Versions/A/Frameworks/ATSUI.framework/Versions/A/ATSUI
0x00007fff6f66a000 	/usr/lib/libcups.2.dylib
0x00007fff3c2e7000 	/System/Library/Frameworks/Kerberos.framework/Versions/A/Kerberos
0x00007fff3a429000 	/System/Library/Frameworks/GSS.framework/Versions/A/GSS
0x00007fff709a9000 	/usr/lib/libresolv.9.dylib
0x00007fff5a45d000 	/System/Library/PrivateFrameworks/Heimdal.framework/Versions/A/Heimdal
0x00007fff3c2fa000 	/System/Library/Frameworks/Kerberos.framework/Versions/A/Libraries/libHeimdalProxy.dylib
0x00007fff6f811000 	/usr/lib/libheimdal-asn1.dylib
0x00007fff4e751000 	/System/Library/PrivateFrameworks/CommonAuth.framework/Versions/A/CommonAuth
0x00007fff4b99f000 	/System/Library/PrivateFrameworks/AssertionServices.framework/Versions/A/AssertionServices
0x00007fff4c542000 	/System/Library/PrivateFrameworks/AudioToolboxCore.framework/Versions/A/AudioToolboxCore
0x00007fff6b62f000 	/System/Library/PrivateFrameworks/caulk.framework/Versions/A/caulk
0x00007fff4cb0b000 	/System/Library/PrivateFrameworks/BaseBoard.framework/Versions/A/BaseBoard
0x00007fff63c5f000 	/System/Library/PrivateFrameworks/RunningBoardServices.framework/Versions/A/RunningBoardServices
0x00007fff60c70000 	/System/Library/PrivateFrameworks/PersistentConnection.framework/Versions/A/PersistentConnection
0x00007fff63658000 	/System/Library/PrivateFrameworks/ProtocolBuffer.framework/Versions/A/ProtocolBuffer
0x00007fff4e775000 	/System/Library/PrivateFrameworks/CommonUtilities.framework/Versions/A/CommonUtilities
0x00007fff4cc99000 	/System/Library/PrivateFrameworks/Bom.framework/Versions/A/Bom
0x00007fff6e465000 	/usr/lib/libAudioToolboxUtility.dylib
0x00007fff4ca69000 	/System/Library/PrivateFrameworks/Backup.framework/Versions/A/Backup
0x00007fff51847000 	/System/Library/PrivateFrameworks/CrashReporterSupport.framework/Versions/A/CrashReporterSupport
0x00007fff656f1000 	/System/Library/PrivateFrameworks/Sharing.framework/Versions/A/Sharing
0x00007fff4afad000 	/System/Library/PrivateFrameworks/Apple80211.framework/Versions/A/Apple80211
0x00007fff4c786000 	/System/Library/PrivateFrameworks/AuthKit.framework/Versions/A/AuthKit
0x00007fff51554000 	/System/Library/PrivateFrameworks/CoreUtils.framework/Versions/A/CoreUtils
0x00007fff39992000 	/System/Library/Frameworks/CoreWLAN.framework/Versions/A/CoreWLAN
0x00007fff3a5b6000 	/System/Library/Frameworks/IOBluetooth.framework/Versions/A/IOBluetooth
0x00007fff5e82a000 	/System/Library/PrivateFrameworks/MobileKeyBag.framework/Versions/A/MobileKeyBag
0x00007fff50359000 	/System/Library/PrivateFrameworks/CorePhoneNumbers.framework/Versions/A/CorePhoneNumbers
0x00007fff4b39d000 	/System/Library/PrivateFrameworks/AppleIDAuthSupport.framework/Versions/A/AppleIDAuthSupport
0x00007fff3e2fa000 	/System/Library/Frameworks/Network.framework/Versions/A/Network
0x00007fff5cef8000 	/System/Library/PrivateFrameworks/KeychainCircle.framework/Versions/A/KeychainCircle
0x00007fff373e3000 	/System/Library/Frameworks/CoreBluetooth.framework/Versions/A/CoreBluetooth
0x00007fff67770000 	/System/Library/PrivateFrameworks/SpeechRecognitionCore.framework/Versions/A/SpeechRecognitionCore
0x00007fff2aa05000 	/System/Library/CoreServices/Encodings/libSimplifiedChineseConverter.dylib
0x0000000103800000 	/usr/local/Cellar/openjdk/14.0.1/libexec/openjdk.jdk/Contents/Home/lib/server/libjvm.dylib
0x0000000102e0c000 	/usr/local/Cellar/openjdk/14.0.1/libexec/openjdk.jdk/Contents/Home/lib/libjimage.dylib
0x0000000102e5e000 	/usr/local/Cellar/openjdk/14.0.1/libexec/openjdk.jdk/Contents/Home/lib/libjava.dylib
0x0000000102e83000 	/usr/local/Cellar/openjdk/14.0.1/libexec/openjdk.jdk/Contents/Home/lib/libzip.dylib
0x0000000102eee000 	/usr/local/Cellar/openjdk/14.0.1/libexec/openjdk.jdk/Contents/Home/lib/libnio.dylib
0x0000000102efe000 	/usr/local/Cellar/openjdk/14.0.1/libexec/openjdk.jdk/Contents/Home/lib/libnet.dylib
0x0000000102f13000 	/usr/local/Cellar/openjdk/14.0.1/libexec/openjdk.jdk/Contents/Home/lib/libverify.dylib
0x0000000102f1e000 	/usr/local/Cellar/openjdk/14.0.1/libexec/openjdk.jdk/Contents/Home/lib/libmanagement.dylib
0x0000000102f24000 	/usr/local/Cellar/openjdk/14.0.1/libexec/openjdk.jdk/Contents/Home/lib/libmanagement_ext.dylib
0x0000000102f2b000 	/usr/local/Cellar/openjdk/14.0.1/libexec/openjdk.jdk/Contents/Home/lib/libextnet.dylib
0x0000000102f2f000 	/usr/local/Cellar/openjdk/14.0.1/libexec/openjdk.jdk/Contents/Home/lib/libsunec.dylib


VM Arguments:
jvm_args: -XX:TieredStopAtLevel=1 
java_command: com.utudo.hwwd.HwwdApplication
java_class_path (initial): /Library/WebServer/Documents/hwwd/target/classes:/Users/yeliang/.m2/repository/org/codehaus/groovy/groovy/3.0.6/groovy-3.0.6.pom:/Users/yeliang/.m2/repository/org/springframework/boot/spring-boot-starter/2.3.4.RELEASE/spring-boot-starter-2.3.4.RELEASE.jar:/Users/yeliang/.m2/repository/org/springframework/boot/spring-boot/2.3.4.RELEASE/spring-boot-2.3.4.RELEASE.jar:/Users/yeliang/.m2/repository/org/springframework/spring-context/5.2.9.RELEASE/spring-context-5.2.9.RELEASE.jar:/Users/yeliang/.m2/repository/org/springframework/boot/spring-boot-autoconfigure/2.3.4.RELEASE/spring-boot-autoconfigure-2.3.4.RELEASE.jar:/Users/yeliang/.m2/repository/org/springframework/boot/spring-boot-starter-logging/2.3.4.RELEASE/spring-boot-starter-logging-2.3.4.RELEASE.jar:/Users/yeliang/.m2/repository/ch/qos/logback/logback-classic/1.2.3/logback-classic-1.2.3.jar:/Users/yeliang/.m2/repository/ch/qos/logback/logback-core/1.2.3/logback-core-1.2.3.jar:/Users/yeliang/.m2/repository/org/apache/logging/log4j/log4j-to-slf4j/2.13.3/log4j-to-slf4j-2.13.3.jar:/Users/yeliang/.m2/repository/org/apache/logging/log4j/log4j-api/2.13.3/log4j-api-2.13.3.jar:/Users/yeliang/.m2/repository/org/slf4j/jul-to-slf4j/1.7.30/jul-to-slf4j-1.7.30.jar:/Users/yeliang/.m2/repository/jakarta/annotation/jakarta.annotation-api/1.3.5/jakarta.annotation-api-1.3.5.jar:/Users/yeliang/.m2/repository/org/springframework/spring-core/5.2.9.RELEASE/spring-core-5.2.9.RELEASE.jar:/Users/yeliang/.m2/repository/org/springframework/spring-jcl/5.2.9.RELEASE/spring-jcl-5.2.9.RELEASE.jar:/Users/yeliang/.m2/repository/org/yaml/snakeyaml/1.26/snakeyaml-1.26.jar:/Users/yeliang/.m2/repository/org/springframework/spring-web/5.2.9.RELEASE/spring-web-5.2.9.RELEASE.jar:/Users/yeliang/.m2/repository/org/springframework/spring-beans/5.2.9.RELEASE/spring-beans-5.2.9.RELEASE.jar:/Users/yeliang/.m2/repository/org/springframework/boot/spring-boot-starter-web/2.3.4.RELEASE/spring-boot-starter-web-2.3.4.RELEASE.jar:/Users/ye
Launcher Type: SUN_STANDARD

[Global flags]
     intx CICompilerCount                          = 3                                         {product} {ergonomic}
     uint ConcGCThreads                            = 1                                         {product} {ergonomic}
     uint G1ConcRefinementThreads                  = 4                                         {product} {ergonomic}
   size_t G1HeapRegionSize                         = 1048576                                   {product} {ergonomic}
    uintx GCDrainStackTargetSize                   = 64                                        {product} {ergonomic}
   size_t InitialHeapSize                          = 134217728                                 {product} {ergonomic}
   size_t MarkStackSize                            = 4194304                                   {product} {ergonomic}
   size_t MaxHeapSize                              = 2147483648                                {product} {ergonomic}
   size_t MaxNewSize                               = 1287651328                                {product} {ergonomic}
   size_t MinHeapDeltaBytes                        = 1048576                                   {product} {ergonomic}
   size_t MinHeapSize                              = 8388608                                   {product} {ergonomic}
    uintx NonNMethodCodeHeapSize                   = 6973028                                {pd product} {ergonomic}
    uintx NonProfiledCodeHeapSize                  = 244685212                              {pd product} {ergonomic}
    uintx ProfiledCodeHeapSize                     = 0                                      {pd product} {ergonomic}
    uintx ReservedCodeCacheSize                    = 251658240                              {pd product} {ergonomic}
     bool SegmentedCodeCache                       = true                                      {product} {ergonomic}
   size_t SoftMaxHeapSize                          = 2147483648                             {manageable} {ergonomic}
     intx TieredStopAtLevel                        = 1                                         {product} {command line}
     bool UseCompressedClassPointers               = true                                 {lp64_product} {ergonomic}
     bool UseCompressedOops                        = true                                 {lp64_product} {ergonomic}
     bool UseG1GC                                  = true                                      {product} {ergonomic}

Logging:
Log output configuration:
 #0: stdout all=warning uptime,level,tags
 #1: stderr all=off uptime,level,tags

Environment Variables:
JAVA_HOME=/usr/local/opt/openjdk/libexec/openjdk.jdk/Contents/Home
PATH=/usr/local/bin:/usr/bin:/bin:/usr/sbin:/sbin
SHELL=/bin/bash

Signal Handlers:
SIGSEGV: [libjvm.dylib+0x7c0dee], sa_mask[0]=11111111011111110111111111111111, sa_flags=SA_ONSTACK|SA_RESTART|SA_SIGINFO
SIGBUS: [libjvm.dylib+0x7c0dee], sa_mask[0]=11111111011111110111111111111111, sa_flags=SA_RESTART|SA_SIGINFO
SIGFPE: [libjvm.dylib+0x7c0dee], sa_mask[0]=11111111011111110111111111111111, sa_flags=SA_RESTART|SA_SIGINFO
SIGPIPE: [libjvm.dylib+0x5fd565], sa_mask[0]=11111111011111110111111111111111, sa_flags=SA_RESTART|SA_SIGINFO
SIGXFSZ: [libjvm.dylib+0x5fd565], sa_mask[0]=11111111011111110111111111111111, sa_flags=SA_RESTART|SA_SIGINFO
SIGILL: [libjvm.dylib+0x7c0dee], sa_mask[0]=11111111011111110111111111111111, sa_flags=SA_RESTART|SA_SIGINFO
SIGUSR2: [libjvm.dylib+0x5fdb37], sa_mask[0]=00100000000000000000000000000000, sa_flags=SA_RESTART|SA_SIGINFO
SIGHUP: [libjvm.dylib+0x5fcb99], sa_mask[0]=11111111011111110111111111111111, sa_flags=SA_RESTART|SA_SIGINFO
SIGINT: [libjvm.dylib+0x5fcb99], sa_mask[0]=11111111011111110111111111111111, sa_flags=SA_RESTART|SA_SIGINFO
SIGTERM: [libjvm.dylib+0x5fcb99], sa_mask[0]=11111111011111110111111111111111, sa_flags=SA_RESTART|SA_SIGINFO
SIGQUIT: [libjvm.dylib+0x5fcb99], sa_mask[0]=11111111011111110111111111111111, sa_flags=SA_RESTART|SA_SIGINFO


---------------  S Y S T E M  ---------------

OS:uname:Darwin 19.6.0 Darwin Kernel Version 19.6.0: Tue Jan 12 22:13:05 PST 2021; root:xnu-6153.141.16~1/RELEASE_X86_64 x86_64
OS uptime: 10 days 22:48 hours
rlimit: STACK 8192k, CORE 0k, NPROC 1392, NOFILE 10240, AS infinity, DATA infinity, FSIZE infinity
load average:4.73 5.21 5.56

CPU:total 4 (initial active 4) (2 cores per cpu, 2 threads per core) family 6 model 61 stepping 4, cmov, cx8, fxsr, mmx, sse, sse2, sse3, ssse3, sse4.1, sse4.2, popcnt, avx, avx2, aes, clmul, erms, 3dnowpref, lzcnt, ht, tsc, tscinvbit, bmi1, bmi2, adx, fma

Memory: 4k page, physical 8388608k(30992k free), swap 3145728k(895232k free)

vm_info: OpenJDK 64-Bit Server VM (14.0.1+14) for bsd-amd64 JRE (14.0.1+14), built on Jun 30 2020 21:32:48 by "brew" with clang 4.2.1 Compatible Apple LLVM 10.0.0 (clang-1000.11.45.5)

END.
