#
# A fatal error has been detected by the Java Runtime Environment:
#
#  SIGBUS (0xa) at pc=0x000000012eec4d78, pid=41761, tid=35331
#
# JRE version: OpenJDK Runtime Environment (14.0.1+14) (build 14.0.1+14)
# Java VM: OpenJDK 64-Bit Server VM (14.0.1+14, mixed mode, sharing, tiered, compressed oops, g1 gc, bsd-amd64)
# Problematic frame:
# C  0x000000012eec4d78
#
# No core dump will be written. Core dumps have been disabled. To enable core dumping, try "ulimit -c unlimited" before starting Java again
#
# If you would like to submit a bug report, please visit:
#   https://bugreport.java.com/bugreport/crash.jsp
#

---------------  S U M M A R Y ------------

Command Line: -XX:TieredStopAtLevel=1 com.utudo.hwwd.HwwdApplication

Host: MacBookAir7,2 x86_64 1600 MHz, 4 cores, 8G, Darwin 19.6.0
Time: Sat Feb 13 14:39:35 2021 CET elapsed time: 180 seconds (0d 0h 3m 0s)

---------------  T H R E A D  ---------------

Current thread (0x00007fbda2c3e000):  JavaThread "File Watcher" daemon [_thread_in_Java, id=35331, stack(0x0000700006f2c000,0x000070000702c000)]

Stack: [0x0000700006f2c000,0x000070000702c000],  sp=0x000070000702b728,  free space=1021k
Native frames: (J=compiled Java code, A=aot compiled Java code, j=interpreted, Vv=VM code, C=native code)
C  0x000000012eec4d78
j  org.springframework.boot.devtools.filewatch.DirectorySnapshot.equals(Lorg/springframework/boot/devtools/filewatch/DirectorySnapshot;Ljava/io/FileFilter;)Z+38
j  org.springframework.boot.devtools.filewatch.FileSystemWatcher$Watcher.isDifferent(Ljava/util/Map;Ljava/util/Map;)Z+92
j  org.springframework.boot.devtools.filewatch.FileSystemWatcher$Watcher.scan()V+34
j  org.springframework.boot.devtools.filewatch.FileSystemWatcher$Watcher.run()V+30
j  java.lang.Thread.run()V+11 java.base@14.0.1
v  ~StubRoutines::call_stub
V  [libjvm.dylib+0x356778]  JavaCalls::call_helper(JavaValue*, methodHandle const&, JavaCallArguments*, Thread*)+0x256
V  [libjvm.dylib+0x355b92]  JavaCalls::call_virtual(JavaValue*, Klass*, Symbol*, Symbol*, JavaCallArguments*, Thread*)+0xfe
V  [libjvm.dylib+0x355c4e]  JavaCalls::call_virtual(JavaValue*, Handle, Klass*, Symbol*, Symbol*, Thread*)+0x62
V  [libjvm.dylib+0x3ddaa8]  thread_entry(JavaThread*, Thread*)+0x78
V  [libjvm.dylib+0x76a30e]  JavaThread::thread_main_inner()+0x86
V  [libjvm.dylib+0x76a14c]  JavaThread::run()+0x118
V  [libjvm.dylib+0x767f93]  Thread::call_run()+0x71
V  [libjvm.dylib+0x5fb972]  thread_native_entry(Thread*)+0x129
C  [libsystem_pthread.dylib+0x6109]  _pthread_start+0x94
C  [libsystem_pthread.dylib+0x1b8b]  thread_start+0xf


siginfo: si_signo: 10 (SIGBUS), si_code: 2 (BUS_ADRERR), si_addr: 0x000000012eec4d78

Register to memory mapping:

RAX=0x00000008011f1970 is pointing into metadata
RBX=0x000000012eec4cb8 is pointing into metadata
RCX=0x0 is NULL
RDX=
[error occurred during error reporting (printing register info), id 0xb, SIGSEGV (0xb) at pc=0x000000010b2e3e25]

Registers:
RAX=0x00000008011f1970, RBX=0x000000012eec4cb8, RCX=0x0000000000000000, RDX=0x0000000785160138
RSP=0x000070000702b728, RBP=0x000070000702b8e0, RSI=0x0000000785160138, RDI=0x0000000000000001
R8 =0x0000000000000064, R9 =0x0000000000000073, R10=0x000000010a6e3000, R11=0x0000000000000230
R12=0x0000000000000000, R13=0x000070000702b888, R14=0x0000000000000000, R15=0x00007fbda2c3e000
RIP=0x000000012eec4d78, EFLAGS=0x0000000000010246, ERR=0x0000000000000015
  TRAPNO=0x000000000000000e

Top of Stack: (sp=0x000070000702b728)
0x000070000702b728:   0000000115c4d124 000070000702b8e0
0x000070000702b738:   0000000115e0a7bc 000070000702b788
0x000070000702b748:   0000000000000000 000070000702b8e0
0x000070000702b758:   0000000115dc9d74 000070000702b850
0x000070000702b768:   000000010b351baa 0000000785160138
0x000070000702b778:   0000000782003c60 0000000800b201a0
0x000070000702b788:   0000000800081aa0 000070000702b8e0
0x000070000702b798:   0000000115e54604 00007fbda2c3e000
0x000070000702b7a8:   0000000100000001 0000000000000000
0x000070000702b7b8:   0000000000000000 00000007850ef970
0x000070000702b7c8:   0000000115585a52 000070000702b8e0
0x000070000702b7d8:   00000001168991fc 000070000702b8e0
0x000070000702b7e8:   0000000116868704 0000000800081888
0x000070000702b7f8:   0000000800081888 0000000782003c50
0x000070000702b808:   00000007850ef970 00000008002987e0
0x000070000702b818:   00000001168b5fec 000070000702b8e0
0x000070000702b828:   00000001168b6074 0000000000000000
0x000070000702b838:   0000000800915032 000070000702bbd0
0x000070000702b848:   000070000702b8f8 0000000782003c50
0x000070000702b858:   00000007850ef890 00007fbd000008a2
0x000070000702b868:   00000000000000b9 000070000702b8e0
0x000070000702b878:   00000001155716d5 00000001155716d5
0x000070000702b888:   00000007850ef890 0000000782003c50
0x000070000702b898:   000070000702b898 0000000800915032
0x000070000702b8a8:   000070000702b8f8 0000000800298ca0
0x000070000702b8b8:   0000000000000000 00000007bfe24ce0
0x000070000702b8c8:   0000000800298c08 000070000702b888
0x000070000702b8d8:   000070000702b8f0 000070000702b948
0x000070000702b8e8:   00000001155716d5 00000007850ef890
0x000070000702b8f8:   0000000782003c40 000070000702b900
0x000070000702b908:   000000012ef1efc6 000070000702b978
0x000070000702b918:   000000012ef1f6f8 0000000000000000 

Instructions: (pc=0x000000012eec4d78)
0x000000012eec4c78:   70 e8 32 a4 bd 7f 00 00 f8 fb 3e 00 08 00 00 00
0x000000012eec4c88:   e0 84 3f 00 08 00 00 00 04 00 00 00 00 00 00 00
0x000000012eec4c98:   b0 19 1f 01 08 00 00 00 30 34 00 00 08 00 00 00
0x000000012eec4ca8:   00 00 00 00 00 00 00 00 40 d2 22 00 08 00 00 00
0x000000012eec4cb8:   01 00 00 00 00 00 00 00 c0 7d 00 01 08 00 00 00
0x000000012eec4cc8:   00 00 00 00 00 00 00 00 06 00 00 00 14 00 09 00
0x000000012eec4cd8:   0a 00 00 00 31 00 00 00 00 00 00 00 00 00 00 00
0x000000012eec4ce8:   04 00 00 00 00 00 00 00 78 4d ec 2e 01 00 00 00
0x000000012eec4cf8:   f8 4e ec 2e 01 00 00 00 38 4e ec 2e 01 00 00 00
0x000000012eec4d08:   a8 4f ec 2e 01 00 00 00 00 00 00 00 00 00 00 80
0x000000012eec4d18:   e8 4a ec 2e 01 00 00 00 00 00 00 00 00 00 00 00
0x000000012eec4d28:   e0 a6 00 a2 bd 7f 00 00 0d 00 00 00 05 00 0e 00
0x000000012eec4d38:   0a 00 0b 00 0c 00 00 00 02 00 02 00 02 00 00 00
0x000000012eec4d48:   dc b7 00 00 dc 2b d3 01 00 b1 ff 00 30 21 29 00
0x000000012eec4d58:   00 00 00 00 00 00 00 00 0a 00 10 00 11 00 00 00
0x000000012eec4d68:   00 00 00 00 0a 00 12 00 0a 00 00 00 01 00 02 00
0x000000012eec4d78:   f0 89 97 0b 01 00 00 00 10 4d ec 2e 01 00 00 00
0x000000012eec4d88:   00 00 00 00 00 00 00 00 f0 50 ec 2e 01 00 00 00
0x000000012eec4d98:   01 00 00 00 fe ff ff ff 00 00 00 00 00 00 00 00
0x000000012eec4da8:   c0 62 57 15 01 00 00 00 e0 46 4d 16 01 00 00 00
0x000000012eec4db8:   10 45 4d 16 01 00 00 00 00 ca 5a 15 01 00 00 00
0x000000012eec4dc8:   00 00 00 00 00 00 00 00 00 00 00 00 00 00 00 80
0x000000012eec4dd8:   e8 4a ec 2e 01 00 00 00 00 00 00 00 00 00 00 00
0x000000012eec4de8:   e0 a6 00 a2 bd 7f 00 00 0d 00 00 00 15 00 0c 00
0x000000012eec4df8:   0b 00 13 00 14 00 02 00 02 00 02 00 02 00 02 00
0x000000012eec4e08:   de cb 01 00 2b b9 02 00 02 00 b0 ff 00 3a 00 00
0x000000012eec4e18:   00 00 00 00 00 00 0b 00 10 00 11 00 00 00 00 00
0x000000012eec4e28:   00 00 0b 00 15 00 16 00 18 00 01 00 02 00 1a 00
0x000000012eec4e38:   f0 89 97 0b 01 00 00 00 d0 4d ec 2e 01 00 00 00
0x000000012eec4e48:   00 00 00 00 00 00 00 00 b8 84 f1 2e 01 00 00 00
0x000000012eec4e58:   01 00 00 00 06 00 00 00 00 00 00 00 00 00 00 00
0x000000012eec4e68:   c0 62 57 15 01 00 00 00 e0 c9 4b 16 01 00 00 00 


Stack slot to memory mapping:
stack at sp + 0 slots: 0x0000000115c4d124 is at entry_point+132 in (nmethod*)0x0000000115c4cf10
stack at sp + 1 slots: 0x000070000702b8e0 is pointing into the stack for thread: 0x00007fbda2c3e000
stack at sp + 2 slots: 0x0000000115e0a7bc is at entry_point+124 in (nmethod*)0x0000000115e0a590
stack at sp + 3 slots: 0x000070000702b788 is pointing into the stack for thread: 0x00007fbda2c3e000
stack at sp + 4 slots: 0x0 is NULL
stack at sp + 5 slots: 0x000070000702b8e0 is pointing into the stack for thread: 0x00007fbda2c3e000
stack at sp + 6 slots: 0x0000000115dc9d74 is at entry_point+84 in (nmethod*)0x0000000115dc9b90
stack at sp + 7 slots: 0x000070000702b850 is pointing into the stack for thread: 0x00007fbda2c3e000


---------------  P R O C E S S  ---------------

Threads class SMR info:
_java_thread_list=0x00007fbda415b240, length=30, elements={
0x00007fbda28a2800, 0x00007fbda1035800, 0x00007fbda103c000, 0x00007fbda181d800,
0x00007fbda280b000, 0x00007fbda1041000, 0x00007fbda28a4000, 0x00007fbda103b000,
0x00007fbda18f7800, 0x00007fbda2b4b800, 0x00007fbda21fb800, 0x00007fbda184b800,
0x00007fbda2c3c000, 0x00007fbda2c3e000, 0x00007fbda2c52000, 0x00007fbda1b45800,
0x00007fbda1b26800, 0x00007fbda1b2b800, 0x00007fbda105f000, 0x00007fbda2cd2800,
0x00007fbda1b2c800, 0x00007fbda1cfa800, 0x00007fbda251a800, 0x00007fbda26f9800,
0x00007fbda1dff800, 0x00007fbda26fc800, 0x00007fbda1e00800, 0x00007fbda12ac000,
0x00007fbda270e000, 0x00007fbda1011000
}

Java Threads: ( => current thread )
  0x00007fbda28a2800 JavaThread "Reference Handler" daemon [_thread_blocked, id=14595, stack(0x00007000058e7000,0x00007000059e7000)]
  0x00007fbda1035800 JavaThread "Finalizer" daemon [_thread_blocked, id=17667, stack(0x00007000059ea000,0x0000700005aea000)]
  0x00007fbda103c000 JavaThread "Signal Dispatcher" daemon [_thread_blocked, id=43011, stack(0x0000700005bf3000,0x0000700005cf3000)]
  0x00007fbda181d800 JavaThread "Service Thread" daemon [_thread_blocked, id=42499, stack(0x0000700005cf6000,0x0000700005df6000)]
  0x00007fbda280b000 JavaThread "C1 CompilerThread0" daemon [_thread_blocked, id=22275, stack(0x0000700005df9000,0x0000700005ef9000)]
  0x00007fbda1041000 JavaThread "Sweeper thread" daemon [_thread_blocked, id=22787, stack(0x0000700005efc000,0x0000700005ffc000)]
  0x00007fbda28a4000 JavaThread "Notification Thread" daemon [_thread_blocked, id=23299, stack(0x0000700005fff000,0x00007000060ff000)]
  0x00007fbda103b000 JavaThread "Common-Cleaner" daemon [_thread_blocked, id=23811, stack(0x0000700006205000,0x0000700006305000)]
  0x00007fbda18f7800 JavaThread "Catalina-utility-1" [_thread_blocked, id=25899, stack(0x0000700006817000,0x0000700006917000)]
  0x00007fbda2b4b800 JavaThread "Catalina-utility-2" [_thread_blocked, id=38147, stack(0x000070000691a000,0x0000700006a1a000)]
  0x00007fbda21fb800 JavaThread "container-0" [_thread_blocked, id=37635, stack(0x0000700006a1d000,0x0000700006b1d000)]
  0x00007fbda184b800 JavaThread "mysql-cj-abandoned-connection-cleanup" daemon [_thread_blocked, id=26883, stack(0x0000700006b20000,0x0000700006c20000)]
  0x00007fbda2c3c000 JavaThread "HikariPool-1 housekeeper" daemon [_thread_blocked, id=36611, stack(0x0000700006d26000,0x0000700006e26000)]
=>0x00007fbda2c3e000 JavaThread "File Watcher" daemon [_thread_in_Java, id=35331, stack(0x0000700006f2c000,0x000070000702c000)]
  0x00007fbda2c52000 JavaThread "Live Reload Server" daemon [_thread_in_native, id=28423, stack(0x000070000702f000,0x000070000712f000)]
  0x00007fbda1b45800 JavaThread "http-nio-8000-BlockPoller" daemon [_thread_in_native, id=28931, stack(0x0000700007132000,0x0000700007232000)]
  0x00007fbda1b26800 JavaThread "http-nio-8000-exec-1" daemon [_thread_blocked, id=34563, stack(0x0000700007235000,0x0000700007335000)]
  0x00007fbda1b2b800 JavaThread "http-nio-8000-exec-2" daemon [_thread_blocked, id=29699, stack(0x0000700007338000,0x0000700007438000)]
  0x00007fbda105f000 JavaThread "http-nio-8000-exec-3" daemon [_thread_blocked, id=29955, stack(0x000070000743b000,0x000070000753b000)]
  0x00007fbda2cd2800 JavaThread "http-nio-8000-exec-4" daemon [_thread_blocked, id=30723, stack(0x000070000753e000,0x000070000763e000)]
  0x00007fbda1b2c800 JavaThread "http-nio-8000-exec-5" daemon [_thread_blocked, id=33539, stack(0x0000700007641000,0x0000700007741000)]
  0x00007fbda1cfa800 JavaThread "http-nio-8000-exec-6" daemon [_thread_blocked, id=32003, stack(0x0000700007744000,0x0000700007844000)]
  0x00007fbda251a800 JavaThread "http-nio-8000-exec-7" daemon [_thread_blocked, id=32771, stack(0x0000700007847000,0x0000700007947000)]
  0x00007fbda26f9800 JavaThread "http-nio-8000-exec-8" daemon [_thread_blocked, id=43523, stack(0x000070000794a000,0x0000700007a4a000)]
  0x00007fbda1dff800 JavaThread "http-nio-8000-exec-9" daemon [_thread_blocked, id=87043, stack(0x0000700007a4d000,0x0000700007b4d000)]
  0x00007fbda26fc800 JavaThread "http-nio-8000-exec-10" daemon [_thread_blocked, id=86531, stack(0x0000700007b50000,0x0000700007c50000)]
  0x00007fbda1e00800 JavaThread "http-nio-8000-ClientPoller" daemon [_thread_in_native, id=44547, stack(0x0000700007c53000,0x0000700007d53000)]
  0x00007fbda12ac000 JavaThread "http-nio-8000-Acceptor" daemon [_thread_in_native, id=44803, stack(0x0000700007d56000,0x0000700007e56000)]
  0x00007fbda270e000 JavaThread "scheduling-1" [_thread_blocked, id=84995, stack(0x0000700007e59000,0x0000700007f59000)]
  0x00007fbda1011000 JavaThread "DestroyJavaVM" [_thread_blocked, id=6147, stack(0x00007000051d2000,0x00007000052d2000)]

Other Threads:
  0x00007fbda1032800 VMThread "VM Thread" [stack: 0x00007000057e4000,0x00007000058e4000] [id=18179]
  0x00007fbda181e800 WatcherThread [stack: 0x0000700006102000,0x0000700006202000] [id=40963]
  0x00007fbda2837800 GCTaskThread "GC Thread#0" [stack: 0x00007000052d5000,0x00007000053d5000] [id=19459]
  0x00007fbda1183000 GCTaskThread "GC Thread#1" [stack: 0x0000700006308000,0x0000700006408000] [id=40195]
  0x00007fbda2aa8800 GCTaskThread "GC Thread#2" [stack: 0x000070000640b000,0x000070000650b000] [id=39939]
  0x00007fbda2112000 GCTaskThread "GC Thread#3" [stack: 0x0000700006714000,0x0000700006814000] [id=25351]
  0x00007fbda2848800 ConcurrentGCThread "G1 Main Marker" [stack: 0x00007000053d8000,0x00007000054d8000] [id=12291]
  0x00007fbda2849000 ConcurrentGCThread "G1 Conc#0" [stack: 0x00007000054db000,0x00007000055db000] [id=18947]
  0x00007fbda289a000 ConcurrentGCThread "G1 Refine#0" [stack: 0x00007000055de000,0x00007000056de000] [id=13315]
  0x00007fbda101a000 ConcurrentGCThread "G1 Young RemSet Sampling" [stack: 0x00007000056e1000,0x00007000057e1000] [id=13571]

Threads with active compile tasks:

VM state:not at safepoint (normal execution)

VM Mutex/Monitor currently owned by a thread: None

Heap address: 0x0000000780000000, size: 2048 MB, Compressed Oops mode: Zero based, Oop shift amount: 3
Narrow klass base: 0x0000000800000000, Narrow klass shift: 3
Compressed class space size: 1073741824 Address: 0x0000000800b19000

Heap:
 garbage-first heap   total 109568K, used 76028K [0x0000000780000000, 0x0000000800000000)
  region size 1024K, 26 young (26624K), 1 survivors (1024K)
 Metaspace       used 67986K, capacity 69792K, committed 70008K, reserved 1110016K
  class space    used 9158K, capacity 9865K, committed 9932K, reserved 1048576K
Heap Regions: E=young(eden), S=young(survivor), O=old, HS=humongous(starts), HC=humongous(continues), CS=collection set, F=free, OA=open archive, CA=closed archive, TAMS=top-at-mark-start (previous, next)
|   0|0x0000000780000000, 0x0000000780100000, 0x0000000780100000|100%|HS|  |TAMS 0x0000000780100000, 0x0000000780000000| Complete 
|   1|0x0000000780100000, 0x0000000780200000, 0x0000000780200000|100%|HS|  |TAMS 0x0000000780200000, 0x0000000780100000| Complete 
|   2|0x0000000780200000, 0x0000000780300000, 0x0000000780300000|100%|HC|  |TAMS 0x0000000780300000, 0x0000000780200000| Complete 
|   3|0x0000000780300000, 0x0000000780400000, 0x0000000780400000|100%| O|  |TAMS 0x0000000780400000, 0x0000000780300000| Untracked 
|   4|0x0000000780400000, 0x0000000780500000, 0x0000000780500000|100%| O|  |TAMS 0x0000000780500000, 0x0000000780400000| Untracked 
|   5|0x0000000780500000, 0x0000000780600000, 0x0000000780600000|100%| O|  |TAMS 0x0000000780600000, 0x0000000780500000| Untracked 
|   6|0x0000000780600000, 0x0000000780700000, 0x0000000780700000|100%| O|  |TAMS 0x0000000780700000, 0x0000000780600000| Untracked 
|   7|0x0000000780700000, 0x0000000780800000, 0x0000000780800000|100%| O|  |TAMS 0x0000000780800000, 0x0000000780700000| Untracked 
|   8|0x0000000780800000, 0x0000000780900000, 0x0000000780900000|100%| O|  |TAMS 0x0000000780900000, 0x0000000780800000| Untracked 
|   9|0x0000000780900000, 0x0000000780a00000, 0x0000000780a00000|100%| O|  |TAMS 0x0000000780a00000, 0x0000000780900000| Untracked 
|  10|0x0000000780a00000, 0x0000000780b00000, 0x0000000780b00000|100%| O|  |TAMS 0x0000000780b00000, 0x0000000780a00000| Untracked 
|  11|0x0000000780b00000, 0x0000000780c00000, 0x0000000780c00000|100%| O|  |TAMS 0x0000000780c00000, 0x0000000780b00000| Untracked 
|  12|0x0000000780c00000, 0x0000000780c42a00, 0x0000000780d00000| 26%| O|  |TAMS 0x0000000780c42a00, 0x0000000780c00000| Untracked 
|  13|0x0000000780d00000, 0x0000000780e00000, 0x0000000780e00000|100%| O|  |TAMS 0x0000000780e00000, 0x0000000780d00000| Untracked 
|  14|0x0000000780e00000, 0x0000000780f00000, 0x0000000780f00000|100%| O|  |TAMS 0x0000000780f00000, 0x0000000780e00000| Untracked 
|  15|0x0000000780f00000, 0x0000000781000000, 0x0000000781000000|100%| O|  |TAMS 0x0000000781000000, 0x0000000780f00000| Untracked 
|  16|0x0000000781000000, 0x0000000781100000, 0x0000000781100000|100%| O|  |TAMS 0x0000000781100000, 0x0000000781000000| Untracked 
|  17|0x0000000781100000, 0x0000000781200000, 0x0000000781200000|100%| O|  |TAMS 0x0000000781200000, 0x0000000781100000| Untracked 
|  18|0x0000000781200000, 0x0000000781300000, 0x0000000781300000|100%| O|  |TAMS 0x0000000781300000, 0x0000000781200000| Untracked 
|  19|0x0000000781300000, 0x0000000781400000, 0x0000000781400000|100%| O|  |TAMS 0x0000000781400000, 0x0000000781300000| Untracked 
|  20|0x0000000781400000, 0x0000000781500000, 0x0000000781500000|100%| O|  |TAMS 0x0000000781500000, 0x0000000781400000| Untracked 
|  21|0x0000000781500000, 0x0000000781600000, 0x0000000781600000|100%| O|  |TAMS 0x0000000781600000, 0x0000000781500000| Untracked 
|  22|0x0000000781600000, 0x0000000781700000, 0x0000000781700000|100%| O|  |TAMS 0x0000000781700000, 0x0000000781600000| Untracked 
|  23|0x0000000781700000, 0x0000000781800000, 0x0000000781800000|100%| O|  |TAMS 0x0000000781800000, 0x0000000781700000| Untracked 
|  24|0x0000000781800000, 0x0000000781900000, 0x0000000781900000|100%| O|  |TAMS 0x0000000781900000, 0x0000000781800000| Untracked 
|  25|0x0000000781900000, 0x0000000781a00000, 0x0000000781a00000|100%| O|  |TAMS 0x0000000781a00000, 0x0000000781900000| Untracked 
|  26|0x0000000781a00000, 0x0000000781b00000, 0x0000000781b00000|100%| O|  |TAMS 0x0000000781b00000, 0x0000000781a00000| Untracked 
|  27|0x0000000781b00000, 0x0000000781c00000, 0x0000000781c00000|100%| O|  |TAMS 0x0000000781c00000, 0x0000000781b00000| Untracked 
|  28|0x0000000781c00000, 0x0000000781d00000, 0x0000000781d00000|100%| O|  |TAMS 0x0000000781d00000, 0x0000000781c00000| Untracked 
|  29|0x0000000781d00000, 0x0000000781e00000, 0x0000000781e00000|100%| O|  |TAMS 0x0000000781e00000, 0x0000000781d00000| Untracked 
|  30|0x0000000781e00000, 0x0000000781f00000, 0x0000000781f00000|100%| O|  |TAMS 0x0000000781f00000, 0x0000000781e00000| Untracked 
|  31|0x0000000781f00000, 0x0000000782000000, 0x0000000782000000|100%| O|  |TAMS 0x0000000782000000, 0x0000000781f00000| Untracked 
|  32|0x0000000782000000, 0x0000000782100000, 0x0000000782100000|100%| O|  |TAMS 0x0000000782100000, 0x0000000782000000| Untracked 
|  33|0x0000000782100000, 0x0000000782200000, 0x0000000782200000|100%| O|  |TAMS 0x0000000782200000, 0x0000000782100000| Untracked 
|  34|0x0000000782200000, 0x0000000782300000, 0x0000000782300000|100%| O|  |TAMS 0x0000000782300000, 0x0000000782200000| Untracked 
|  35|0x0000000782300000, 0x0000000782400000, 0x0000000782400000|100%| O|  |TAMS 0x0000000782400000, 0x0000000782300000| Untracked 
|  36|0x0000000782400000, 0x0000000782500000, 0x0000000782500000|100%| O|  |TAMS 0x0000000782500000, 0x0000000782400000| Untracked 
|  37|0x0000000782500000, 0x0000000782600000, 0x0000000782600000|100%| O|  |TAMS 0x0000000782600000, 0x0000000782500000| Untracked 
|  38|0x0000000782600000, 0x0000000782700000, 0x0000000782700000|100%| O|  |TAMS 0x0000000782700000, 0x0000000782600000| Untracked 
|  39|0x0000000782700000, 0x0000000782800000, 0x0000000782800000|100%| O|  |TAMS 0x0000000782800000, 0x0000000782700000| Untracked 
|  40|0x0000000782800000, 0x0000000782900000, 0x0000000782900000|100%| O|  |TAMS 0x0000000782900000, 0x0000000782800000| Untracked 
|  41|0x0000000782900000, 0x0000000782a00000, 0x0000000782a00000|100%| O|  |TAMS 0x0000000782a00000, 0x0000000782900000| Untracked 
|  42|0x0000000782a00000, 0x0000000782b00000, 0x0000000782b00000|100%| O|  |TAMS 0x0000000782b00000, 0x0000000782a00000| Untracked 
|  43|0x0000000782b00000, 0x0000000782c00000, 0x0000000782c00000|100%| O|  |TAMS 0x0000000782c00000, 0x0000000782b00000| Untracked 
|  44|0x0000000782c00000, 0x0000000782d00000, 0x0000000782d00000|100%| O|  |TAMS 0x0000000782d00000, 0x0000000782c00000| Untracked 
|  45|0x0000000782d00000, 0x0000000782e00000, 0x0000000782e00000|100%| O|  |TAMS 0x0000000782e00000, 0x0000000782d00000| Untracked 
|  46|0x0000000782e00000, 0x0000000782f00000, 0x0000000782f00000|100%| O|  |TAMS 0x0000000782f00000, 0x0000000782e00000| Untracked 
|  47|0x0000000782f00000, 0x0000000783000000, 0x0000000783000000|100%| O|  |TAMS 0x0000000783000000, 0x0000000782f00000| Untracked 
|  48|0x0000000783000000, 0x0000000783100000, 0x0000000783100000|100%| O|  |TAMS 0x0000000783100000, 0x0000000783000000| Untracked 
|  49|0x0000000783100000, 0x00000007831c2000, 0x0000000783200000| 75%| O|  |TAMS 0x00000007831c2000, 0x0000000783100000| Untracked 
|  50|0x0000000783200000, 0x0000000783200000, 0x0000000783300000|  0%| F|  |TAMS 0x0000000783200000, 0x0000000783200000| Untracked 
|  51|0x0000000783300000, 0x0000000783300000, 0x0000000783400000|  0%| F|  |TAMS 0x0000000783300000, 0x0000000783300000| Untracked 
|  52|0x0000000783400000, 0x0000000783400000, 0x0000000783500000|  0%| F|  |TAMS 0x0000000783400000, 0x0000000783400000| Untracked 
|  53|0x0000000783500000, 0x0000000783500000, 0x0000000783600000|  0%| F|  |TAMS 0x0000000783500000, 0x0000000783500000| Untracked 
|  54|0x0000000783600000, 0x0000000783600000, 0x0000000783700000|  0%| F|  |TAMS 0x0000000783600000, 0x0000000783600000| Untracked 
|  55|0x0000000783700000, 0x0000000783700000, 0x0000000783800000|  0%| F|  |TAMS 0x0000000783700000, 0x0000000783700000| Untracked 
|  56|0x0000000783800000, 0x0000000783800000, 0x0000000783900000|  0%| F|  |TAMS 0x0000000783800000, 0x0000000783800000| Untracked 
|  57|0x0000000783900000, 0x0000000783900000, 0x0000000783a00000|  0%| F|  |TAMS 0x0000000783900000, 0x0000000783900000| Untracked 
|  58|0x0000000783a00000, 0x0000000783a00000, 0x0000000783b00000|  0%| F|  |TAMS 0x0000000783a00000, 0x0000000783a00000| Untracked 
|  59|0x0000000783b00000, 0x0000000783b00000, 0x0000000783c00000|  0%| F|  |TAMS 0x0000000783b00000, 0x0000000783b00000| Untracked 
|  60|0x0000000783c00000, 0x0000000783c00000, 0x0000000783d00000|  0%| F|  |TAMS 0x0000000783c00000, 0x0000000783c00000| Untracked 
|  61|0x0000000783d00000, 0x0000000783d00000, 0x0000000783e00000|  0%| F|  |TAMS 0x0000000783d00000, 0x0000000783d00000| Untracked 
|  62|0x0000000783e00000, 0x0000000783e00000, 0x0000000783f00000|  0%| F|  |TAMS 0x0000000783e00000, 0x0000000783e00000| Untracked 
|  63|0x0000000783f00000, 0x0000000783f00000, 0x0000000784000000|  0%| F|  |TAMS 0x0000000783f00000, 0x0000000783f00000| Untracked 
|  64|0x0000000784000000, 0x0000000784000000, 0x0000000784100000|  0%| F|  |TAMS 0x0000000784000000, 0x0000000784000000| Untracked 
|  65|0x0000000784100000, 0x000000078416c940, 0x0000000784200000| 42%| S|CS|TAMS 0x0000000784100000, 0x0000000784100000| Complete 
|  66|0x0000000784200000, 0x0000000784200000, 0x0000000784300000|  0%| F|  |TAMS 0x0000000784200000, 0x0000000784200000| Untracked 
|  67|0x0000000784300000, 0x0000000784300000, 0x0000000784400000|  0%| F|  |TAMS 0x0000000784300000, 0x0000000784300000| Untracked 
|  68|0x0000000784400000, 0x0000000784400000, 0x0000000784500000|  0%| F|  |TAMS 0x0000000784400000, 0x0000000784400000| Untracked 
|  69|0x0000000784500000, 0x0000000784500000, 0x0000000784600000|  0%| F|  |TAMS 0x0000000784500000, 0x0000000784500000| Untracked 
|  70|0x0000000784600000, 0x0000000784600000, 0x0000000784700000|  0%| F|  |TAMS 0x0000000784600000, 0x0000000784600000| Untracked 
|  71|0x0000000784700000, 0x0000000784700000, 0x0000000784800000|  0%| F|  |TAMS 0x0000000784700000, 0x0000000784700000| Untracked 
|  72|0x0000000784800000, 0x0000000784800000, 0x0000000784900000|  0%| F|  |TAMS 0x0000000784800000, 0x0000000784800000| Untracked 
|  73|0x0000000784900000, 0x0000000784900000, 0x0000000784a00000|  0%| F|  |TAMS 0x0000000784900000, 0x0000000784900000| Untracked 
|  74|0x0000000784a00000, 0x0000000784a00000, 0x0000000784b00000|  0%| F|  |TAMS 0x0000000784a00000, 0x0000000784a00000| Untracked 
|  75|0x0000000784b00000, 0x0000000784b00000, 0x0000000784c00000|  0%| F|  |TAMS 0x0000000784b00000, 0x0000000784b00000| Untracked 
|  76|0x0000000784c00000, 0x0000000784c00000, 0x0000000784d00000|  0%| F|  |TAMS 0x0000000784c00000, 0x0000000784c00000| Untracked 
|  77|0x0000000784d00000, 0x0000000784d00000, 0x0000000784e00000|  0%| F|  |TAMS 0x0000000784d00000, 0x0000000784d00000| Untracked 
|  78|0x0000000784e00000, 0x0000000784e00000, 0x0000000784f00000|  0%| F|  |TAMS 0x0000000784e00000, 0x0000000784e00000| Untracked 
|  79|0x0000000784f00000, 0x0000000784f00000, 0x0000000785000000|  0%| F|  |TAMS 0x0000000784f00000, 0x0000000784f00000| Untracked 
|  80|0x0000000785000000, 0x0000000785100000, 0x0000000785100000|100%| E|  |TAMS 0x0000000785000000, 0x0000000785000000| Complete 
|  81|0x0000000785100000, 0x0000000785200000, 0x0000000785200000|100%| E|CS|TAMS 0x0000000785100000, 0x0000000785100000| Complete 
|  82|0x0000000785200000, 0x0000000785300000, 0x0000000785300000|100%| E|CS|TAMS 0x0000000785200000, 0x0000000785200000| Complete 
|  83|0x0000000785300000, 0x0000000785400000, 0x0000000785400000|100%| E|CS|TAMS 0x0000000785300000, 0x0000000785300000| Complete 
|  84|0x0000000785400000, 0x0000000785500000, 0x0000000785500000|100%| E|CS|TAMS 0x0000000785400000, 0x0000000785400000| Complete 
|  85|0x0000000785500000, 0x0000000785600000, 0x0000000785600000|100%| E|CS|TAMS 0x0000000785500000, 0x0000000785500000| Complete 
|  86|0x0000000785600000, 0x0000000785700000, 0x0000000785700000|100%| E|CS|TAMS 0x0000000785600000, 0x0000000785600000| Complete 
|  87|0x0000000785700000, 0x0000000785800000, 0x0000000785800000|100%| E|CS|TAMS 0x0000000785700000, 0x0000000785700000| Complete 
|  88|0x0000000785800000, 0x0000000785900000, 0x0000000785900000|100%| E|CS|TAMS 0x0000000785800000, 0x0000000785800000| Complete 
|  89|0x0000000785900000, 0x0000000785a00000, 0x0000000785a00000|100%| E|CS|TAMS 0x0000000785900000, 0x0000000785900000| Complete 
|  90|0x0000000785a00000, 0x0000000785b00000, 0x0000000785b00000|100%| E|CS|TAMS 0x0000000785a00000, 0x0000000785a00000| Complete 
|  91|0x0000000785b00000, 0x0000000785c00000, 0x0000000785c00000|100%| E|CS|TAMS 0x0000000785b00000, 0x0000000785b00000| Complete 
|  92|0x0000000785c00000, 0x0000000785d00000, 0x0000000785d00000|100%| E|CS|TAMS 0x0000000785c00000, 0x0000000785c00000| Complete 
|  93|0x0000000785d00000, 0x0000000785e00000, 0x0000000785e00000|100%| E|CS|TAMS 0x0000000785d00000, 0x0000000785d00000| Complete 
|  94|0x0000000785e00000, 0x0000000785f00000, 0x0000000785f00000|100%| E|CS|TAMS 0x0000000785e00000, 0x0000000785e00000| Complete 
|  95|0x0000000785f00000, 0x0000000786000000, 0x0000000786000000|100%| E|CS|TAMS 0x0000000785f00000, 0x0000000785f00000| Complete 
|  96|0x0000000786000000, 0x0000000786100000, 0x0000000786100000|100%| E|CS|TAMS 0x0000000786000000, 0x0000000786000000| Complete 
|  97|0x0000000786100000, 0x0000000786200000, 0x0000000786200000|100%| E|CS|TAMS 0x0000000786100000, 0x0000000786100000| Complete 
|  98|0x0000000786200000, 0x0000000786300000, 0x0000000786300000|100%| E|CS|TAMS 0x0000000786200000, 0x0000000786200000| Complete 
|  99|0x0000000786300000, 0x0000000786400000, 0x0000000786400000|100%| E|CS|TAMS 0x0000000786300000, 0x0000000786300000| Complete 
| 100|0x0000000786400000, 0x0000000786500000, 0x0000000786500000|100%| E|CS|TAMS 0x0000000786400000, 0x0000000786400000| Complete 
| 101|0x0000000786500000, 0x0000000786600000, 0x0000000786600000|100%| E|CS|TAMS 0x0000000786500000, 0x0000000786500000| Complete 
| 102|0x0000000786600000, 0x0000000786700000, 0x0000000786700000|100%| E|CS|TAMS 0x0000000786600000, 0x0000000786600000| Complete 
| 103|0x0000000786700000, 0x0000000786800000, 0x0000000786800000|100%| E|CS|TAMS 0x0000000786700000, 0x0000000786700000| Complete 
| 127|0x0000000787f00000, 0x0000000788000000, 0x0000000788000000|100%| E|CS|TAMS 0x0000000787f00000, 0x0000000787f00000| Complete 
|1022|0x00000007bfe00000, 0x00000007bfe52000, 0x00000007bff00000| 32%|OA|  |TAMS 0x00000007bfe52000, 0x00000007bfe00000| Untracked 
|1023|0x00000007bff00000, 0x00000007bff7c000, 0x00000007c0000000| 48%|CA|  |TAMS 0x00000007bff7c000, 0x00000007bff00000| Untracked 

Card table byte_map: [0x000000010c431000,0x000000010c831000] _byte_map_base: 0x0000000108831000

Marking Bits (Prev, Next): (CMBitMap*) 0x00007fbda2837e58, (CMBitMap*) 0x00007fbda2837e18
 Prev Bits: [0x0000000126968000, 0x0000000128968000)
 Next Bits: [0x0000000124968000, 0x0000000126968000)

Polling page: 0x000000010a6e2000

Metaspace:

Usage:
  Non-class:     58.52 MB capacity,    57.45 MB ( 98%) used,   889.08 KB (  1%) free+waste,   209.75 KB ( <1%) overhead. 
      Class:      9.63 MB capacity,     8.94 MB ( 93%) used,   605.73 KB (  6%) free+waste,   101.06 KB (  1%) overhead. 
       Both:     68.16 MB capacity,    66.39 MB ( 97%) used,     1.46 MB (  2%) free+waste,   310.81 KB ( <1%) overhead. 

Virtual space:
  Non-class space:       60.00 MB reserved,      58.67 MB ( 98%) committed 
      Class space:        1.00 GB reserved,       9.70 MB ( <1%) committed 
             Both:        1.06 GB reserved,      68.37 MB (  6%) committed 

Chunk freelists:
   Non-Class:  5.00 KB
       Class:  19.00 KB
        Both:  24.00 KB

MaxMetaspaceSize: unlimited
CompressedClassSpaceSize: 1.00 GB

CodeHeap 'non-profiled nmethods': size=238948Kb used=13940Kb max_used=13940Kb free=225007Kb
 bounds [0x0000000115c0f000, 0x00000001169af000, 0x0000000124568000]
CodeHeap 'non-nmethods': size=6812Kb used=2382Kb max_used=2382Kb free=4429Kb
 bounds [0x0000000115568000, 0x00000001157d8000, 0x0000000115c0f000]
 total_blobs=9276 nmethods=8379 adapters=807
 compilation: enabled
              stopped_count=0, restarted_count=0
 full_count=0

Compilation events (20 events):
Event: 151.480 Thread 0x00007fbda280b000 8380   !   1       org.apache.tomcat.util.net.NioEndpoint$Poller::events (253 bytes)
Event: 151.482 Thread 0x00007fbda280b000 nmethod 8380 0x00000001169a7c90 code [0x00000001169a7ee0, 0x00000001169a8820]
Event: 153.257 Thread 0x00007fbda280b000 8381       1       org.apache.coyote.AbstractProtocol::access$000 (5 bytes)
Event: 153.258 Thread 0x00007fbda280b000 nmethod 8381 0x00000001169a8e90 code [0x00000001169a9020, 0x00000001169a90b0]
Event: 154.494 Thread 0x00007fbda280b000 8382       1       org.apache.tomcat.util.net.SocketProperties::getTimeoutInterval (5 bytes)
Event: 154.494 Thread 0x00007fbda280b000 nmethod 8382 0x00000001169a9190 code [0x00000001169a9320, 0x00000001169a93f0]
Event: 156.350 Thread 0x00007fbda280b000 8383       1       org.apache.catalina.valves.ValveBase::getNext (5 bytes)
Event: 156.350 Thread 0x00007fbda280b000 nmethod 8383 0x00000001169a9490 code [0x00000001169a9620, 0x00000001169a96f0]
Event: 159.257 Thread 0x00007fbda280b000 8384       1       java.util.concurrent.locks.LockSupport::parkNanos (29 bytes)
Event: 159.257 Thread 0x00007fbda280b000 nmethod 8384 0x00000001169a9790 code [0x00000001169a9920, 0x00000001169a9b00]
Event: 161.257 Thread 0x00007fbda280b000 8385       1       java.util.concurrent.locks.AbstractQueuedSynchronizer$ConditionObject::awaitNanos (200 bytes)
Event: 161.259 Thread 0x00007fbda280b000 nmethod 8385 0x00000001169a9b90 code [0x00000001169a9dc0, 0x00000001169aa680]
Event: 161.521 Thread 0x00007fbda280b000 8386       1       org.apache.tomcat.util.net.NioEndpoint$NioSocketWrapper::interestOps (5 bytes)
Event: 161.521 Thread 0x00007fbda280b000 nmethod 8386 0x00000001169aac10 code [0x00000001169aada0, 0x00000001169aae70]
Event: 165.257 Thread 0x00007fbda280b000 8388       1       java.util.concurrent.locks.AbstractQueuedSynchronizer::enqueue (60 bytes)
Event: 165.258 Thread 0x00007fbda280b000 nmethod 8388 0x00000001169aaf10 code [0x00000001169ab0c0, 0x00000001169ab500]
Event: 165.258 Thread 0x00007fbda280b000 8387       1       java.util.concurrent.locks.AbstractQueuedSynchronizer$ConditionObject::doSignal (54 bytes)
Event: 165.259 Thread 0x00007fbda280b000 nmethod 8387 0x00000001169ab690 code [0x00000001169ab820, 0x00000001169aba80]
Event: 174.361 Thread 0x00007fbda280b000 8390       1       java.util.HashMap$KeySet::contains (9 bytes)
Event: 174.361 Thread 0x00007fbda280b000 nmethod 8390 0x00000001169abf90 code [0x00000001169ac120, 0x00000001169ac220]

GC Heap History (20 events):
Event: 33.733 GC heap before
{Heap before GC invocations=31 (full 0):
 garbage-first heap   total 91136K, used 74474K [0x0000000780000000, 0x0000000800000000)
  region size 1024K, 36 young (36864K), 4 survivors (4096K)
 Metaspace       used 59373K, capacity 61020K, committed 61176K, reserved 1101824K
  class space    used 8059K, capacity 8667K, committed 8780K, reserved 1048576K
}
Event: 33.751 GC heap after
{Heap after GC invocations=32 (full 0):
 garbage-first heap   total 91136K, used 42401K [0x0000000780000000, 0x0000000800000000)
  region size 1024K, 3 young (3072K), 3 survivors (3072K)
 Metaspace       used 59373K, capacity 61020K, committed 61176K, reserved 1101824K
  class space    used 8059K, capacity 8667K, committed 8780K, reserved 1048576K
}
Event: 34.662 GC heap before
{Heap before GC invocations=32 (full 0):
 garbage-first heap   total 91136K, used 75169K [0x0000000780000000, 0x0000000800000000)
  region size 1024K, 35 young (35840K), 3 survivors (3072K)
 Metaspace       used 59656K, capacity 61379K, committed 61688K, reserved 1101824K
  class space    used 8084K, capacity 8724K, committed 8780K, reserved 1048576K
}
Event: 34.669 GC heap after
{Heap after GC invocations=33 (full 0):
 garbage-first heap   total 109568K, used 43687K [0x0000000780000000, 0x0000000800000000)
  region size 1024K, 4 young (4096K), 4 survivors (4096K)
 Metaspace       used 59656K, capacity 61379K, committed 61688K, reserved 1101824K
  class space    used 8084K, capacity 8724K, committed 8780K, reserved 1048576K
}
Event: 36.580 GC heap before
{Heap before GC invocations=34 (full 0):
 garbage-first heap   total 109568K, used 89767K [0x0000000780000000, 0x0000000800000000)
  region size 1024K, 50 young (51200K), 4 survivors (4096K)
 Metaspace       used 61412K, capacity 63064K, committed 63224K, reserved 1103872K
  class space    used 8317K, capacity 8925K, committed 9036K, reserved 1048576K
}
Event: 36.593 GC heap after
{Heap after GC invocations=35 (full 0):
 garbage-first heap   total 109568K, used 44913K [0x0000000780000000, 0x0000000800000000)
  region size 1024K, 5 young (5120K), 5 survivors (5120K)
 Metaspace       used 61412K, capacity 63064K, committed 63224K, reserved 1103872K
  class space    used 8317K, capacity 8925K, committed 9036K, reserved 1048576K
}
Event: 44.882 GC heap before
{Heap before GC invocations=35 (full 0):
 garbage-first heap   total 109568K, used 89969K [0x0000000780000000, 0x0000000800000000)
  region size 1024K, 50 young (51200K), 5 survivors (5120K)
 Metaspace       used 65308K, capacity 66960K, committed 67320K, reserved 1107968K
  class space    used 8794K, capacity 9411K, committed 9548K, reserved 1048576K
}
Event: 44.894 GC heap after
{Heap after GC invocations=36 (full 0):
 garbage-first heap   total 109568K, used 48577K [0x0000000780000000, 0x0000000800000000)
  region size 1024K, 7 young (7168K), 7 survivors (7168K)
 Metaspace       used 65308K, capacity 66960K, committed 67320K, reserved 1107968K
  class space    used 8794K, capacity 9411K, committed 9548K, reserved 1048576K
}
Event: 67.646 GC heap before
{Heap before GC invocations=36 (full 0):
 garbage-first heap   total 109568K, used 88513K [0x0000000780000000, 0x0000000800000000)
  region size 1024K, 46 young (47104K), 7 survivors (7168K)
 Metaspace       used 65374K, capacity 67024K, committed 67320K, reserved 1107968K
  class space    used 8802K, capacity 9411K, committed 9548K, reserved 1048576K
}
Event: 67.658 GC heap after
{Heap after GC invocations=37 (full 0):
 garbage-first heap   total 109568K, used 48860K [0x0000000780000000, 0x0000000800000000)
  region size 1024K, 1 young (1024K), 1 survivors (1024K)
 Metaspace       used 65374K, capacity 67024K, committed 67320K, reserved 1107968K
  class space    used 8802K, capacity 9411K, committed 9548K, reserved 1048576K
}
Event: 92.314 GC heap before
{Heap before GC invocations=37 (full 0):
 garbage-first heap   total 109568K, used 89820K [0x0000000780000000, 0x0000000800000000)
  region size 1024K, 41 young (41984K), 1 survivors (1024K)
 Metaspace       used 65376K, capacity 67024K, committed 67320K, reserved 1107968K
  class space    used 8803K, capacity 9411K, committed 9548K, reserved 1048576K
}
Event: 92.316 GC heap after
{Heap after GC invocations=38 (full 0):
 garbage-first heap   total 109568K, used 48190K [0x0000000780000000, 0x0000000800000000)
  region size 1024K, 1 young (1024K), 1 survivors (1024K)
 Metaspace       used 65376K, capacity 67024K, committed 67320K, reserved 1107968K
  class space    used 8803K, capacity 9411K, committed 9548K, reserved 1048576K
}
Event: 117.842 GC heap before
{Heap before GC invocations=39 (full 0):
 garbage-first heap   total 109568K, used 90174K [0x0000000780000000, 0x0000000800000000)
  region size 1024K, 42 young (43008K), 1 survivors (1024K)
 Metaspace       used 65376K, capacity 67024K, committed 67320K, reserved 1107968K
  class space    used 8803K, capacity 9411K, committed 9548K, reserved 1048576K
}
Event: 117.845 GC heap after
{Heap after GC invocations=40 (full 0):
 garbage-first heap   total 109568K, used 47912K [0x0000000780000000, 0x0000000800000000)
  region size 1024K, 1 young (1024K), 1 survivors (1024K)
 Metaspace       used 65376K, capacity 67024K, committed 67320K, reserved 1107968K
  class space    used 8803K, capacity 9411K, committed 9548K, reserved 1048576K
}
Event: 119.079 GC heap before
{Heap before GC invocations=40 (full 0):
 garbage-first heap   total 109568K, used 89896K [0x0000000780000000, 0x0000000800000000)
  region size 1024K, 43 young (44032K), 1 survivors (1024K)
 Metaspace       used 67891K, capacity 69737K, committed 70008K, reserved 1110016K
  class space    used 9142K, capacity 9824K, committed 9932K, reserved 1048576K
}
Event: 119.090 GC heap after
{Heap after GC invocations=41 (full 0):
 garbage-first heap   total 109568K, used 51236K [0x0000000780000000, 0x0000000800000000)
  region size 1024K, 4 young (4096K), 4 survivors (4096K)
 Metaspace       used 67891K, capacity 69737K, committed 70008K, reserved 1110016K
  class space    used 9142K, capacity 9824K, committed 9932K, reserved 1048576K
}
Event: 140.671 GC heap before
{Heap before GC invocations=42 (full 0):
 garbage-first heap   total 109568K, used 89124K [0x0000000780000000, 0x0000000800000000)
  region size 1024K, 41 young (41984K), 4 survivors (4096K)
 Metaspace       used 67983K, capacity 69792K, committed 70008K, reserved 1110016K
  class space    used 9158K, capacity 9865K, committed 9932K, reserved 1048576K
}
Event: 140.678 GC heap after
{Heap after GC invocations=43 (full 0):
 garbage-first heap   total 109568K, used 51870K [0x0000000780000000, 0x0000000800000000)
  region size 1024K, 1 young (1024K), 1 survivors (1024K)
 Metaspace       used 67983K, capacity 69792K, committed 70008K, reserved 1110016K
  class space    used 9158K, capacity 9865K, committed 9932K, reserved 1048576K
}
Event: 164.811 GC heap before
{Heap before GC invocations=43 (full 0):
 garbage-first heap   total 109568K, used 90782K [0x0000000780000000, 0x0000000800000000)
  region size 1024K, 39 young (39936K), 1 survivors (1024K)
 Metaspace       used 67983K, capacity 69792K, committed 70008K, reserved 1110016K
  class space    used 9158K, capacity 9865K, committed 9932K, reserved 1048576K
}
Event: 164.815 GC heap after
{Heap after GC invocations=44 (full 0):
 garbage-first heap   total 109568K, used 51452K [0x0000000780000000, 0x0000000800000000)
  region size 1024K, 1 young (1024K), 1 survivors (1024K)
 Metaspace       used 67983K, capacity 69792K, committed 70008K, reserved 1110016K
  class space    used 9158K, capacity 9865K, committed 9932K, reserved 1048576K
}

Deoptimization events (14 events):
Event: 11.015 Thread 0x00007fbda2b7e000 DEOPT PACKING pc=0x0000000115f433dc sp=0x000070000670ee10
Event: 11.015 Thread 0x00007fbda2b7e000 DEOPT UNPACKING pc=0x00000001155b133a sp=0x000070000670e3a8 mode 0
Event: 16.330 Thread 0x00007fbda18f7800 DEOPT PACKING pc=0x0000000115e34290 sp=0x0000700006916660
Event: 16.330 Thread 0x00007fbda18f7800 DEOPT UNPACKING pc=0x00000001155b133a sp=0x0000700006915ad8 mode 3
Event: 16.330 Thread 0x00007fbda2b4b800 DEOPT PACKING pc=0x0000000115e49d7e sp=0x0000700006a19650
Event: 16.330 Thread 0x00007fbda2b4b800 DEOPT UNPACKING pc=0x00000001155b133a sp=0x0000700006a18b08 mode 3
Event: 21.718 Thread 0x00007fbda2b7e000 DEOPT PACKING pc=0x0000000115f6a141 sp=0x000070000670b910
Event: 21.718 Thread 0x00007fbda2b7e000 DEOPT UNPACKING pc=0x00000001155b133a sp=0x000070000670ae48 mode 3
Event: 21.718 Thread 0x00007fbda2b7e000 DEOPT PACKING pc=0x0000000115f64a8b sp=0x000070000670b8e0
Event: 21.718 Thread 0x00007fbda2b7e000 DEOPT UNPACKING pc=0x00000001155b133a sp=0x000070000670ae48 mode 3
Event: 22.127 Thread 0x00007fbda2b7e000 DEOPT PACKING pc=0x00000001161038ac sp=0x000070000670fc80
Event: 22.127 Thread 0x00007fbda2b7e000 DEOPT UNPACKING pc=0x00000001155b133a sp=0x000070000670f350 mode 0
Event: 27.285 Thread 0x00007fbda18ef000 DEOPT PACKING pc=0x000000011658e414 sp=0x0000700006d20590
Event: 27.285 Thread 0x00007fbda18ef000 DEOPT UNPACKING pc=0x00000001155b133a sp=0x0000700006d1fa38 mode 0

Classes unloaded (0 events):
No events

Classes redefined (0 events):
No events

Internal exceptions (20 events):
Event: 118.997 Thread 0x00007fbda1b26800 Exception <a 'java/lang/ClassNotFoundException'{0x00000007842c5540}: org/thymeleaf/engine/AttributeBeanInfo> (0x00000007842c5540) 
thrown [./src/hotspot/share/classfile/systemDictionary.cpp, line 226]
Event: 118.999 Thread 0x00007fbda1b26800 Exception <a 'java/lang/ClassNotFoundException'{0x00000007842dd998}: org/thymeleaf/engine/AttributeCustomizer> (0x00000007842dd998) 
thrown [./src/hotspot/share/classfile/systemDictionary.cpp, line 226]
Event: 119.007 Thread 0x00007fbda1b26800 Exception <a 'java/lang/ClassNotFoundException'{0x0000000784136718}: org/thymeleaf/standard/processor/StandardWithTagProcessorBeanInfo> (0x0000000784136718) 
thrown [./src/hotspot/share/classfile/systemDictionary.cpp, line 226]
Event: 119.011 Thread 0x00007fbda1b26800 Exception <a 'java/lang/ClassNotFoundException'{0x00000007841540a8}: org/thymeleaf/standard/processor/StandardWithTagProcessorCustomizer> (0x00000007841540a8) 
thrown [./src/hotspot/share/classfile/systemDictionary.cpp, line 226]
Event: 119.014 Thread 0x00007fbda1b26800 Exception <a 'java/lang/ClassNotFoundException'{0x0000000784184038}: org/thymeleaf/engine/HTMLAttributeDefinitionBeanInfo> (0x0000000784184038) 
thrown [./src/hotspot/share/classfile/systemDictionary.cpp, line 226]
Event: 119.016 Thread 0x00007fbda1b26800 Exception <a 'java/lang/ClassNotFoundException'{0x000000078419e158}: org/thymeleaf/engine/AttributeDefinitionBeanInfo> (0x000000078419e158) 
thrown [./src/hotspot/share/classfile/systemDictionary.cpp, line 226]
Event: 119.018 Thread 0x00007fbda1b26800 Exception <a 'java/lang/ClassNotFoundException'{0x00000007841b8660}: org/thymeleaf/engine/AttributeDefinitionCustomizer> (0x00000007841b8660) 
thrown [./src/hotspot/share/classfile/systemDictionary.cpp, line 226]
Event: 119.020 Thread 0x00007fbda1b26800 Exception <a 'java/lang/ClassNotFoundException'{0x00000007841d95a8}: org/thymeleaf/engine/HTMLAttributeDefinitionCustomizer> (0x00000007841d95a8) 
thrown [./src/hotspot/share/classfile/systemDictionary.cpp, line 226]
Event: 119.028 Thread 0x00007fbda1b26800 Exception <a 'java/lang/ClassNotFoundException'{0x000000078402c378}: org/thymeleaf/engine/ElementModelStructureHandlerBeanInfo> (0x000000078402c378) 
thrown [./src/hotspot/share/classfile/systemDictionary.cpp, line 226]
Event: 119.030 Thread 0x00007fbda1b26800 Exception <a 'java/lang/ClassNotFoundException'{0x0000000784047598}: org/thymeleaf/engine/ElementModelStructureHandlerCustomizer> (0x0000000784047598) 
thrown [./src/hotspot/share/classfile/systemDictionary.cpp, line 226]
Event: 119.035 Thread 0x00007fbda1b26800 Exception <a 'java/lang/ClassNotFoundException'{0x00000007840d8ac8}: nz/net/ultraq/thymeleaf/fragments/FragmentMapBeanInfo> (0x00000007840d8ac8) 
thrown [./src/hotspot/share/classfile/systemDictionary.cpp, line 226]
Event: 119.037 Thread 0x00007fbda1b26800 Exception <a 'java/lang/ClassNotFoundException'{0x00000007840f30b8}: nz/net/ultraq/thymeleaf/fragments/FragmentMapCustomizer> (0x00000007840f30b8) 
thrown [./src/hotspot/share/classfile/systemDictionary.cpp, line 226]
Event: 119.100 Thread 0x00007fbda1b26800 Exception <a 'java/lang/ClassNotFoundException'{0x0000000787f848c0}: java/util/Collections$UnmodifiableRandomAccessListBeanInfo> (0x0000000787f848c0) 
thrown [./src/hotspot/share/classfile/systemDictionary.cpp, line 226]
Event: 119.102 Thread 0x00007fbda1b26800 Exception <a 'java/lang/ClassNotFoundException'{0x0000000787f89438}: java/util/Collections$UnmodifiableListBeanInfo> (0x0000000787f89438) 
thrown [./src/hotspot/share/classfile/systemDictionary.cpp, line 226]
Event: 119.103 Thread 0x00007fbda1b26800 Exception <a 'java/lang/ClassNotFoundException'{0x0000000787f8df78}: java/util/Collections$UnmodifiableListCustomizer> (0x0000000787f8df78) 
thrown [./src/hotspot/share/classfile/systemDictionary.cpp, line 226]
Event: 119.113 Thread 0x00007fbda1b26800 Exception <a 'java/lang/ClassNotFoundException'{0x0000000787facd08}: java/util/Collections$UnmodifiableRandomAccessListCustomizer> (0x0000000787facd08) 
thrown [./src/hotspot/share/classfile/systemDictionary.cpp, line 226]
Event: 119.156 Thread 0x00007fbda1b26800 Exception <a 'java/lang/ClassNotFoundException'{0x000000078670eb60}: org/thymeleaf/model/AttributeValueQuotesBeanInfo> (0x000000078670eb60) 
thrown [./src/hotspot/share/classfile/systemDictionary.cpp, line 226]
Event: 119.161 Thread 0x00007fbda1b26800 Exception <a 'java/lang/ClassNotFoundException'{0x0000000786727e08}: org/thymeleaf/model/AttributeValueQuotesCustomizer> (0x0000000786727e08) 
thrown [./src/hotspot/share/classfile/systemDictionary.cpp, line 226]
Event: 119.171 Thread 0x00007fbda1b26800 Exception <a 'java/lang/ClassNotFoundException'{0x0000000786768338}: org/thymeleaf/engine/ElementTagStructureHandlerBeanInfo> (0x0000000786768338) 
thrown [./src/hotspot/share/classfile/systemDictionary.cpp, line 226]
Event: 119.173 Thread 0x00007fbda1b26800 Exception <a 'java/lang/ClassNotFoundException'{0x00000007867826e8}: org/thymeleaf/engine/ElementTagStructureHandlerCustomizer> (0x00000007867826e8) 
thrown [./src/hotspot/share/classfile/systemDictionary.cpp, line 226]

Events (20 events):
Event: 119.200 Executing VM operation: HandshakeOneThread done
Event: 119.350 Executing VM operation: HandshakeOneThread
Event: 119.350 Executing VM operation: HandshakeOneThread done
Event: 119.505 Executing VM operation: G1Concurrent
Event: 119.511 Executing VM operation: G1Concurrent done
Event: 119.746 Executing VM operation: G1Concurrent
Event: 119.748 Executing VM operation: G1Concurrent done
Event: 140.671 Executing VM operation: G1CollectForAllocation
Event: 140.678 Executing VM operation: G1CollectForAllocation done
Event: 164.811 Executing VM operation: G1CollectForAllocation
Event: 164.815 Executing VM operation: G1CollectForAllocation done
Event: 164.974 Executing VM operation: G1Concurrent
Event: 164.980 Executing VM operation: G1Concurrent done
Event: 165.080 Executing VM operation: G1Concurrent
Event: 165.080 Executing VM operation: G1Concurrent done
Event: 173.951 Loaded shared library /usr/local/Cellar/openjdk/14.0.1/libexec/openjdk.jdk/Contents/Home/lib/server/libjvm.dylib
Event: 179.592 Executing VM operation: HandshakeOneThread
Event: 179.592 Executing VM operation: HandshakeOneThread done
Event: 179.593 Executing VM operation: HandshakeOneThread
Event: 179.593 Executing VM operation: HandshakeOneThread done


Dynamic libraries:
0x00007fff6e5a4000 	/usr/lib/libz.1.dylib
0x000000010a6b9000 	/usr/local/Cellar/openjdk/14.0.1/libexec/openjdk.jdk/Contents/Home/lib/libjli.dylib
0x00007fff340ee000 	/System/Library/Frameworks/Cocoa.framework/Versions/A/Cocoa
0x00007fff418e7000 	/System/Library/Frameworks/Security.framework/Versions/A/Security
0x00007fff33053000 	/System/Library/Frameworks/ApplicationServices.framework/Versions/A/ApplicationServices
0x00007fff6c068000 	/usr/lib/libSystem.B.dylib
0x00007fff6ee65000 	/usr/lib/system/libcache.dylib
0x00007fff6ee6b000 	/usr/lib/system/libcommonCrypto.dylib
0x00007fff6ee77000 	/usr/lib/system/libcompiler_rt.dylib
0x00007fff6ee7f000 	/usr/lib/system/libcopyfile.dylib
0x00007fff6ee89000 	/usr/lib/system/libcorecrypto.dylib
0x00007fff6f028000 	/usr/lib/system/libdispatch.dylib
0x00007fff6f069000 	/usr/lib/system/libdyld.dylib
0x00007fff6f0a0000 	/usr/lib/system/libkeymgr.dylib
0x00007fff6f0ae000 	/usr/lib/system/liblaunch.dylib
0x00007fff6f0af000 	/usr/lib/system/libmacho.dylib
0x00007fff6f0b5000 	/usr/lib/system/libquarantine.dylib
0x00007fff6f0b8000 	/usr/lib/system/libremovefile.dylib
0x00007fff6f0ba000 	/usr/lib/system/libsystem_asl.dylib
0x00007fff6f0d2000 	/usr/lib/system/libsystem_blocks.dylib
0x00007fff6f0d3000 	/usr/lib/system/libsystem_c.dylib
0x00007fff6f15b000 	/usr/lib/system/libsystem_configuration.dylib
0x00007fff6f15f000 	/usr/lib/system/libsystem_coreservices.dylib
0x00007fff6f163000 	/usr/lib/system/libsystem_darwin.dylib
0x00007fff6f16c000 	/usr/lib/system/libsystem_dnssd.dylib
0x00007fff6f174000 	/usr/lib/system/libsystem_featureflags.dylib
0x00007fff6f176000 	/usr/lib/system/libsystem_info.dylib
0x00007fff6f1f1000 	/usr/lib/system/libsystem_m.dylib
0x00007fff6f239000 	/usr/lib/system/libsystem_malloc.dylib
0x00007fff6f261000 	/usr/lib/system/libsystem_networkextension.dylib
0x00007fff6f26f000 	/usr/lib/system/libsystem_notify.dylib
0x00007fff6f28d000 	/usr/lib/system/libsystem_sandbox.dylib
0x00007fff6f292000 	/usr/lib/system/libsystem_secinit.dylib
0x00007fff6f1c4000 	/usr/lib/system/libsystem_kernel.dylib
0x00007fff6f279000 	/usr/lib/system/libsystem_platform.dylib
0x00007fff6f282000 	/usr/lib/system/libsystem_pthread.dylib
0x00007fff6f295000 	/usr/lib/system/libsystem_symptoms.dylib
0x00007fff6f29d000 	/usr/lib/system/libsystem_trace.dylib
0x00007fff6f2b5000 	/usr/lib/system/libunwind.dylib
0x00007fff6f2bb000 	/usr/lib/system/libxpc.dylib
0x00007fff6dec8000 	/usr/lib/libobjc.A.dylib
0x00007fff6c3a1000 	/usr/lib/libc++abi.dylib
0x00007fff6c34e000 	/usr/lib/libc++.1.dylib
0x00007fff34f90000 	/System/Library/Frameworks/CoreFoundation.framework/Versions/A/CoreFoundation
0x00007fff3764d000 	/System/Library/Frameworks/Foundation.framework/Versions/C/Foundation
0x00007fff32243000 	/System/Library/Frameworks/AppKit.framework/Versions/C/AppKit
0x00007fff34a72000 	/System/Library/Frameworks/CoreData.framework/Versions/A/CoreData
0x00007fff6607d000 	/System/Library/PrivateFrameworks/UIFoundation.framework/Versions/A/UIFoundation
0x00007fff61111000 	/System/Library/PrivateFrameworks/RemoteViewServices.framework/Versions/A/RemoteViewServices
0x00007fff68bd8000 	/System/Library/PrivateFrameworks/XCTTargetBootstrap.framework/Versions/A/XCTTargetBootstrap
0x00007fff34e5d000 	/System/Library/Frameworks/CoreDisplay.framework/Versions/A/CoreDisplay
0x00007fff3a508000 	/System/Library/Frameworks/Metal.framework/Versions/A/Metal
0x00007fff4f0fe000 	/System/Library/PrivateFrameworks/DesktopServicesPriv.framework/Versions/A/DesktopServicesPriv
0x00007fff6d1a3000 	/usr/lib/liblangid.dylib
0x00007fff4e393000 	/System/Library/PrivateFrameworks/CoreSVG.framework/Versions/A/CoreSVG
0x00007fff6426d000 	/System/Library/PrivateFrameworks/SkyLight.framework/Versions/A/SkyLight
0x00007fff35411000 	/System/Library/Frameworks/CoreGraphics.framework/Versions/A/CoreGraphics
0x00007fff30c17000 	/System/Library/Frameworks/Accelerate.framework/Versions/A/Accelerate
0x00007fff6e495000 	/usr/lib/libxml2.2.dylib
0x00007fff5a09c000 	/System/Library/PrivateFrameworks/IconServices.framework/Versions/A/IconServices
0x00007fff37e2c000 	/System/Library/Frameworks/IOSurface.framework/Versions/A/IOSurface
0x00007fff6bb92000 	/usr/lib/libDiagnosticMessagesClient.dylib
0x00007fff4ef58000 	/System/Library/PrivateFrameworks/DFRFoundation.framework/Versions/A/DFRFoundation
0x00007fff6cf32000 	/usr/lib/libicucore.A.dylib
0x00007fff33385000 	/System/Library/Frameworks/AudioToolbox.framework/Versions/A/AudioToolbox
0x00007fff33468000 	/System/Library/Frameworks/AudioUnit.framework/Versions/A/AudioUnit
0x00007fff6c26a000 	/usr/lib/libauto.dylib
0x00007fff4effa000 	/System/Library/PrivateFrameworks/DataDetectorsCore.framework/Versions/A/DataDetectorsCore
0x00007fff33c0f000 	/System/Library/Frameworks/Carbon.framework/Versions/A/Frameworks/HIToolbox.framework/Versions/A/HIToolbox
0x00007fff40ae1000 	/System/Library/Frameworks/QuartzCore.framework/Versions/A/QuartzCore
0x00007fff33f4e000 	/System/Library/Frameworks/Carbon.framework/Versions/A/Frameworks/SpeechRecognition.framework/Versions/A/SpeechRecognition
0x00007fff4ea6c000 	/System/Library/PrivateFrameworks/CoreUI.framework/Versions/A/CoreUI
0x00007fff344dd000 	/System/Library/Frameworks/CoreAudio.framework/Versions/A/CoreAudio
0x00007fff3730c000 	/System/Library/Frameworks/DiskArbitration.framework/Versions/A/DiskArbitration
0x00007fff5c0ec000 	/System/Library/PrivateFrameworks/MultitouchSupport.framework/Versions/A/MultitouchSupport
0x00007fff6cdf9000 	/usr/lib/libenergytrace.dylib
0x00007fff37d86000 	/System/Library/Frameworks/IOKit.framework/Versions/A/IOKit
0x00007fff36378000 	/System/Library/Frameworks/CoreServices.framework/Versions/A/CoreServices
0x00007fff5e2a4000 	/System/Library/PrivateFrameworks/PerformanceAnalysis.framework/Versions/A/PerformanceAnalysis
0x00007fff3fb14000 	/System/Library/Frameworks/OpenGL.framework/Versions/A/OpenGL
0x00007fff340fc000 	/System/Library/Frameworks/ColorSync.framework/Versions/A/ColorSync
0x00007fff35a94000 	/System/Library/Frameworks/CoreImage.framework/Versions/A/CoreImage
0x00007fff36deb000 	/System/Library/Frameworks/CoreText.framework/Versions/A/CoreText
0x00007fff37ebc000 	/System/Library/Frameworks/ImageIO.framework/Versions/A/ImageIO
0x00007fff6c3ca000 	/usr/lib/libcompression.dylib
0x00007fff6bed6000 	/usr/lib/libMobileGestalt.dylib
0x00007fff65de7000 	/System/Library/PrivateFrameworks/TextureIO.framework/Versions/A/TextureIO
0x00007fff6c1cd000 	/usr/lib/libate.dylib
0x00007fff5a2a5000 	/System/Library/PrivateFrameworks/InternationalSupport.framework/Versions/A/InternationalSupport
0x00007fff6d1a5000 	/usr/lib/liblzma.5.dylib
0x00007fff6ce20000 	/usr/lib/libfakelink.dylib
0x00007fff6c15a000 	/usr/lib/libarchive.2.dylib
0x00007fff42998000 	/System/Library/Frameworks/SystemConfiguration.framework/Versions/A/SystemConfiguration
0x00007fff6bac5000 	/usr/lib/libCRFSuite.dylib
0x00007fff337ff000 	/System/Library/Frameworks/CFNetwork.framework/Versions/A/CFNetwork
0x00007fff6c330000 	/usr/lib/libbsm.0.dylib
0x00007fff6f0a1000 	/usr/lib/system/libkxld.dylib
0x00007fff488d5000 	/System/Library/PrivateFrameworks/AppleFSCompression.framework/Versions/A/AppleFSCompression
0x00007fff6c6bb000 	/usr/lib/libcoretls.dylib
0x00007fff6c6d2000 	/usr/lib/libcoretls_cfhelpers.dylib
0x00007fff6df0e000 	/usr/lib/libpam.2.dylib
0x00007fff6e043000 	/usr/lib/libsqlite3.dylib
0x00007fff6e482000 	/usr/lib/libxar.1.dylib
0x00007fff6c341000 	/usr/lib/libbz2.1.0.dylib
0x00007fff6ce41000 	/usr/lib/libiconv.2.dylib
0x00007fff6c3b7000 	/usr/lib/libcharset.1.dylib
0x00007fff6d9ab000 	/usr/lib/libnetwork.dylib
0x00007fff6df15000 	/usr/lib/libpcap.A.dylib
0x00007fff6c10f000 	/usr/lib/libapple_nghttp2.dylib
0x00007fff3672f000 	/System/Library/Frameworks/CoreServices.framework/Versions/A/Frameworks/FSEvents.framework/Versions/A/FSEvents
0x00007fff363ff000 	/System/Library/Frameworks/CoreServices.framework/Versions/A/Frameworks/CarbonCore.framework/Versions/A/CarbonCore
0x00007fff36973000 	/System/Library/Frameworks/CoreServices.framework/Versions/A/Frameworks/Metadata.framework/Versions/A/Metadata
0x00007fff36a0c000 	/System/Library/Frameworks/CoreServices.framework/Versions/A/Frameworks/OSServices.framework/Versions/A/OSServices
0x00007fff36a3a000 	/System/Library/Frameworks/CoreServices.framework/Versions/A/Frameworks/SearchKit.framework/Versions/A/SearchKit
0x00007fff36379000 	/System/Library/Frameworks/CoreServices.framework/Versions/A/Frameworks/AE.framework/Versions/A/AE
0x00007fff36738000 	/System/Library/Frameworks/CoreServices.framework/Versions/A/Frameworks/LaunchServices.framework/Versions/A/LaunchServices
0x00007fff366e1000 	/System/Library/Frameworks/CoreServices.framework/Versions/A/Frameworks/DictionaryServices.framework/Versions/A/DictionaryServices
0x00007fff36aa2000 	/System/Library/Frameworks/CoreServices.framework/Versions/A/Frameworks/SharedFileList.framework/Versions/A/SharedFileList
0x00007fff3b933000 	/System/Library/Frameworks/NetFS.framework/Versions/A/NetFS
0x00007fff5c61c000 	/System/Library/PrivateFrameworks/NetAuth.framework/Versions/A/NetAuth
0x00007fff68fa5000 	/System/Library/PrivateFrameworks/login.framework/Versions/A/Frameworks/loginsupport.framework/Versions/A/loginsupport
0x00007fff658b2000 	/System/Library/PrivateFrameworks/TCC.framework/Versions/A/TCC
0x00007fff4d506000 	/System/Library/PrivateFrameworks/CoreNLP.framework/Versions/A/CoreNLP
0x00007fff5bb19000 	/System/Library/PrivateFrameworks/MetadataUtilities.framework/Versions/A/MetadataUtilities
0x00007fff6d27d000 	/usr/lib/libmecabra.dylib
0x00007fff6d1d5000 	/usr/lib/libmecab.dylib
0x00007fff6ce31000 	/usr/lib/libgermantok.dylib
0x00007fff6c0f6000 	/usr/lib/libThaiTokenizer.dylib
0x00007fff6bafc000 	/usr/lib/libChineseTokenizer.dylib
0x00007fff30c2f000 	/System/Library/Frameworks/Accelerate.framework/Versions/A/Frameworks/vImage.framework/Versions/A/vImage
0x00007fff32099000 	/System/Library/Frameworks/Accelerate.framework/Versions/A/Frameworks/vecLib.framework/Versions/A/vecLib
0x00007fff31fd6000 	/System/Library/Frameworks/Accelerate.framework/Versions/A/Frameworks/vecLib.framework/Versions/A/libvMisc.dylib
0x00007fff31dfe000 	/System/Library/Frameworks/Accelerate.framework/Versions/A/Frameworks/vecLib.framework/Versions/A/libvDSP.dylib
0x00007fff31286000 	/System/Library/Frameworks/Accelerate.framework/Versions/A/Frameworks/vecLib.framework/Versions/A/libBLAS.dylib
0x00007fff319c2000 	/System/Library/Frameworks/Accelerate.framework/Versions/A/Frameworks/vecLib.framework/Versions/A/libLAPACK.dylib
0x00007fff31d5e000 	/System/Library/Frameworks/Accelerate.framework/Versions/A/Frameworks/vecLib.framework/Versions/A/libLinearAlgebra.dylib
0x00007fff31deb000 	/System/Library/Frameworks/Accelerate.framework/Versions/A/Frameworks/vecLib.framework/Versions/A/libSparseBLAS.dylib
0x00007fff31d74000 	/System/Library/Frameworks/Accelerate.framework/Versions/A/Frameworks/vecLib.framework/Versions/A/libQuadrature.dylib
0x00007fff314ee000 	/System/Library/Frameworks/Accelerate.framework/Versions/A/Frameworks/vecLib.framework/Versions/A/libBNNS.dylib
0x00007fff31d7a000 	/System/Library/Frameworks/Accelerate.framework/Versions/A/Frameworks/vecLib.framework/Versions/A/libSparse.dylib
0x00007fff5a68d000 	/System/Library/PrivateFrameworks/LanguageModeling.framework/Versions/A/LanguageModeling
0x00007fff4ceb6000 	/System/Library/PrivateFrameworks/CoreEmoji.framework/Versions/A/CoreEmoji
0x00007fff5a7ab000 	/System/Library/PrivateFrameworks/LinguisticData.framework/Versions/A/LinguisticData
0x00007fff5a75c000 	/System/Library/PrivateFrameworks/Lexicon.framework/Versions/A/Lexicon
0x00007fff6c3b8000 	/usr/lib/libcmph.dylib
0x00007fff3e522000 	/System/Library/Frameworks/OpenDirectory.framework/Versions/A/Frameworks/CFOpenDirectory.framework/Versions/A/CFOpenDirectory
0x00007fff3e53f000 	/System/Library/Frameworks/OpenDirectory.framework/Versions/A/OpenDirectory
0x00007fff46982000 	/System/Library/PrivateFrameworks/APFS.framework/Versions/A/APFS
0x00007fff41c31000 	/System/Library/Frameworks/SecurityFoundation.framework/Versions/A/SecurityFoundation
0x00007fff6e47e000 	/usr/lib/libutil.dylib
0x00007fff4e3eb000 	/System/Library/PrivateFrameworks/CoreServicesStore.framework/Versions/A/CoreServicesStore
0x00007fff41ce8000 	/System/Library/Frameworks/ServiceManagement.framework/Versions/A/ServiceManagement
0x00007fff4a0a5000 	/System/Library/PrivateFrameworks/BackgroundTaskManagement.framework/Versions/A/BackgroundTaskManagement
0x00007fff6e57b000 	/usr/lib/libxslt.1.dylib
0x00007fff48f48000 	/System/Library/PrivateFrameworks/AppleSystemInfo.framework/Versions/A/AppleSystemInfo
0x00007fff380d7000 	/System/Library/Frameworks/ImageIO.framework/Versions/A/Resources/libJPEG.dylib
0x00007fff38396000 	/System/Library/Frameworks/ImageIO.framework/Versions/A/Resources/libTIFF.dylib
0x00007fff38379000 	/System/Library/Frameworks/ImageIO.framework/Versions/A/Resources/libPng.dylib
0x00007fff38019000 	/System/Library/Frameworks/ImageIO.framework/Versions/A/Resources/libGIF.dylib
0x00007fff3801d000 	/System/Library/Frameworks/ImageIO.framework/Versions/A/Resources/libJP2.dylib
0x00007fff38394000 	/System/Library/Frameworks/ImageIO.framework/Versions/A/Resources/libRadiance.dylib
0x00007fff6cdfa000 	/usr/lib/libexpat.1.dylib
0x00007fff48a30000 	/System/Library/PrivateFrameworks/AppleJPEG.framework/Versions/A/AppleJPEG
0x00007fff51701000 	/System/Library/PrivateFrameworks/FontServices.framework/libFontParser.dylib
0x00007fff67fa7000 	/System/Library/PrivateFrameworks/WatchdogClient.framework/Versions/A/WatchdogClient
0x00007fff59ce8000 	/System/Library/PrivateFrameworks/IOAccelerator.framework/Versions/A/IOAccelerator
0x00007fff3a8a3000 	/System/Library/Frameworks/MetalPerformanceShaders.framework/Versions/A/MetalPerformanceShaders
0x00007fff5647e000 	/System/Library/PrivateFrameworks/GPUWrangler.framework/Versions/A/GPUWrangler
0x00007fff59cfd000 	/System/Library/PrivateFrameworks/IOPresentment.framework/Versions/A/IOPresentment
0x00007fff4ef6b000 	/System/Library/PrivateFrameworks/DSExternalDisplay.framework/Versions/A/DSExternalDisplay
0x00007fff3eeb3000 	/System/Library/Frameworks/OpenGL.framework/Versions/A/Libraries/libCoreFSCache.dylib
0x00007fff3a5ef000 	/System/Library/Frameworks/MetalPerformanceShaders.framework/Frameworks/MPSCore.framework/Versions/A/MPSCore
0x00007fff3a62d000 	/System/Library/Frameworks/MetalPerformanceShaders.framework/Frameworks/MPSImage.framework/Versions/A/MPSImage
0x00007fff3a6f4000 	/System/Library/Frameworks/MetalPerformanceShaders.framework/Frameworks/MPSNeuralNetwork.framework/Versions/A/MPSNeuralNetwork
0x00007fff3a6b8000 	/System/Library/Frameworks/MetalPerformanceShaders.framework/Frameworks/MPSMatrix.framework/Versions/A/MPSMatrix
0x00007fff3a853000 	/System/Library/Frameworks/MetalPerformanceShaders.framework/Frameworks/MPSRayIntersector.framework/Versions/A/MPSRayIntersector
0x00007fff3a6de000 	/System/Library/Frameworks/MetalPerformanceShaders.framework/Frameworks/MPSNDArray.framework/Versions/A/MPSNDArray
0x00007fff5bb66000 	/System/Library/PrivateFrameworks/MetalTools.framework/Versions/A/MetalTools
0x00007fff47b5c000 	/System/Library/PrivateFrameworks/AggregateDictionary.framework/Versions/A/AggregateDictionary
0x00007fff4c8fe000 	/System/Library/PrivateFrameworks/CoreAnalytics.framework/Versions/A/CoreAnalytics
0x00007fff48e67000 	/System/Library/PrivateFrameworks/AppleSauce.framework/Versions/A/AppleSauce
0x00007fff6bdb8000 	/usr/lib/libIOReport.dylib
0x00007fff36fa3000 	/System/Library/Frameworks/CoreVideo.framework/Versions/A/CoreVideo
0x00007fff578f7000 	/System/Library/PrivateFrameworks/GraphVisualizer.framework/Versions/A/GraphVisualizer
0x00007fff50c47000 	/System/Library/PrivateFrameworks/FaceCore.framework/Versions/A/FaceCore
0x00007fff3e4c9000 	/System/Library/Frameworks/OpenCL.framework/Versions/A/OpenCL
0x00007fff6bbda000 	/usr/lib/libFosl_dynamic.dylib
0x00007fff5d03c000 	/System/Library/PrivateFrameworks/OTSVG.framework/Versions/A/OTSVG
0x00007fff33158000 	/System/Library/Frameworks/ApplicationServices.framework/Versions/A/Frameworks/ATS.framework/Versions/A/Resources/libFontRegistry.dylib
0x00007fff518d2000 	/System/Library/PrivateFrameworks/FontServices.framework/libhvf.dylib
0x00007fff3eebe000 	/System/Library/Frameworks/OpenGL.framework/Versions/A/Libraries/libGFXShared.dylib
0x00007fff3f09c000 	/System/Library/Frameworks/OpenGL.framework/Versions/A/Libraries/libGLU.dylib
0x00007fff3eec7000 	/System/Library/Frameworks/OpenGL.framework/Versions/A/Libraries/libGL.dylib
0x00007fff3eed2000 	/System/Library/Frameworks/OpenGL.framework/Versions/A/Libraries/libGLImage.dylib
0x00007fff3eeb0000 	/System/Library/Frameworks/OpenGL.framework/Versions/A/Libraries/libCVMSPluginSupport.dylib
0x00007fff3eeb9000 	/System/Library/Frameworks/OpenGL.framework/Versions/A/Libraries/libCoreVMClient.dylib
0x00007fff6d84c000 	/usr/lib/libncurses.5.4.dylib
0x00007fff33054000 	/System/Library/Frameworks/ApplicationServices.framework/Versions/A/Frameworks/ATS.framework/Versions/A/ATS
0x00007fff33221000 	/System/Library/Frameworks/ApplicationServices.framework/Versions/A/Frameworks/ColorSyncLegacy.framework/Versions/A/ColorSyncLegacy
0x00007fff332bf000 	/System/Library/Frameworks/ApplicationServices.framework/Versions/A/Frameworks/HIServices.framework/Versions/A/HIServices
0x00007fff33317000 	/System/Library/Frameworks/ApplicationServices.framework/Versions/A/Frameworks/LangAnalysis.framework/Versions/A/LangAnalysis
0x00007fff33326000 	/System/Library/Frameworks/ApplicationServices.framework/Versions/A/Frameworks/PrintCore.framework/Versions/A/PrintCore
0x00007fff3336c000 	/System/Library/Frameworks/ApplicationServices.framework/Versions/A/Frameworks/QD.framework/Versions/A/QD
0x00007fff33377000 	/System/Library/Frameworks/ApplicationServices.framework/Versions/A/Frameworks/SpeechSynthesis.framework/Versions/A/SpeechSynthesis
0x00007fff331f1000 	/System/Library/Frameworks/ApplicationServices.framework/Versions/A/Frameworks/ATSUI.framework/Versions/A/ATSUI
0x00007fff6cc90000 	/usr/lib/libcups.2.dylib
0x00007fff3993e000 	/System/Library/Frameworks/Kerberos.framework/Versions/A/Kerberos
0x00007fff37a7f000 	/System/Library/Frameworks/GSS.framework/Versions/A/GSS
0x00007fff6dfcf000 	/usr/lib/libresolv.9.dylib
0x00007fff57aa4000 	/System/Library/PrivateFrameworks/Heimdal.framework/Versions/A/Heimdal
0x00007fff39951000 	/System/Library/Frameworks/Kerberos.framework/Versions/A/Libraries/libHeimdalProxy.dylib
0x00007fff6ce37000 	/usr/lib/libheimdal-asn1.dylib
0x00007fff4bd96000 	/System/Library/PrivateFrameworks/CommonAuth.framework/Versions/A/CommonAuth
0x00007fff48fe5000 	/System/Library/PrivateFrameworks/AssertionServices.framework/Versions/A/AssertionServices
0x00007fff49b88000 	/System/Library/PrivateFrameworks/AudioToolboxCore.framework/Versions/A/AudioToolboxCore
0x00007fff68c55000 	/System/Library/PrivateFrameworks/caulk.framework/Versions/A/caulk
0x00007fff4a151000 	/System/Library/PrivateFrameworks/BaseBoard.framework/Versions/A/BaseBoard
0x00007fff6129f000 	/System/Library/PrivateFrameworks/RunningBoardServices.framework/Versions/A/RunningBoardServices
0x00007fff5e2b0000 	/System/Library/PrivateFrameworks/PersistentConnection.framework/Versions/A/PersistentConnection
0x00007fff60c98000 	/System/Library/PrivateFrameworks/ProtocolBuffer.framework/Versions/A/ProtocolBuffer
0x00007fff4bdba000 	/System/Library/PrivateFrameworks/CommonUtilities.framework/Versions/A/CommonUtilities
0x00007fff4a2df000 	/System/Library/PrivateFrameworks/Bom.framework/Versions/A/Bom
0x00007fff6ba8b000 	/usr/lib/libAudioToolboxUtility.dylib
0x00007fff4a0af000 	/System/Library/PrivateFrameworks/Backup.framework/Versions/A/Backup
0x00007fff4ee8c000 	/System/Library/PrivateFrameworks/CrashReporterSupport.framework/Versions/A/CrashReporterSupport
0x00007fff62d31000 	/System/Library/PrivateFrameworks/Sharing.framework/Versions/A/Sharing
0x00007fff485f3000 	/System/Library/PrivateFrameworks/Apple80211.framework/Versions/A/Apple80211
0x00007fff49dcc000 	/System/Library/PrivateFrameworks/AuthKit.framework/Versions/A/AuthKit
0x00007fff4eb99000 	/System/Library/PrivateFrameworks/CoreUtils.framework/Versions/A/CoreUtils
0x00007fff36fe8000 	/System/Library/Frameworks/CoreWLAN.framework/Versions/A/CoreWLAN
0x00007fff37c0c000 	/System/Library/Frameworks/IOBluetooth.framework/Versions/A/IOBluetooth
0x00007fff5be6b000 	/System/Library/PrivateFrameworks/MobileKeyBag.framework/Versions/A/MobileKeyBag
0x00007fff4d99e000 	/System/Library/PrivateFrameworks/CorePhoneNumbers.framework/Versions/A/CorePhoneNumbers
0x00007fff489e3000 	/System/Library/PrivateFrameworks/AppleIDAuthSupport.framework/Versions/A/AppleIDAuthSupport
0x00007fff3b940000 	/System/Library/Frameworks/Network.framework/Versions/A/Network
0x00007fff5a539000 	/System/Library/PrivateFrameworks/KeychainCircle.framework/Versions/A/KeychainCircle
0x00007fff34a39000 	/System/Library/Frameworks/CoreBluetooth.framework/Versions/A/CoreBluetooth
0x00007fff64db0000 	/System/Library/PrivateFrameworks/SpeechRecognitionCore.framework/Versions/A/SpeechRecognitionCore
0x00007fff2805b000 	/System/Library/CoreServices/Encodings/libSimplifiedChineseConverter.dylib
0x000000010b000000 	/usr/local/Cellar/openjdk/14.0.1/libexec/openjdk.jdk/Contents/Home/lib/server/libjvm.dylib
0x000000010a6da000 	/usr/local/Cellar/openjdk/14.0.1/libexec/openjdk.jdk/Contents/Home/lib/libjimage.dylib
0x000000010a72c000 	/usr/local/Cellar/openjdk/14.0.1/libexec/openjdk.jdk/Contents/Home/lib/libjava.dylib
0x000000010a751000 	/usr/local/Cellar/openjdk/14.0.1/libexec/openjdk.jdk/Contents/Home/lib/libzip.dylib
0x000000010a7bc000 	/usr/local/Cellar/openjdk/14.0.1/libexec/openjdk.jdk/Contents/Home/lib/libnio.dylib
0x000000010a7cc000 	/usr/local/Cellar/openjdk/14.0.1/libexec/openjdk.jdk/Contents/Home/lib/libnet.dylib
0x000000010a7e1000 	/usr/local/Cellar/openjdk/14.0.1/libexec/openjdk.jdk/Contents/Home/lib/libverify.dylib
0x000000010a7ec000 	/usr/local/Cellar/openjdk/14.0.1/libexec/openjdk.jdk/Contents/Home/lib/libmanagement.dylib
0x000000010a7f2000 	/usr/local/Cellar/openjdk/14.0.1/libexec/openjdk.jdk/Contents/Home/lib/libmanagement_ext.dylib
0x000000010a7f9000 	/usr/local/Cellar/openjdk/14.0.1/libexec/openjdk.jdk/Contents/Home/lib/libextnet.dylib
0x000000010c831000 	/usr/local/Cellar/openjdk/14.0.1/libexec/openjdk.jdk/Contents/Home/lib/libsunec.dylib


VM Arguments:
jvm_args: -XX:TieredStopAtLevel=1 
java_command: com.utudo.hwwd.HwwdApplication
java_class_path (initial): /Library/WebServer/Documents/hwwd/target/classes:/Users/yeliang/.m2/repository/org/codehaus/groovy/groovy/3.0.6/groovy-3.0.6.pom:/Users/yeliang/.m2/repository/org/springframework/boot/spring-boot-starter/2.3.4.RELEASE/spring-boot-starter-2.3.4.RELEASE.jar:/Users/yeliang/.m2/repository/org/springframework/boot/spring-boot/2.3.4.RELEASE/spring-boot-2.3.4.RELEASE.jar:/Users/yeliang/.m2/repository/org/springframework/spring-context/5.2.9.RELEASE/spring-context-5.2.9.RELEASE.jar:/Users/yeliang/.m2/repository/org/springframework/boot/spring-boot-autoconfigure/2.3.4.RELEASE/spring-boot-autoconfigure-2.3.4.RELEASE.jar:/Users/yeliang/.m2/repository/org/springframework/boot/spring-boot-starter-logging/2.3.4.RELEASE/spring-boot-starter-logging-2.3.4.RELEASE.jar:/Users/yeliang/.m2/repository/ch/qos/logback/logback-classic/1.2.3/logback-classic-1.2.3.jar:/Users/yeliang/.m2/repository/ch/qos/logback/logback-core/1.2.3/logback-core-1.2.3.jar:/Users/yeliang/.m2/repository/org/apache/logging/log4j/log4j-to-slf4j/2.13.3/log4j-to-slf4j-2.13.3.jar:/Users/yeliang/.m2/repository/org/apache/logging/log4j/log4j-api/2.13.3/log4j-api-2.13.3.jar:/Users/yeliang/.m2/repository/org/slf4j/jul-to-slf4j/1.7.30/jul-to-slf4j-1.7.30.jar:/Users/yeliang/.m2/repository/jakarta/annotation/jakarta.annotation-api/1.3.5/jakarta.annotation-api-1.3.5.jar:/Users/yeliang/.m2/repository/org/springframework/spring-core/5.2.9.RELEASE/spring-core-5.2.9.RELEASE.jar:/Users/yeliang/.m2/repository/org/springframework/spring-jcl/5.2.9.RELEASE/spring-jcl-5.2.9.RELEASE.jar:/Users/yeliang/.m2/repository/org/yaml/snakeyaml/1.26/snakeyaml-1.26.jar:/Users/yeliang/.m2/repository/org/springframework/spring-web/5.2.9.RELEASE/spring-web-5.2.9.RELEASE.jar:/Users/yeliang/.m2/repository/org/springframework/spring-beans/5.2.9.RELEASE/spring-beans-5.2.9.RELEASE.jar:/Users/yeliang/.m2/repository/org/springframework/boot/spring-boot-starter-web/2.3.4.RELEASE/spring-boot-starter-web-2.3.4.RELEASE.jar:/Users/ye
Launcher Type: SUN_STANDARD

[Global flags]
     intx CICompilerCount                          = 3                                         {product} {ergonomic}
     uint ConcGCThreads                            = 1                                         {product} {ergonomic}
     uint G1ConcRefinementThreads                  = 4                                         {product} {ergonomic}
   size_t G1HeapRegionSize                         = 1048576                                   {product} {ergonomic}
    uintx GCDrainStackTargetSize                   = 64                                        {product} {ergonomic}
   size_t InitialHeapSize                          = 134217728                                 {product} {ergonomic}
   size_t MarkStackSize                            = 4194304                                   {product} {ergonomic}
   size_t MaxHeapSize                              = 2147483648                                {product} {ergonomic}
   size_t MaxNewSize                               = 1287651328                                {product} {ergonomic}
   size_t MinHeapDeltaBytes                        = 1048576                                   {product} {ergonomic}
   size_t MinHeapSize                              = 8388608                                   {product} {ergonomic}
    uintx NonNMethodCodeHeapSize                   = 6973028                                {pd product} {ergonomic}
    uintx NonProfiledCodeHeapSize                  = 244685212                              {pd product} {ergonomic}
    uintx ProfiledCodeHeapSize                     = 0                                      {pd product} {ergonomic}
    uintx ReservedCodeCacheSize                    = 251658240                              {pd product} {ergonomic}
     bool SegmentedCodeCache                       = true                                      {product} {ergonomic}
   size_t SoftMaxHeapSize                          = 2147483648                             {manageable} {ergonomic}
     intx TieredStopAtLevel                        = 1                                         {product} {command line}
     bool UseCompressedClassPointers               = true                                 {lp64_product} {ergonomic}
     bool UseCompressedOops                        = true                                 {lp64_product} {ergonomic}
     bool UseG1GC                                  = true                                      {product} {ergonomic}

Logging:
Log output configuration:
 #0: stdout all=warning uptime,level,tags
 #1: stderr all=off uptime,level,tags

Environment Variables:
JAVA_HOME=/usr/local/opt/openjdk/libexec/openjdk.jdk/Contents/Home
PATH=/usr/local/bin:/usr/bin:/bin:/usr/sbin:/sbin
SHELL=/bin/bash

Signal Handlers:
SIGSEGV: [libjvm.dylib+0x7c0dee], sa_mask[0]=11111111011111110111111111111111, sa_flags=SA_ONSTACK|SA_RESTART|SA_SIGINFO
SIGBUS: [libjvm.dylib+0x7c0dee], sa_mask[0]=11111111011111110111111111111111, sa_flags=SA_RESTART|SA_SIGINFO
SIGFPE: [libjvm.dylib+0x7c0dee], sa_mask[0]=11111111011111110111111111111111, sa_flags=SA_RESTART|SA_SIGINFO
SIGPIPE: [libjvm.dylib+0x5fd565], sa_mask[0]=11111111011111110111111111111111, sa_flags=SA_RESTART|SA_SIGINFO
SIGXFSZ: [libjvm.dylib+0x5fd565], sa_mask[0]=11111111011111110111111111111111, sa_flags=SA_RESTART|SA_SIGINFO
SIGILL: [libjvm.dylib+0x7c0dee], sa_mask[0]=11111111011111110111111111111111, sa_flags=SA_RESTART|SA_SIGINFO
SIGUSR2: [libjvm.dylib+0x5fdb37], sa_mask[0]=00100000000000000000000000000000, sa_flags=SA_RESTART|SA_SIGINFO
SIGHUP: [libjvm.dylib+0x5fcb99], sa_mask[0]=11111111011111110111111111111111, sa_flags=SA_RESTART|SA_SIGINFO
SIGINT: [libjvm.dylib+0x5fcb99], sa_mask[0]=11111111011111110111111111111111, sa_flags=SA_RESTART|SA_SIGINFO
SIGTERM: [libjvm.dylib+0x5fcb99], sa_mask[0]=11111111011111110111111111111111, sa_flags=SA_RESTART|SA_SIGINFO
SIGQUIT: [libjvm.dylib+0x5fcb99], sa_mask[0]=11111111011111110111111111111111, sa_flags=SA_RESTART|SA_SIGINFO


---------------  S Y S T E M  ---------------

OS:uname:Darwin 19.6.0 Darwin Kernel Version 19.6.0: Mon Aug 31 22:12:52 PDT 2020; root:xnu-6153.141.2~1/RELEASE_X86_64 x86_64
OS uptime: 8 days 2:14 hours
rlimit: STACK 8192k, CORE 0k, NPROC 1392, NOFILE 10240, AS infinity, DATA infinity, FSIZE infinity
load average:7.58 10.53 10.84

CPU:total 4 (initial active 4) (2 cores per cpu, 2 threads per core) family 6 model 61 stepping 4, cmov, cx8, fxsr, mmx, sse, sse2, sse3, ssse3, sse4.1, sse4.2, popcnt, avx, avx2, aes, clmul, erms, 3dnowpref, lzcnt, ht, tsc, tscinvbit, bmi1, bmi2, adx, fma

Memory: 4k page, physical 8388608k(29484k free), swap 3145728k(470272k free)

vm_info: OpenJDK 64-Bit Server VM (14.0.1+14) for bsd-amd64 JRE (14.0.1+14), built on Jun 30 2020 21:32:48 by "brew" with clang 4.2.1 Compatible Apple LLVM 10.0.0 (clang-1000.11.45.5)

END.
